Time:2017-09-09 07:54:41 IP:::1 Route:/
Time:2017-09-09 07:54:41 IP:::1 Route:/favicon.ico
Time:2017-09-09 08:13:52 IP:::1 Route:/
Time:2017-09-09 08:13:54 IP:::1 Route:/
Time:2017-09-09 08:13:58 IP:::1 Route:/index
Time:2017-09-09 08:13:59 IP:::1 Route:/index_article
Time:2017-09-09 08:13:59 IP:::1 Route:/index_recommend
Time:2017-09-09 08:14:03 IP:::1 Route:/index
Time:2017-09-09 08:14:04 IP:::1 Route:/index_article
Time:2017-09-09 08:14:04 IP:::1 Route:/index_recommend
Time:2017-09-09 08:14:13 IP:::1 Route:/index
Time:2017-09-09 08:14:14 IP:::1 Route:/index_article
Time:2017-09-09 08:14:14 IP:::1 Route:/index_recommend
Time:2017-09-09 08:15:55 IP:::1 Route:/index
Time:2017-09-09 08:15:56 IP:::1 Route:/index_article
Time:2017-09-09 08:15:56 IP:::1 Route:/index_recommend
Time:2017-09-09 08:15:59 IP:::1 Route:/index
Time:2017-09-09 08:16:00 IP:::1 Route:/index_recommend
Time:2017-09-09 08:16:00 IP:::1 Route:/index_article
Time:2017-09-09 08:25:30 IP:::1 Route:/index
Time:2017-09-09 08:25:31 IP:::1 Route:/index_article
Time:2017-09-09 08:25:31 IP:::1 Route:/index_recommend
Time:2017-09-09 08:27:56 IP:::1 Route:/index
Time:2017-09-09 08:27:57 IP:::1 Route:/index_recommend
Time:2017-09-09 08:27:57 IP:::1 Route:/index_article
Time:2017-09-09 08:28:38 IP:::1 Route:/index
Time:2017-09-09 08:28:39 IP:::1 Route:/index_recommend
Time:2017-09-09 08:28:39 IP:::1 Route:/index_article
Time:2017-09-09 09:50:33 IP:::1 Route:/index
Time:2017-09-09 09:50:34 IP:::1 Route:/index_recommend
Time:2017-09-09 09:50:34 IP:::1 Route:/index_article
Time:2017-09-09 10:32:47 IP:::1 Route:/index
Time:2017-09-09 10:32:48 IP:::1 Route:/index_article
Time:2017-09-09 10:32:48 IP:::1 Route:/index_recommend
Time:2017-09-09 11:03:53 IP:::1 Route:/index
Time:2017-09-09 11:03:55 IP:::1 Route:/index_article
Time:2017-09-09 11:03:55 IP:::1 Route:/index_recommend
Time:2017-09-09 11:04:07 IP:::1 Route:/index
Time:2017-09-09 11:04:08 IP:::1 Route:/index_article
Time:2017-09-09 11:04:08 IP:::1 Route:/index_recommend
Time:2017-09-09 11:06:22 IP:::1 Route:/index
Time:2017-09-09 11:06:23 IP:::1 Route:/index_article
Time:2017-09-09 11:06:23 IP:::1 Route:/index_recommend
Time:2017-09-09 11:06:46 IP:::1 Route:/index
Time:2017-09-09 11:06:47 IP:::1 Route:/index_article
Time:2017-09-09 11:06:47 IP:::1 Route:/index_recommend
Time:2017-09-09 11:06:58 IP:::1 Route:/index
Time:2017-09-09 11:06:59 IP:::1 Route:/index_recommend
Time:2017-09-09 11:06:59 IP:::1 Route:/index_article
Time:2017-09-09 11:07:07 IP:::1 Route:/index
Time:2017-09-09 11:07:08 IP:::1 Route:/index_article
Time:2017-09-09 11:07:08 IP:::1 Route:/index_recommend
Time:2017-09-09 11:07:15 IP:::1 Route:/index
Time:2017-09-09 11:07:16 IP:::1 Route:/index_article
Time:2017-09-09 11:07:16 IP:::1 Route:/index_recommend
Time:2017-09-09 11:07:21 IP:::1 Route:/index
Time:2017-09-09 11:07:22 IP:::1 Route:/index_recommend
Time:2017-09-09 11:07:22 IP:::1 Route:/index_article
Time:2017-09-09 11:07:34 IP:::1 Route:/index
Time:2017-09-09 11:07:35 IP:::1 Route:/index_article
Time:2017-09-09 11:07:35 IP:::1 Route:/index_recommend
Time:2017-09-09 11:08:04 IP:::1 Route:/index
Time:2017-09-09 11:08:05 IP:::1 Route:/index_article
Time:2017-09-09 11:08:05 IP:::1 Route:/index_recommend
Time:2017-09-09 11:39:50 IP:::1 Route:/index
Time:2017-09-09 11:39:51 IP:::1 Route:/index_article
Time:2017-09-09 11:39:51 IP:::1 Route:/index_recommend
Time:2017-09-09 11:40:06 IP:::1 Route:/index
Time:2017-09-09 11:40:07 IP:::1 Route:/index_article
Time:2017-09-09 11:40:07 IP:::1 Route:/index_recommend
Time:2017-09-09 11:41:21 IP:::1 Route:/index
Time:2017-09-09 11:41:22 IP:::1 Route:/index_recommend
Time:2017-09-09 11:41:22 IP:::1 Route:/index_article
Time:2017-09-09 11:41:37 IP:::1 Route:/index
Time:2017-09-09 11:41:38 IP:::1 Route:/index_article
Time:2017-09-09 11:41:38 IP:::1 Route:/index_recommend
Time:2017-09-09 11:41:44 IP:::1 Route:/index
Time:2017-09-09 11:41:45 IP:::1 Route:/index_article
Time:2017-09-09 11:41:45 IP:::1 Route:/index_recommend
Time:2017-09-09 11:42:21 IP:::1 Route:/index
Time:2017-09-09 11:42:22 IP:::1 Route:/index_article
Time:2017-09-09 11:42:22 IP:::1 Route:/index_recommend
Time:2017-09-09 11:42:40 IP:::1 Route:/index
Time:2017-09-09 11:42:41 IP:::1 Route:/index_article
Time:2017-09-09 11:42:41 IP:::1 Route:/index_recommend
Time:2017-09-09 11:42:56 IP:::1 Route:/index
Time:2017-09-09 11:42:56 IP:::1 Route:/index_article
Time:2017-09-09 11:42:56 IP:::1 Route:/index_recommend
Time:2017-09-09 11:44:56 IP:::1 Route:/index
Time:2017-09-09 11:44:57 IP:::1 Route:/index_article
Time:2017-09-09 11:44:57 IP:::1 Route:/index_recommend
Time:2017-09-09 14:13:53 IP:::1 Route:/index
Time:2017-09-09 14:13:54 IP:::1 Route:/index_article
Time:2017-09-09 14:13:54 IP:::1 Route:/index_recommend
Time:2017-09-09 14:14:29 IP:::1 Route:/index
Time:2017-09-09 14:14:30 IP:::1 Route:/index_article
Time:2017-09-09 14:14:30 IP:::1 Route:/index_recommend
Time:2017-09-09 14:14:48 IP:::1 Route:/index
Time:2017-09-09 14:14:49 IP:::1 Route:/index_article
Time:2017-09-09 14:14:49 IP:::1 Route:/index_recommend
Time:2017-09-09 14:17:46 IP:::1 Route:/index
Time:2017-09-09 14:17:48 IP:::1 Route:/index_article
Time:2017-09-09 14:17:48 IP:::1 Route:/index_recommend
Time:2017-09-09 14:18:10 IP:::1 Route:/index
Time:2017-09-09 14:18:11 IP:::1 Route:/index_article
Time:2017-09-09 14:18:11 IP:::1 Route:/index_recommend
Time:2017-09-09 14:19:07 IP:::1 Route:/index
Time:2017-09-09 14:19:08 IP:::1 Route:/index_article
Time:2017-09-09 14:19:08 IP:::1 Route:/index_recommend
Time:2017-09-09 14:19:18 IP:::1 Route:/index
Time:2017-09-09 14:19:19 IP:::1 Route:/index_article
Time:2017-09-09 14:19:19 IP:::1 Route:/index_recommend
Time:2017-09-09 14:19:21 IP:::1 Route:/index
Time:2017-09-09 14:19:22 IP:::1 Route:/index_article
Time:2017-09-09 14:19:22 IP:::1 Route:/index_recommend
Time:2017-09-09 16:28:16 IP:::1 Route:/index
Time:2017-09-09 16:28:17 IP:::1 Route:/index_article
Time:2017-09-09 16:28:17 IP:::1 Route:/index_recommend
Time:2017-09-09 16:28:19 IP:::1 Route:/index
Time:2017-09-09 16:28:20 IP:::1 Route:/index_recommend
Time:2017-09-09 16:28:20 IP:::1 Route:/index_article
Time:2017-09-09 16:28:21 IP:::1 Route:/index
Time:2017-09-09 16:28:22 IP:::1 Route:/index_article
Time:2017-09-09 16:28:22 IP:::1 Route:/index_recommend
Time:2017-09-09 16:28:24 IP:::1 Route:/index
Time:2017-09-09 16:28:25 IP:::1 Route:/index_article
Time:2017-09-09 16:28:25 IP:::1 Route:/index_recommend
Time:2017-09-09 16:28:27 IP:::1 Route:/index
Time:2017-09-09 16:28:28 IP:::1 Route:/index_article
Time:2017-09-09 16:28:28 IP:::1 Route:/index_recommend
Time:2017-09-09 16:28:29 IP:::1 Route:/index
Time:2017-09-09 16:28:30 IP:::1 Route:/index_article
Time:2017-09-09 16:28:30 IP:::1 Route:/index_recommend
Time:2017-09-09 16:28:36 IP:::1 Route:/index
Time:2017-09-09 16:28:37 IP:::1 Route:/index_article
Time:2017-09-09 16:28:37 IP:::1 Route:/index_recommend
Time:2017-09-09 17:30:53 IP:::1 Route:/index
Time:2017-09-09 17:30:58 IP:::1 Route:/index_article
Time:2017-09-09 17:30:58 IP:::1 Route:/index_recommend
Time:2017-09-09 17:31:04 IP:::1 Route:/index
Time:2017-09-09 17:31:04 IP:::1 Route:/index_article
Time:2017-09-09 17:31:04 IP:::1 Route:/index_recommend
