Time:2017-09-07 09:58:24 IP:::1 Route:/index
Time:2017-09-07 09:58:24 IP:::1 Route:/favicon.ico
Time:2017-09-07 09:58:48 IP:::1 Route:/index
Time:2017-09-07 10:37:05 IP:::1 Route:/index
Time:2017-09-07 10:38:06 IP:::1 Route:/index
Time:2017-09-07 10:38:07 IP:::1 Route:/index
Time:2017-09-07 10:39:27 IP:::1 Route:/index
Time:2017-09-07 10:39:42 IP:::1 Route:/index
Time:2017-09-07 10:41:46 IP:::1 Route:/index
Time:2017-09-07 10:42:04 IP:::1 Route:/index
Time:2017-09-07 10:42:47 IP:::1 Route:/index
Time:2017-09-07 10:44:58 IP:::1 Route:/index
Time:2017-09-07 10:51:27 IP:::1 Route:/index
Time:2017-09-07 10:52:02 IP:::1 Route:/index
Time:2017-09-07 10:52:33 IP:::1 Route:/index
Time:2017-09-07 10:54:48 IP:::1 Route:/index
Time:2017-09-07 10:55:37 IP:::1 Route:/index
Time:2017-09-07 10:56:13 IP:::1 Route:/index
Time:2017-09-07 10:56:25 IP:::1 Route:/index
Time:2017-09-07 10:56:40 IP:::1 Route:/index
Time:2017-09-07 10:57:14 IP:::1 Route:/index
Time:2017-09-07 10:57:21 IP:::1 Route:/index
Time:2017-09-07 10:57:24 IP:::1 Route:/index
Time:2017-09-07 10:57:26 IP:::1 Route:/index
Time:2017-09-07 10:57:32 IP:::1 Route:/index
Time:2017-09-07 10:57:37 IP:::1 Route:/index
Time:2017-09-07 10:57:54 IP:::1 Route:/index
Time:2017-09-07 10:58:06 IP:::1 Route:/index
Time:2017-09-07 10:58:12 IP:::1 Route:/index
Time:2017-09-07 10:58:26 IP:::1 Route:/index
Time:2017-09-07 10:58:58 IP:::1 Route:/index
Time:2017-09-07 10:59:07 IP:::1 Route:/index
Time:2017-09-07 10:59:20 IP:::1 Route:/index
Time:2017-09-07 10:59:24 IP:::1 Route:/index
Time:2017-09-07 10:59:38 IP:::1 Route:/index
Time:2017-09-07 10:59:59 IP:::1 Route:/index
Time:2017-09-07 11:00:06 IP:::1 Route:/index
Time:2017-09-07 11:00:14 IP:::1 Route:/index
Time:2017-09-07 11:00:17 IP:::1 Route:/index
Time:2017-09-07 11:00:57 IP:::1 Route:/index
Time:2017-09-07 11:01:00 IP:::1 Route:/index
Time:2017-09-07 11:01:08 IP:::1 Route:/index
Time:2017-09-07 11:01:13 IP:::1 Route:/index
Time:2017-09-07 11:01:41 IP:::1 Route:/index
Time:2017-09-07 11:02:02 IP:::1 Route:/index
Time:2017-09-07 11:02:57 IP:::1 Route:/index
Time:2017-09-07 11:03:04 IP:::1 Route:/index
Time:2017-09-07 11:03:16 IP:::1 Route:/index
Time:2017-09-07 11:03:28 IP:::1 Route:/index
Time:2017-09-07 11:03:34 IP:::1 Route:/index
Time:2017-09-07 11:03:38 IP:::1 Route:/index
Time:2017-09-07 11:04:06 IP:::1 Route:/index
Time:2017-09-07 11:04:13 IP:::1 Route:/index
Time:2017-09-07 11:04:30 IP:::1 Route:/index
Time:2017-09-07 11:07:46 IP:::1 Route:/index
Time:2017-09-07 11:07:49 IP:::1 Route:/index
Time:2017-09-07 11:07:53 IP:::1 Route:/index
Time:2017-09-07 11:08:26 IP:::1 Route:/index
Time:2017-09-07 11:08:37 IP:::1 Route:/index
Time:2017-09-07 11:08:45 IP:::1 Route:/index
Time:2017-09-07 11:08:51 IP:::1 Route:/index
Time:2017-09-07 11:14:14 IP:::1 Route:/index
Time:2017-09-07 11:14:36 IP:::1 Route:/index
Time:2017-09-07 11:23:35 IP:::1 Route:/index
Time:2017-09-07 11:23:38 IP:::1 Route:/index
Time:2017-09-07 11:24:39 IP:::1 Route:/index
Time:2017-09-07 11:37:22 IP:::1 Route:/index
Time:2017-09-07 11:37:37 IP:::1 Route:/index_data
Time:2017-09-07 11:39:41 IP:::1 Route:/index
Time:2017-09-07 11:39:52 IP:::1 Route:/index
Time:2017-09-07 11:40:04 IP:::1 Route:/index
Time:2017-09-07 11:40:35 IP:::1 Route:/index
Time:2017-09-07 11:41:53 IP:::1 Route:/index
Time:2017-09-07 11:42:48 IP:::1 Route:/index
Time:2017-09-07 11:42:49 IP:::1 Route:/index_data
Time:2017-09-07 11:43:20 IP:::1 Route:/index
Time:2017-09-07 11:43:21 IP:::1 Route:/index_data
Time:2017-09-07 11:47:38 IP:::1 Route:/index
Time:2017-09-07 11:47:39 IP:::1 Route:/index_data
Time:2017-09-07 11:48:02 IP:::1 Route:/index
Time:2017-09-07 11:48:03 IP:::1 Route:/index_data
Time:2017-09-07 11:48:27 IP:::1 Route:/index
Time:2017-09-07 11:48:28 IP:::1 Route:/index_data
Time:2017-09-07 11:48:46 IP:::1 Route:/index
Time:2017-09-07 11:48:47 IP:::1 Route:/index_data
Time:2017-09-07 11:48:52 IP:::1 Route:/index
Time:2017-09-07 11:48:53 IP:::1 Route:/index_data
Time:2017-09-07 11:49:15 IP:::1 Route:/index
Time:2017-09-07 11:49:16 IP:::1 Route:/index_data
Time:2017-09-07 11:49:22 IP:::1 Route:/index
Time:2017-09-07 11:49:23 IP:::1 Route:/index_data
Time:2017-09-07 11:50:49 IP:::1 Route:/index
Time:2017-09-07 11:50:50 IP:::1 Route:/index_data
Time:2017-09-07 11:50:52 IP:::1 Route:/index
Time:2017-09-07 11:50:53 IP:::1 Route:/index_data
Time:2017-09-07 11:50:54 IP:::1 Route:/index
Time:2017-09-07 11:50:55 IP:::1 Route:/index_data
Time:2017-09-07 11:51:06 IP:::1 Route:/index
Time:2017-09-07 11:51:07 IP:::1 Route:/index_data
Time:2017-09-07 11:55:59 IP:::1 Route:/index
Time:2017-09-07 11:56:01 IP:::1 Route:/index_data
Time:2017-09-07 11:57:16 IP:::1 Route:/index
Time:2017-09-07 12:02:14 IP:::1 Route:/index
Time:2017-09-07 12:02:27 IP:::1 Route:/index
Time:2017-09-07 12:02:43 IP:::1 Route:/index
Time:2017-09-07 12:04:40 IP:::1 Route:/index
Time:2017-09-07 12:04:59 IP:::1 Route:/index
Time:2017-09-07 12:05:00 IP:::1 Route:/index_data
Time:2017-09-07 12:05:40 IP:::1 Route:/index
Time:2017-09-07 12:06:57 IP:::1 Route:/index
Time:2017-09-07 12:06:59 IP:::1 Route:/index_data
Time:2017-09-07 12:07:10 IP:::1 Route:/index
Time:2017-09-07 12:07:11 IP:::1 Route:/index_data
Time:2017-09-07 12:07:26 IP:::1 Route:/index
Time:2017-09-07 12:07:35 IP:::1 Route:/index
Time:2017-09-07 12:07:47 IP:::1 Route:/index
Time:2017-09-07 12:09:44 IP:::1 Route:/index
Time:2017-09-07 12:09:59 IP:::1 Route:/index
Time:2017-09-07 12:10:01 IP:::1 Route:/index_data
Time:2017-09-07 12:10:05 IP:::1 Route:/index
Time:2017-09-07 12:10:06 IP:::1 Route:/index_data
Time:2017-09-07 12:11:52 IP:::1 Route:/index
Time:2017-09-07 12:12:03 IP:::1 Route:/index
Time:2017-09-07 12:12:08 IP:::1 Route:/index
Time:2017-09-07 12:12:09 IP:::1 Route:/index_data
Time:2017-09-07 12:13:00 IP:::1 Route:/index
Time:2017-09-07 12:13:01 IP:::1 Route:/index_data
Time:2017-09-07 12:13:52 IP:::1 Route:/index
Time:2017-09-07 12:13:53 IP:::1 Route:/index_data
Time:2017-09-07 12:13:55 IP:::1 Route:/index
Time:2017-09-07 12:13:56 IP:::1 Route:/index_data
Time:2017-09-07 12:13:57 IP:::1 Route:/index
Time:2017-09-07 12:13:58 IP:::1 Route:/index_data
Time:2017-09-07 12:13:59 IP:::1 Route:/index
Time:2017-09-07 12:14:00 IP:::1 Route:/index_data
Time:2017-09-07 12:14:01 IP:::1 Route:/index
Time:2017-09-07 12:14:02 IP:::1 Route:/index_data
Time:2017-09-07 14:01:13 IP:::1 Route:/index
Time:2017-09-07 14:01:14 IP:::1 Route:/index_data
Time:2017-09-07 14:01:15 IP:::1 Route:/index
Time:2017-09-07 14:01:16 IP:::1 Route:/index_data
Time:2017-09-07 14:01:17 IP:::1 Route:/index
Time:2017-09-07 14:01:18 IP:::1 Route:/index_data
Time:2017-09-07 14:01:23 IP:::1 Route:/index
Time:2017-09-07 14:01:24 IP:::1 Route:/index_data
Time:2017-09-07 14:01:32 IP:::1 Route:/index
Time:2017-09-07 14:01:33 IP:::1 Route:/index_data
Time:2017-09-07 14:01:35 IP:::1 Route:/index
Time:2017-09-07 14:01:36 IP:::1 Route:/index_data
Time:2017-09-07 14:03:05 IP:::1 Route:/index
Time:2017-09-07 14:03:05 IP:::1 Route:/index_data
Time:2017-09-07 14:03:45 IP:::1 Route:/index
Time:2017-09-07 14:03:45 IP:::1 Route:/index_data
Time:2017-09-07 14:03:50 IP:::1 Route:/index
Time:2017-09-07 14:03:51 IP:::1 Route:/index_data
Time:2017-09-07 14:04:03 IP:::1 Route:/index
Time:2017-09-07 14:04:04 IP:::1 Route:/index_data
Time:2017-09-07 14:04:15 IP:::1 Route:/index
Time:2017-09-07 14:04:16 IP:::1 Route:/index_data
Time:2017-09-07 14:04:19 IP:::1 Route:/index
Time:2017-09-07 14:04:20 IP:::1 Route:/index_data
Time:2017-09-07 14:04:21 IP:::1 Route:/index
Time:2017-09-07 14:04:22 IP:::1 Route:/index_data
Time:2017-09-07 14:34:25 IP:::1 Route:/index
Time:2017-09-07 14:34:26 IP:::1 Route:/index_data
Time:2017-09-07 14:34:26 IP:::1 Route:/index_data
Time:2017-09-07 14:34:44 IP:::1 Route:/index
Time:2017-09-07 14:34:45 IP:::1 Route:/index_data
Time:2017-09-07 14:34:45 IP:::1 Route:/index_data
Time:2017-09-07 14:34:49 IP:::1 Route:/index
Time:2017-09-07 14:34:50 IP:::1 Route:/index_data
Time:2017-09-07 14:34:50 IP:::1 Route:/index_data
Time:2017-09-07 14:35:08 IP:::1 Route:/index
Time:2017-09-07 14:35:09 IP:::1 Route:/index_data
Time:2017-09-07 14:35:09 IP:::1 Route:/index_data
Time:2017-09-07 14:35:26 IP:::1 Route:/index
Time:2017-09-07 14:35:27 IP:::1 Route:/index_data
Time:2017-09-07 14:38:48 IP:::1 Route:/index
Time:2017-09-07 14:40:50 IP:::1 Route:/index
Time:2017-09-07 14:41:01 IP:::1 Route:/index
Time:2017-09-07 14:41:02 IP:::1 Route:/index_data
Time:2017-09-07 14:41:13 IP:::1 Route:/index
Time:2017-09-07 14:41:15 IP:::1 Route:/index_data
Time:2017-09-07 14:41:29 IP:::1 Route:/index
Time:2017-09-07 14:41:30 IP:::1 Route:/index_data
Time:2017-09-07 14:41:38 IP:::1 Route:/index
Time:2017-09-07 14:41:39 IP:::1 Route:/index_data
Time:2017-09-07 14:42:21 IP:::1 Route:/index
Time:2017-09-07 14:42:22 IP:::1 Route:/index_data
Time:2017-09-07 14:42:31 IP:::1 Route:/index
Time:2017-09-07 14:42:32 IP:::1 Route:/index_data
Time:2017-09-07 14:42:36 IP:::1 Route:/index
Time:2017-09-07 14:42:37 IP:::1 Route:/index_data
Time:2017-09-07 14:42:41 IP:::1 Route:/index
Time:2017-09-07 14:42:42 IP:::1 Route:/index_data
Time:2017-09-07 14:42:46 IP:::1 Route:/index
Time:2017-09-07 14:42:47 IP:::1 Route:/index_data
Time:2017-09-07 14:42:51 IP:::1 Route:/index
Time:2017-09-07 14:42:52 IP:::1 Route:/index_data
Time:2017-09-07 14:43:04 IP:::1 Route:/index
Time:2017-09-07 14:43:05 IP:::1 Route:/index_data
Time:2017-09-07 14:43:20 IP:::1 Route:/index
Time:2017-09-07 14:43:21 IP:::1 Route:/index_data
Time:2017-09-07 14:43:35 IP:::1 Route:/index
Time:2017-09-07 14:43:36 IP:::1 Route:/index_data
Time:2017-09-07 14:44:35 IP:::1 Route:/index
Time:2017-09-07 14:44:37 IP:::1 Route:/index_data
Time:2017-09-07 14:45:05 IP:::1 Route:/index
Time:2017-09-07 14:45:06 IP:::1 Route:/index_data
Time:2017-09-07 14:45:13 IP:::1 Route:/index
Time:2017-09-07 14:45:16 IP:::1 Route:/index_data
Time:2017-09-07 14:45:22 IP:::1 Route:/index
Time:2017-09-07 14:45:23 IP:::1 Route:/index_data
Time:2017-09-07 14:45:34 IP:::1 Route:/index
Time:2017-09-07 14:45:35 IP:::1 Route:/index_data
Time:2017-09-07 14:47:47 IP:::1 Route:/index
Time:2017-09-07 14:47:48 IP:::1 Route:/index_data
Time:2017-09-07 14:48:28 IP:::1 Route:/index
Time:2017-09-07 14:48:29 IP:::1 Route:/index_data
Time:2017-09-07 14:48:39 IP:::1 Route:/index
Time:2017-09-07 14:48:40 IP:::1 Route:/index_data
Time:2017-09-07 14:48:43 IP:::1 Route:/index
Time:2017-09-07 14:48:44 IP:::1 Route:/index_data
Time:2017-09-07 14:49:16 IP:::1 Route:/index
Time:2017-09-07 14:49:17 IP:::1 Route:/index_data
Time:2017-09-07 14:49:24 IP:::1 Route:/index
Time:2017-09-07 14:49:25 IP:::1 Route:/index_data
Time:2017-09-07 15:21:49 IP:::1 Route:/index
Time:2017-09-07 15:21:50 IP:::1 Route:/index_article
Time:2017-09-07 15:21:50 IP:::1 Route:/index_recommend
Time:2017-09-07 15:22:17 IP:::1 Route:/index
Time:2017-09-07 15:22:19 IP:::1 Route:/index_article
Time:2017-09-07 15:22:19 IP:::1 Route:/index_recommend
Time:2017-09-07 15:46:35 IP:::1 Route:/index
Time:2017-09-07 15:46:36 IP:::1 Route:/index_recommend
Time:2017-09-07 15:46:36 IP:::1 Route:/index_article
Time:2017-09-07 16:06:03 IP:::1 Route:/index
Time:2017-09-07 16:06:04 IP:::1 Route:/index_article
Time:2017-09-07 16:06:04 IP:::1 Route:/index_recommend
Time:2017-09-07 16:06:43 IP:::1 Route:/index
Time:2017-09-07 16:06:45 IP:::1 Route:/index_article
Time:2017-09-07 16:06:45 IP:::1 Route:/index_recommend
Time:2017-09-07 16:07:45 IP:::1 Route:/index
Time:2017-09-07 16:07:53 IP:::1 Route:/index
Time:2017-09-07 16:07:54 IP:::1 Route:/index_article
Time:2017-09-07 16:07:54 IP:::1 Route:/index_recommend
Time:2017-09-07 16:08:28 IP:::1 Route:/index
Time:2017-09-07 16:08:29 IP:::1 Route:/index_recommend
Time:2017-09-07 16:08:29 IP:::1 Route:/index_article
Time:2017-09-07 16:08:44 IP:::1 Route:/index
Time:2017-09-07 16:08:46 IP:::1 Route:/index_recommend
Time:2017-09-07 16:08:46 IP:::1 Route:/index_article
Time:2017-09-07 16:10:24 IP:::1 Route:/index
Time:2017-09-07 16:10:25 IP:::1 Route:/index_article
Time:2017-09-07 16:10:25 IP:::1 Route:/index_recommend
Time:2017-09-07 16:19:05 IP:::1 Route:/index
Time:2017-09-07 16:19:08 IP:::1 Route:/index
Time:2017-09-07 16:19:10 IP:::1 Route:/index_article
Time:2017-09-07 16:19:10 IP:::1 Route:/index_recommend
Time:2017-09-07 16:19:11 IP:::1 Route:/index
Time:2017-09-07 16:19:12 IP:::1 Route:/index_recommend
Time:2017-09-07 16:19:12 IP:::1 Route:/index_article
Time:2017-09-07 16:20:47 IP:::1 Route:/index
Time:2017-09-07 16:20:47 IP:::1 Route:/index_article
Time:2017-09-07 16:20:47 IP:::1 Route:/index_recommend
Time:2017-09-07 16:20:50 IP:::1 Route:/index
Time:2017-09-07 16:20:51 IP:::1 Route:/index_recommend
Time:2017-09-07 16:20:51 IP:::1 Route:/index_article
Time:2017-09-07 16:25:23 IP:::1 Route:/index
Time:2017-09-07 16:25:24 IP:::1 Route:/index_recommend
Time:2017-09-07 16:25:24 IP:::1 Route:/index_article
Time:2017-09-07 16:49:07 IP:::1 Route:/index
Time:2017-09-07 16:49:08 IP:::1 Route:/index_article
Time:2017-09-07 16:49:08 IP:::1 Route:/index_recommend
Time:2017-09-07 16:49:11 IP:::1 Route:/index
Time:2017-09-07 16:49:12 IP:::1 Route:/index_recommend
Time:2017-09-07 16:49:12 IP:::1 Route:/index_article
Time:2017-09-07 16:49:33 IP:::1 Route:/index
Time:2017-09-07 16:49:35 IP:::1 Route:/index_article
Time:2017-09-07 16:49:35 IP:::1 Route:/index_recommend
Time:2017-09-07 16:50:48 IP:::1 Route:/index
Time:2017-09-07 16:50:49 IP:::1 Route:/index_article
Time:2017-09-07 16:50:49 IP:::1 Route:/index_recommend
Time:2017-09-07 16:53:56 IP:::1 Route:/index
Time:2017-09-07 16:53:57 IP:::1 Route:/index_recommend
Time:2017-09-07 16:53:57 IP:::1 Route:/index_article
Time:2017-09-07 16:54:05 IP:::1 Route:/index
Time:2017-09-07 16:54:06 IP:::1 Route:/index_article
Time:2017-09-07 16:54:06 IP:::1 Route:/index_recommend
Time:2017-09-07 16:54:38 IP:::1 Route:/index
Time:2017-09-07 16:54:39 IP:::1 Route:/index_article
Time:2017-09-07 16:54:39 IP:::1 Route:/index_recommend
Time:2017-09-07 16:54:51 IP:::1 Route:/index
Time:2017-09-07 16:54:52 IP:::1 Route:/index_article
Time:2017-09-07 16:54:52 IP:::1 Route:/index_recommend
Time:2017-09-07 16:54:57 IP:::1 Route:/index
Time:2017-09-07 16:54:58 IP:::1 Route:/index_article
Time:2017-09-07 16:55:02 IP:::1 Route:/index
Time:2017-09-07 16:55:03 IP:::1 Route:/index_recommend
Time:2017-09-07 16:55:07 IP:::1 Route:/index
Time:2017-09-07 16:55:08 IP:::1 Route:/index_article
Time:2017-09-07 16:55:08 IP:::1 Route:/index_recommend
Time:2017-09-07 16:55:22 IP:::1 Route:/index
Time:2017-09-07 16:55:23 IP:::1 Route:/index_article
Time:2017-09-07 16:55:23 IP:::1 Route:/index_recommend
Time:2017-09-07 16:55:35 IP:::1 Route:/index
Time:2017-09-07 16:55:36 IP:::1 Route:/index_recommend
Time:2017-09-07 16:55:36 IP:::1 Route:/index_article
Time:2017-09-07 16:59:19 IP:::1 Route:/index
Time:2017-09-07 16:59:20 IP:::1 Route:/index_article
Time:2017-09-07 16:59:20 IP:::1 Route:/index_recommend
Time:2017-09-07 17:00:04 IP:::1 Route:/index
Time:2017-09-07 17:00:05 IP:::1 Route:/index_article
Time:2017-09-07 17:00:05 IP:::1 Route:/index_recommend
Time:2017-09-07 17:00:55 IP:::1 Route:/index
Time:2017-09-07 17:00:56 IP:::1 Route:/index_article
Time:2017-09-07 17:00:56 IP:::1 Route:/index_recommend
Time:2017-09-07 17:03:56 IP:::1 Route:/index
Time:2017-09-07 17:03:58 IP:::1 Route:/index_article
Time:2017-09-07 17:03:58 IP:::1 Route:/index_recommend
Time:2017-09-07 17:04:42 IP:::1 Route:/index
Time:2017-09-07 17:04:43 IP:::1 Route:/index_recommend
Time:2017-09-07 17:04:43 IP:::1 Route:/index_article
Time:2017-09-07 17:07:41 IP:::1 Route:/index
Time:2017-09-07 17:07:42 IP:::1 Route:/index_article
Time:2017-09-07 17:07:42 IP:::1 Route:/index_recommend
Time:2017-09-07 17:10:40 IP:::1 Route:/index
Time:2017-09-07 17:10:41 IP:::1 Route:/index_article
Time:2017-09-07 17:10:41 IP:::1 Route:/index_recommend
Time:2017-09-07 17:22:00 IP:::1 Route:/index
Time:2017-09-07 17:22:02 IP:::1 Route:/index_article
Time:2017-09-07 17:22:02 IP:::1 Route:/index_recommend
Time:2017-09-07 17:22:15 IP:::1 Route:/index
Time:2017-09-07 17:22:16 IP:::1 Route:/index_article
Time:2017-09-07 17:22:16 IP:::1 Route:/index_recommend
Time:2017-09-07 17:22:50 IP:::1 Route:/index
Time:2017-09-07 17:22:51 IP:::1 Route:/index_article
Time:2017-09-07 17:22:51 IP:::1 Route:/index_recommend
Time:2017-09-07 17:23:47 IP:::1 Route:/index
Time:2017-09-07 17:23:48 IP:::1 Route:/index_recommend
Time:2017-09-07 17:23:48 IP:::1 Route:/index_article
Time:2017-09-07 17:23:50 IP:::1 Route:/index
Time:2017-09-07 17:23:51 IP:::1 Route:/index_article
Time:2017-09-07 17:23:51 IP:::1 Route:/index_recommend
Time:2017-09-07 17:23:57 IP:::1 Route:/index
Time:2017-09-07 17:23:58 IP:::1 Route:/index_recommend
Time:2017-09-07 17:23:58 IP:::1 Route:/index_article
Time:2017-09-07 17:24:03 IP:::1 Route:/index
Time:2017-09-07 17:24:04 IP:::1 Route:/index_article
Time:2017-09-07 17:24:04 IP:::1 Route:/index_recommend
Time:2017-09-07 17:24:17 IP:::1 Route:/index
Time:2017-09-07 17:24:18 IP:::1 Route:/index_article
Time:2017-09-07 17:24:18 IP:::1 Route:/index_recommend
Time:2017-09-07 17:24:25 IP:::1 Route:/index
Time:2017-09-07 17:24:27 IP:::1 Route:/index_recommend
Time:2017-09-07 17:24:27 IP:::1 Route:/index_article
Time:2017-09-07 17:24:38 IP:::1 Route:/index
Time:2017-09-07 17:24:39 IP:::1 Route:/index_article
Time:2017-09-07 17:24:39 IP:::1 Route:/index_recommend
Time:2017-09-07 17:24:47 IP:::1 Route:/index
Time:2017-09-07 17:24:48 IP:::1 Route:/index_article
Time:2017-09-07 17:24:48 IP:::1 Route:/index_recommend
Time:2017-09-07 17:25:32 IP:::1 Route:/index
Time:2017-09-07 17:25:33 IP:::1 Route:/index_recommend
Time:2017-09-07 17:25:33 IP:::1 Route:/index_article
Time:2017-09-07 17:25:54 IP:::1 Route:/index
Time:2017-09-07 17:25:56 IP:::1 Route:/index_recommend
Time:2017-09-07 17:25:56 IP:::1 Route:/index_article
Time:2017-09-07 17:26:09 IP:::1 Route:/index
Time:2017-09-07 17:26:10 IP:::1 Route:/index_recommend
Time:2017-09-07 17:26:10 IP:::1 Route:/index_article
Time:2017-09-07 17:26:13 IP:::1 Route:/index
Time:2017-09-07 17:26:14 IP:::1 Route:/index_article
Time:2017-09-07 17:26:14 IP:::1 Route:/index_recommend
Time:2017-09-07 17:26:17 IP:::1 Route:/index
Time:2017-09-07 17:26:18 IP:::1 Route:/index_recommend
Time:2017-09-07 17:26:18 IP:::1 Route:/index_article
Time:2017-09-07 17:26:26 IP:::1 Route:/index
Time:2017-09-07 17:26:27 IP:::1 Route:/index_recommend
Time:2017-09-07 17:26:27 IP:::1 Route:/index_article
Time:2017-09-07 17:26:34 IP:::1 Route:/index
Time:2017-09-07 17:26:35 IP:::1 Route:/index_recommend
Time:2017-09-07 17:26:35 IP:::1 Route:/index_article
Time:2017-09-07 17:27:08 IP:::1 Route:/index
Time:2017-09-07 17:27:09 IP:::1 Route:/index_recommend
Time:2017-09-07 17:27:09 IP:::1 Route:/index_article
Time:2017-09-07 17:27:18 IP:::1 Route:/index
Time:2017-09-07 17:27:19 IP:::1 Route:/index_recommend
Time:2017-09-07 17:27:19 IP:::1 Route:/index_article
Time:2017-09-07 17:27:21 IP:::1 Route:/index
Time:2017-09-07 17:27:22 IP:::1 Route:/index_article
Time:2017-09-07 17:27:22 IP:::1 Route:/index_recommend
Time:2017-09-07 17:27:34 IP:::1 Route:/index
Time:2017-09-07 17:27:35 IP:::1 Route:/index_recommend
Time:2017-09-07 17:27:35 IP:::1 Route:/index_article
Time:2017-09-07 17:27:42 IP:::1 Route:/index
Time:2017-09-07 17:27:43 IP:::1 Route:/index_article
Time:2017-09-07 17:27:43 IP:::1 Route:/index_recommend
Time:2017-09-07 17:29:08 IP:::1 Route:/index
Time:2017-09-07 17:29:09 IP:::1 Route:/index_recommend
Time:2017-09-07 17:29:09 IP:::1 Route:/index_article
Time:2017-09-07 17:46:45 IP:::1 Route:/index
Time:2017-09-07 17:46:46 IP:::1 Route:/index_article
Time:2017-09-07 17:46:46 IP:::1 Route:/index_recommend
Time:2017-09-07 17:46:49 IP:::1 Route:/index
Time:2017-09-07 17:46:50 IP:::1 Route:/index_recommend
Time:2017-09-07 17:46:50 IP:::1 Route:/index_article
Time:2017-09-07 17:46:52 IP:::1 Route:/index
Time:2017-09-07 17:46:53 IP:::1 Route:/index_article
Time:2017-09-07 17:46:53 IP:::1 Route:/index_recommend
Time:2017-09-07 17:49:41 IP:::1 Route:/index
Time:2017-09-07 17:49:42 IP:::1 Route:/index_article
Time:2017-09-07 17:49:42 IP:::1 Route:/index_recommend
Time:2017-09-07 17:50:24 IP:::1 Route:/index
Time:2017-09-07 17:50:25 IP:::1 Route:/index_article
Time:2017-09-07 17:50:25 IP:::1 Route:/index_recommend
Time:2017-09-07 17:50:37 IP:::1 Route:/index
Time:2017-09-07 17:50:38 IP:::1 Route:/index_article
Time:2017-09-07 17:50:38 IP:::1 Route:/index_recommend
Time:2017-09-07 17:52:49 IP:::1 Route:/index
Time:2017-09-07 17:52:50 IP:::1 Route:/m/red_flag.jpg
Time:2017-09-07 17:52:50 IP:::1 Route:/index_article
Time:2017-09-07 17:52:50 IP:::1 Route:/index_recommend
Time:2017-09-07 17:53:03 IP:::1 Route:/index
Time:2017-09-07 17:53:04 IP:::1 Route:/index_article
Time:2017-09-07 17:53:04 IP:::1 Route:/index_recommend
Time:2017-09-07 17:53:16 IP:::1 Route:/index
Time:2017-09-07 17:53:17 IP:::1 Route:/index_article
Time:2017-09-07 17:53:17 IP:::1 Route:/index_recommend
Time:2017-09-07 17:53:31 IP:::1 Route:/index
Time:2017-09-07 17:53:32 IP:::1 Route:/index_recommend
Time:2017-09-07 17:53:32 IP:::1 Route:/index_article
Time:2017-09-07 17:53:38 IP:::1 Route:/index
Time:2017-09-07 17:53:39 IP:::1 Route:/index_article
Time:2017-09-07 17:53:39 IP:::1 Route:/index_recommend
Time:2017-09-07 17:53:47 IP:::1 Route:/index
Time:2017-09-07 17:53:48 IP:::1 Route:/index_recommend
Time:2017-09-07 17:53:48 IP:::1 Route:/index_article
Time:2017-09-07 17:53:54 IP:::1 Route:/index
Time:2017-09-07 17:53:55 IP:::1 Route:/index_recommend
Time:2017-09-07 17:53:55 IP:::1 Route:/index_article
Time:2017-09-07 17:54:58 IP:::1 Route:/index
Time:2017-09-07 17:54:59 IP:::1 Route:/index_recommend
Time:2017-09-07 17:54:59 IP:::1 Route:/index_article
Time:2017-09-07 17:55:05 IP:::1 Route:/index
Time:2017-09-07 17:55:06 IP:::1 Route:/index_article
Time:2017-09-07 17:55:06 IP:::1 Route:/index_recommend
Time:2017-09-07 17:55:54 IP:::1 Route:/index
Time:2017-09-07 17:55:54 IP:::1 Route:/index_article
Time:2017-09-07 17:55:54 IP:::1 Route:/index_recommend
Time:2017-09-07 17:55:59 IP:::1 Route:/index
Time:2017-09-07 17:56:01 IP:::1 Route:/index_article
Time:2017-09-07 17:56:01 IP:::1 Route:/index_recommend
Time:2017-09-07 17:56:06 IP:::1 Route:/index
Time:2017-09-07 17:56:07 IP:::1 Route:/index_article
Time:2017-09-07 17:56:07 IP:::1 Route:/index_recommend
Time:2017-09-07 17:56:23 IP:::1 Route:/index
Time:2017-09-07 17:56:24 IP:::1 Route:/index_recommend
Time:2017-09-07 17:56:24 IP:::1 Route:/index_article
Time:2017-09-07 17:56:26 IP:::1 Route:/index
Time:2017-09-07 17:56:27 IP:::1 Route:/index_recommend
Time:2017-09-07 17:56:27 IP:::1 Route:/index_article
Time:2017-09-07 17:56:45 IP:::1 Route:/index
Time:2017-09-07 17:56:46 IP:::1 Route:/index_article
Time:2017-09-07 17:56:46 IP:::1 Route:/index_recommend
Time:2017-09-07 17:56:50 IP:::1 Route:/index
Time:2017-09-07 17:56:51 IP:::1 Route:/index_article
Time:2017-09-07 17:56:51 IP:::1 Route:/index_recommend
Time:2017-09-07 17:57:39 IP:::1 Route:/index
Time:2017-09-07 17:57:41 IP:::1 Route:/index_article
Time:2017-09-07 17:57:41 IP:::1 Route:/index_recommend
Time:2017-09-07 17:57:54 IP:::1 Route:/index
Time:2017-09-07 17:57:55 IP:::1 Route:/index_article
Time:2017-09-07 17:57:55 IP:::1 Route:/index_recommend
Time:2017-09-07 17:57:59 IP:::1 Route:/index
Time:2017-09-07 17:58:00 IP:::1 Route:/index_article
Time:2017-09-07 17:58:00 IP:::1 Route:/index_recommend
Time:2017-09-07 17:58:05 IP:::1 Route:/index
Time:2017-09-07 17:58:06 IP:::1 Route:/index_article
Time:2017-09-07 17:58:06 IP:::1 Route:/index_recommend
Time:2017-09-07 17:58:09 IP:::1 Route:/index
Time:2017-09-07 17:58:11 IP:::1 Route:/index_article
Time:2017-09-07 17:58:11 IP:::1 Route:/index_recommend
Time:2017-09-07 17:58:23 IP:::1 Route:/index
Time:2017-09-07 17:58:24 IP:::1 Route:/index_article
Time:2017-09-07 17:58:24 IP:::1 Route:/index_recommend
Time:2017-09-07 17:58:30 IP:::1 Route:/index
Time:2017-09-07 17:58:31 IP:::1 Route:/index_article
Time:2017-09-07 17:58:31 IP:::1 Route:/index_recommend
Time:2017-09-07 17:59:23 IP:::1 Route:/index
Time:2017-09-07 17:59:24 IP:::1 Route:/index_article
Time:2017-09-07 17:59:24 IP:::1 Route:/index_recommend
Time:2017-09-07 17:59:38 IP:::1 Route:/index
Time:2017-09-07 17:59:39 IP:::1 Route:/index_recommend
Time:2017-09-07 17:59:39 IP:::1 Route:/index_article
Time:2017-09-07 18:00:25 IP:::1 Route:/index
Time:2017-09-07 18:00:27 IP:::1 Route:/index_article
Time:2017-09-07 18:00:27 IP:::1 Route:/index_recommend
Time:2017-09-07 18:02:30 IP:::1 Route:/index
Time:2017-09-07 18:02:35 IP:::1 Route:/index_article
Time:2017-09-07 18:02:35 IP:::1 Route:/index_recommend
Time:2017-09-07 18:03:23 IP:::1 Route:/index
Time:2017-09-07 18:03:28 IP:::1 Route:/index_article
Time:2017-09-07 18:03:28 IP:::1 Route:/index_recommend
Time:2017-09-07 18:03:34 IP:::1 Route:/index
Time:2017-09-07 18:03:38 IP:::1 Route:/index_recommend
Time:2017-09-07 18:03:38 IP:::1 Route:/index_article
