Time:2017-09-08 11:23:35 IP:::1 Route:/
Time:2017-09-08 11:23:35 IP:::1 Route:/favicon.ico
Time:2017-09-08 11:23:41 IP:::1 Route:/index
Time:2017-09-08 11:23:42 IP:::1 Route:/index_article
Time:2017-09-08 11:23:42 IP:::1 Route:/index_recommend
Time:2017-09-08 11:23:45 IP:::1 Route:/index
Time:2017-09-08 11:23:46 IP:::1 Route:/index_article
Time:2017-09-08 11:23:46 IP:::1 Route:/index_recommend
Time:2017-09-08 11:41:01 IP:::1 Route:/index
Time:2017-09-08 11:41:03 IP:::1 Route:/index_article
Time:2017-09-08 11:41:03 IP:::1 Route:/index_recommend
Time:2017-09-08 11:47:57 IP:::1 Route:/index
Time:2017-09-08 11:47:58 IP:::1 Route:/index_article
Time:2017-09-08 11:47:58 IP:::1 Route:/index_recommend
Time:2017-09-08 11:48:52 IP:::1 Route:/index
Time:2017-09-08 11:48:53 IP:::1 Route:/index_article
Time:2017-09-08 11:48:53 IP:::1 Route:/index_recommend
Time:2017-09-08 11:48:58 IP:::1 Route:/index
Time:2017-09-08 11:48:59 IP:::1 Route:/index_recommend
Time:2017-09-08 11:48:59 IP:::1 Route:/index_article
Time:2017-09-08 11:49:06 IP:::1 Route:/index
Time:2017-09-08 11:49:07 IP:::1 Route:/index_article
Time:2017-09-08 11:49:07 IP:::1 Route:/index_recommend
Time:2017-09-08 11:49:32 IP:::1 Route:/index
Time:2017-09-08 11:49:32 IP:::1 Route:/index_article
Time:2017-09-08 11:49:32 IP:::1 Route:/index_recommend
Time:2017-09-08 11:50:09 IP:::1 Route:/index
Time:2017-09-08 11:50:10 IP:::1 Route:/index_recommend
Time:2017-09-08 11:50:10 IP:::1 Route:/index_article
Time:2017-09-08 11:50:36 IP:::1 Route:/index
Time:2017-09-08 11:50:36 IP:::1 Route:/index_article
Time:2017-09-08 11:50:36 IP:::1 Route:/index_recommend
Time:2017-09-08 11:52:45 IP:::1 Route:/index
Time:2017-09-08 11:52:46 IP:::1 Route:/index_article
Time:2017-09-08 11:52:46 IP:::1 Route:/index_recommend
Time:2017-09-08 16:55:39 IP:::1 Route:/index
Time:2017-09-08 16:55:40 IP:::1 Route:/index_article
Time:2017-09-08 16:55:40 IP:::1 Route:/index_recommend
Time:2017-09-08 16:58:49 IP:::1 Route:/index
Time:2017-09-08 16:58:51 IP:::1 Route:/index_article
Time:2017-09-08 16:58:51 IP:::1 Route:/index_recommend
Time:2017-09-08 16:59:04 IP:::1 Route:/index
Time:2017-09-08 16:59:05 IP:::1 Route:/index_article
Time:2017-09-08 16:59:05 IP:::1 Route:/index_recommend
Time:2017-09-08 16:59:10 IP:::1 Route:/index
Time:2017-09-08 16:59:11 IP:::1 Route:/index_article
Time:2017-09-08 16:59:11 IP:::1 Route:/index_recommend
Time:2017-09-08 16:59:25 IP:::1 Route:/index
Time:2017-09-08 16:59:26 IP:::1 Route:/index_article
Time:2017-09-08 16:59:26 IP:::1 Route:/index_recommend
Time:2017-09-08 17:00:48 IP:::1 Route:/index
Time:2017-09-08 17:00:49 IP:::1 Route:/index_article
Time:2017-09-08 17:00:49 IP:::1 Route:/index_recommend
Time:2017-09-08 17:01:13 IP:::1 Route:/index
Time:2017-09-08 17:01:14 IP:::1 Route:/index_article
Time:2017-09-08 17:01:14 IP:::1 Route:/index_recommend
Time:2017-09-08 17:01:28 IP:::1 Route:/index
Time:2017-09-08 17:01:29 IP:::1 Route:/index_article
Time:2017-09-08 17:01:29 IP:::1 Route:/index_recommend
Time:2017-09-08 17:01:33 IP:::1 Route:/index
Time:2017-09-08 17:01:34 IP:::1 Route:/index_recommend
Time:2017-09-08 17:01:34 IP:::1 Route:/index_article
Time:2017-09-08 17:01:41 IP:::1 Route:/index
Time:2017-09-08 17:01:42 IP:::1 Route:/index_article
Time:2017-09-08 17:01:42 IP:::1 Route:/index_recommend
Time:2017-09-08 17:21:38 IP:::1 Route:/index
Time:2017-09-08 17:21:39 IP:::1 Route:/index_article
Time:2017-09-08 17:21:39 IP:::1 Route:/index_recommend
Time:2017-09-08 17:21:50 IP:::1 Route:/index
Time:2017-09-08 17:21:51 IP:::1 Route:/index_article
Time:2017-09-08 17:21:51 IP:::1 Route:/index_recommend
Time:2017-09-08 17:21:53 IP:::1 Route:/index
Time:2017-09-08 17:21:54 IP:::1 Route:/index_article
Time:2017-09-08 17:21:54 IP:::1 Route:/index_recommend
Time:2017-09-08 17:21:57 IP:::1 Route:/index
Time:2017-09-08 17:21:58 IP:::1 Route:/index_article
Time:2017-09-08 17:21:58 IP:::1 Route:/index_recommend
Time:2017-09-08 17:22:04 IP:::1 Route:/index
Time:2017-09-08 17:22:05 IP:::1 Route:/index_article
Time:2017-09-08 17:22:05 IP:::1 Route:/index_recommend
Time:2017-09-08 17:22:30 IP:::1 Route:/index
Time:2017-09-08 17:22:30 IP:::1 Route:/index_article
Time:2017-09-08 17:22:30 IP:::1 Route:/index_recommend
Time:2017-09-08 17:23:00 IP:::1 Route:/index
Time:2017-09-08 17:23:01 IP:::1 Route:/index_article
Time:2017-09-08 17:23:01 IP:::1 Route:/index_recommend
Time:2017-09-08 17:26:49 IP:::1 Route:/index
Time:2017-09-08 17:26:50 IP:::1 Route:/index_recommend
Time:2017-09-08 17:26:50 IP:::1 Route:/index_article
Time:2017-09-08 17:27:07 IP:::1 Route:/index
Time:2017-09-08 17:27:08 IP:::1 Route:/index_recommend
Time:2017-09-08 17:27:08 IP:::1 Route:/index_article
Time:2017-09-08 17:31:17 IP:::1 Route:/index
Time:2017-09-08 17:31:18 IP:::1 Route:/index_article
Time:2017-09-08 17:31:18 IP:::1 Route:/index_recommend
Time:2017-09-08 17:31:25 IP:::1 Route:/index
Time:2017-09-08 17:31:26 IP:::1 Route:/index_recommend
Time:2017-09-08 17:31:26 IP:::1 Route:/index_article
Time:2017-09-08 17:31:41 IP:::1 Route:/index
Time:2017-09-08 17:31:42 IP:::1 Route:/index_article
Time:2017-09-08 17:31:42 IP:::1 Route:/index_recommend
Time:2017-09-08 17:31:45 IP:::1 Route:/index
Time:2017-09-08 17:31:46 IP:::1 Route:/index_recommend
Time:2017-09-08 17:31:46 IP:::1 Route:/index_article
Time:2017-09-08 17:31:53 IP:::1 Route:/index
Time:2017-09-08 17:31:54 IP:::1 Route:/index_recommend
Time:2017-09-08 17:31:54 IP:::1 Route:/index_article
Time:2017-09-08 17:32:00 IP:::1 Route:/index
Time:2017-09-08 17:32:01 IP:::1 Route:/index_article
Time:2017-09-08 17:32:01 IP:::1 Route:/index_recommend
Time:2017-09-08 17:32:14 IP:::1 Route:/index
Time:2017-09-08 17:32:15 IP:::1 Route:/index_article
Time:2017-09-08 17:32:15 IP:::1 Route:/index_recommend
Time:2017-09-08 17:32:51 IP:::1 Route:/index
Time:2017-09-08 17:32:52 IP:::1 Route:/index_article
Time:2017-09-08 17:32:52 IP:::1 Route:/index_recommend
Time:2017-09-08 17:33:10 IP:::1 Route:/index
Time:2017-09-08 17:33:11 IP:::1 Route:/index_recommend
Time:2017-09-08 17:33:11 IP:::1 Route:/index_article
Time:2017-09-08 17:33:44 IP:::1 Route:/index
Time:2017-09-08 17:33:45 IP:::1 Route:/index_recommend
Time:2017-09-08 17:33:45 IP:::1 Route:/index_article
Time:2017-09-08 17:33:50 IP:::1 Route:/index
Time:2017-09-08 17:33:51 IP:::1 Route:/index_article
Time:2017-09-08 17:33:51 IP:::1 Route:/index_recommend
Time:2017-09-08 17:33:59 IP:::1 Route:/index
Time:2017-09-08 17:34:00 IP:::1 Route:/index_article
Time:2017-09-08 17:34:00 IP:::1 Route:/index_recommend
Time:2017-09-08 17:34:23 IP:::1 Route:/index
Time:2017-09-08 17:34:24 IP:::1 Route:/index_article
Time:2017-09-08 17:34:24 IP:::1 Route:/index_recommend
Time:2017-09-08 17:34:50 IP:::1 Route:/index
Time:2017-09-08 17:34:52 IP:::1 Route:/index_recommend
Time:2017-09-08 17:34:52 IP:::1 Route:/index_article
Time:2017-09-08 17:35:17 IP:::1 Route:/index
Time:2017-09-08 17:35:19 IP:::1 Route:/index_article
Time:2017-09-08 17:35:19 IP:::1 Route:/index_recommend
Time:2017-09-08 17:35:31 IP:::1 Route:/index
Time:2017-09-08 17:35:32 IP:::1 Route:/index_article
Time:2017-09-08 17:35:32 IP:::1 Route:/index_recommend
Time:2017-09-08 17:35:39 IP:::1 Route:/index
Time:2017-09-08 17:35:40 IP:::1 Route:/index_recommend
Time:2017-09-08 17:35:40 IP:::1 Route:/index_article
Time:2017-09-08 17:35:59 IP:::1 Route:/index
Time:2017-09-08 17:36:00 IP:::1 Route:/index_article
Time:2017-09-08 17:36:00 IP:::1 Route:/index_recommend
Time:2017-09-08 17:36:07 IP:::1 Route:/index
Time:2017-09-08 17:36:08 IP:::1 Route:/index_recommend
Time:2017-09-08 17:36:08 IP:::1 Route:/index_article
Time:2017-09-08 17:36:13 IP:::1 Route:/index
Time:2017-09-08 17:36:14 IP:::1 Route:/index_recommend
Time:2017-09-08 17:36:14 IP:::1 Route:/index_article
Time:2017-09-08 17:37:36 IP:::1 Route:/index
Time:2017-09-08 17:37:37 IP:::1 Route:/index_recommend
Time:2017-09-08 17:37:37 IP:::1 Route:/index_article
Time:2017-09-08 17:37:51 IP:::1 Route:/index
Time:2017-09-08 17:37:52 IP:::1 Route:/index_article
Time:2017-09-08 17:37:52 IP:::1 Route:/index_recommend
Time:2017-09-08 17:38:01 IP:::1 Route:/index
Time:2017-09-08 17:38:02 IP:::1 Route:/index_recommend
Time:2017-09-08 17:38:02 IP:::1 Route:/index_article
Time:2017-09-08 17:38:21 IP:::1 Route:/index
Time:2017-09-08 17:38:22 IP:::1 Route:/index_article
Time:2017-09-08 17:38:22 IP:::1 Route:/index_recommend
Time:2017-09-08 17:38:51 IP:::1 Route:/index
Time:2017-09-08 17:38:52 IP:::1 Route:/index_article
Time:2017-09-08 17:38:52 IP:::1 Route:/index_recommend
Time:2017-09-08 17:38:57 IP:::1 Route:/index
Time:2017-09-08 17:38:58 IP:::1 Route:/index_article
Time:2017-09-08 17:38:58 IP:::1 Route:/index_recommend
Time:2017-09-08 17:39:15 IP:::1 Route:/index
Time:2017-09-08 17:39:16 IP:::1 Route:/index_article
Time:2017-09-08 17:39:16 IP:::1 Route:/index_recommend
Time:2017-09-08 17:39:24 IP:::1 Route:/index
Time:2017-09-08 17:39:25 IP:::1 Route:/index_recommend
Time:2017-09-08 17:39:25 IP:::1 Route:/index_article
Time:2017-09-08 17:39:29 IP:::1 Route:/index
Time:2017-09-08 17:39:30 IP:::1 Route:/index_article
Time:2017-09-08 17:39:30 IP:::1 Route:/index_recommend
Time:2017-09-08 17:39:34 IP:::1 Route:/index
Time:2017-09-08 17:39:35 IP:::1 Route:/index_article
Time:2017-09-08 17:39:35 IP:::1 Route:/index_recommend
Time:2017-09-08 17:39:49 IP:::1 Route:/index
Time:2017-09-08 17:39:50 IP:::1 Route:/index_article
Time:2017-09-08 17:39:50 IP:::1 Route:/index_recommend
Time:2017-09-08 17:40:13 IP:::1 Route:/index
Time:2017-09-08 17:40:14 IP:::1 Route:/index_recommend
Time:2017-09-08 17:40:14 IP:::1 Route:/index_article
Time:2017-09-08 17:40:19 IP:::1 Route:/index
Time:2017-09-08 17:40:20 IP:::1 Route:/index_article
Time:2017-09-08 17:40:20 IP:::1 Route:/index_recommend
