Time:2017-09-04 00:23:11 IP:127.0.0.1 Route:/
Time:2017-09-04 00:23:11 IP:127.0.0.1 Route:/favicon.ico
Time:2017-09-04 00:23:17 IP:127.0.0.1 Route:/index
Time:2017-09-04 00:23:52 IP:127.0.0.1 Route:/wechat/index
Time:2017-09-04 00:24:09 IP:127.0.0.1 Route:/wechat/index
Time:2017-09-04 00:25:32 IP:127.0.0.1 Route:/wechat/index
Time:2017-09-04 00:25:37 IP:127.0.0.1 Route:/wechat/index
Time:2017-09-04 00:26:16 IP:127.0.0.1 Route:/wechat/index
Time:2017-09-04 00:26:22 IP:127.0.0.1 Route:/wechat/index
Time:2017-09-04 00:26:30 IP:127.0.0.1 Route:/wechat/index
Time:2017-09-04 00:26:40 IP:127.0.0.1 Route:/wechat/index
Time:2017-09-04 00:33:52 IP:127.0.0.1 Route:/wechat/index
Time:2017-09-04 00:34:19 IP:127.0.0.1 Route:/wechat/index
Time:2017-09-04 00:34:50 IP:127.0.0.1 Route:/wechat/index
Time:2017-09-04 00:35:06 IP:127.0.0.1 Route:/wechat/index
Time:2017-09-04 00:35:27 IP:127.0.0.1 Route:/wechat/index
Time:2017-09-04 00:35:35 IP:127.0.0.1 Route:/wechat/index
Time:2017-09-04 00:40:37 IP:127.0.0.1 Route:/wechat/index
Time:2017-09-04 00:40:46 IP:127.0.0.1 Route:/wechat/index
Time:2017-09-04 00:40:52 IP:127.0.0.1 Route:/wechat/index
Time:2017-09-04 00:41:01 IP:127.0.0.1 Route:/wechat/index
Time:2017-09-04 00:41:08 IP:127.0.0.1 Route:/wechat/index
Time:2017-09-04 00:41:44 IP:127.0.0.1 Route:/wechat/index
Time:2017-09-04 00:42:21 IP:127.0.0.1 Route:/wechat/index
Time:2017-09-04 00:42:30 IP:127.0.0.1 Route:/wechat/index
Time:2017-09-04 00:42:36 IP:127.0.0.1 Route:/wechat/index
Time:2017-09-04 00:43:00 IP:127.0.0.1 Route:/wechat/index
Time:2017-09-04 00:43:25 IP:127.0.0.1 Route:/wechat/index
Time:2017-09-04 00:43:28 IP:127.0.0.1 Route:/wechat/index
Time:2017-09-04 00:43:28 IP:127.0.0.1 Route:/wechat/index
Time:2017-09-04 00:43:29 IP:127.0.0.1 Route:/wechat/index
Time:2017-09-04 00:43:59 IP:127.0.0.1 Route:/wechat/index
Time:2017-09-04 00:44:13 IP:127.0.0.1 Route:/wechat/index
Time:2017-09-04 00:44:24 IP:127.0.0.1 Route:/wechat/index
Time:2017-09-04 00:44:26 IP:127.0.0.1 Route:/wechat/index
Time:2017-09-04 00:44:40 IP:127.0.0.1 Route:/wechat/index
Time:2017-09-04 00:44:49 IP:127.0.0.1 Route:/wechat/index
Time:2017-09-04 00:45:09 IP:127.0.0.1 Route:/wechat/index
Time:2017-09-04 00:45:17 IP:127.0.0.1 Route:/wechat/index
Time:2017-09-04 00:45:26 IP:127.0.0.1 Route:/wechat/index
Time:2017-09-04 00:53:14 IP:127.0.0.1 Route:/wechat/index
Time:2017-09-04 00:53:28 IP:127.0.0.1 Route:/wechat/index
Time:2017-09-04 01:11:22 IP:127.0.0.1 Route:/index.php
Time:2017-09-04 01:11:27 IP:127.0.0.1 Route:/index
Time:2017-09-04 01:11:42 IP:127.0.0.1 Route:/index
Time:2017-09-04 01:11:58 IP:127.0.0.1 Route:/index
Time:2017-09-04 01:12:05 IP:127.0.0.1 Route:/index
Time:2017-09-04 01:12:36 IP:127.0.0.1 Route:/index
Time:2017-09-04 15:36:46 IP:::1 Route:/
Time:2017-09-04 15:36:47 IP:::1 Route:/favicon.ico
Time:2017-09-04 15:37:00 IP:::1 Route:/
Time:2017-09-04 15:37:12 IP:::1 Route:/html
Time:2017-09-04 15:37:57 IP:::1 Route:/index
Time:2017-09-04 15:38:08 IP:::1 Route:/index
Time:2017-09-04 15:38:27 IP:::1 Route:/index
Time:2017-09-04 15:38:28 IP:::1 Route:/index
Time:2017-09-04 15:38:29 IP:::1 Route:/index
Time:2017-09-04 15:38:29 IP:::1 Route:/index
Time:2017-09-04 15:38:29 IP:::1 Route:/index
Time:2017-09-04 15:38:59 IP:::1 Route:/index
Time:2017-09-04 15:39:00 IP:::1 Route:/index
Time:2017-09-04 15:39:00 IP:::1 Route:/index
Time:2017-09-04 15:39:00 IP:::1 Route:/index
Time:2017-09-04 15:39:01 IP:::1 Route:/index
Time:2017-09-04 15:39:01 IP:::1 Route:/index
Time:2017-09-04 15:39:01 IP:::1 Route:/index
Time:2017-09-04 15:39:01 IP:::1 Route:/index
Time:2017-09-04 15:39:02 IP:::1 Route:/index
Time:2017-09-04 15:39:02 IP:::1 Route:/index
Time:2017-09-04 15:39:02 IP:::1 Route:/index
Time:2017-09-04 15:39:50 IP:::1 Route:/index
Time:2017-09-04 15:39:51 IP:::1 Route:/index
Time:2017-09-04 15:39:52 IP:::1 Route:/index
Time:2017-09-04 15:39:52 IP:::1 Route:/index
Time:2017-09-04 15:39:54 IP:::1 Route:/index
Time:2017-09-04 15:39:55 IP:::1 Route:/index
Time:2017-09-04 15:39:56 IP:::1 Route:/index
Time:2017-09-04 15:39:57 IP:::1 Route:/index
Time:2017-09-04 15:39:58 IP:::1 Route:/index
Time:2017-09-04 15:39:58 IP:::1 Route:/index
Time:2017-09-04 15:39:59 IP:::1 Route:/index
Time:2017-09-04 15:40:00 IP:::1 Route:/index
Time:2017-09-04 15:40:00 IP:::1 Route:/index
Time:2017-09-04 15:40:01 IP:::1 Route:/index
Time:2017-09-04 15:40:07 IP:::1 Route:/index
Time:2017-09-04 15:40:07 IP:::1 Route:/index
Time:2017-09-04 15:40:07 IP:::1 Route:/index
Time:2017-09-04 15:40:07 IP:::1 Route:/index
Time:2017-09-04 15:40:08 IP:::1 Route:/index
Time:2017-09-04 15:40:08 IP:::1 Route:/index
Time:2017-09-04 15:40:10 IP:::1 Route:/index
Time:2017-09-04 15:40:12 IP:::1 Route:/index
Time:2017-09-04 15:40:12 IP:::1 Route:/index
Time:2017-09-04 15:40:12 IP:::1 Route:/index
Time:2017-09-04 15:40:13 IP:::1 Route:/index
Time:2017-09-04 15:40:13 IP:::1 Route:/index
Time:2017-09-04 15:40:13 IP:::1 Route:/index
Time:2017-09-04 15:40:14 IP:::1 Route:/index
Time:2017-09-04 15:40:28 IP:::1 Route:/index
Time:2017-09-04 15:40:29 IP:::1 Route:/index
Time:2017-09-04 15:40:29 IP:::1 Route:/index
Time:2017-09-04 15:40:30 IP:::1 Route:/index
Time:2017-09-04 15:42:13 IP:::1 Route:/index
Time:2017-09-04 15:42:15 IP:::1 Route:/index
Time:2017-09-04 15:42:16 IP:::1 Route:/index
Time:2017-09-04 15:42:20 IP:::1 Route:/index
Time:2017-09-04 15:42:21 IP:::1 Route:/index
Time:2017-09-04 15:42:21 IP:::1 Route:/index
Time:2017-09-04 15:42:21 IP:::1 Route:/index
Time:2017-09-04 15:42:22 IP:::1 Route:/index
Time:2017-09-04 15:42:22 IP:::1 Route:/index
Time:2017-09-04 15:42:22 IP:::1 Route:/index
Time:2017-09-04 15:42:22 IP:::1 Route:/index
Time:2017-09-04 15:42:22 IP:::1 Route:/index
Time:2017-09-04 15:42:23 IP:::1 Route:/index
Time:2017-09-04 15:42:23 IP:::1 Route:/index
Time:2017-09-04 15:42:23 IP:::1 Route:/index
Time:2017-09-04 15:42:24 IP:::1 Route:/index
Time:2017-09-04 15:42:24 IP:::1 Route:/index
Time:2017-09-04 15:43:04 IP:::1 Route:/index
Time:2017-09-04 15:43:06 IP:::1 Route:/index
Time:2017-09-04 15:43:06 IP:::1 Route:/index
Time:2017-09-04 15:43:06 IP:::1 Route:/index
Time:2017-09-04 15:43:07 IP:::1 Route:/index
Time:2017-09-04 15:43:07 IP:::1 Route:/index
Time:2017-09-04 15:43:08 IP:::1 Route:/index
Time:2017-09-04 15:43:11 IP:::1 Route:/index
Time:2017-09-04 15:43:14 IP:::1 Route:/index
Time:2017-09-04 15:43:19 IP:::1 Route:/index
Time:2017-09-04 15:43:26 IP:::1 Route:/index
Time:2017-09-04 15:43:54 IP:::1 Route:/index
Time:2017-09-04 15:44:09 IP:::1 Route:/index
Time:2017-09-04 15:44:16 IP:::1 Route:/index
Time:2017-09-04 15:44:19 IP:::1 Route:/index
Time:2017-09-04 15:44:19 IP:::1 Route:/index
Time:2017-09-04 15:44:20 IP:::1 Route:/index
Time:2017-09-04 15:47:55 IP:::1 Route:/index
Time:2017-09-04 15:47:56 IP:::1 Route:/index
Time:2017-09-04 15:47:57 IP:::1 Route:/index
Time:2017-09-04 15:47:57 IP:::1 Route:/index
Time:2017-09-04 15:48:24 IP:::1 Route:/index
Time:2017-09-04 15:48:28 IP:::1 Route:/index
Time:2017-09-04 15:48:32 IP:::1 Route:/index
Time:2017-09-04 15:48:38 IP:::1 Route:/index
Time:2017-09-04 15:48:42 IP:::1 Route:/index
Time:2017-09-04 15:48:51 IP:::1 Route:/index
Time:2017-09-04 15:48:51 IP:::1 Route:/index
Time:2017-09-04 15:48:52 IP:::1 Route:/index
Time:2017-09-04 15:49:05 IP:::1 Route:/index
Time:2017-09-04 15:50:27 IP:::1 Route:/index
Time:2017-09-04 15:50:28 IP:::1 Route:/index
Time:2017-09-04 15:50:37 IP:::1 Route:/index
Time:2017-09-04 15:50:58 IP:::1 Route:/index
Time:2017-09-04 15:51:21 IP:::1 Route:/index
Time:2017-09-04 16:05:16 IP:::1 Route:/index
Time:2017-09-04 16:05:16 IP:::1 Route:/index
Time:2017-09-04 16:06:52 IP:::1 Route:/index
Time:2017-09-04 16:07:54 IP:::1 Route:/index
Time:2017-09-04 16:07:55 IP:::1 Route:/index
Time:2017-09-04 16:07:55 IP:::1 Route:/index
Time:2017-09-04 16:07:55 IP:::1 Route:/index
Time:2017-09-04 16:08:39 IP:::1 Route:/index
Time:2017-09-04 16:08:43 IP:::1 Route:/index
Time:2017-09-04 16:09:05 IP:::1 Route:/index
Time:2017-09-04 16:09:06 IP:::1 Route:/index
Time:2017-09-04 16:09:08 IP:::1 Route:/index
Time:2017-09-04 16:09:31 IP:::1 Route:/index
Time:2017-09-04 16:09:37 IP:::1 Route:/index
Time:2017-09-04 16:10:01 IP:::1 Route:/index
Time:2017-09-04 16:10:22 IP:::1 Route:/index
Time:2017-09-04 16:10:23 IP:::1 Route:/index
Time:2017-09-04 16:10:23 IP:::1 Route:/index
Time:2017-09-04 16:10:29 IP:::1 Route:/index
Time:2017-09-04 16:10:29 IP:::1 Route:/index
Time:2017-09-04 16:10:35 IP:::1 Route:/index
Time:2017-09-04 16:10:44 IP:::1 Route:/index
Time:2017-09-04 16:11:15 IP:::1 Route:/index
Time:2017-09-04 16:11:15 IP:::1 Route:/index
Time:2017-09-04 16:11:15 IP:::1 Route:/index
Time:2017-09-04 16:11:16 IP:::1 Route:/index
Time:2017-09-04 16:12:18 IP:::1 Route:/index
Time:2017-09-04 16:12:19 IP:::1 Route:/index
Time:2017-09-04 16:12:19 IP:::1 Route:/index
Time:2017-09-04 16:12:53 IP:::1 Route:/index
Time:2017-09-04 16:13:16 IP:::1 Route:/index
Time:2017-09-04 16:13:22 IP:::1 Route:/index
Time:2017-09-04 16:13:31 IP:::1 Route:/index
Time:2017-09-04 16:14:11 IP:::1 Route:/index
Time:2017-09-04 16:14:13 IP:::1 Route:/index
Time:2017-09-04 16:14:13 IP:::1 Route:/index
Time:2017-09-04 16:14:14 IP:::1 Route:/index
Time:2017-09-04 16:14:14 IP:::1 Route:/index
Time:2017-09-04 16:14:14 IP:::1 Route:/index
Time:2017-09-04 16:14:48 IP:::1 Route:/index
Time:2017-09-04 16:15:13 IP:::1 Route:/index
Time:2017-09-04 16:15:19 IP:::1 Route:/index
Time:2017-09-04 16:15:30 IP:::1 Route:/index
Time:2017-09-04 16:15:52 IP:::1 Route:/index
Time:2017-09-04 16:15:53 IP:::1 Route:/index
Time:2017-09-04 16:15:53 IP:::1 Route:/index
Time:2017-09-04 16:16:00 IP:::1 Route:/index
Time:2017-09-04 16:16:06 IP:::1 Route:/index
Time:2017-09-04 16:16:07 IP:::1 Route:/index
Time:2017-09-04 16:16:07 IP:::1 Route:/index
Time:2017-09-04 16:16:08 IP:::1 Route:/index
Time:2017-09-04 16:16:08 IP:::1 Route:/index
Time:2017-09-04 16:17:16 IP:::1 Route:/index
Time:2017-09-04 16:17:16 IP:::1 Route:/index
Time:2017-09-04 16:21:35 IP:::1 Route:/index
Time:2017-09-04 16:21:36 IP:::1 Route:/index
Time:2017-09-04 16:22:06 IP:::1 Route:/index
Time:2017-09-04 16:23:41 IP:::1 Route:/index
Time:2017-09-04 16:23:42 IP:::1 Route:/index
Time:2017-09-04 16:24:34 IP:::1 Route:/index
Time:2017-09-04 16:24:35 IP:::1 Route:/index
Time:2017-09-04 16:24:41 IP:::1 Route:/index
Time:2017-09-04 16:24:42 IP:::1 Route:/index
Time:2017-09-04 16:46:36 IP:::1 Route:/index
Time:2017-09-04 16:46:37 IP:::1 Route:/index
Time:2017-09-04 16:46:37 IP:::1 Route:/index
Time:2017-09-04 16:46:38 IP:::1 Route:/index
Time:2017-09-04 16:46:38 IP:::1 Route:/index
Time:2017-09-04 16:46:38 IP:::1 Route:/index
Time:2017-09-04 16:46:38 IP:::1 Route:/index
Time:2017-09-04 16:46:39 IP:::1 Route:/index
Time:2017-09-04 16:46:42 IP:::1 Route:/index
Time:2017-09-04 16:46:42 IP:::1 Route:/index
Time:2017-09-04 16:46:42 IP:::1 Route:/index
Time:2017-09-04 16:46:43 IP:::1 Route:/index
Time:2017-09-04 16:46:44 IP:::1 Route:/index
Time:2017-09-04 16:46:44 IP:::1 Route:/index
Time:2017-09-04 16:48:11 IP:::1 Route:/index
Time:2017-09-04 16:48:12 IP:::1 Route:/index
Time:2017-09-04 16:48:13 IP:::1 Route:/index
Time:2017-09-04 16:48:43 IP:::1 Route:/index
Time:2017-09-04 16:48:53 IP:::1 Route:/index
Time:2017-09-04 16:48:59 IP:::1 Route:/index
Time:2017-09-04 16:49:03 IP:::1 Route:/index
Time:2017-09-04 16:49:57 IP:::1 Route:/index
Time:2017-09-04 16:49:58 IP:::1 Route:/index
Time:2017-09-04 16:49:58 IP:::1 Route:/index
Time:2017-09-04 16:49:58 IP:::1 Route:/index
Time:2017-09-04 16:49:59 IP:::1 Route:/index
Time:2017-09-04 16:49:59 IP:::1 Route:/index
Time:2017-09-04 16:49:59 IP:::1 Route:/index
Time:2017-09-04 16:50:26 IP:::1 Route:/index
Time:2017-09-04 16:50:31 IP:::1 Route:/index
Time:2017-09-04 16:50:31 IP:::1 Route:/index
Time:2017-09-04 16:50:37 IP:::1 Route:/index
Time:2017-09-04 16:50:44 IP:::1 Route:/index
Time:2017-09-04 16:50:44 IP:::1 Route:/index
Time:2017-09-04 16:50:55 IP:::1 Route:/index
Time:2017-09-04 16:51:12 IP:::1 Route:/index
Time:2017-09-04 16:51:22 IP:::1 Route:/index
Time:2017-09-04 16:51:23 IP:::1 Route:/index
Time:2017-09-04 16:51:24 IP:::1 Route:/index
Time:2017-09-04 16:51:28 IP:::1 Route:/index
Time:2017-09-04 16:52:50 IP:::1 Route:/index
Time:2017-09-04 16:57:27 IP:::1 Route:/index
Time:2017-09-04 16:57:31 IP:::1 Route:/index
Time:2017-09-04 16:57:43 IP:::1 Route:/index
Time:2017-09-04 16:58:36 IP:::1 Route:/index
Time:2017-09-04 16:58:51 IP:::1 Route:/index
Time:2017-09-04 16:58:57 IP:::1 Route:/index
Time:2017-09-04 16:59:14 IP:::1 Route:/index
Time:2017-09-04 16:59:21 IP:::1 Route:/index
Time:2017-09-04 16:59:44 IP:::1 Route:/index
Time:2017-09-04 17:00:00 IP:::1 Route:/index
Time:2017-09-04 17:00:12 IP:::1 Route:/index
Time:2017-09-04 17:00:24 IP:::1 Route:/index
Time:2017-09-04 17:00:33 IP:::1 Route:/index
Time:2017-09-04 17:00:46 IP:::1 Route:/index
Time:2017-09-04 17:00:49 IP:::1 Route:/index
Time:2017-09-04 17:00:53 IP:::1 Route:/index
Time:2017-09-04 17:23:01 IP:::1 Route:/index
Time:2017-09-04 17:23:02 IP:::1 Route:/index
Time:2017-09-04 17:23:02 IP:::1 Route:/index
Time:2017-09-04 17:23:02 IP:::1 Route:/index
Time:2017-09-04 17:23:06 IP:::1 Route:/index
Time:2017-09-04 17:24:06 IP:::1 Route:/index
Time:2017-09-04 17:24:38 IP:::1 Route:/index
Time:2017-09-04 17:24:55 IP:::1 Route:/index
Time:2017-09-04 17:25:04 IP:::1 Route:/index
Time:2017-09-04 17:25:33 IP:::1 Route:/index
Time:2017-09-04 17:26:24 IP:::1 Route:/index
Time:2017-09-04 17:27:10 IP:::1 Route:/index
Time:2017-09-04 17:27:23 IP:::1 Route:/index
Time:2017-09-04 17:27:28 IP:::1 Route:/index
Time:2017-09-04 17:29:52 IP:::1 Route:/index
Time:2017-09-04 17:30:24 IP:::1 Route:/index
Time:2017-09-04 17:30:40 IP:::1 Route:/index
Time:2017-09-04 17:31:03 IP:::1 Route:/index
Time:2017-09-04 17:31:18 IP:::1 Route:/index
Time:2017-09-04 17:31:21 IP:::1 Route:/index
Time:2017-09-04 17:36:41 IP:::1 Route:/index
Time:2017-09-04 17:39:10 IP:::1 Route:/index
Time:2017-09-04 17:39:14 IP:::1 Route:/index
Time:2017-09-04 17:39:35 IP:::1 Route:/index
Time:2017-09-04 17:40:09 IP:::1 Route:/index
Time:2017-09-04 17:40:41 IP:::1 Route:/index
Time:2017-09-04 17:40:46 IP:::1 Route:/index
Time:2017-09-04 17:40:50 IP:::1 Route:/index
Time:2017-09-04 17:43:30 IP:::1 Route:/index
Time:2017-09-04 17:43:32 IP:::1 Route:/index
Time:2017-09-04 17:43:47 IP:::1 Route:/index
Time:2017-09-04 17:44:03 IP:::1 Route:/index
Time:2017-09-04 17:44:15 IP:::1 Route:/index
Time:2017-09-04 17:44:17 IP:::1 Route:/index
Time:2017-09-04 17:44:18 IP:::1 Route:/index
Time:2017-09-04 17:44:18 IP:::1 Route:/index
Time:2017-09-04 17:44:18 IP:::1 Route:/index
Time:2017-09-04 17:44:30 IP:::1 Route:/index
Time:2017-09-04 17:44:39 IP:::1 Route:/index
Time:2017-09-04 17:44:49 IP:::1 Route:/index
Time:2017-09-04 17:46:24 IP:::1 Route:/index
Time:2017-09-04 17:46:40 IP:::1 Route:/index
Time:2017-09-04 17:46:47 IP:::1 Route:/index
Time:2017-09-04 17:47:28 IP:::1 Route:/index
Time:2017-09-04 17:47:34 IP:::1 Route:/index
Time:2017-09-04 17:47:40 IP:::1 Route:/index
Time:2017-09-04 17:48:01 IP:::1 Route:/index
Time:2017-09-04 17:48:03 IP:::1 Route:/index
Time:2017-09-04 17:48:13 IP:::1 Route:/index
Time:2017-09-04 17:48:29 IP:::1 Route:/index
Time:2017-09-04 17:48:29 IP:::1 Route:/index
Time:2017-09-04 17:48:30 IP:::1 Route:/index
Time:2017-09-04 17:48:40 IP:::1 Route:/index
Time:2017-09-04 17:48:51 IP:::1 Route:/index
Time:2017-09-04 17:49:31 IP:::1 Route:/index
Time:2017-09-04 17:49:47 IP:::1 Route:/index
Time:2017-09-04 17:50:02 IP:::1 Route:/index
Time:2017-09-04 17:50:05 IP:::1 Route:/index
Time:2017-09-04 17:50:07 IP:::1 Route:/index
Time:2017-09-04 17:50:09 IP:::1 Route:/index
Time:2017-09-04 17:50:09 IP:::1 Route:/index
Time:2017-09-04 17:50:10 IP:::1 Route:/index
Time:2017-09-04 17:50:12 IP:::1 Route:/index
Time:2017-09-04 17:51:05 IP:::1 Route:/index
Time:2017-09-04 17:51:14 IP:::1 Route:/index
Time:2017-09-04 17:51:34 IP:::1 Route:/index
Time:2017-09-04 17:51:35 IP:::1 Route:/index
Time:2017-09-04 17:51:35 IP:::1 Route:/index
Time:2017-09-04 17:51:35 IP:::1 Route:/index
Time:2017-09-04 17:52:12 IP:::1 Route:/index
Time:2017-09-04 17:52:42 IP:::1 Route:/index
Time:2017-09-04 17:52:51 IP:::1 Route:/index
Time:2017-09-04 17:53:00 IP:::1 Route:/index
Time:2017-09-04 17:53:01 IP:::1 Route:/index
Time:2017-09-04 17:53:01 IP:::1 Route:/index
Time:2017-09-04 17:53:02 IP:::1 Route:/index
Time:2017-09-04 17:53:02 IP:::1 Route:/index
Time:2017-09-04 17:53:02 IP:::1 Route:/index
