Time:2017-09-22 10:25:38 IP:::1 Route:/
Time:2017-09-22 10:25:38 IP:::1 Route:/favicon.ico
Time:2017-09-22 10:25:38 IP:::1 Route:/favicon.ico
Time:2017-09-22 10:25:46 IP:::1 Route:/index
Time:2017-09-22 10:25:48 IP:::1 Route:/index
Time:2017-09-22 10:25:48 IP:::1 Route:/index
Time:2017-09-22 10:25:49 IP:::1 Route:/index
Time:2017-09-22 10:25:49 IP:::1 Route:/index
Time:2017-09-22 10:25:50 IP:::1 Route:/index
Time:2017-09-22 10:25:50 IP:::1 Route:/index
Time:2017-09-22 10:25:51 IP:::1 Route:/index
Time:2017-09-22 10:25:51 IP:::1 Route:/index
Time:2017-09-22 10:25:51 IP:::1 Route:/index
Time:2017-09-22 10:25:52 IP:::1 Route:/index
Time:2017-09-22 10:25:52 IP:::1 Route:/index
Time:2017-09-22 10:25:53 IP:::1 Route:/index
Time:2017-09-22 10:25:54 IP:::1 Route:/index
Time:2017-09-22 10:25:54 IP:::1 Route:/index
Time:2017-09-22 10:25:55 IP:::1 Route:/index
Time:2017-09-22 10:25:55 IP:::1 Route:/index
Time:2017-09-22 10:25:56 IP:::1 Route:/index
Time:2017-09-22 10:25:59 IP:::1 Route:/index
Time:2017-09-22 10:25:59 IP:::1 Route:/index
Time:2017-09-22 10:26:00 IP:::1 Route:/index
Time:2017-09-22 10:26:00 IP:::1 Route:/index
Time:2017-09-22 10:26:01 IP:::1 Route:/index
Time:2017-09-22 10:26:01 IP:::1 Route:/index
Time:2017-09-22 10:26:01 IP:::1 Route:/index
Time:2017-09-22 10:26:03 IP:::1 Route:/index
Time:2017-09-22 10:26:04 IP:::1 Route:/index
Time:2017-09-22 10:26:12 IP:::1 Route:/index
Time:2017-09-22 10:26:12 IP:::1 Route:/index
Time:2017-09-22 10:26:12 IP:::1 Route:/index
Time:2017-09-22 10:26:13 IP:::1 Route:/index
Time:2017-09-22 10:26:19 IP:::1 Route:/index
Time:2017-09-22 10:26:21 IP:::1 Route:/index
Time:2017-09-22 10:26:21 IP:::1 Route:/index
Time:2017-09-22 10:26:21 IP:::1 Route:/index
Time:2017-09-22 10:26:22 IP:::1 Route:/index
Time:2017-09-22 10:26:22 IP:::1 Route:/index
Time:2017-09-22 10:26:23 IP:::1 Route:/index
Time:2017-09-22 10:26:24 IP:::1 Route:/index
Time:2017-09-22 10:26:28 IP:::1 Route:/index
Time:2017-09-22 10:27:34 IP:::1 Route:/index
Time:2017-09-22 10:27:37 IP:::1 Route:/index
Time:2017-09-22 10:27:58 IP:::1 Route:/index
Time:2017-09-22 10:28:07 IP:::1 Route:/index
Time:2017-09-22 10:28:30 IP:::1 Route:/index
Time:2017-09-22 10:28:56 IP:::1 Route:/index
Time:2017-09-22 10:29:18 IP:::1 Route:/index
Time:2017-09-22 10:29:34 IP:::1 Route:/index
Time:2017-09-22 10:31:04 IP:::1 Route:/index
Time:2017-09-22 10:31:37 IP:::1 Route:/index
Time:2017-09-22 10:32:06 IP:::1 Route:/index
Time:2017-09-22 10:32:41 IP:::1 Route:/index
Time:2017-09-22 10:32:54 IP:::1 Route:/index
Time:2017-09-22 10:33:41 IP:::1 Route:/index
Time:2017-09-22 10:33:45 IP:::1 Route:/index
Time:2017-09-22 10:35:44 IP:::1 Route:/index
Time:2017-09-22 10:35:56 IP:::1 Route:/index
Time:2017-09-22 10:36:46 IP:::1 Route:/index
Time:2017-09-22 10:36:49 IP:::1 Route:/index
Time:2017-09-22 10:36:50 IP:::1 Route:/index
Time:2017-09-22 10:37:22 IP:::1 Route:/index
Time:2017-09-22 10:37:37 IP:::1 Route:/index
Time:2017-09-22 10:37:45 IP:::1 Route:/index
Time:2017-09-22 10:37:54 IP:::1 Route:/index
Time:2017-09-22 10:38:28 IP:::1 Route:/index
Time:2017-09-22 10:38:40 IP:::1 Route:/index
Time:2017-09-22 10:39:05 IP:::1 Route:/index
Time:2017-09-22 10:39:05 IP:::1 Route:/index
Time:2017-09-22 10:39:06 IP:::1 Route:/index
Time:2017-09-22 10:39:07 IP:::1 Route:/index
Time:2017-09-22 10:39:07 IP:::1 Route:/index
Time:2017-09-22 10:39:07 IP:::1 Route:/index
Time:2017-09-22 10:39:08 IP:::1 Route:/index
Time:2017-09-22 10:39:08 IP:::1 Route:/index
Time:2017-09-22 10:40:06 IP:::1 Route:/index
Time:2017-09-22 10:40:36 IP:::1 Route:/index
Time:2017-09-22 10:41:02 IP:::1 Route:/index
Time:2017-09-22 10:41:18 IP:::1 Route:/index
Time:2017-09-22 10:41:26 IP:::1 Route:/index
Time:2017-09-22 10:41:34 IP:::1 Route:/index
Time:2017-09-22 10:41:39 IP:::1 Route:/index
Time:2017-09-22 10:41:41 IP:::1 Route:/index
Time:2017-09-22 10:41:51 IP:::1 Route:/index
Time:2017-09-22 10:42:02 IP:::1 Route:/index
Time:2017-09-22 10:42:31 IP:::1 Route:/index
Time:2017-09-22 10:42:44 IP:::1 Route:/index
Time:2017-09-22 10:43:12 IP:::1 Route:/index
Time:2017-09-22 10:43:18 IP:::1 Route:/index
Time:2017-09-22 10:43:18 IP:::1 Route:/index
Time:2017-09-22 10:43:19 IP:::1 Route:/index
Time:2017-09-22 10:43:19 IP:::1 Route:/index
Time:2017-09-22 10:43:20 IP:::1 Route:/index
Time:2017-09-22 10:43:20 IP:::1 Route:/index
Time:2017-09-22 10:43:41 IP:::1 Route:/index
Time:2017-09-22 10:46:40 IP:::1 Route:/index
Time:2017-09-22 10:46:41 IP:::1 Route:/index
Time:2017-09-22 10:46:48 IP:::1 Route:/index
Time:2017-09-22 10:47:28 IP:::1 Route:/index
Time:2017-09-22 10:48:05 IP:::1 Route:/index
Time:2017-09-22 10:48:05 IP:::1 Route:/albums_new.html
Time:2017-09-22 10:48:47 IP:::1 Route:/index
Time:2017-09-22 10:49:00 IP:::1 Route:/index
Time:2017-09-22 10:49:00 IP:::1 Route:/Doc/jj.html
Time:2017-09-22 10:49:23 IP:::1 Route:/index
Time:2017-09-22 10:49:23 IP:::1 Route:/Doc/jj.html
Time:2017-09-22 10:49:27 IP:::1 Route:/index
Time:2017-09-22 10:51:53 IP:::1 Route:/index
Time:2017-09-22 10:51:59 IP:::1 Route:/index
Time:2017-09-22 10:53:04 IP:::1 Route:/index
Time:2017-09-22 10:53:06 IP:::1 Route:/index
Time:2017-09-22 10:53:08 IP:::1 Route:/index
Time:2017-09-22 10:53:22 IP:::1 Route:/index
Time:2017-09-22 10:53:39 IP:::1 Route:/index
Time:2017-09-22 10:53:42 IP:::1 Route:/index
Time:2017-09-22 10:54:02 IP:::1 Route:/index
Time:2017-09-22 10:54:12 IP:::1 Route:/index
Time:2017-09-22 10:54:13 IP:::1 Route:/index
Time:2017-09-22 10:54:14 IP:::1 Route:/index
Time:2017-09-22 10:54:15 IP:::1 Route:/index
Time:2017-09-22 10:54:17 IP:::1 Route:/index
Time:2017-09-22 10:55:17 IP:::1 Route:/index
Time:2017-09-22 10:55:20 IP:::1 Route:/index
Time:2017-09-22 10:55:58 IP:::1 Route:/index
Time:2017-09-22 10:56:16 IP:::1 Route:/index
Time:2017-09-22 10:56:42 IP:::1 Route:/index
Time:2017-09-22 10:56:49 IP:::1 Route:/index
Time:2017-09-22 10:56:56 IP:::1 Route:/index
Time:2017-09-22 10:57:08 IP:::1 Route:/index
Time:2017-09-22 10:57:12 IP:::1 Route:/index
Time:2017-09-22 10:57:15 IP:::1 Route:/index
Time:2017-09-22 10:57:23 IP:::1 Route:/index
Time:2017-09-22 11:04:42 IP:::1 Route:/index
