Time:2017-09-19 15:35:52 IP:::1 Route:/index
Time:2017-09-19 15:35:52 IP:::1 Route:/favicon.ico
Time:2017-09-19 15:35:52 IP:::1 Route:/favicon.ico
Time:2017-09-19 15:36:08 IP:::1 Route:/index
Time:2017-09-19 15:36:09 IP:::1 Route:/index_article
Time:2017-09-19 15:36:09 IP:::1 Route:/index_recommend
Time:2017-09-19 15:51:47 IP:::1 Route:/index
Time:2017-09-19 15:51:47 IP:::1 Route:/index_article
Time:2017-09-19 15:51:47 IP:::1 Route:/index_recommend
Time:2017-09-19 15:51:59 IP:::1 Route:/index
Time:2017-09-19 15:52:00 IP:::1 Route:/index_article
Time:2017-09-19 15:52:00 IP:::1 Route:/index_recommend
Time:2017-09-19 15:52:09 IP:::1 Route:/index
Time:2017-09-19 15:58:50 IP:::1 Route:/index
Time:2017-09-19 15:59:29 IP:::1 Route:/index
Time:2017-09-19 15:59:30 IP:::1 Route:/index
Time:2017-09-19 16:04:44 IP:::1 Route:/index
Time:2017-09-19 16:04:45 IP:::1 Route:/12
Time:2017-09-19 16:04:49 IP:::1 Route:/10
Time:2017-09-19 16:04:51 IP:::1 Route:/8
Time:2017-09-19 16:04:59 IP:::1 Route:/index
Time:2017-09-19 16:05:00 IP:::1 Route:/index
Time:2017-09-19 16:05:01 IP:::1 Route:/index
Time:2017-09-19 16:05:01 IP:::1 Route:/index
Time:2017-09-19 16:05:02 IP:::1 Route:/index
Time:2017-09-19 16:05:02 IP:::1 Route:/index
Time:2017-09-19 16:05:03 IP:::1 Route:/index
Time:2017-09-19 16:05:03 IP:::1 Route:/index
Time:2017-09-19 16:05:04 IP:::1 Route:/index
Time:2017-09-19 16:05:04 IP:::1 Route:/index
Time:2017-09-19 16:05:05 IP:::1 Route:/index
Time:2017-09-19 16:05:05 IP:::1 Route:/index
Time:2017-09-19 16:05:06 IP:::1 Route:/index
Time:2017-09-19 16:05:06 IP:::1 Route:/index
Time:2017-09-19 16:05:07 IP:::1 Route:/index
Time:2017-09-19 16:05:07 IP:::1 Route:/index
Time:2017-09-19 16:05:09 IP:::1 Route:/index
Time:2017-09-19 16:05:09 IP:::1 Route:/index
Time:2017-09-19 16:05:10 IP:::1 Route:/index
Time:2017-09-19 16:05:10 IP:::1 Route:/index
Time:2017-09-19 16:05:11 IP:::1 Route:/index
Time:2017-09-19 16:05:11 IP:::1 Route:/index
Time:2017-09-19 16:05:12 IP:::1 Route:/index
Time:2017-09-19 16:05:12 IP:::1 Route:/index
Time:2017-09-19 16:05:12 IP:::1 Route:/index
Time:2017-09-19 16:05:13 IP:::1 Route:/index
Time:2017-09-19 16:05:14 IP:::1 Route:/index
Time:2017-09-19 16:05:14 IP:::1 Route:/index
Time:2017-09-19 16:05:14 IP:::1 Route:/index
Time:2017-09-19 16:05:16 IP:::1 Route:/index
Time:2017-09-19 16:05:16 IP:::1 Route:/index
Time:2017-09-19 16:05:17 IP:::1 Route:/index
Time:2017-09-19 16:05:19 IP:::1 Route:/index
Time:2017-09-19 16:05:20 IP:::1 Route:/index
Time:2017-09-19 16:05:22 IP:::1 Route:/index
Time:2017-09-19 16:05:33 IP:::1 Route:/index
Time:2017-09-19 16:05:33 IP:::1 Route:/index
Time:2017-09-19 16:05:34 IP:::1 Route:/index
Time:2017-09-19 16:06:23 IP:::1 Route:/index
Time:2017-09-19 16:06:24 IP:::1 Route:/index
Time:2017-09-19 16:07:02 IP:::1 Route:/index
Time:2017-09-19 16:07:20 IP:::1 Route:/index
Time:2017-09-19 16:07:29 IP:::1 Route:/index
Time:2017-09-19 16:07:32 IP:::1 Route:/index
Time:2017-09-19 16:07:55 IP:::1 Route:/index
Time:2017-09-19 16:08:09 IP:::1 Route:/index
Time:2017-09-19 16:08:18 IP:::1 Route:/index
Time:2017-09-19 16:08:19 IP:::1 Route:/index
Time:2017-09-19 16:08:19 IP:::1 Route:/index
Time:2017-09-19 16:08:19 IP:::1 Route:/index
Time:2017-09-19 16:08:20 IP:::1 Route:/index
Time:2017-09-19 16:08:20 IP:::1 Route:/index
Time:2017-09-19 16:08:21 IP:::1 Route:/index
Time:2017-09-19 16:08:21 IP:::1 Route:/index
Time:2017-09-19 16:08:21 IP:::1 Route:/index
Time:2017-09-19 16:08:22 IP:::1 Route:/index
Time:2017-09-19 16:08:22 IP:::1 Route:/index
Time:2017-09-19 16:08:23 IP:::1 Route:/index
Time:2017-09-19 16:08:26 IP:::1 Route:/index
Time:2017-09-19 16:08:26 IP:::1 Route:/index
Time:2017-09-19 16:08:26 IP:::1 Route:/index
Time:2017-09-19 16:08:27 IP:::1 Route:/index
Time:2017-09-19 16:08:31 IP:::1 Route:/index
Time:2017-09-19 16:08:36 IP:::1 Route:/index
Time:2017-09-19 16:08:56 IP:::1 Route:/index
Time:2017-09-19 16:08:57 IP:::1 Route:/index
Time:2017-09-19 16:08:57 IP:::1 Route:/index
Time:2017-09-19 16:08:59 IP:::1 Route:/index
Time:2017-09-19 16:08:59 IP:::1 Route:/index
Time:2017-09-19 16:08:59 IP:::1 Route:/index
Time:2017-09-19 16:09:00 IP:::1 Route:/index
Time:2017-09-19 16:09:00 IP:::1 Route:/index
Time:2017-09-19 16:49:45 IP:::1 Route:/index
Time:2017-09-19 16:49:45 IP:::1 Route:/index
Time:2017-09-19 16:49:46 IP:::1 Route:/index
Time:2017-09-19 16:49:46 IP:::1 Route:/index
Time:2017-09-19 16:49:47 IP:::1 Route:/index
Time:2017-09-19 16:49:47 IP:::1 Route:/index
Time:2017-09-19 16:49:48 IP:::1 Route:/index
Time:2017-09-19 16:49:54 IP:::1 Route:/index
Time:2017-09-19 16:49:55 IP:::1 Route:/index
Time:2017-09-19 16:50:01 IP:::1 Route:/index
Time:2017-09-19 16:50:05 IP:::1 Route:/index
Time:2017-09-19 16:50:06 IP:::1 Route:/index
Time:2017-09-19 16:50:06 IP:::1 Route:/index
Time:2017-09-19 16:50:06 IP:::1 Route:/index
Time:2017-09-19 16:53:06 IP:::1 Route:/index
Time:2017-09-19 16:53:16 IP:::1 Route:/index
Time:2017-09-19 16:53:17 IP:::1 Route:/index
Time:2017-09-19 16:53:20 IP:::1 Route:/index
Time:2017-09-19 16:53:21 IP:::1 Route:/index
Time:2017-09-19 16:53:21 IP:::1 Route:/index
Time:2017-09-19 16:53:26 IP:::1 Route:/index
Time:2017-09-19 16:53:26 IP:::1 Route:/index
Time:2017-09-19 16:53:36 IP:::1 Route:/index
Time:2017-09-19 16:53:36 IP:::1 Route:/index
Time:2017-09-19 16:53:46 IP:::1 Route:/index
Time:2017-09-19 16:54:01 IP:::1 Route:/index
Time:2017-09-19 16:54:29 IP:::1 Route:/index
Time:2017-09-19 16:54:30 IP:::1 Route:/index
Time:2017-09-19 16:54:34 IP:::1 Route:/index
Time:2017-09-19 16:54:51 IP:::1 Route:/index
Time:2017-09-19 16:54:57 IP:::1 Route:/index
Time:2017-09-19 16:55:03 IP:::1 Route:/index
Time:2017-09-19 16:55:03 IP:::1 Route:/index
Time:2017-09-19 16:55:04 IP:::1 Route:/index
Time:2017-09-19 16:55:04 IP:::1 Route:/index
Time:2017-09-19 16:55:26 IP:::1 Route:/index
Time:2017-09-19 16:55:35 IP:::1 Route:/index
Time:2017-09-19 16:55:47 IP:::1 Route:/index
Time:2017-09-19 16:55:47 IP:::1 Route:/index
Time:2017-09-19 16:55:47 IP:::1 Route:/index
Time:2017-09-19 16:55:47 IP:::1 Route:/index
Time:2017-09-19 16:55:48 IP:::1 Route:/index
Time:2017-09-19 16:55:48 IP:::1 Route:/index
Time:2017-09-19 16:55:48 IP:::1 Route:/index
Time:2017-09-19 16:55:48 IP:::1 Route:/index
Time:2017-09-19 16:55:49 IP:::1 Route:/index
Time:2017-09-19 16:55:49 IP:::1 Route:/index
Time:2017-09-19 16:55:49 IP:::1 Route:/index
Time:2017-09-19 16:55:49 IP:::1 Route:/index
Time:2017-09-19 16:56:00 IP:::1 Route:/index
Time:2017-09-19 16:56:07 IP:::1 Route:/index
Time:2017-09-19 16:56:09 IP:::1 Route:/index
Time:2017-09-19 16:56:10 IP:::1 Route:/index
Time:2017-09-19 16:56:10 IP:::1 Route:/index
Time:2017-09-19 16:56:10 IP:::1 Route:/index
Time:2017-09-19 16:56:11 IP:::1 Route:/index
Time:2017-09-19 16:56:11 IP:::1 Route:/index
Time:2017-09-19 16:56:11 IP:::1 Route:/index
Time:2017-09-19 16:56:12 IP:::1 Route:/index
Time:2017-09-19 16:56:12 IP:::1 Route:/index
Time:2017-09-19 16:56:13 IP:::1 Route:/index
Time:2017-09-19 16:56:13 IP:::1 Route:/index
Time:2017-09-19 16:56:14 IP:::1 Route:/index
Time:2017-09-19 16:56:14 IP:::1 Route:/index
Time:2017-09-19 16:56:29 IP:::1 Route:/index
Time:2017-09-19 16:56:30 IP:::1 Route:/index
Time:2017-09-19 16:56:32 IP:::1 Route:/index
Time:2017-09-19 16:59:29 IP:::1 Route:/index
Time:2017-09-19 16:59:56 IP:::1 Route:/index
Time:2017-09-19 17:00:12 IP:::1 Route:/index
Time:2017-09-19 17:00:27 IP:::1 Route:/index
Time:2017-09-19 17:00:29 IP:::1 Route:/index
Time:2017-09-19 17:00:30 IP:::1 Route:/index
Time:2017-09-19 17:00:30 IP:::1 Route:/index
Time:2017-09-19 17:00:30 IP:::1 Route:/index
Time:2017-09-19 17:01:35 IP:::1 Route:/index
Time:2017-09-19 17:01:40 IP:::1 Route:/index
Time:2017-09-19 17:01:44 IP:::1 Route:/index
Time:2017-09-19 17:01:57 IP:::1 Route:/index
Time:2017-09-19 17:02:09 IP:::1 Route:/index
Time:2017-09-19 17:02:17 IP:::1 Route:/index
Time:2017-09-19 17:02:20 IP:::1 Route:/index
Time:2017-09-19 17:02:36 IP:::1 Route:/index
Time:2017-09-19 17:02:41 IP:::1 Route:/index
Time:2017-09-19 17:02:45 IP:::1 Route:/index
Time:2017-09-19 17:02:56 IP:::1 Route:/index
Time:2017-09-19 17:03:02 IP:::1 Route:/index
Time:2017-09-19 17:03:06 IP:::1 Route:/index
Time:2017-09-19 17:03:11 IP:::1 Route:/index
Time:2017-09-19 17:03:32 IP:::1 Route:/index
Time:2017-09-19 17:03:35 IP:::1 Route:/index
Time:2017-09-19 17:04:04 IP:::1 Route:/index
Time:2017-09-19 17:04:21 IP:::1 Route:/index
Time:2017-09-19 17:04:22 IP:::1 Route:/index
Time:2017-09-19 17:04:22 IP:::1 Route:/index
Time:2017-09-19 17:04:34 IP:::1 Route:/index
Time:2017-09-19 17:04:41 IP:::1 Route:/index
Time:2017-09-19 17:04:49 IP:::1 Route:/index
Time:2017-09-19 17:05:02 IP:::1 Route:/index
Time:2017-09-19 17:05:16 IP:::1 Route:/index
Time:2017-09-19 17:05:30 IP:::1 Route:/index
Time:2017-09-19 17:05:46 IP:::1 Route:/index
Time:2017-09-19 17:05:47 IP:::1 Route:/index
Time:2017-09-19 17:12:07 IP:::1 Route:/index
Time:2017-09-19 17:12:08 IP:::1 Route:/index
Time:2017-09-19 17:12:08 IP:::1 Route:/index
Time:2017-09-19 17:12:08 IP:::1 Route:/index
Time:2017-09-19 17:12:14 IP:::1 Route:/index
Time:2017-09-19 17:12:14 IP:::1 Route:/index
Time:2017-09-19 17:12:14 IP:::1 Route:/index
Time:2017-09-19 17:12:53 IP:::1 Route:/index
Time:2017-09-19 17:12:58 IP:::1 Route:/index
Time:2017-09-19 17:14:21 IP:::1 Route:/index
Time:2017-09-19 17:14:33 IP:::1 Route:/index
Time:2017-09-19 17:14:55 IP:::1 Route:/index
Time:2017-09-19 17:15:05 IP:::1 Route:/index
Time:2017-09-19 17:15:19 IP:::1 Route:/index
Time:2017-09-19 17:15:55 IP:::1 Route:/index
Time:2017-09-19 17:16:03 IP:::1 Route:/index
Time:2017-09-19 17:16:12 IP:::1 Route:/index
Time:2017-09-19 17:16:38 IP:::1 Route:/index
Time:2017-09-19 17:16:46 IP:::1 Route:/index
Time:2017-09-19 17:16:49 IP:::1 Route:/index
Time:2017-09-19 17:16:52 IP:::1 Route:/index
Time:2017-09-19 17:16:56 IP:::1 Route:/index
Time:2017-09-19 17:18:13 IP:::1 Route:/index
Time:2017-09-19 17:18:17 IP:::1 Route:/index
Time:2017-09-19 17:18:25 IP:::1 Route:/index
Time:2017-09-19 17:19:21 IP:::1 Route:/index
Time:2017-09-19 17:19:21 IP:::1 Route:/index
Time:2017-09-19 17:19:27 IP:::1 Route:/index
Time:2017-09-19 17:19:40 IP:::1 Route:/index
Time:2017-09-19 17:20:15 IP:::1 Route:/index
Time:2017-09-19 17:20:22 IP:::1 Route:/index
Time:2017-09-19 17:20:24 IP:::1 Route:/index
Time:2017-09-19 17:22:23 IP:::1 Route:/index
Time:2017-09-19 17:22:37 IP:::1 Route:/index
Time:2017-09-19 17:23:41 IP:::1 Route:/index
Time:2017-09-19 17:23:53 IP:::1 Route:/index
Time:2017-09-19 17:23:53 IP:::1 Route:/index
Time:2017-09-19 17:23:53 IP:::1 Route:/index
Time:2017-09-19 17:23:54 IP:::1 Route:/index
Time:2017-09-19 17:23:54 IP:::1 Route:/index
Time:2017-09-19 17:24:17 IP:::1 Route:/index
Time:2017-09-19 17:25:01 IP:::1 Route:/index
Time:2017-09-19 17:25:03 IP:::1 Route:/index
Time:2017-09-19 17:25:04 IP:::1 Route:/index
Time:2017-09-19 17:25:26 IP:::1 Route:/index
Time:2017-09-19 17:25:43 IP:::1 Route:/index
Time:2017-09-19 17:26:38 IP:::1 Route:/index
Time:2017-09-19 17:26:48 IP:::1 Route:/index
Time:2017-09-19 17:26:59 IP:::1 Route:/index
Time:2017-09-19 17:27:06 IP:::1 Route:/index
Time:2017-09-19 17:31:31 IP:::1 Route:/index
Time:2017-09-19 17:31:47 IP:::1 Route:/index
Time:2017-09-19 17:31:55 IP:::1 Route:/index
Time:2017-09-19 17:31:56 IP:::1 Route:/index
Time:2017-09-19 17:32:30 IP:::1 Route:/index
Time:2017-09-19 17:35:56 IP:::1 Route:/index
Time:2017-09-19 17:37:05 IP:::1 Route:/index
Time:2017-09-19 17:37:57 IP:::1 Route:/index
Time:2017-09-19 17:37:57 IP:::1 Route:/index
Time:2017-09-19 17:37:57 IP:::1 Route:/index
Time:2017-09-19 17:38:50 IP:::1 Route:/index
Time:2017-09-19 17:38:50 IP:::1 Route:/index
Time:2017-09-19 17:38:51 IP:::1 Route:/index
Time:2017-09-19 17:38:53 IP:::1 Route:/index
Time:2017-09-19 17:40:24 IP:::1 Route:/index
Time:2017-09-19 17:41:02 IP:::1 Route:/index
Time:2017-09-19 17:41:15 IP:::1 Route:/index
Time:2017-09-19 17:41:23 IP:::1 Route:/index
Time:2017-09-19 17:41:36 IP:::1 Route:/index
Time:2017-09-19 17:41:51 IP:::1 Route:/index
Time:2017-09-19 17:42:01 IP:::1 Route:/index
Time:2017-09-19 17:42:20 IP:::1 Route:/index
Time:2017-09-19 17:42:25 IP:::1 Route:/index
Time:2017-09-19 17:42:41 IP:::1 Route:/index
Time:2017-09-19 17:42:47 IP:::1 Route:/index
Time:2017-09-19 17:42:47 IP:::1 Route:/index
Time:2017-09-19 17:42:48 IP:::1 Route:/index
Time:2017-09-19 17:42:56 IP:::1 Route:/index
Time:2017-09-19 17:42:57 IP:::1 Route:/index
Time:2017-09-19 17:43:07 IP:::1 Route:/index
Time:2017-09-19 17:43:29 IP:::1 Route:/index
Time:2017-09-19 17:43:33 IP:::1 Route:/index
Time:2017-09-19 17:43:43 IP:::1 Route:/index
Time:2017-09-19 17:44:02 IP:::1 Route:/index
Time:2017-09-19 17:44:09 IP:::1 Route:/index
Time:2017-09-19 17:44:19 IP:::1 Route:/index
Time:2017-09-19 17:44:22 IP:::1 Route:/index
Time:2017-09-19 17:44:26 IP:::1 Route:/index
Time:2017-09-19 17:44:52 IP:::1 Route:/index
Time:2017-09-19 17:45:12 IP:::1 Route:/index
Time:2017-09-19 17:45:14 IP:::1 Route:/index
Time:2017-09-19 17:45:21 IP:::1 Route:/index
Time:2017-09-19 17:45:26 IP:::1 Route:/index
Time:2017-09-19 17:45:29 IP:::1 Route:/index
Time:2017-09-19 17:45:53 IP:::1 Route:/index
Time:2017-09-19 17:46:04 IP:::1 Route:/index
Time:2017-09-19 17:46:15 IP:::1 Route:/index
Time:2017-09-19 17:46:20 IP:::1 Route:/index
Time:2017-09-19 17:46:26 IP:::1 Route:/index
Time:2017-09-19 17:46:31 IP:::1 Route:/index
Time:2017-09-19 17:46:39 IP:::1 Route:/index
Time:2017-09-19 17:46:44 IP:::1 Route:/index
Time:2017-09-19 17:46:44 IP:::1 Route:/index
Time:2017-09-19 17:46:44 IP:::1 Route:/index
Time:2017-09-19 17:46:44 IP:::1 Route:/index
Time:2017-09-19 17:47:04 IP:::1 Route:/index
Time:2017-09-19 17:47:05 IP:::1 Route:/index
Time:2017-09-19 17:47:07 IP:::1 Route:/index
Time:2017-09-19 17:47:07 IP:::1 Route:/index
Time:2017-09-19 17:47:08 IP:::1 Route:/index
Time:2017-09-19 17:47:50 IP:::1 Route:/index
Time:2017-09-19 17:47:51 IP:::1 Route:/index
Time:2017-09-19 17:47:52 IP:::1 Route:/index
Time:2017-09-19 17:47:53 IP:::1 Route:/index
Time:2017-09-19 17:47:59 IP:::1 Route:/index
Time:2017-09-19 17:47:59 IP:::1 Route:/index
Time:2017-09-19 17:48:23 IP:::1 Route:/index
Time:2017-09-19 17:48:27 IP:::1 Route:/index
Time:2017-09-19 17:48:33 IP:::1 Route:/index
Time:2017-09-19 17:48:58 IP:::1 Route:/index
Time:2017-09-19 17:49:12 IP:::1 Route:/index
Time:2017-09-19 17:49:14 IP:::1 Route:/index
Time:2017-09-19 17:50:54 IP:::1 Route:/index
Time:2017-09-19 17:50:54 IP:::1 Route:/index
Time:2017-09-19 17:50:54 IP:::1 Route:/index
Time:2017-09-19 17:50:58 IP:::1 Route:/index
Time:2017-09-19 17:50:59 IP:::1 Route:/index
Time:2017-09-19 17:51:16 IP:::1 Route:/index
Time:2017-09-19 17:51:17 IP:::1 Route:/index
Time:2017-09-19 17:51:18 IP:::1 Route:/index
Time:2017-09-19 17:51:25 IP:::1 Route:/index
Time:2017-09-19 17:51:32 IP:::1 Route:/index
Time:2017-09-19 17:51:33 IP:::1 Route:/index
Time:2017-09-19 17:51:33 IP:::1 Route:/index
Time:2017-09-19 17:51:35 IP:::1 Route:/index
Time:2017-09-19 17:51:36 IP:::1 Route:/index
Time:2017-09-19 17:51:36 IP:::1 Route:/index
Time:2017-09-19 17:57:08 IP:::1 Route:/index
Time:2017-09-19 17:57:11 IP:::1 Route:/index
Time:2017-09-19 17:57:15 IP:::1 Route:/index
Time:2017-09-19 17:57:15 IP:::1 Route:/index
Time:2017-09-19 17:57:18 IP:::1 Route:/index
Time:2017-09-19 17:57:20 IP:::1 Route:/index
Time:2017-09-19 17:57:22 IP:::1 Route:/index
Time:2017-09-19 17:57:22 IP:::1 Route:/index
Time:2017-09-19 17:57:23 IP:::1 Route:/index
Time:2017-09-19 17:57:24 IP:::1 Route:/index
Time:2017-09-19 17:57:42 IP:::1 Route:/index
Time:2017-09-19 17:58:04 IP:::1 Route:/index
Time:2017-09-19 17:58:08 IP:::1 Route:/index
Time:2017-09-19 17:58:08 IP:::1 Route:/index
Time:2017-09-19 17:58:09 IP:::1 Route:/index
Time:2017-09-19 17:59:02 IP:::1 Route:/index
Time:2017-09-19 17:59:03 IP:::1 Route:/index
Time:2017-09-19 17:59:14 IP:::1 Route:/index
Time:2017-09-19 17:59:28 IP:::1 Route:/index
Time:2017-09-19 17:59:36 IP:::1 Route:/index
Time:2017-09-19 17:59:50 IP:::1 Route:/index
Time:2017-09-19 17:59:57 IP:::1 Route:/index
Time:2017-09-19 17:59:58 IP:::1 Route:/index
Time:2017-09-19 17:59:58 IP:::1 Route:/index
Time:2017-09-19 18:00:15 IP:::1 Route:/index
Time:2017-09-19 18:00:18 IP:::1 Route:/index
Time:2017-09-19 18:00:18 IP:::1 Route:/index
Time:2017-09-19 18:00:19 IP:::1 Route:/index
Time:2017-09-19 18:00:20 IP:::1 Route:/index
Time:2017-09-19 18:00:22 IP:::1 Route:/index
