未知错误类型:编号[8]Undefined index: QUERY_STRING位置文件/Applications/MAMP/htdocs/FunnyPHP/Framework/bootstrap.php,第75行
未知错误类型:编号[8]Undefined index: REQUEST_URI位置文件/Applications/MAMP/htdocs/FunnyPHP/Framework/bootstrap.php,第75行
未知错误类型:编号[8]Undefined index: /Applications/MAMP/htdocs/FunnyPHP/Public/位置文件/Applications/MAMP/htdocs/FunnyPHP/Framework/Application.php,第23行
未知错误类型:编号[8]Undefined index: /Applications/MAMP/htdocs/FunnyPHP/Public/位置文件/Applications/MAMP/htdocs/FunnyPHP/Framework/Application.php,第24行
未知错误类型:编号[8]Undefined index: QUERY_STRING位置文件/Applications/MAMP/htdocs/FunnyPHP/Framework/bootstrap.php,第75行
未知错误类型:编号[8]Undefined index: REQUEST_URI位置文件/Applications/MAMP/htdocs/FunnyPHP/Framework/bootstrap.php,第75行
未知错误类型:编号[8]Undefined index: /Applications/MAMP/htdocs/FunnyPHP/Public/位置文件/Applications/MAMP/htdocs/FunnyPHP/Framework/Application.php,第23行
未知错误类型:编号[8]Undefined index: /Applications/MAMP/htdocs/FunnyPHP/Public/位置文件/Applications/MAMP/htdocs/FunnyPHP/Framework/Application.php,第24行
未知错误类型:编号[8]Undefined index: QUERY_STRING位置文件/Applications/MAMP/htdocs/FunnyPHP/Framework/bootstrap.php,第75行
未知错误类型:编号[8]Undefined index: REQUEST_URI位置文件/Applications/MAMP/htdocs/FunnyPHP/Framework/bootstrap.php,第75行
未知错误类型:编号[8]Undefined index: QUERY_STRING位置文件/Applications/MAMP/htdocs/FunnyPHP/Framework/bootstrap.php,第75行
未知错误类型:编号[8]Undefined index: REQUEST_URI位置文件/Applications/MAMP/htdocs/FunnyPHP/Framework/bootstrap.php,第75行
未知错误类型:编号[8]Undefined index: /Applications/MAMP/htdocs/FunnyPHP/Public/index位置文件/Applications/MAMP/htdocs/FunnyPHP/Framework/Application.php,第22行
未知错误类型:编号[8]Undefined index: /Applications/MAMP/htdocs/FunnyPHP/Public/index位置文件/Applications/MAMP/htdocs/FunnyPHP/Framework/Application.php,第23行
未知错误类型:编号[8]Undefined index: QUERY_STRING位置文件/Applications/MAMP/htdocs/FunnyPHP/Framework/bootstrap.php,第75行
未知错误类型:编号[8]Undefined index: REQUEST_URI位置文件/Applications/MAMP/htdocs/FunnyPHP/Framework/bootstrap.php,第75行
未知错误类型:编号[8]Undefined index: /Applications/MAMP/htdocs/FunnyPHP/Public/index位置文件/Applications/MAMP/htdocs/FunnyPHP/Framework/Application.php,第22行
未知错误类型:编号[8]Undefined index: QUERY_STRING位置文件/Applications/MAMP/htdocs/FunnyPHP/Framework/bootstrap.php,第75行
未知错误类型:编号[8]Undefined index: REQUEST_URI位置文件/Applications/MAMP/htdocs/FunnyPHP/Framework/bootstrap.php,第75行
未知错误类型:编号[8]Undefined index: /Applications/MAMP/htdocs/FunnyPHP/Public/index位置文件/Applications/MAMP/htdocs/FunnyPHP/Framework/Application.php,第22行
未知错误类型:编号[8]Undefined variable: list位置文件/Applications/MAMP/htdocs/FunnyPHP/App/Front/cache/112526675145641f472d24b2ece3cbdaafa8b09b.php,第130行
未知错误类型:编号[2]Invalid argument supplied for foreach()位置文件/Applications/MAMP/htdocs/FunnyPHP/App/Front/cache/112526675145641f472d24b2ece3cbdaafa8b09b.php,第130行
未知错误类型:编号[8]Undefined variable: list位置文件/Applications/MAMP/htdocs/FunnyPHP/App/Front/cache/112526675145641f472d24b2ece3cbdaafa8b09b.php,第130行
未知错误类型:编号[2]Invalid argument supplied for foreach()位置文件/Applications/MAMP/htdocs/FunnyPHP/App/Front/cache/112526675145641f472d24b2ece3cbdaafa8b09b.php,第130行
未知错误类型:编号[8]Undefined variable: list位置文件/Applications/MAMP/htdocs/FunnyPHP/App/Front/cache/112526675145641f472d24b2ece3cbdaafa8b09b.php,第130行
未知错误类型:编号[2]Invalid argument supplied for foreach()位置文件/Applications/MAMP/htdocs/FunnyPHP/App/Front/cache/112526675145641f472d24b2ece3cbdaafa8b09b.php,第130行
未知错误类型:编号[8]Undefined index: QUERY_STRING位置文件/Applications/MAMP/htdocs/FunnyPHP/Framework/bootstrap.php,第75行
未知错误类型:编号[8]Undefined index: REQUEST_URI位置文件/Applications/MAMP/htdocs/FunnyPHP/Framework/bootstrap.php,第75行
未知错误类型:编号[8]Undefined index: /Applications/MAMP/htdocs/FunnyPHP/Public/index位置文件/Applications/MAMP/htdocs/FunnyPHP/Framework/Application.php,第22行
未知错误类型:编号[8]Undefined index: QUERY_STRING位置文件/Applications/MAMP/htdocs/FunnyPHP/Framework/bootstrap.php,第75行
未知错误类型:编号[8]Undefined index: REQUEST_URI位置文件/Applications/MAMP/htdocs/FunnyPHP/Framework/bootstrap.php,第75行
未知错误类型:编号[8]Undefined index: QUERY_STRING位置文件/Applications/MAMP/htdocs/FunnyPHP/Framework/bootstrap.php,第75行
未知错误类型:编号[8]Undefined index: REQUEST_URI位置文件/Applications/MAMP/htdocs/FunnyPHP/Framework/bootstrap.php,第75行
未知错误类型:编号[8]Undefined index: QUERY_STRING位置文件/Applications/MAMP/htdocs/FunnyPHP/Framework/bootstrap.php,第75行
未知错误类型:编号[8]Undefined index: REQUEST_URI位置文件/Applications/MAMP/htdocs/FunnyPHP/Framework/bootstrap.php,第75行
未知错误类型:编号[8]Undefined index: /Applications/MAMP/htdocs/FunnyPHP/Public/index位置文件/Applications/MAMP/htdocs/FunnyPHP/Framework/Application.php,第22行
