未知错误类型:编号[2]file_put_contents(../Log/Access/20171116.log): failed to open stream: No such file or directory位置文件/Applications/MAMP/htdocs/FunnyPHP/Framework/bootstrap.php,第81行
未知错误类型:编号[8]Undefined index: return位置文件/Applications/MAMP/htdocs/FunnyPHP/Framework/Application.php,第28行
未知错误类型:编号[8]Undefined variable: list位置文件/Applications/MAMP/htdocs/FunnyPHP/App/Front/cache/112526675145641f472d24b2ece3cbdaafa8b09b.php,第130行
未知错误类型:编号[2]Invalid argument supplied for foreach()位置文件/Applications/MAMP/htdocs/FunnyPHP/App/Front/cache/112526675145641f472d24b2ece3cbdaafa8b09b.php,第130行
未知错误类型:编号[2]file_put_contents(../Log/Access/20171116.log): failed to open stream: No such file or directory位置文件/Applications/MAMP/htdocs/FunnyPHP/Framework/bootstrap.php,第81行
未知错误类型:编号[2]file_put_contents(../log/access/20171116.log): failed to open stream: No such file or directory位置文件/Applications/MAMP/htdocs/FunnyPHP/Framework/bootstrap.php,第81行
未知错误类型:编号[8]Undefined index: return位置文件/Applications/MAMP/htdocs/FunnyPHP/Framework/Application.php,第28行
未知错误类型:编号[8]Undefined variable: list位置文件/Applications/MAMP/htdocs/FunnyPHP/App/Front/cache/112526675145641f472d24b2ece3cbdaafa8b09b.php,第130行
未知错误类型:编号[2]Invalid argument supplied for foreach()位置文件/Applications/MAMP/htdocs/FunnyPHP/App/Front/cache/112526675145641f472d24b2ece3cbdaafa8b09b.php,第130行
未知错误类型:编号[8]Use of undefined constant S - assumed 'S'位置文件/Applications/MAMP/htdocs/FunnyPHP/Framework/bootstrap.php,第85行
未知错误类型:编号[2]Illegal string offset 'accessLog'位置文件/Applications/MAMP/htdocs/FunnyPHP/Framework/bootstrap.php,第85行
未知错误类型:编号[2]file_put_contents(../log/access/20171116.log): failed to open stream: No such file or directory位置文件/Applications/MAMP/htdocs/FunnyPHP/Framework/bootstrap.php,第85行
未知错误类型:编号[8]Use of undefined constant R - assumed 'R'位置文件/Applications/MAMP/htdocs/FunnyPHP/Framework/bootstrap.php,第88行
未知错误类型:编号[8]Use of undefined constant S - assumed 'S'位置文件/Applications/MAMP/htdocs/FunnyPHP/Framework/bootstrap.php,第85行
未知错误类型:编号[2]Illegal string offset 'accessLog'位置文件/Applications/MAMP/htdocs/FunnyPHP/Framework/bootstrap.php,第85行
未知错误类型:编号[2]file_put_contents(../log/access/20171116.log): failed to open stream: No such file or directory位置文件/Applications/MAMP/htdocs/FunnyPHP/Framework/bootstrap.php,第85行
未知错误类型:编号[8]Use of undefined constant R - assumed 'R'位置文件/Applications/MAMP/htdocs/FunnyPHP/Framework/bootstrap.php,第88行
未知错误类型:编号[8]Use of undefined constant S - assumed 'S'位置文件/Applications/MAMP/htdocs/FunnyPHP/Framework/bootstrap.php,第85行
未知错误类型:编号[2]Illegal string offset 'accessLog'位置文件/Applications/MAMP/htdocs/FunnyPHP/Framework/bootstrap.php,第85行
未知错误类型:编号[2]file_put_contents(../log/access/20171116.log): failed to open stream: No such file or directory位置文件/Applications/MAMP/htdocs/FunnyPHP/Framework/bootstrap.php,第85行
未知错误类型:编号[8]Use of undefined constant R - assumed 'R'位置文件/Applications/MAMP/htdocs/FunnyPHP/Framework/bootstrap.php,第88行
未知错误类型:编号[8]Use of undefined constant S - assumed 'S'位置文件/Applications/MAMP/htdocs/FunnyPHP/Framework/bootstrap.php,第85行
未知错误类型:编号[2]Illegal string offset 'accessLog'位置文件/Applications/MAMP/htdocs/FunnyPHP/Framework/bootstrap.php,第85行
未知错误类型:编号[2]file_put_contents(../log/access/20171116.log): failed to open stream: No such file or directory位置文件/Applications/MAMP/htdocs/FunnyPHP/Framework/bootstrap.php,第85行
未知错误类型:编号[8]Use of undefined constant R - assumed 'R'位置文件/Applications/MAMP/htdocs/FunnyPHP/Framework/bootstrap.php,第88行
未知错误类型:编号[8]Use of undefined constant S - assumed 'S'位置文件/Applications/MAMP/htdocs/FunnyPHP/Framework/bootstrap.php,第85行
未知错误类型:编号[2]Illegal string offset 'accessLog'位置文件/Applications/MAMP/htdocs/FunnyPHP/Framework/bootstrap.php,第85行
未知错误类型:编号[2]file_put_contents(../log/access/20171116.log): failed to open stream: No such file or directory位置文件/Applications/MAMP/htdocs/FunnyPHP/Framework/bootstrap.php,第85行
未知错误类型:编号[8]Use of undefined constant R - assumed 'R'位置文件/Applications/MAMP/htdocs/FunnyPHP/Framework/bootstrap.php,第88行
未知错误类型:编号[8]Use of undefined constant S - assumed 'S'位置文件/Applications/MAMP/htdocs/FunnyPHP/Framework/bootstrap.php,第85行
未知错误类型:编号[2]Illegal string offset 'accessLog'位置文件/Applications/MAMP/htdocs/FunnyPHP/Framework/bootstrap.php,第85行
未知错误类型:编号[2]file_put_contents(../log/access/20171116.log): failed to open stream: No such file or directory位置文件/Applications/MAMP/htdocs/FunnyPHP/Framework/bootstrap.php,第85行
未知错误类型:编号[8]Use of undefined constant R - assumed 'R'位置文件/Applications/MAMP/htdocs/FunnyPHP/Framework/bootstrap.php,第88行
未知错误类型:编号[8]Use of undefined constant S - assumed 'S'位置文件/Applications/MAMP/htdocs/FunnyPHP/Framework/bootstrap.php,第85行
未知错误类型:编号[2]Illegal string offset 'accessLog'位置文件/Applications/MAMP/htdocs/FunnyPHP/Framework/bootstrap.php,第85行
未知错误类型:编号[2]file_put_contents(../log/access/20171116.log): failed to open stream: No such file or directory位置文件/Applications/MAMP/htdocs/FunnyPHP/Framework/bootstrap.php,第85行
未知错误类型:编号[8]Use of undefined constant R - assumed 'R'位置文件/Applications/MAMP/htdocs/FunnyPHP/Framework/bootstrap.php,第88行
未知错误类型:编号[8]Use of undefined constant S - assumed 'S'位置文件/Applications/MAMP/htdocs/FunnyPHP/Framework/bootstrap.php,第85行
未知错误类型:编号[2]Illegal string offset 'accessLog'位置文件/Applications/MAMP/htdocs/FunnyPHP/Framework/bootstrap.php,第85行
未知错误类型:编号[2]file_put_contents(../log/access/20171116.log): failed to open stream: No such file or directory位置文件/Applications/MAMP/htdocs/FunnyPHP/Framework/bootstrap.php,第85行
未知错误类型:编号[8]Use of undefined constant R - assumed 'R'位置文件/Applications/MAMP/htdocs/FunnyPHP/Framework/bootstrap.php,第88行
