未知错误类型:编号[2]Division by zero位置文件/Applications/MAMP/htdocs/FunnyPHP/Framework/Application.php,第35行
未知错误类型:编号[2]Division by zero位置文件/Applications/MAMP/htdocs/FunnyPHP/Framework/Application.php,第35行
未知错误类型:编号[8]Undefined variable: b0位置文件/Applications/MAMP/htdocs/FunnyPHP/Framework/Application.php,第35行
未知错误类型:编号[2]Division by zero位置文件/Applications/MAMP/htdocs/FunnyPHP/Framework/Application.php,第35行
未知错误类型:编号[8]Undefined variable: b0位置文件/Applications/MAMP/htdocs/FunnyPHP/Framework/Application.php,第35行
未知错误类型:编号[2]Division by zero位置文件/Applications/MAMP/htdocs/FunnyPHP/Framework/Application.php,第35行
未知错误类型:编号[8]Undefined variable: b0位置文件/Applications/MAMP/htdocs/FunnyPHP/Framework/Application.php,第35行
未知错误类型:编号[2]Division by zero位置文件/Applications/MAMP/htdocs/FunnyPHP/Framework/Application.php,第35行
未知错误类型:编号[8]Undefined variable: b0位置文件/Applications/MAMP/htdocs/FunnyPHP/Framework/Application.php,第35行
未知错误类型:编号[2]Division by zero位置文件/Applications/MAMP/htdocs/FunnyPHP/Framework/Application.php,第35行
未知错误类型:编号[8]Undefined variable: b0位置文件/Applications/MAMP/htdocs/FunnyPHP/Framework/Application.php,第35行
未知错误类型:编号[2]Division by zero位置文件/Applications/MAMP/htdocs/FunnyPHP/Framework/Application.php,第35行
未知错误类型:编号[2]include_once(../Framework/asd.php): failed to open stream: No such file or directory位置文件/Applications/MAMP/htdocs/FunnyPHP/Framework/bootstrap.php,第42行
未知错误类型:编号[2]include_once(): Failed opening '../Framework/asd.php' for inclusion (include_path='.:/Applications/MAMP/bin/php/php7.0.8/lib/php')位置文件/Applications/MAMP/htdocs/FunnyPHP/Framework/bootstrap.php,第42行
未知错误类型:编号[2]include_once(../Framework/asd.php): failed to open stream: No such file or directory位置文件/Applications/MAMP/htdocs/FunnyPHP/Framework/bootstrap.php,第42行
未知错误类型:编号[2]include_once(): Failed opening '../Framework/asd.php' for inclusion (include_path='.:/Applications/MAMP/bin/php/php7.0.8/lib/php')位置文件/Applications/MAMP/htdocs/FunnyPHP/Framework/bootstrap.php,第42行
未知错误类型:编号[2]include_once(../Framework/asd.php): failed to open stream: No such file or directory位置文件/Applications/MAMP/htdocs/FunnyPHP/Framework/bootstrap.php,第42行
未知错误类型:编号[2]include_once(): Failed opening '../Framework/asd.php' for inclusion (include_path='.:/Applications/MAMP/bin/php/php7.0.8/lib/php')位置文件/Applications/MAMP/htdocs/FunnyPHP/Framework/bootstrap.php,第42行
未知错误类型:编号[2]include_once(../Framework/asd.php): failed to open stream: No such file or directory位置文件/Applications/MAMP/htdocs/FunnyPHP/Framework/bootstrap.php,第42行
未知错误类型:编号[2]include_once(): Failed opening '../Framework/asd.php' for inclusion (include_path='.:/Applications/MAMP/bin/php/php7.0.8/lib/php')位置文件/Applications/MAMP/htdocs/FunnyPHP/Framework/bootstrap.php,第42行
未知错误类型:编号[2]include_once(../Framework/asd.php): failed to open stream: No such file or directory位置文件/Applications/MAMP/htdocs/FunnyPHP/Framework/bootstrap.php,第42行
未知错误类型:编号[2]include_once(): Failed opening '../Framework/asd.php' for inclusion (include_path='.:/Applications/MAMP/bin/php/php7.0.8/lib/php')位置文件/Applications/MAMP/htdocs/FunnyPHP/Framework/bootstrap.php,第42行
未知错误类型:编号[2]include_once(../Framework/asd.php): failed to open stream: No such file or directory位置文件/Applications/MAMP/htdocs/FunnyPHP/Framework/bootstrap.php,第42行
未知错误类型:编号[2]include_once(): Failed opening '../Framework/asd.php' for inclusion (include_path='.:/Applications/MAMP/bin/php/php7.0.8/lib/php')位置文件/Applications/MAMP/htdocs/FunnyPHP/Framework/bootstrap.php,第42行
未知错误类型:编号[2]include_once(../Framework/TestException.php): failed to open stream: No such file or directory位置文件/Applications/MAMP/htdocs/FunnyPHP/Framework/bootstrap.php,第42行
未知错误类型:编号[2]include_once(): Failed opening '../Framework/TestException.php' for inclusion (include_path='.:/Applications/MAMP/bin/php/php7.0.8/lib/php')位置文件/Applications/MAMP/htdocs/FunnyPHP/Framework/bootstrap.php,第42行
未知错误类型:编号[2]include_once(../Framework/TestException.php): failed to open stream: No such file or directory位置文件/Applications/MAMP/htdocs/FunnyPHP/Framework/bootstrap.php,第42行
未知错误类型:编号[2]include_once(): Failed opening '../Framework/TestException.php' for inclusion (include_path='.:/Applications/MAMP/bin/php/php7.0.8/lib/php')位置文件/Applications/MAMP/htdocs/FunnyPHP/Framework/bootstrap.php,第42行
未知错误类型:编号[2]include_once(../Framework/TestException.php): failed to open stream: No such file or directory位置文件/Applications/MAMP/htdocs/FunnyPHP/Framework/bootstrap.php,第42行
未知错误类型:编号[2]include_once(): Failed opening '../Framework/TestException.php' for inclusion (include_path='.:/Applications/MAMP/bin/php/php7.0.8/lib/php')位置文件/Applications/MAMP/htdocs/FunnyPHP/Framework/bootstrap.php,第42行
未知错误类型:编号[8]Undefined variable: a位置文件/Applications/MAMP/htdocs/FunnyPHP/Framework/Application.php,第35行
未知错误类型:编号[8]Undefined variable: c位置文件/Applications/MAMP/htdocs/FunnyPHP/Framework/Application.php,第35行
未知错误类型:编号[2]Division by zero位置文件/Applications/MAMP/htdocs/FunnyPHP/Framework/Application.php,第35行
未知错误类型:编号[8]Undefined variable: a位置文件/Applications/MAMP/htdocs/FunnyPHP/Framework/Application.php,第35行
未知错误类型:编号[8]Undefined variable: c位置文件/Applications/MAMP/htdocs/FunnyPHP/Framework/Application.php,第35行
未知错误类型:编号[2]Division by zero位置文件/Applications/MAMP/htdocs/FunnyPHP/Framework/Application.php,第35行
未知错误类型:编号[8]Undefined variable: a位置文件/Applications/MAMP/htdocs/FunnyPHP/Framework/Application.php,第35行
未知错误类型:编号[8]Undefined variable: c位置文件/Applications/MAMP/htdocs/FunnyPHP/Framework/Application.php,第35行
未知错误类型:编号[2]Division by zero位置文件/Applications/MAMP/htdocs/FunnyPHP/Framework/Application.php,第35行
未知错误类型:编号[2]Framework\Drive\Exception::__toString() must return a string位置文件Unknown,第0行
未知错误类型:编号[2]Framework\Drive\Exception::__toString() must return a string位置文件Unknown,第0行
未知错误类型:编号[2]Framework\Drive\Exception::__toString() must return a string位置文件Unknown,第0行
未知错误类型:编号[8]Undefined variable: b位置文件/Applications/MAMP/htdocs/FunnyPHP/Framework/Application.php,第36行
未知错误类型:编号[8]Undefined variable: c位置文件/Applications/MAMP/htdocs/FunnyPHP/Framework/Application.php,第36行
未知错误类型:编号[2]Division by zero位置文件/Applications/MAMP/htdocs/FunnyPHP/Framework/Application.php,第36行
未知错误类型:编号[8]Undefined variable: b位置文件/Applications/MAMP/htdocs/FunnyPHP/Framework/Application.php,第36行
未知错误类型:编号[8]Undefined variable: c位置文件/Applications/MAMP/htdocs/FunnyPHP/Framework/Application.php,第36行
未知错误类型:编号[2]Division by zero位置文件/Applications/MAMP/htdocs/FunnyPHP/Framework/Application.php,第36行
未知错误类型:编号[8]Undefined variable: b位置文件/Applications/MAMP/htdocs/FunnyPHP/Framework/Application.php,第36行
未知错误类型:编号[8]Undefined variable: c位置文件/Applications/MAMP/htdocs/FunnyPHP/Framework/Application.php,第36行
未知错误类型:编号[2]Division by zero位置文件/Applications/MAMP/htdocs/FunnyPHP/Framework/Application.php,第36行
未知错误类型:编号[8]Undefined variable: b位置文件/Applications/MAMP/htdocs/FunnyPHP/Framework/Application.php,第36行
未知错误类型:编号[8]Undefined variable: c位置文件/Applications/MAMP/htdocs/FunnyPHP/Framework/Application.php,第36行
未知错误类型:编号[2]Division by zero位置文件/Applications/MAMP/htdocs/FunnyPHP/Framework/Application.php,第36行
未知错误类型:编号[8]Undefined variable: b位置文件/Applications/MAMP/htdocs/FunnyPHP/Framework/Application.php,第36行
未知错误类型:编号[8]Undefined variable: c位置文件/Applications/MAMP/htdocs/FunnyPHP/Framework/Application.php,第36行
未知错误类型:编号[2]Division by zero位置文件/Applications/MAMP/htdocs/FunnyPHP/Framework/Application.php,第36行
未知错误类型:编号[8]Undefined variable: b位置文件/Applications/MAMP/htdocs/FunnyPHP/Framework/Application.php,第36行
未知错误类型:编号[8]Undefined variable: c位置文件/Applications/MAMP/htdocs/FunnyPHP/Framework/Application.php,第36行
未知错误类型:编号[2]Division by zero位置文件/Applications/MAMP/htdocs/FunnyPHP/Framework/Application.php,第36行
未知错误类型:编号[8]Undefined variable: b位置文件/Applications/MAMP/htdocs/FunnyPHP/Framework/Application.php,第36行
未知错误类型:编号[8]Undefined variable: c位置文件/Applications/MAMP/htdocs/FunnyPHP/Framework/Application.php,第36行
未知错误类型:编号[2]Division by zero位置文件/Applications/MAMP/htdocs/FunnyPHP/Framework/Application.php,第36行
未知错误类型:编号[2]Division by zero位置文件/Applications/MAMP/htdocs/FunnyPHP/Framework/Application.php,第37行
未知错误类型:编号[2]Division by zero位置文件/Applications/MAMP/htdocs/FunnyPHP/Framework/Application.php,第37行
未知错误类型:编号[2]Division by zero位置文件/Applications/MAMP/htdocs/FunnyPHP/Framework/Application.php,第37行
未知错误类型:编号[2]Division by zero位置文件/Applications/MAMP/htdocs/FunnyPHP/Framework/Application.php,第37行
未知错误类型:编号[2]Division by zero位置文件/Applications/MAMP/htdocs/FunnyPHP/Framework/Application.php,第37行
未知错误类型:编号[2]Division by zero位置文件/Applications/MAMP/htdocs/FunnyPHP/Framework/Application.php,第37行
未知错误类型:编号[2]Division by zero位置文件/Applications/MAMP/htdocs/FunnyPHP/Framework/Application.php,第37行
未知错误类型:编号[2]Division by zero位置文件/Applications/MAMP/htdocs/FunnyPHP/Framework/Application.php,第37行
未知错误类型:编号[2]Division by zero位置文件/Applications/MAMP/htdocs/FunnyPHP/Framework/Application.php,第37行
未知错误类型:编号[2]Division by zero位置文件/Applications/MAMP/htdocs/FunnyPHP/Framework/Application.php,第37行
未知错误类型:编号[2]Division by zero位置文件/Applications/MAMP/htdocs/FunnyPHP/Framework/Application.php,第37行
未知错误类型:编号[2]Division by zero位置文件/Applications/MAMP/htdocs/FunnyPHP/Framework/Application.php,第37行
未知错误类型:编号[2]Division by zero位置文件/Applications/MAMP/htdocs/FunnyPHP/Framework/Application.php,第37行
未知错误类型:编号[2]Division by zero位置文件/Applications/MAMP/htdocs/FunnyPHP/Framework/Application.php,第37行
未知错误类型:编号[2]Division by zero位置文件/Applications/MAMP/htdocs/FunnyPHP/Framework/Application.php,第37行
未知错误类型:编号[2]Division by zero位置文件/Applications/MAMP/htdocs/FunnyPHP/Framework/Application.php,第37行
未知错误类型:编号[2]Division by zero位置文件/Applications/MAMP/htdocs/FunnyPHP/Framework/Application.php,第37行
未知错误类型:编号[2]Division by zero位置文件/Applications/MAMP/htdocs/FunnyPHP/Framework/Application.php,第37行
未知错误类型:编号[2]Division by zero位置文件/Applications/MAMP/htdocs/FunnyPHP/Framework/Application.php,第37行
未知错误类型:编号[2]Division by zero位置文件/Applications/MAMP/htdocs/FunnyPHP/Framework/Application.php,第37行
未知错误类型:编号[2]Division by zero位置文件/Applications/MAMP/htdocs/FunnyPHP/Framework/Application.php,第37行
未知错误类型:编号[2]Division by zero位置文件/Applications/MAMP/htdocs/FunnyPHP/Framework/Application.php,第37行
未知错误类型:编号[2]Division by zero位置文件/Applications/MAMP/htdocs/FunnyPHP/Framework/Application.php,第37行
