未知错误类型:编号[8]Undefined index: return位置文件/Applications/MAMP/htdocs/FunnyPHP/Framework/Application.php,第26行
未知错误类型:编号[8]Undefined index: return位置文件/Applications/MAMP/htdocs/FunnyPHP/Framework/Application.php,第26行
未知错误类型:编号[8]Undefined index: id位置文件/Applications/MAMP/htdocs/FunnyPHP/App/Action/IndexAction.php,第67行
未知错误类型:编号[8]Undefined index: page_no位置文件/Applications/MAMP/htdocs/FunnyPHP/App/Action/IndexAction.php,第68行
未知错误类型:编号[8]Undefined index: page_size位置文件/Applications/MAMP/htdocs/FunnyPHP/App/Action/IndexAction.php,第69行
未知错误类型:编号[8]Undefined index: return位置文件/Applications/MAMP/htdocs/FunnyPHP/Framework/Application.php,第26行
未知错误类型:编号[8]Undefined index: id位置文件/Applications/MAMP/htdocs/FunnyPHP/App/Action/IndexAction.php,第67行
未知错误类型:编号[8]Undefined index: page_no位置文件/Applications/MAMP/htdocs/FunnyPHP/App/Action/IndexAction.php,第68行
未知错误类型:编号[8]Undefined index: page_size位置文件/Applications/MAMP/htdocs/FunnyPHP/App/Action/IndexAction.php,第69行
未知错误类型:编号[8]Undefined index: return位置文件/Applications/MAMP/htdocs/FunnyPHP/Framework/Application.php,第26行
未知错误类型:编号[8]Undefined index: id位置文件/Applications/MAMP/htdocs/FunnyPHP/App/Action/IndexAction.php,第67行
未知错误类型:编号[8]Undefined index: page_no位置文件/Applications/MAMP/htdocs/FunnyPHP/App/Action/IndexAction.php,第68行
未知错误类型:编号[8]Undefined index: page_size位置文件/Applications/MAMP/htdocs/FunnyPHP/App/Action/IndexAction.php,第69行
未知错误类型:编号[8]Undefined index: return位置文件/Applications/MAMP/htdocs/FunnyPHP/Framework/Application.php,第26行
未知错误类型:编号[8]Undefined index: id位置文件/Applications/MAMP/htdocs/FunnyPHP/App/Action/IndexAction.php,第65行
未知错误类型:编号[8]Undefined index: page_no位置文件/Applications/MAMP/htdocs/FunnyPHP/App/Action/IndexAction.php,第66行
未知错误类型:编号[8]Undefined index: page_size位置文件/Applications/MAMP/htdocs/FunnyPHP/App/Action/IndexAction.php,第67行
未知错误类型:编号[2]include_once(../DB.php): failed to open stream: No such file or directory位置文件/Applications/MAMP/htdocs/FunnyPHP/Framework/bootstrap.php,第47行
未知错误类型:编号[2]include_once(): Failed opening '../DB.php' for inclusion (include_path='.:/Applications/MAMP/bin/php/php7.0.8/lib/php')位置文件/Applications/MAMP/htdocs/FunnyPHP/Framework/bootstrap.php,第47行
未知错误类型:编号[8]Undefined index: return位置文件/Applications/MAMP/htdocs/FunnyPHP/Framework/Application.php,第26行
未知错误类型:编号[8]Undefined index: id位置文件/Applications/MAMP/htdocs/FunnyPHP/App/Action/IndexAction.php,第66行
未知错误类型:编号[8]Undefined index: page_no位置文件/Applications/MAMP/htdocs/FunnyPHP/App/Action/IndexAction.php,第67行
未知错误类型:编号[8]Undefined index: page_size位置文件/Applications/MAMP/htdocs/FunnyPHP/App/Action/IndexAction.php,第68行
未知错误类型:编号[8]Undefined index: return位置文件/Applications/MAMP/htdocs/FunnyPHP/Framework/Application.php,第26行
未知错误类型:编号[8]Undefined index: id位置文件/Applications/MAMP/htdocs/FunnyPHP/App/Action/IndexAction.php,第66行
未知错误类型:编号[8]Undefined index: page_no位置文件/Applications/MAMP/htdocs/FunnyPHP/App/Action/IndexAction.php,第67行
未知错误类型:编号[8]Undefined index: page_size位置文件/Applications/MAMP/htdocs/FunnyPHP/App/Action/IndexAction.php,第68行
未知错误类型:编号[8]Undefined index: return位置文件/Applications/MAMP/htdocs/FunnyPHP/Framework/Application.php,第26行
未知错误类型:编号[8]Undefined index: id位置文件/Applications/MAMP/htdocs/FunnyPHP/App/Action/IndexAction.php,第66行
未知错误类型:编号[8]Undefined index: page_no位置文件/Applications/MAMP/htdocs/FunnyPHP/App/Action/IndexAction.php,第67行
未知错误类型:编号[8]Undefined index: page_size位置文件/Applications/MAMP/htdocs/FunnyPHP/App/Action/IndexAction.php,第68行
未知错误类型:编号[8]Undefined index: return位置文件/Applications/MAMP/htdocs/FunnyPHP/Framework/Application.php,第26行
未知错误类型:编号[8]Undefined index: id位置文件/Applications/MAMP/htdocs/FunnyPHP/App/Action/IndexAction.php,第66行
未知错误类型:编号[8]Undefined index: page_no位置文件/Applications/MAMP/htdocs/FunnyPHP/App/Action/IndexAction.php,第67行
未知错误类型:编号[8]Undefined index: page_size位置文件/Applications/MAMP/htdocs/FunnyPHP/App/Action/IndexAction.php,第68行
未知错误类型:编号[8]Undefined index: return位置文件/Applications/MAMP/htdocs/FunnyPHP/Framework/Application.php,第26行
未知错误类型:编号[8]Undefined index: id位置文件/Applications/MAMP/htdocs/FunnyPHP/App/Action/IndexAction.php,第66行
未知错误类型:编号[8]Undefined index: page_no位置文件/Applications/MAMP/htdocs/FunnyPHP/App/Action/IndexAction.php,第67行
未知错误类型:编号[8]Undefined index: page_size位置文件/Applications/MAMP/htdocs/FunnyPHP/App/Action/IndexAction.php,第68行
未知错误类型:编号[8]Undefined index: return位置文件/Applications/MAMP/htdocs/FunnyPHP/Framework/Application.php,第26行
未知错误类型:编号[8]Undefined index: id位置文件/Applications/MAMP/htdocs/FunnyPHP/App/Action/IndexAction.php,第66行
未知错误类型:编号[8]Undefined index: page_no位置文件/Applications/MAMP/htdocs/FunnyPHP/App/Action/IndexAction.php,第67行
未知错误类型:编号[8]Undefined index: page_size位置文件/Applications/MAMP/htdocs/FunnyPHP/App/Action/IndexAction.php,第68行
未知错误类型:编号[8]Undefined index: return位置文件/Applications/MAMP/htdocs/FunnyPHP/Framework/Application.php,第26行
未知错误类型:编号[8]Undefined index: id位置文件/Applications/MAMP/htdocs/FunnyPHP/App/Action/IndexAction.php,第66行
未知错误类型:编号[8]Undefined index: page_no位置文件/Applications/MAMP/htdocs/FunnyPHP/App/Action/IndexAction.php,第67行
未知错误类型:编号[8]Undefined index: page_size位置文件/Applications/MAMP/htdocs/FunnyPHP/App/Action/IndexAction.php,第68行
未知错误类型:编号[8]Undefined index: return位置文件/Applications/MAMP/htdocs/FunnyPHP/Framework/Application.php,第26行
未知错误类型:编号[8]Undefined index: id位置文件/Applications/MAMP/htdocs/FunnyPHP/App/Action/IndexAction.php,第66行
未知错误类型:编号[8]Undefined index: page_no位置文件/Applications/MAMP/htdocs/FunnyPHP/App/Action/IndexAction.php,第67行
未知错误类型:编号[8]Undefined index: page_size位置文件/Applications/MAMP/htdocs/FunnyPHP/App/Action/IndexAction.php,第68行
未知错误类型:编号[8]Undefined index: return位置文件/Applications/MAMP/htdocs/FunnyPHP/Framework/Application.php,第26行
未知错误类型:编号[8]Undefined index: id位置文件/Applications/MAMP/htdocs/FunnyPHP/App/Action/IndexAction.php,第66行
未知错误类型:编号[8]Undefined index: page_no位置文件/Applications/MAMP/htdocs/FunnyPHP/App/Action/IndexAction.php,第67行
未知错误类型:编号[8]Undefined index: page_size位置文件/Applications/MAMP/htdocs/FunnyPHP/App/Action/IndexAction.php,第68行
未知错误类型:编号[8]Undefined index: return位置文件/Applications/MAMP/htdocs/FunnyPHP/Framework/Application.php,第26行
未知错误类型:编号[8]Undefined index: id位置文件/Applications/MAMP/htdocs/FunnyPHP/App/Action/IndexAction.php,第66行
未知错误类型:编号[8]Undefined index: page_no位置文件/Applications/MAMP/htdocs/FunnyPHP/App/Action/IndexAction.php,第67行
未知错误类型:编号[8]Undefined index: page_size位置文件/Applications/MAMP/htdocs/FunnyPHP/App/Action/IndexAction.php,第68行
未知错误类型:编号[8]Undefined index: return位置文件/Applications/MAMP/htdocs/FunnyPHP/Framework/Application.php,第26行
未知错误类型:编号[8]Undefined index: id位置文件/Applications/MAMP/htdocs/FunnyPHP/App/Action/IndexAction.php,第66行
未知错误类型:编号[8]Undefined index: page_no位置文件/Applications/MAMP/htdocs/FunnyPHP/App/Action/IndexAction.php,第67行
未知错误类型:编号[8]Undefined index: page_size位置文件/Applications/MAMP/htdocs/FunnyPHP/App/Action/IndexAction.php,第68行
未知错误类型:编号[8]Undefined index: return位置文件/Applications/MAMP/htdocs/FunnyPHP/Framework/Application.php,第26行
未知错误类型:编号[8]Undefined index: id位置文件/Applications/MAMP/htdocs/FunnyPHP/App/Action/IndexAction.php,第66行
未知错误类型:编号[8]Undefined index: page_no位置文件/Applications/MAMP/htdocs/FunnyPHP/App/Action/IndexAction.php,第67行
未知错误类型:编号[8]Undefined index: page_size位置文件/Applications/MAMP/htdocs/FunnyPHP/App/Action/IndexAction.php,第68行
未知错误类型:编号[8]Undefined index: return位置文件/Applications/MAMP/htdocs/FunnyPHP/Framework/Application.php,第26行
未知错误类型:编号[8]Undefined index: id位置文件/Applications/MAMP/htdocs/FunnyPHP/App/Action/IndexAction.php,第66行
未知错误类型:编号[8]Undefined index: page_no位置文件/Applications/MAMP/htdocs/FunnyPHP/App/Action/IndexAction.php,第67行
未知错误类型:编号[8]Undefined index: page_size位置文件/Applications/MAMP/htdocs/FunnyPHP/App/Action/IndexAction.php,第68行
未知错误类型:编号[8]Undefined index: return位置文件/Applications/MAMP/htdocs/FunnyPHP/Framework/Application.php,第26行
未知错误类型:编号[8]Undefined index: id位置文件/Applications/MAMP/htdocs/FunnyPHP/App/Action/IndexAction.php,第66行
未知错误类型:编号[8]Undefined index: page_no位置文件/Applications/MAMP/htdocs/FunnyPHP/App/Action/IndexAction.php,第67行
未知错误类型:编号[8]Undefined index: page_size位置文件/Applications/MAMP/htdocs/FunnyPHP/App/Action/IndexAction.php,第68行
未知错误类型:编号[8]Undefined index: return位置文件/Applications/MAMP/htdocs/FunnyPHP/Framework/Application.php,第26行
未知错误类型:编号[8]Undefined index: id位置文件/Applications/MAMP/htdocs/FunnyPHP/App/Action/IndexAction.php,第66行
未知错误类型:编号[8]Undefined index: page_no位置文件/Applications/MAMP/htdocs/FunnyPHP/App/Action/IndexAction.php,第67行
未知错误类型:编号[8]Undefined index: page_size位置文件/Applications/MAMP/htdocs/FunnyPHP/App/Action/IndexAction.php,第68行
未知错误类型:编号[8]Undefined index: return位置文件/Applications/MAMP/htdocs/FunnyPHP/Framework/Application.php,第26行
未知错误类型:编号[8]Undefined index: id位置文件/Applications/MAMP/htdocs/FunnyPHP/App/Action/IndexAction.php,第66行
未知错误类型:编号[8]Undefined index: page_no位置文件/Applications/MAMP/htdocs/FunnyPHP/App/Action/IndexAction.php,第67行
未知错误类型:编号[8]Undefined index: page_size位置文件/Applications/MAMP/htdocs/FunnyPHP/App/Action/IndexAction.php,第68行
未知错误类型:编号[8]Undefined index: return位置文件/Applications/MAMP/htdocs/FunnyPHP/Framework/Application.php,第26行
未知错误类型:编号[8]Undefined index: id位置文件/Applications/MAMP/htdocs/FunnyPHP/App/Action/IndexAction.php,第66行
未知错误类型:编号[8]Undefined index: page_no位置文件/Applications/MAMP/htdocs/FunnyPHP/App/Action/IndexAction.php,第67行
未知错误类型:编号[8]Undefined index: page_size位置文件/Applications/MAMP/htdocs/FunnyPHP/App/Action/IndexAction.php,第68行
未知错误类型:编号[8]Undefined index: return位置文件/Applications/MAMP/htdocs/FunnyPHP/Framework/Application.php,第26行
未知错误类型:编号[8]Undefined index: id位置文件/Applications/MAMP/htdocs/FunnyPHP/App/Action/IndexAction.php,第66行
未知错误类型:编号[8]Undefined index: page_no位置文件/Applications/MAMP/htdocs/FunnyPHP/App/Action/IndexAction.php,第67行
未知错误类型:编号[8]Undefined index: page_size位置文件/Applications/MAMP/htdocs/FunnyPHP/App/Action/IndexAction.php,第68行
未知错误类型:编号[8]Undefined index: return位置文件/Applications/MAMP/htdocs/FunnyPHP/Framework/Application.php,第26行
未知错误类型:编号[8]Undefined index: id位置文件/Applications/MAMP/htdocs/FunnyPHP/App/Action/IndexAction.php,第66行
未知错误类型:编号[8]Undefined index: page_no位置文件/Applications/MAMP/htdocs/FunnyPHP/App/Action/IndexAction.php,第67行
未知错误类型:编号[8]Undefined index: page_size位置文件/Applications/MAMP/htdocs/FunnyPHP/App/Action/IndexAction.php,第68行
未知错误类型:编号[8]Undefined index: return位置文件/Applications/MAMP/htdocs/FunnyPHP/Framework/Application.php,第26行
未知错误类型:编号[8]Undefined variable: data位置文件/Applications/MAMP/htdocs/FunnyPHP/App/Action/IndexAction.php,第68行
未知错误类型:编号[8]Array to string conversion位置文件/Applications/MAMP/htdocs/FunnyPHP/Framework/Application.php,第115行
未知错误类型:编号[8]Undefined index: return位置文件/Applications/MAMP/htdocs/FunnyPHP/Framework/Application.php,第26行
未知错误类型:编号[8]Undefined variable: data位置文件/Applications/MAMP/htdocs/FunnyPHP/App/Action/IndexAction.php,第68行
未知错误类型:编号[8]Array to string conversion位置文件/Applications/MAMP/htdocs/FunnyPHP/Framework/Application.php,第115行
未知错误类型:编号[8]Undefined index: return位置文件/Applications/MAMP/htdocs/FunnyPHP/Framework/Application.php,第26行
未知错误类型:编号[8]Undefined variable: data位置文件/Applications/MAMP/htdocs/FunnyPHP/App/Action/IndexAction.php,第68行
未知错误类型:编号[8]Array to string conversion位置文件/Applications/MAMP/htdocs/FunnyPHP/Framework/Application.php,第115行
未知错误类型:编号[8]Undefined index: return位置文件/Applications/MAMP/htdocs/FunnyPHP/Framework/Application.php,第26行
未知错误类型:编号[8]Undefined index: id位置文件/Applications/MAMP/htdocs/FunnyPHP/App/Action/IndexAction.php,第66行
未知错误类型:编号[8]Undefined index: page_no位置文件/Applications/MAMP/htdocs/FunnyPHP/App/Action/IndexAction.php,第67行
未知错误类型:编号[8]Undefined index: page_size位置文件/Applications/MAMP/htdocs/FunnyPHP/App/Action/IndexAction.php,第68行
未知错误类型:编号[8]Undefined index: return位置文件/Applications/MAMP/htdocs/FunnyPHP/Framework/Application.php,第26行
未知错误类型:编号[8]Undefined index: id位置文件/Applications/MAMP/htdocs/FunnyPHP/App/Action/IndexAction.php,第66行
未知错误类型:编号[8]Undefined index: page_no位置文件/Applications/MAMP/htdocs/FunnyPHP/App/Action/IndexAction.php,第67行
未知错误类型:编号[8]Undefined index: page_size位置文件/Applications/MAMP/htdocs/FunnyPHP/App/Action/IndexAction.php,第68行
未知错误类型:编号[8]Undefined index: return位置文件/Applications/MAMP/htdocs/FunnyPHP/Framework/Application.php,第26行
未知错误类型:编号[8]Undefined index: id位置文件/Applications/MAMP/htdocs/FunnyPHP/App/Action/IndexAction.php,第66行
未知错误类型:编号[8]Undefined index: page_no位置文件/Applications/MAMP/htdocs/FunnyPHP/App/Action/IndexAction.php,第67行
未知错误类型:编号[8]Undefined index: page_size位置文件/Applications/MAMP/htdocs/FunnyPHP/App/Action/IndexAction.php,第68行
未知错误类型:编号[8]Undefined index: return位置文件/Applications/MAMP/htdocs/FunnyPHP/Framework/Application.php,第26行
未知错误类型:编号[8]Undefined index: id位置文件/Applications/MAMP/htdocs/FunnyPHP/App/Action/IndexAction.php,第66行
未知错误类型:编号[8]Undefined index: page_no位置文件/Applications/MAMP/htdocs/FunnyPHP/App/Action/IndexAction.php,第67行
未知错误类型:编号[8]Undefined index: page_size位置文件/Applications/MAMP/htdocs/FunnyPHP/App/Action/IndexAction.php,第68行
未知错误类型:编号[8]Undefined index: return位置文件/Applications/MAMP/htdocs/FunnyPHP/Framework/Application.php,第26行
未知错误类型:编号[8]Undefined index: id位置文件/Applications/MAMP/htdocs/FunnyPHP/App/Action/IndexAction.php,第66行
未知错误类型:编号[8]Undefined index: page_no位置文件/Applications/MAMP/htdocs/FunnyPHP/App/Action/IndexAction.php,第67行
未知错误类型:编号[8]Undefined index: page_size位置文件/Applications/MAMP/htdocs/FunnyPHP/App/Action/IndexAction.php,第68行
未知错误类型:编号[8]Undefined index: return位置文件/Applications/MAMP/htdocs/FunnyPHP/Framework/Application.php,第26行
未知错误类型:编号[8]Undefined variable: data位置文件/Applications/MAMP/htdocs/FunnyPHP/App/Action/IndexAction.php,第68行
未知错误类型:编号[8]Array to string conversion位置文件/Applications/MAMP/htdocs/FunnyPHP/Framework/Application.php,第115行
未知错误类型:编号[8]Undefined index: return位置文件/Applications/MAMP/htdocs/FunnyPHP/Framework/Application.php,第26行
未知错误类型:编号[8]Undefined index: return位置文件/Applications/MAMP/htdocs/FunnyPHP/Framework/Application.php,第26行
未知错误类型:编号[8]Undefined index: return位置文件/Applications/MAMP/htdocs/FunnyPHP/Framework/Application.php,第26行
未知错误类型:编号[8]Undefined index: return位置文件/Applications/MAMP/htdocs/FunnyPHP/Framework/Application.php,第26行
未知错误类型:编号[2]include_once(../Doctrine/DBAL/Driver/PDOConnection.php): failed to open stream: No such file or directory位置文件/Applications/MAMP/htdocs/FunnyPHP/Framework/bootstrap.php,第47行
未知错误类型:编号[2]include_once(): Failed opening '../Doctrine/DBAL/Driver/PDOConnection.php' for inclusion (include_path='.:/Applications/MAMP/bin/php/php7.0.8/lib/php')位置文件/Applications/MAMP/htdocs/FunnyPHP/Framework/bootstrap.php,第47行
未知错误类型:编号[8]Array to string conversion位置文件/Applications/MAMP/htdocs/FunnyPHP/Framework/Application.php,第115行
未知错误类型:编号[8]Undefined index: return位置文件/Applications/MAMP/htdocs/FunnyPHP/Framework/Application.php,第26行
未知错误类型:编号[2]include_once(../Doctrine/DBAL/Driver/PDOConnection.php): failed to open stream: No such file or directory位置文件/Applications/MAMP/htdocs/FunnyPHP/Framework/bootstrap.php,第47行
未知错误类型:编号[2]include_once(): Failed opening '../Doctrine/DBAL/Driver/PDOConnection.php' for inclusion (include_path='.:/Applications/MAMP/bin/php/php7.0.8/lib/php')位置文件/Applications/MAMP/htdocs/FunnyPHP/Framework/bootstrap.php,第47行
未知错误类型:编号[8]Array to string conversion位置文件/Applications/MAMP/htdocs/FunnyPHP/Framework/Application.php,第115行
未知错误类型:编号[8]Undefined index: return位置文件/Applications/MAMP/htdocs/FunnyPHP/Framework/Application.php,第26行
未知错误类型:编号[2]include_once(../Doctrine/DBAL/Driver/PDOConnection.php): failed to open stream: No such file or directory位置文件/Applications/MAMP/htdocs/FunnyPHP/Framework/bootstrap.php,第47行
未知错误类型:编号[2]include_once(): Failed opening '../Doctrine/DBAL/Driver/PDOConnection.php' for inclusion (include_path='.:/Applications/MAMP/bin/php/php7.0.8/lib/php')位置文件/Applications/MAMP/htdocs/FunnyPHP/Framework/bootstrap.php,第47行
未知错误类型:编号[8]Array to string conversion位置文件/Applications/MAMP/htdocs/FunnyPHP/Framework/Application.php,第115行
未知错误类型:编号[8]Undefined index: return位置文件/Applications/MAMP/htdocs/FunnyPHP/Framework/Application.php,第26行
未知错误类型:编号[2]include_once(../Doctrine/DBAL/Driver/PDOConnection.php): failed to open stream: No such file or directory位置文件/Applications/MAMP/htdocs/FunnyPHP/Framework/bootstrap.php,第47行
未知错误类型:编号[2]include_once(): Failed opening '../Doctrine/DBAL/Driver/PDOConnection.php' for inclusion (include_path='.:/Applications/MAMP/bin/php/php7.0.8/lib/php')位置文件/Applications/MAMP/htdocs/FunnyPHP/Framework/bootstrap.php,第47行
未知错误类型:编号[8]Array to string conversion位置文件/Applications/MAMP/htdocs/FunnyPHP/Framework/Application.php,第115行
未知错误类型:编号[8]Undefined index: return位置文件/Applications/MAMP/htdocs/FunnyPHP/Framework/Application.php,第26行
未知错误类型:编号[2]include_once(../Doctrine/DBAL/Driver/PDOConnection.php): failed to open stream: No such file or directory位置文件/Applications/MAMP/htdocs/FunnyPHP/Framework/bootstrap.php,第47行
未知错误类型:编号[2]include_once(): Failed opening '../Doctrine/DBAL/Driver/PDOConnection.php' for inclusion (include_path='.:/Applications/MAMP/bin/php/php7.0.8/lib/php')位置文件/Applications/MAMP/htdocs/FunnyPHP/Framework/bootstrap.php,第47行
未知错误类型:编号[8]Array to string conversion位置文件/Applications/MAMP/htdocs/FunnyPHP/Framework/Application.php,第115行
未知错误类型:编号[8]Undefined index: return位置文件/Applications/MAMP/htdocs/FunnyPHP/Framework/Application.php,第26行
未知错误类型:编号[2]include_once(../Doctrine/DBAL/Driver/PDOConnection.php): failed to open stream: No such file or directory位置文件/Applications/MAMP/htdocs/FunnyPHP/Framework/bootstrap.php,第47行
未知错误类型:编号[2]include_once(): Failed opening '../Doctrine/DBAL/Driver/PDOConnection.php' for inclusion (include_path='.:/Applications/MAMP/bin/php/php7.0.8/lib/php')位置文件/Applications/MAMP/htdocs/FunnyPHP/Framework/bootstrap.php,第47行
未知错误类型:编号[8]Undefined index: return位置文件/Applications/MAMP/htdocs/FunnyPHP/Framework/Application.php,第26行
未知错误类型:编号[2]include_once(../Doctrine/DBAL/Driver/PDOConnection.php): failed to open stream: No such file or directory位置文件/Applications/MAMP/htdocs/FunnyPHP/Framework/bootstrap.php,第47行
未知错误类型:编号[2]include_once(): Failed opening '../Doctrine/DBAL/Driver/PDOConnection.php' for inclusion (include_path='.:/Applications/MAMP/bin/php/php7.0.8/lib/php')位置文件/Applications/MAMP/htdocs/FunnyPHP/Framework/bootstrap.php,第47行
未知错误类型:编号[8]Undefined index: return位置文件/Applications/MAMP/htdocs/FunnyPHP/Framework/Application.php,第26行
未知错误类型:编号[2]include_once(../Doctrine/DBAL/Driver/PDOConnection.php): failed to open stream: No such file or directory位置文件/Applications/MAMP/htdocs/FunnyPHP/Framework/bootstrap.php,第47行
未知错误类型:编号[2]include_once(): Failed opening '../Doctrine/DBAL/Driver/PDOConnection.php' for inclusion (include_path='.:/Applications/MAMP/bin/php/php7.0.8/lib/php')位置文件/Applications/MAMP/htdocs/FunnyPHP/Framework/bootstrap.php,第47行
未知错误类型:编号[8]Undefined index: return位置文件/Applications/MAMP/htdocs/FunnyPHP/Framework/Application.php,第26行
未知错误类型:编号[2]include_once(../Doctrine/DBAL/Driver/PDOConnection.php): failed to open stream: No such file or directory位置文件/Applications/MAMP/htdocs/FunnyPHP/Framework/bootstrap.php,第47行
未知错误类型:编号[2]include_once(): Failed opening '../Doctrine/DBAL/Driver/PDOConnection.php' for inclusion (include_path='.:/Applications/MAMP/bin/php/php7.0.8/lib/php')位置文件/Applications/MAMP/htdocs/FunnyPHP/Framework/bootstrap.php,第47行
未知错误类型:编号[8]Undefined index: return位置文件/Applications/MAMP/htdocs/FunnyPHP/Framework/Application.php,第26行
未知错误类型:编号[2]include_once(../Doctrine/DBAL/Driver/PDOConnection.php): failed to open stream: No such file or directory位置文件/Applications/MAMP/htdocs/FunnyPHP/Framework/bootstrap.php,第47行
未知错误类型:编号[2]include_once(): Failed opening '../Doctrine/DBAL/Driver/PDOConnection.php' for inclusion (include_path='.:/Applications/MAMP/bin/php/php7.0.8/lib/php')位置文件/Applications/MAMP/htdocs/FunnyPHP/Framework/bootstrap.php,第47行
未知错误类型:编号[8]Undefined index: return位置文件/Applications/MAMP/htdocs/FunnyPHP/Framework/Application.php,第26行
未知错误类型:编号[2]include_once(../Doctrine/DBAL/Driver/PDOConnection.php): failed to open stream: No such file or directory位置文件/Applications/MAMP/htdocs/FunnyPHP/Framework/bootstrap.php,第47行
未知错误类型:编号[2]include_once(): Failed opening '../Doctrine/DBAL/Driver/PDOConnection.php' for inclusion (include_path='.:/Applications/MAMP/bin/php/php7.0.8/lib/php')位置文件/Applications/MAMP/htdocs/FunnyPHP/Framework/bootstrap.php,第47行
未知错误类型:编号[8]Undefined index: return位置文件/Applications/MAMP/htdocs/FunnyPHP/Framework/Application.php,第26行
未知错误类型:编号[2]include_once(../Doctrine/DBAL/Driver/PDOConnection.php): failed to open stream: No such file or directory位置文件/Applications/MAMP/htdocs/FunnyPHP/Framework/bootstrap.php,第47行
未知错误类型:编号[2]include_once(): Failed opening '../Doctrine/DBAL/Driver/PDOConnection.php' for inclusion (include_path='.:/Applications/MAMP/bin/php/php7.0.8/lib/php')位置文件/Applications/MAMP/htdocs/FunnyPHP/Framework/bootstrap.php,第47行
未知错误类型:编号[8]Undefined index: return位置文件/Applications/MAMP/htdocs/FunnyPHP/Framework/Application.php,第26行
未知错误类型:编号[2]include_once(../Doctrine/DBAL/Driver/PDOConnection.php): failed to open stream: No such file or directory位置文件/Applications/MAMP/htdocs/FunnyPHP/Framework/bootstrap.php,第47行
未知错误类型:编号[2]include_once(): Failed opening '../Doctrine/DBAL/Driver/PDOConnection.php' for inclusion (include_path='.:/Applications/MAMP/bin/php/php7.0.8/lib/php')位置文件/Applications/MAMP/htdocs/FunnyPHP/Framework/bootstrap.php,第47行
未知错误类型:编号[8]Undefined index: return位置文件/Applications/MAMP/htdocs/FunnyPHP/Framework/Application.php,第26行
未知错误类型:编号[2]include_once(../Doctrine/DBAL/Driver/PDOConnection.php): failed to open stream: No such file or directory位置文件/Applications/MAMP/htdocs/FunnyPHP/Framework/bootstrap.php,第47行
未知错误类型:编号[2]include_once(): Failed opening '../Doctrine/DBAL/Driver/PDOConnection.php' for inclusion (include_path='.:/Applications/MAMP/bin/php/php7.0.8/lib/php')位置文件/Applications/MAMP/htdocs/FunnyPHP/Framework/bootstrap.php,第47行
未知错误类型:编号[8]Undefined index: return位置文件/Applications/MAMP/htdocs/FunnyPHP/Framework/Application.php,第26行
未知错误类型:编号[2]include_once(../Doctrine/DBAL/Driver/PDOConnection.php): failed to open stream: No such file or directory位置文件/Applications/MAMP/htdocs/FunnyPHP/Framework/bootstrap.php,第47行
未知错误类型:编号[2]include_once(): Failed opening '../Doctrine/DBAL/Driver/PDOConnection.php' for inclusion (include_path='.:/Applications/MAMP/bin/php/php7.0.8/lib/php')位置文件/Applications/MAMP/htdocs/FunnyPHP/Framework/bootstrap.php,第47行
未知错误类型:编号[8]Undefined index: return位置文件/Applications/MAMP/htdocs/FunnyPHP/Framework/Application.php,第26行
未知错误类型:编号[2]include_once(../Doctrine/DBAL/Driver/PDOConnection.php): failed to open stream: No such file or directory位置文件/Applications/MAMP/htdocs/FunnyPHP/Framework/bootstrap.php,第47行
未知错误类型:编号[2]include_once(): Failed opening '../Doctrine/DBAL/Driver/PDOConnection.php' for inclusion (include_path='.:/Applications/MAMP/bin/php/php7.0.8/lib/php')位置文件/Applications/MAMP/htdocs/FunnyPHP/Framework/bootstrap.php,第47行
未知错误类型:编号[8]Undefined index: return位置文件/Applications/MAMP/htdocs/FunnyPHP/Framework/Application.php,第26行
未知错误类型:编号[2]include_once(../Doctrine/DBAL/Driver/PDOConnection.php): failed to open stream: No such file or directory位置文件/Applications/MAMP/htdocs/FunnyPHP/Framework/bootstrap.php,第47行
未知错误类型:编号[2]include_once(): Failed opening '../Doctrine/DBAL/Driver/PDOConnection.php' for inclusion (include_path='.:/Applications/MAMP/bin/php/php7.0.8/lib/php')位置文件/Applications/MAMP/htdocs/FunnyPHP/Framework/bootstrap.php,第47行
未知错误类型:编号[8]Undefined index: return位置文件/Applications/MAMP/htdocs/FunnyPHP/Framework/Application.php,第26行
未知错误类型:编号[2]include_once(../Doctrine/DBAL/Driver/PDOConnection.php): failed to open stream: No such file or directory位置文件/Applications/MAMP/htdocs/FunnyPHP/Framework/bootstrap.php,第47行
未知错误类型:编号[2]include_once(): Failed opening '../Doctrine/DBAL/Driver/PDOConnection.php' for inclusion (include_path='.:/Applications/MAMP/bin/php/php7.0.8/lib/php')位置文件/Applications/MAMP/htdocs/FunnyPHP/Framework/bootstrap.php,第47行
未知错误类型:编号[8]Undefined index: return位置文件/Applications/MAMP/htdocs/FunnyPHP/Framework/Application.php,第26行
未知错误类型:编号[2]include_once(../Doctrine/DBAL/Driver/PDOConnection.php): failed to open stream: No such file or directory位置文件/Applications/MAMP/htdocs/FunnyPHP/Framework/bootstrap.php,第47行
未知错误类型:编号[2]include_once(): Failed opening '../Doctrine/DBAL/Driver/PDOConnection.php' for inclusion (include_path='.:/Applications/MAMP/bin/php/php7.0.8/lib/php')位置文件/Applications/MAMP/htdocs/FunnyPHP/Framework/bootstrap.php,第47行
