未知错误类型:编号[2]Division by zero位置文件/Applications/MAMP/htdocs/FunnyPHP/Framework/Application.php,第37行
未知错误类型:编号[2]include_once(../Factory/Hellophp): failed to open stream: No such file or directory位置文件/Applications/MAMP/htdocs/FunnyPHP/Framework/Drive/Factory.php,第19行
未知错误类型:编号[2]include_once(): Failed opening '../Factory/Hellophp' for inclusion (include_path='.:/Applications/MAMP/bin/php/php7.0.8/lib/php')位置文件/Applications/MAMP/htdocs/FunnyPHP/Framework/Drive/Factory.php,第19行
未知错误类型:编号[2]include_once(../Hello.php): failed to open stream: No such file or directory位置文件/Applications/MAMP/htdocs/FunnyPHP/Framework/bootstrap.php,第42行
未知错误类型:编号[2]include_once(): Failed opening '../Hello.php' for inclusion (include_path='.:/Applications/MAMP/bin/php/php7.0.8/lib/php')位置文件/Applications/MAMP/htdocs/FunnyPHP/Framework/bootstrap.php,第42行
未知错误类型:编号[2]Division by zero位置文件/Applications/MAMP/htdocs/FunnyPHP/Framework/Application.php,第37行
未知错误类型:编号[2]include_once(../Factory/Hellophp): failed to open stream: No such file or directory位置文件/Applications/MAMP/htdocs/FunnyPHP/Framework/Drive/Factory.php,第19行
未知错误类型:编号[2]include_once(): Failed opening '../Factory/Hellophp' for inclusion (include_path='.:/Applications/MAMP/bin/php/php7.0.8/lib/php')位置文件/Applications/MAMP/htdocs/FunnyPHP/Framework/Drive/Factory.php,第19行
未知错误类型:编号[2]include_once(../Hello.php): failed to open stream: No such file or directory位置文件/Applications/MAMP/htdocs/FunnyPHP/Framework/bootstrap.php,第42行
未知错误类型:编号[2]include_once(): Failed opening '../Hello.php' for inclusion (include_path='.:/Applications/MAMP/bin/php/php7.0.8/lib/php')位置文件/Applications/MAMP/htdocs/FunnyPHP/Framework/bootstrap.php,第42行
未知错误类型:编号[2]Division by zero位置文件/Applications/MAMP/htdocs/FunnyPHP/Framework/Application.php,第37行
未知错误类型:编号[2]include_once(../Factory/Hellophp): failed to open stream: No such file or directory位置文件/Applications/MAMP/htdocs/FunnyPHP/Framework/Drive/Factory.php,第19行
未知错误类型:编号[2]include_once(): Failed opening '../Factory/Hellophp' for inclusion (include_path='.:/Applications/MAMP/bin/php/php7.0.8/lib/php')位置文件/Applications/MAMP/htdocs/FunnyPHP/Framework/Drive/Factory.php,第19行
未知错误类型:编号[2]include_once(../Hello.php): failed to open stream: No such file or directory位置文件/Applications/MAMP/htdocs/FunnyPHP/Framework/bootstrap.php,第42行
未知错误类型:编号[2]include_once(): Failed opening '../Hello.php' for inclusion (include_path='.:/Applications/MAMP/bin/php/php7.0.8/lib/php')位置文件/Applications/MAMP/htdocs/FunnyPHP/Framework/bootstrap.php,第42行
未知错误类型:编号[2]Division by zero位置文件/Applications/MAMP/htdocs/FunnyPHP/Framework/Application.php,第37行
未知错误类型:编号[2]include_once(../Factory/Hellophp): failed to open stream: No such file or directory位置文件/Applications/MAMP/htdocs/FunnyPHP/Framework/Drive/Factory.php,第19行
未知错误类型:编号[2]include_once(): Failed opening '../Factory/Hellophp' for inclusion (include_path='.:/Applications/MAMP/bin/php/php7.0.8/lib/php')位置文件/Applications/MAMP/htdocs/FunnyPHP/Framework/Drive/Factory.php,第19行
未知错误类型:编号[2]include_once(../Hello.php): failed to open stream: No such file or directory位置文件/Applications/MAMP/htdocs/FunnyPHP/Framework/bootstrap.php,第42行
未知错误类型:编号[2]include_once(): Failed opening '../Hello.php' for inclusion (include_path='.:/Applications/MAMP/bin/php/php7.0.8/lib/php')位置文件/Applications/MAMP/htdocs/FunnyPHP/Framework/bootstrap.php,第42行
未知错误类型:编号[2]Division by zero位置文件/Applications/MAMP/htdocs/FunnyPHP/Framework/Application.php,第37行
未知错误类型:编号[2]include_once(../Factory/Hellophp): failed to open stream: No such file or directory位置文件/Applications/MAMP/htdocs/FunnyPHP/Framework/Drive/Factory.php,第19行
未知错误类型:编号[2]include_once(): Failed opening '../Factory/Hellophp' for inclusion (include_path='.:/Applications/MAMP/bin/php/php7.0.8/lib/php')位置文件/Applications/MAMP/htdocs/FunnyPHP/Framework/Drive/Factory.php,第19行
未知错误类型:编号[2]include_once(../Hello.php): failed to open stream: No such file or directory位置文件/Applications/MAMP/htdocs/FunnyPHP/Framework/bootstrap.php,第42行
未知错误类型:编号[2]include_once(): Failed opening '../Hello.php' for inclusion (include_path='.:/Applications/MAMP/bin/php/php7.0.8/lib/php')位置文件/Applications/MAMP/htdocs/FunnyPHP/Framework/bootstrap.php,第42行
未知错误类型:编号[2]Division by zero位置文件/Applications/MAMP/htdocs/FunnyPHP/Framework/Application.php,第37行
未知错误类型:编号[2]Division by zero位置文件/Applications/MAMP/htdocs/FunnyPHP/Framework/Application.php,第37行
未知错误类型:编号[2]include_once(../Factory/Hellophp): failed to open stream: No such file or directory位置文件/Applications/MAMP/htdocs/FunnyPHP/Framework/Drive/Factory.php,第21行
未知错误类型:编号[2]include_once(): Failed opening '../Factory/Hellophp' for inclusion (include_path='.:/Applications/MAMP/bin/php/php7.0.8/lib/php')位置文件/Applications/MAMP/htdocs/FunnyPHP/Framework/Drive/Factory.php,第21行
未知错误类型:编号[2]include_once(../Hello.php): failed to open stream: No such file or directory位置文件/Applications/MAMP/htdocs/FunnyPHP/Framework/bootstrap.php,第42行
未知错误类型:编号[2]include_once(): Failed opening '../Hello.php' for inclusion (include_path='.:/Applications/MAMP/bin/php/php7.0.8/lib/php')位置文件/Applications/MAMP/htdocs/FunnyPHP/Framework/bootstrap.php,第42行
未知错误类型:编号[2]Division by zero位置文件/Applications/MAMP/htdocs/FunnyPHP/Framework/Application.php,第37行
未知错误类型:编号[2]include_once(Hellophp): failed to open stream: No such file or directory位置文件/Applications/MAMP/htdocs/FunnyPHP/Framework/Drive/Factory.php,第21行
未知错误类型:编号[2]include_once(): Failed opening 'Hellophp' for inclusion (include_path='.:/Applications/MAMP/bin/php/php7.0.8/lib/php')位置文件/Applications/MAMP/htdocs/FunnyPHP/Framework/Drive/Factory.php,第21行
未知错误类型:编号[2]include_once(../Hello.php): failed to open stream: No such file or directory位置文件/Applications/MAMP/htdocs/FunnyPHP/Framework/bootstrap.php,第42行
未知错误类型:编号[2]include_once(): Failed opening '../Hello.php' for inclusion (include_path='.:/Applications/MAMP/bin/php/php7.0.8/lib/php')位置文件/Applications/MAMP/htdocs/FunnyPHP/Framework/bootstrap.php,第42行
未知错误类型:编号[2]Division by zero位置文件/Applications/MAMP/htdocs/FunnyPHP/Framework/Application.php,第37行
未知错误类型:编号[2]include_once(Hellophp): failed to open stream: No such file or directory位置文件/Applications/MAMP/htdocs/FunnyPHP/Framework/Drive/Factory.php,第21行
未知错误类型:编号[2]include_once(): Failed opening 'Hellophp' for inclusion (include_path='.:/Applications/MAMP/bin/php/php7.0.8/lib/php')位置文件/Applications/MAMP/htdocs/FunnyPHP/Framework/Drive/Factory.php,第21行
未知错误类型:编号[2]include_once(../Hello.php): failed to open stream: No such file or directory位置文件/Applications/MAMP/htdocs/FunnyPHP/Framework/bootstrap.php,第42行
未知错误类型:编号[2]include_once(): Failed opening '../Hello.php' for inclusion (include_path='.:/Applications/MAMP/bin/php/php7.0.8/lib/php')位置文件/Applications/MAMP/htdocs/FunnyPHP/Framework/bootstrap.php,第42行
未知错误类型:编号[2]Division by zero位置文件/Applications/MAMP/htdocs/FunnyPHP/Framework/Application.php,第37行
未知错误类型:编号[2]include_once(../Factory/Hellophp): failed to open stream: No such file or directory位置文件/Applications/MAMP/htdocs/FunnyPHP/Framework/Drive/Factory.php,第21行
未知错误类型:编号[2]include_once(): Failed opening '../Factory/Hellophp' for inclusion (include_path='.:/Applications/MAMP/bin/php/php7.0.8/lib/php')位置文件/Applications/MAMP/htdocs/FunnyPHP/Framework/Drive/Factory.php,第21行
未知错误类型:编号[2]include_once(../Hello.php): failed to open stream: No such file or directory位置文件/Applications/MAMP/htdocs/FunnyPHP/Framework/bootstrap.php,第42行
未知错误类型:编号[2]include_once(): Failed opening '../Hello.php' for inclusion (include_path='.:/Applications/MAMP/bin/php/php7.0.8/lib/php')位置文件/Applications/MAMP/htdocs/FunnyPHP/Framework/bootstrap.php,第42行
未知错误类型:编号[2]Division by zero位置文件/Applications/MAMP/htdocs/FunnyPHP/Framework/Application.php,第37行
未知错误类型:编号[2]include_once(../Factory/Hellophp): failed to open stream: No such file or directory位置文件/Applications/MAMP/htdocs/FunnyPHP/Framework/Drive/Factory.php,第21行
未知错误类型:编号[2]include_once(): Failed opening '../Factory/Hellophp' for inclusion (include_path='.:/Applications/MAMP/bin/php/php7.0.8/lib/php')位置文件/Applications/MAMP/htdocs/FunnyPHP/Framework/Drive/Factory.php,第21行
未知错误类型:编号[2]Division by zero位置文件/Applications/MAMP/htdocs/FunnyPHP/Framework/Application.php,第37行
未知错误类型:编号[2]require(../Factory/Hellophp): failed to open stream: No such file or directory位置文件/Applications/MAMP/htdocs/FunnyPHP/Framework/Drive/Factory.php,第21行
未知错误类型:编号[2]Division by zero位置文件/Applications/MAMP/htdocs/FunnyPHP/Framework/Application.php,第37行
未知错误类型:编号[2]require(../Factory/Hello.php): failed to open stream: No such file or directory位置文件/Applications/MAMP/htdocs/FunnyPHP/Framework/Drive/Factory.php,第21行
未知错误类型:编号[2]Division by zero位置文件/Applications/MAMP/htdocs/FunnyPHP/Framework/Application.php,第37行
未知错误类型:编号[2]require(../Factory/Hello.php): failed to open stream: No such file or directory位置文件/Applications/MAMP/htdocs/FunnyPHP/Framework/Drive/Factory.php,第21行
未知错误类型:编号[2]Division by zero位置文件/Applications/MAMP/htdocs/FunnyPHP/Framework/Application.php,第37行
未知错误类型:编号[2]require(../Factory/Hello.php): failed to open stream: No such file or directory位置文件/Applications/MAMP/htdocs/FunnyPHP/Framework/Drive/Factory.php,第21行
未知错误类型:编号[2]Division by zero位置文件/Applications/MAMP/htdocs/FunnyPHP/Framework/Application.php,第37行
未知错误类型:编号[2]require(../FactoryLib/Hello.php): failed to open stream: No such file or directory位置文件/Applications/MAMP/htdocs/FunnyPHP/Framework/Drive/Factory.php,第21行
未知错误类型:编号[2]Division by zero位置文件/Applications/MAMP/htdocs/FunnyPHP/Framework/Application.php,第37行
未知错误类型:编号[2]require(../FactoryLib/Hello.php): failed to open stream: No such file or directory位置文件/Applications/MAMP/htdocs/FunnyPHP/Framework/Drive/Factory.php,第21行
未知错误类型:编号[2]Division by zero位置文件/Applications/MAMP/htdocs/FunnyPHP/Framework/Application.php,第37行
未知错误类型:编号[2]require(../FactoryLib/Hello.php): failed to open stream: No such file or directory位置文件/Applications/MAMP/htdocs/FunnyPHP/Framework/Drive/Factory.php,第21行
未知错误类型:编号[2]Division by zero位置文件/Applications/MAMP/htdocs/FunnyPHP/Framework/Application.php,第37行
未知错误类型:编号[2]require(../FactoryLib/Hello.php): failed to open stream: No such file or directory位置文件/Applications/MAMP/htdocs/FunnyPHP/Framework/Drive/Factory.php,第21行
未知错误类型:编号[2]Division by zero位置文件/Applications/MAMP/htdocs/FunnyPHP/Framework/Application.php,第37行
未知错误类型:编号[2]require(../FactoryLib/Hello.php): failed to open stream: No such file or directory位置文件/Applications/MAMP/htdocs/FunnyPHP/Framework/Drive/Factory.php,第21行
未知错误类型:编号[2]Division by zero位置文件/Applications/MAMP/htdocs/FunnyPHP/Framework/Application.php,第37行
未知错误类型:编号[2]include_once(../Hello.php): failed to open stream: No such file or directory位置文件/Applications/MAMP/htdocs/FunnyPHP/Framework/bootstrap.php,第43行
未知错误类型:编号[2]include_once(): Failed opening '../Hello.php' for inclusion (include_path='.:/Applications/MAMP/bin/php/php7.0.8/lib/php')位置文件/Applications/MAMP/htdocs/FunnyPHP/Framework/bootstrap.php,第43行
未知错误类型:编号[2]Division by zero位置文件/Applications/MAMP/htdocs/FunnyPHP/Framework/Application.php,第37行
未知错误类型:编号[2]include_once(../Hello.php): failed to open stream: No such file or directory位置文件/Applications/MAMP/htdocs/FunnyPHP/Framework/bootstrap.php,第43行
未知错误类型:编号[2]include_once(): Failed opening '../Hello.php' for inclusion (include_path='.:/Applications/MAMP/bin/php/php7.0.8/lib/php')位置文件/Applications/MAMP/htdocs/FunnyPHP/Framework/bootstrap.php,第43行
未知错误类型:编号[2]Division by zero位置文件/Applications/MAMP/htdocs/FunnyPHP/Framework/Application.php,第37行
未知错误类型:编号[2]include(../FactoryLib/hello.php): failed to open stream: No such file or directory位置文件/Applications/MAMP/htdocs/FunnyPHP/Framework/Drive/Factory.php,第20行
未知错误类型:编号[2]include(): Failed opening '../FactoryLib/hello.php' for inclusion (include_path='.:/Applications/MAMP/bin/php/php7.0.8/lib/php')位置文件/Applications/MAMP/htdocs/FunnyPHP/Framework/Drive/Factory.php,第20行
未知错误类型:编号[2]include_once(../Hello.php): failed to open stream: No such file or directory位置文件/Applications/MAMP/htdocs/FunnyPHP/Framework/bootstrap.php,第43行
未知错误类型:编号[2]include_once(): Failed opening '../Hello.php' for inclusion (include_path='.:/Applications/MAMP/bin/php/php7.0.8/lib/php')位置文件/Applications/MAMP/htdocs/FunnyPHP/Framework/bootstrap.php,第43行
未知错误类型:编号[2]Division by zero位置文件/Applications/MAMP/htdocs/FunnyPHP/Framework/Application.php,第37行
未知错误类型:编号[2]include(../FactoryLib/hello.php): failed to open stream: No such file or directory位置文件/Applications/MAMP/htdocs/FunnyPHP/Framework/Drive/Factory.php,第20行
未知错误类型:编号[2]include(): Failed opening '../FactoryLib/hello.php' for inclusion (include_path='.:/Applications/MAMP/bin/php/php7.0.8/lib/php')位置文件/Applications/MAMP/htdocs/FunnyPHP/Framework/Drive/Factory.php,第20行
未知错误类型:编号[2]include_once(../Hello.php): failed to open stream: No such file or directory位置文件/Applications/MAMP/htdocs/FunnyPHP/Framework/bootstrap.php,第43行
未知错误类型:编号[2]include_once(): Failed opening '../Hello.php' for inclusion (include_path='.:/Applications/MAMP/bin/php/php7.0.8/lib/php')位置文件/Applications/MAMP/htdocs/FunnyPHP/Framework/bootstrap.php,第43行
未知错误类型:编号[2]Division by zero位置文件/Applications/MAMP/htdocs/FunnyPHP/Framework/Application.php,第37行
未知错误类型:编号[2]include(../FactoryLib/hello.php): failed to open stream: No such file or directory位置文件/Applications/MAMP/htdocs/FunnyPHP/Framework/Drive/Factory.php,第20行
未知错误类型:编号[2]include(): Failed opening '../FactoryLib/hello.php' for inclusion (include_path='.:/Applications/MAMP/bin/php/php7.0.8/lib/php')位置文件/Applications/MAMP/htdocs/FunnyPHP/Framework/Drive/Factory.php,第20行
未知错误类型:编号[2]include_once(../Hello.php): failed to open stream: No such file or directory位置文件/Applications/MAMP/htdocs/FunnyPHP/Framework/bootstrap.php,第43行
未知错误类型:编号[2]include_once(): Failed opening '../Hello.php' for inclusion (include_path='.:/Applications/MAMP/bin/php/php7.0.8/lib/php')位置文件/Applications/MAMP/htdocs/FunnyPHP/Framework/bootstrap.php,第43行
未知错误类型:编号[2]Division by zero位置文件/Applications/MAMP/htdocs/FunnyPHP/Framework/Application.php,第37行
未知错误类型:编号[2]include(../FactoryLib/hello.php): failed to open stream: No such file or directory位置文件/Applications/MAMP/htdocs/FunnyPHP/Framework/Drive/Factory.php,第20行
未知错误类型:编号[2]include(): Failed opening '../FactoryLib/hello.php' for inclusion (include_path='.:/Applications/MAMP/bin/php/php7.0.8/lib/php')位置文件/Applications/MAMP/htdocs/FunnyPHP/Framework/Drive/Factory.php,第20行
未知错误类型:编号[2]Division by zero位置文件/Applications/MAMP/htdocs/FunnyPHP/Framework/Application.php,第37行
未知错误类型:编号[2]include(../FactoryLib1/hello.php): failed to open stream: No such file or directory位置文件/Applications/MAMP/htdocs/FunnyPHP/Framework/Drive/Factory.php,第20行
未知错误类型:编号[2]include(): Failed opening '../FactoryLib1/hello.php' for inclusion (include_path='.:/Applications/MAMP/bin/php/php7.0.8/lib/php')位置文件/Applications/MAMP/htdocs/FunnyPHP/Framework/Drive/Factory.php,第20行
未知错误类型:编号[2]Division by zero位置文件/Applications/MAMP/htdocs/FunnyPHP/Framework/Application.php,第37行
未知错误类型:编号[2]include(../FactoryLib1/hello.php): failed to open stream: No such file or directory位置文件/Applications/MAMP/htdocs/FunnyPHP/Framework/Drive/Factory.php,第20行
未知错误类型:编号[2]include(): Failed opening '../FactoryLib1/hello.php' for inclusion (include_path='.:/Applications/MAMP/bin/php/php7.0.8/lib/php')位置文件/Applications/MAMP/htdocs/FunnyPHP/Framework/Drive/Factory.php,第20行
未知错误类型:编号[2]Division by zero位置文件/Applications/MAMP/htdocs/FunnyPHP/Framework/Application.php,第37行
未知错误类型:编号[2]include(../FactoryLib1/hello.php): failed to open stream: No such file or directory位置文件/Applications/MAMP/htdocs/FunnyPHP/Framework/Drive/Factory.php,第20行
未知错误类型:编号[2]include(): Failed opening '../FactoryLib1/hello.php' for inclusion (include_path='.:/Applications/MAMP/bin/php/php7.0.8/lib/php')位置文件/Applications/MAMP/htdocs/FunnyPHP/Framework/Drive/Factory.php,第20行
未知错误类型:编号[2]Division by zero位置文件/Applications/MAMP/htdocs/FunnyPHP/Framework/Application.php,第37行
未知错误类型:编号[2]require(../FactoryLib/hello.php): failed to open stream: No such file or directory位置文件/Applications/MAMP/htdocs/FunnyPHP/Framework/Drive/Factory.php,第20行
未知错误类型:编号[2]Division by zero位置文件/Applications/MAMP/htdocs/FunnyPHP/Framework/Application.php,第37行
未知错误类型:编号[2]require(/Framework/FactoryLib/hello.php): failed to open stream: No such file or directory位置文件/Applications/MAMP/htdocs/FunnyPHP/Framework/Drive/Factory.php,第20行
未知错误类型:编号[2]Division by zero位置文件/Applications/MAMP/htdocs/FunnyPHP/Framework/Application.php,第37行
未知错误类型:编号[2]require(./Framework/FactoryLib/hello.php): failed to open stream: No such file or directory位置文件/Applications/MAMP/htdocs/FunnyPHP/Framework/Drive/Factory.php,第20行
未知错误类型:编号[2]Division by zero位置文件/Applications/MAMP/htdocs/FunnyPHP/Framework/Application.php,第37行
未知错误类型:编号[2]require(./Framework/FactoryLib/hello.php): failed to open stream: No such file or directory位置文件/Applications/MAMP/htdocs/FunnyPHP/Framework/Drive/Factory.php,第20行
未知错误类型:编号[2]Division by zero位置文件/Applications/MAMP/htdocs/FunnyPHP/Framework/Application.php,第37行
未知错误类型:编号[2]require(./Framework/FactoryLib/hello.php): failed to open stream: No such file or directory位置文件/Applications/MAMP/htdocs/FunnyPHP/Framework/Drive/Factory.php,第20行
未知错误类型:编号[2]Division by zero位置文件/Applications/MAMP/htdocs/FunnyPHP/Framework/Application.php,第37行
未知错误类型:编号[2]require(../FactoryLib/hello.php): failed to open stream: No such file or directory位置文件/Applications/MAMP/htdocs/FunnyPHP/Framework/Drive/Factory.php,第20行
未知错误类型:编号[2]Division by zero位置文件/Applications/MAMP/htdocs/FunnyPHP/Framework/Application.php,第37行
未知错误类型:编号[2]require(../FactoryLib/hello.php): failed to open stream: No such file or directory位置文件/Applications/MAMP/htdocs/FunnyPHP/Framework/Drive/Factory.php,第20行
未知错误类型:编号[2]Division by zero位置文件/Applications/MAMP/htdocs/FunnyPHP/Framework/Application.php,第37行
未知错误类型:编号[2]require(../FactoryLib/hello.php): failed to open stream: No such file or directory位置文件/Applications/MAMP/htdocs/FunnyPHP/Framework/Drive/Factory.php,第20行
未知错误类型:编号[2]Division by zero位置文件/Applications/MAMP/htdocs/FunnyPHP/Framework/Application.php,第37行
未知错误类型:编号[2]require(../FactoryLib/hello.php): failed to open stream: No such file or directory位置文件/Applications/MAMP/htdocs/FunnyPHP/Framework/Drive/Factory.php,第20行
未知错误类型:编号[2]Division by zero位置文件/Applications/MAMP/htdocs/FunnyPHP/Framework/Application.php,第37行
未知错误类型:编号[2]require(../FactoryLib/hello.php): failed to open stream: No such file or directory位置文件/Applications/MAMP/htdocs/FunnyPHP/Framework/Drive/Factory.php,第20行
未知错误类型:编号[2]Division by zero位置文件/Applications/MAMP/htdocs/FunnyPHP/Framework/Application.php,第37行
未知错误类型:编号[2]require(Factory/hello.php): failed to open stream: No such file or directory位置文件/Applications/MAMP/htdocs/FunnyPHP/Framework/Drive/Factory.php,第20行
未知错误类型:编号[2]Division by zero位置文件/Applications/MAMP/htdocs/FunnyPHP/Framework/Application.php,第37行
未知错误类型:编号[2]require(Factory/hello.php): failed to open stream: No such file or directory位置文件/Applications/MAMP/htdocs/FunnyPHP/Framework/Drive/Factory.php,第20行
未知错误类型:编号[2]Division by zero位置文件/Applications/MAMP/htdocs/FunnyPHP/Framework/Application.php,第37行
未知错误类型:编号[2]require(Factory/hello.php): failed to open stream: No such file or directory位置文件/Applications/MAMP/htdocs/FunnyPHP/Framework/Drive/Factory.php,第20行
未知错误类型:编号[2]Division by zero位置文件/Applications/MAMP/htdocs/FunnyPHP/Framework/Application.php,第37行
未知错误类型:编号[2]require(Factory/hello.php): failed to open stream: No such file or directory位置文件/Applications/MAMP/htdocs/FunnyPHP/Framework/Drive/Factory.php,第20行
未知错误类型:编号[2]Division by zero位置文件/Applications/MAMP/htdocs/FunnyPHP/Framework/Application.php,第37行
未知错误类型:编号[2]require(FactoryLib/hello.php): failed to open stream: No such file or directory位置文件/Applications/MAMP/htdocs/FunnyPHP/Framework/Drive/Factory.php,第20行
未知错误类型:编号[2]Division by zero位置文件/Applications/MAMP/htdocs/FunnyPHP/Framework/Application.php,第37行
未知错误类型:编号[2]require(FactoryLib/hello.php): failed to open stream: No such file or directory位置文件/Applications/MAMP/htdocs/FunnyPHP/Framework/Drive/Factory.php,第20行
未知错误类型:编号[2]Division by zero位置文件/Applications/MAMP/htdocs/FunnyPHP/Framework/Application.php,第37行
未知错误类型:编号[2]require(FactoryLib/hello.php): failed to open stream: No such file or directory位置文件/Applications/MAMP/htdocs/FunnyPHP/Framework/Drive/Factory.php,第20行
未知错误类型:编号[2]Division by zero位置文件/Applications/MAMP/htdocs/FunnyPHP/Framework/Application.php,第37行
未知错误类型:编号[2]require(FactoryLib/hello.php): failed to open stream: No such file or directory位置文件/Applications/MAMP/htdocs/FunnyPHP/Framework/Drive/Factory.php,第20行
未知错误类型:编号[2]Division by zero位置文件/Applications/MAMP/htdocs/FunnyPHP/Framework/Application.php,第37行
未知错误类型:编号[2]require(FactoryLib/hello.php): failed to open stream: No such file or directory位置文件/Applications/MAMP/htdocs/FunnyPHP/Framework/Drive/Factory.php,第20行
未知错误类型:编号[2]Division by zero位置文件/Applications/MAMP/htdocs/FunnyPHP/Framework/Application.php,第37行
未知错误类型:编号[2]require(FactoryLib/hello.php): failed to open stream: No such file or directory位置文件/Applications/MAMP/htdocs/FunnyPHP/Framework/Drive/Factory.php,第20行
未知错误类型:编号[2]Division by zero位置文件/Applications/MAMP/htdocs/FunnyPHP/Framework/Application.php,第37行
未知错误类型:编号[2]require(FactoryLib/hello.php): failed to open stream: No such file or directory位置文件/Applications/MAMP/htdocs/FunnyPHP/Framework/Drive/Factory.php,第20行
未知错误类型:编号[2]Division by zero位置文件/Applications/MAMP/htdocs/FunnyPHP/Framework/Application.php,第37行
未知错误类型:编号[2]require(FactoryLib/hello.php): failed to open stream: No such file or directory位置文件/Applications/MAMP/htdocs/FunnyPHP/Framework/Drive/Factory.php,第20行
未知错误类型:编号[2]Division by zero位置文件/Applications/MAMP/htdocs/FunnyPHP/Framework/Application.php,第37行
未知错误类型:编号[2]include_once(../App/Framework/FactoryLib/Hello.php): failed to open stream: No such file or directory位置文件/Applications/MAMP/htdocs/FunnyPHP/Framework/bootstrap.php,第44行
未知错误类型:编号[2]include_once(): Failed opening '../App/Framework/FactoryLib/Hello.php' for inclusion (include_path='.:/Applications/MAMP/bin/php/php7.0.8/lib/php')位置文件/Applications/MAMP/htdocs/FunnyPHP/Framework/bootstrap.php,第44行
未知错误类型:编号[2]Division by zero位置文件/Applications/MAMP/htdocs/FunnyPHP/Framework/Application.php,第37行
未知错误类型:编号[2]include_once(../App/Framework/FactoryLib/Hello.php): failed to open stream: No such file or directory位置文件/Applications/MAMP/htdocs/FunnyPHP/Framework/bootstrap.php,第44行
未知错误类型:编号[2]include_once(): Failed opening '../App/Framework/FactoryLib/Hello.php' for inclusion (include_path='.:/Applications/MAMP/bin/php/php7.0.8/lib/php')位置文件/Applications/MAMP/htdocs/FunnyPHP/Framework/bootstrap.php,第44行
未知错误类型:编号[2]Division by zero位置文件/Applications/MAMP/htdocs/FunnyPHP/Framework/Application.php,第37行
未知错误类型:编号[2]include_once(../App/Framework/FactoryLib/Hello.php): failed to open stream: No such file or directory位置文件/Applications/MAMP/htdocs/FunnyPHP/Framework/bootstrap.php,第44行
未知错误类型:编号[2]include_once(): Failed opening '../App/Framework/FactoryLib/Hello.php' for inclusion (include_path='.:/Applications/MAMP/bin/php/php7.0.8/lib/php')位置文件/Applications/MAMP/htdocs/FunnyPHP/Framework/bootstrap.php,第44行
未知错误类型:编号[2]Division by zero位置文件/Applications/MAMP/htdocs/FunnyPHP/Framework/Application.php,第37行
未知错误类型:编号[2]include_once(../App/Framework/FactoryLib/Hello.php): failed to open stream: No such file or directory位置文件/Applications/MAMP/htdocs/FunnyPHP/Framework/bootstrap.php,第44行
未知错误类型:编号[2]include_once(): Failed opening '../App/Framework/FactoryLib/Hello.php' for inclusion (include_path='.:/Applications/MAMP/bin/php/php7.0.8/lib/php')位置文件/Applications/MAMP/htdocs/FunnyPHP/Framework/bootstrap.php,第44行
未知错误类型:编号[2]Division by zero位置文件/Applications/MAMP/htdocs/FunnyPHP/Framework/Application.php,第37行
未知错误类型:编号[2]include_once(../App/Framework/FactoryLib/Hello.php): failed to open stream: No such file or directory位置文件/Applications/MAMP/htdocs/FunnyPHP/Framework/bootstrap.php,第44行
未知错误类型:编号[2]include_once(): Failed opening '../App/Framework/FactoryLib/Hello.php' for inclusion (include_path='.:/Applications/MAMP/bin/php/php7.0.8/lib/php')位置文件/Applications/MAMP/htdocs/FunnyPHP/Framework/bootstrap.php,第44行
未知错误类型:编号[2]Division by zero位置文件/Applications/MAMP/htdocs/FunnyPHP/Framework/Application.php,第37行
未知错误类型:编号[2]include_once(../App/Framework/FactoryLib/Hello.php): failed to open stream: No such file or directory位置文件/Applications/MAMP/htdocs/FunnyPHP/Framework/bootstrap.php,第44行
未知错误类型:编号[2]include_once(): Failed opening '../App/Framework/FactoryLib/Hello.php' for inclusion (include_path='.:/Applications/MAMP/bin/php/php7.0.8/lib/php')位置文件/Applications/MAMP/htdocs/FunnyPHP/Framework/bootstrap.php,第44行
未知错误类型:编号[2]Division by zero位置文件/Applications/MAMP/htdocs/FunnyPHP/Framework/Application.php,第37行
未知错误类型:编号[2]include_once(../App/Framework/FactoryLib/Hello.php): failed to open stream: No such file or directory位置文件/Applications/MAMP/htdocs/FunnyPHP/Framework/bootstrap.php,第44行
未知错误类型:编号[2]include_once(): Failed opening '../App/Framework/FactoryLib/Hello.php' for inclusion (include_path='.:/Applications/MAMP/bin/php/php7.0.8/lib/php')位置文件/Applications/MAMP/htdocs/FunnyPHP/Framework/bootstrap.php,第44行
未知错误类型:编号[2]Division by zero位置文件/Applications/MAMP/htdocs/FunnyPHP/Framework/Application.php,第37行
未知错误类型:编号[2]include_once(../App/Framework/FactoryLib/Hello.php): failed to open stream: No such file or directory位置文件/Applications/MAMP/htdocs/FunnyPHP/Framework/bootstrap.php,第44行
未知错误类型:编号[2]include_once(): Failed opening '../App/Framework/FactoryLib/Hello.php' for inclusion (include_path='.:/Applications/MAMP/bin/php/php7.0.8/lib/php')位置文件/Applications/MAMP/htdocs/FunnyPHP/Framework/bootstrap.php,第44行
未知错误类型:编号[2]Division by zero位置文件/Applications/MAMP/htdocs/FunnyPHP/Framework/Application.php,第37行
未知错误类型:编号[2]include_once(../App/Framework/FactoryLib/Hello.php): failed to open stream: No such file or directory位置文件/Applications/MAMP/htdocs/FunnyPHP/Framework/bootstrap.php,第44行
未知错误类型:编号[2]include_once(): Failed opening '../App/Framework/FactoryLib/Hello.php' for inclusion (include_path='.:/Applications/MAMP/bin/php/php7.0.8/lib/php')位置文件/Applications/MAMP/htdocs/FunnyPHP/Framework/bootstrap.php,第44行
未知错误类型:编号[2]Division by zero位置文件/Applications/MAMP/htdocs/FunnyPHP/Framework/Application.php,第37行
未知错误类型:编号[2]include_once(../App/Framework/FactoryLib/Hello.php): failed to open stream: No such file or directory位置文件/Applications/MAMP/htdocs/FunnyPHP/Framework/bootstrap.php,第44行
未知错误类型:编号[2]include_once(): Failed opening '../App/Framework/FactoryLib/Hello.php' for inclusion (include_path='.:/Applications/MAMP/bin/php/php7.0.8/lib/php')位置文件/Applications/MAMP/htdocs/FunnyPHP/Framework/bootstrap.php,第44行
未知错误类型:编号[2]Division by zero位置文件/Applications/MAMP/htdocs/FunnyPHP/Framework/Application.php,第37行
未知错误类型:编号[2]include_once(../App/Framework/FactoryLib/Hello.php): failed to open stream: No such file or directory位置文件/Applications/MAMP/htdocs/FunnyPHP/Framework/bootstrap.php,第44行
未知错误类型:编号[2]include_once(): Failed opening '../App/Framework/FactoryLib/Hello.php' for inclusion (include_path='.:/Applications/MAMP/bin/php/php7.0.8/lib/php')位置文件/Applications/MAMP/htdocs/FunnyPHP/Framework/bootstrap.php,第44行
未知错误类型:编号[2]Division by zero位置文件/Applications/MAMP/htdocs/FunnyPHP/Framework/Application.php,第37行
未知错误类型:编号[2]include_once(../App/Framework/FactoryLib/Hello.php): failed to open stream: No such file or directory位置文件/Applications/MAMP/htdocs/FunnyPHP/Framework/bootstrap.php,第44行
未知错误类型:编号[2]include_once(): Failed opening '../App/Framework/FactoryLib/Hello.php' for inclusion (include_path='.:/Applications/MAMP/bin/php/php7.0.8/lib/php')位置文件/Applications/MAMP/htdocs/FunnyPHP/Framework/bootstrap.php,第44行
未知错误类型:编号[2]Division by zero位置文件/Applications/MAMP/htdocs/FunnyPHP/Framework/Application.php,第37行
未知错误类型:编号[2]include_once(../App/Framework/FactoryLib/Hello.php): failed to open stream: No such file or directory位置文件/Applications/MAMP/htdocs/FunnyPHP/Framework/bootstrap.php,第44行
未知错误类型:编号[2]include_once(): Failed opening '../App/Framework/FactoryLib/Hello.php' for inclusion (include_path='.:/Applications/MAMP/bin/php/php7.0.8/lib/php')位置文件/Applications/MAMP/htdocs/FunnyPHP/Framework/bootstrap.php,第44行
未知错误类型:编号[2]Division by zero位置文件/Applications/MAMP/htdocs/FunnyPHP/Framework/Application.php,第37行
未知错误类型:编号[2]include_once(../App/Framework/FactoryLib/Hello.php): failed to open stream: No such file or directory位置文件/Applications/MAMP/htdocs/FunnyPHP/Framework/bootstrap.php,第44行
未知错误类型:编号[2]include_once(): Failed opening '../App/Framework/FactoryLib/Hello.php' for inclusion (include_path='.:/Applications/MAMP/bin/php/php7.0.8/lib/php')位置文件/Applications/MAMP/htdocs/FunnyPHP/Framework/bootstrap.php,第44行
未知错误类型:编号[2]Division by zero位置文件/Applications/MAMP/htdocs/FunnyPHP/Framework/Application.php,第37行
未知错误类型:编号[2]include_once(../App/Framework/FactoryLib/Hello.php): failed to open stream: No such file or directory位置文件/Applications/MAMP/htdocs/FunnyPHP/Framework/bootstrap.php,第44行
未知错误类型:编号[2]include_once(): Failed opening '../App/Framework/FactoryLib/Hello.php' for inclusion (include_path='.:/Applications/MAMP/bin/php/php7.0.8/lib/php')位置文件/Applications/MAMP/htdocs/FunnyPHP/Framework/bootstrap.php,第44行
未知错误类型:编号[2]Division by zero位置文件/Applications/MAMP/htdocs/FunnyPHP/Framework/Application.php,第37行
未知错误类型:编号[2]include_once(../App/Framework/FactoryLib/Hello.php): failed to open stream: No such file or directory位置文件/Applications/MAMP/htdocs/FunnyPHP/Framework/bootstrap.php,第44行
未知错误类型:编号[2]include_once(): Failed opening '../App/Framework/FactoryLib/Hello.php' for inclusion (include_path='.:/Applications/MAMP/bin/php/php7.0.8/lib/php')位置文件/Applications/MAMP/htdocs/FunnyPHP/Framework/bootstrap.php,第44行
未知错误类型:编号[2]Division by zero位置文件/Applications/MAMP/htdocs/FunnyPHP/Framework/Application.php,第37行
未知错误类型:编号[2]include_once(../App/Framework/Factory/Hello.php): failed to open stream: No such file or directory位置文件/Applications/MAMP/htdocs/FunnyPHP/Framework/bootstrap.php,第44行
未知错误类型:编号[2]include_once(): Failed opening '../App/Framework/Factory/Hello.php' for inclusion (include_path='.:/Applications/MAMP/bin/php/php7.0.8/lib/php')位置文件/Applications/MAMP/htdocs/FunnyPHP/Framework/bootstrap.php,第44行
未知错误类型:编号[2]Division by zero位置文件/Applications/MAMP/htdocs/FunnyPHP/Framework/Application.php,第37行
未知错误类型:编号[2]include_once(../App/Framework/Factory/Hello.php): failed to open stream: No such file or directory位置文件/Applications/MAMP/htdocs/FunnyPHP/Framework/bootstrap.php,第44行
未知错误类型:编号[2]include_once(): Failed opening '../App/Framework/Factory/Hello.php' for inclusion (include_path='.:/Applications/MAMP/bin/php/php7.0.8/lib/php')位置文件/Applications/MAMP/htdocs/FunnyPHP/Framework/bootstrap.php,第44行
未知错误类型:编号[2]Division by zero位置文件/Applications/MAMP/htdocs/FunnyPHP/Framework/Application.php,第37行
未知错误类型:编号[2]include_once(../App/Framework/Factory/Hello.php): failed to open stream: No such file or directory位置文件/Applications/MAMP/htdocs/FunnyPHP/Framework/bootstrap.php,第44行
未知错误类型:编号[2]include_once(): Failed opening '../App/Framework/Factory/Hello.php' for inclusion (include_path='.:/Applications/MAMP/bin/php/php7.0.8/lib/php')位置文件/Applications/MAMP/htdocs/FunnyPHP/Framework/bootstrap.php,第44行
未知错误类型:编号[2]Division by zero位置文件/Applications/MAMP/htdocs/FunnyPHP/Framework/Application.php,第37行
未知错误类型:编号[2]include_once(../App/Framework/Factory/Hello.php): failed to open stream: No such file or directory位置文件/Applications/MAMP/htdocs/FunnyPHP/Framework/bootstrap.php,第44行
未知错误类型:编号[2]include_once(): Failed opening '../App/Framework/Factory/Hello.php' for inclusion (include_path='.:/Applications/MAMP/bin/php/php7.0.8/lib/php')位置文件/Applications/MAMP/htdocs/FunnyPHP/Framework/bootstrap.php,第44行
未知错误类型:编号[2]Division by zero位置文件/Applications/MAMP/htdocs/FunnyPHP/Framework/Application.php,第37行
未知错误类型:编号[2]include_once(../App/Framework/Factory/Hello.php): failed to open stream: No such file or directory位置文件/Applications/MAMP/htdocs/FunnyPHP/Framework/bootstrap.php,第44行
未知错误类型:编号[2]include_once(): Failed opening '../App/Framework/Factory/Hello.php' for inclusion (include_path='.:/Applications/MAMP/bin/php/php7.0.8/lib/php')位置文件/Applications/MAMP/htdocs/FunnyPHP/Framework/bootstrap.php,第44行
未知错误类型:编号[2]Division by zero位置文件/Applications/MAMP/htdocs/FunnyPHP/Framework/Application.php,第37行
未知错误类型:编号[2]Division by zero位置文件/Applications/MAMP/htdocs/FunnyPHP/Framework/Application.php,第37行
未知错误类型:编号[2]Division by zero位置文件/Applications/MAMP/htdocs/FunnyPHP/Framework/Application.php,第37行
未知错误类型:编号[2]Division by zero位置文件/Applications/MAMP/htdocs/FunnyPHP/Framework/Application.php,第37行
未知错误类型:编号[2]Division by zero位置文件/Applications/MAMP/htdocs/FunnyPHP/Framework/Application.php,第37行
未知错误类型:编号[2]Division by zero位置文件/Applications/MAMP/htdocs/FunnyPHP/Framework/Application.php,第37行
未知错误类型:编号[2]Division by zero位置文件/Applications/MAMP/htdocs/FunnyPHP/Framework/Application.php,第37行
未知错误类型:编号[2]Division by zero位置文件/Applications/MAMP/htdocs/FunnyPHP/Framework/Application.php,第37行
未知错误类型:编号[2]Division by zero位置文件/Applications/MAMP/htdocs/FunnyPHP/Framework/Application.php,第37行
未知错误类型:编号[4096]Object of class Framework\Factory\Hello could not be converted to string位置文件/Applications/MAMP/htdocs/FunnyPHP/App/Action/IndexAction.php,第17行
未知错误类型:编号[2]Division by zero位置文件/Applications/MAMP/htdocs/FunnyPHP/Framework/Application.php,第37行
未知错误类型:编号[4096]Object of class Framework\Factory\Hello could not be converted to string位置文件/Applications/MAMP/htdocs/FunnyPHP/App/Action/IndexAction.php,第17行
未知错误类型:编号[2]Division by zero位置文件/Applications/MAMP/htdocs/FunnyPHP/Framework/Application.php,第37行
未知错误类型:编号[4096]Object of class Framework\Factory\Hello could not be converted to string位置文件/Applications/MAMP/htdocs/FunnyPHP/App/Action/IndexAction.php,第17行
未知错误类型:编号[2]Division by zero位置文件/Applications/MAMP/htdocs/FunnyPHP/Framework/Application.php,第37行
未知错误类型:编号[4096]Object of class Framework\Factory\Hello could not be converted to string位置文件/Applications/MAMP/htdocs/FunnyPHP/App/Action/IndexAction.php,第17行
未知错误类型:编号[2]Division by zero位置文件/Applications/MAMP/htdocs/FunnyPHP/Framework/Application.php,第37行
未知错误类型:编号[4096]Object of class Framework\Factory\Hello could not be converted to string位置文件/Applications/MAMP/htdocs/FunnyPHP/App/Action/IndexAction.php,第17行
未知错误类型:编号[2]Division by zero位置文件/Applications/MAMP/htdocs/FunnyPHP/Framework/Application.php,第37行
未知错误类型:编号[4096]Object of class Framework\Factory\Hello could not be converted to string位置文件/Applications/MAMP/htdocs/FunnyPHP/App/Action/IndexAction.php,第17行
未知错误类型:编号[2]Division by zero位置文件/Applications/MAMP/htdocs/FunnyPHP/Framework/Application.php,第37行
未知错误类型:编号[4096]Object of class Framework\Factory\Hello could not be converted to string位置文件/Applications/MAMP/htdocs/FunnyPHP/App/Action/IndexAction.php,第17行
未知错误类型:编号[2]Division by zero位置文件/Applications/MAMP/htdocs/FunnyPHP/Framework/Application.php,第37行
未知错误类型:编号[4096]Object of class Framework\Factory\Hello could not be converted to string位置文件/Applications/MAMP/htdocs/FunnyPHP/App/Action/IndexAction.php,第17行
未知错误类型:编号[2]Division by zero位置文件/Applications/MAMP/htdocs/FunnyPHP/Framework/Application.php,第37行
未知错误类型:编号[2]Division by zero位置文件/Applications/MAMP/htdocs/FunnyPHP/Framework/Application.php,第37行
未知错误类型:编号[2]Division by zero位置文件/Applications/MAMP/htdocs/FunnyPHP/Framework/Application.php,第37行
未知错误类型:编号[2]Division by zero位置文件/Applications/MAMP/htdocs/FunnyPHP/Framework/Application.php,第37行
未知错误类型:编号[2]Division by zero位置文件/Applications/MAMP/htdocs/FunnyPHP/Framework/Application.php,第37行
未知错误类型:编号[2]Division by zero位置文件/Applications/MAMP/htdocs/FunnyPHP/Framework/Application.php,第37行
未知错误类型:编号[2]Division by zero位置文件/Applications/MAMP/htdocs/FunnyPHP/Framework/Application.php,第37行
未知错误类型:编号[2]Division by zero位置文件/Applications/MAMP/htdocs/FunnyPHP/Framework/Application.php,第37行
未知错误类型:编号[2]Division by zero位置文件/Applications/MAMP/htdocs/FunnyPHP/Framework/Application.php,第37行
未知错误类型:编号[2]Division by zero位置文件/Applications/MAMP/htdocs/FunnyPHP/Framework/Application.php,第37行
未知错误类型:编号[2]Division by zero位置文件/Applications/MAMP/htdocs/FunnyPHP/Framework/Application.php,第37行
未知错误类型:编号[2]Division by zero位置文件/Applications/MAMP/htdocs/FunnyPHP/Framework/Application.php,第37行
未知错误类型:编号[2]Division by zero位置文件/Applications/MAMP/htdocs/FunnyPHP/Framework/Application.php,第37行
未知错误类型:编号[2]Division by zero位置文件/Applications/MAMP/htdocs/FunnyPHP/Framework/Application.php,第37行
未知错误类型:编号[2]Division by zero位置文件/Applications/MAMP/htdocs/FunnyPHP/Framework/Application.php,第37行
未知错误类型:编号[2]Division by zero位置文件/Applications/MAMP/htdocs/FunnyPHP/Framework/Application.php,第37行
未知错误类型:编号[2]Division by zero位置文件/Applications/MAMP/htdocs/FunnyPHP/Framework/Application.php,第37行
未知错误类型:编号[2]Division by zero位置文件/Applications/MAMP/htdocs/FunnyPHP/Framework/Application.php,第37行
未知错误类型:编号[2]Division by zero位置文件/Applications/MAMP/htdocs/FunnyPHP/Framework/Application.php,第37行
未知错误类型:编号[2]Division by zero位置文件/Applications/MAMP/htdocs/FunnyPHP/Framework/Application.php,第37行
未知错误类型:编号[2]Division by zero位置文件/Applications/MAMP/htdocs/FunnyPHP/Framework/Application.php,第37行
未知错误类型:编号[2]Division by zero位置文件/Applications/MAMP/htdocs/FunnyPHP/Framework/Application.php,第37行
未知错误类型:编号[2]Division by zero位置文件/Applications/MAMP/htdocs/FunnyPHP/Framework/Application.php,第37行
未知错误类型:编号[2]Division by zero位置文件/Applications/MAMP/htdocs/FunnyPHP/Framework/Application.php,第37行
未知错误类型:编号[2]Division by zero位置文件/Applications/MAMP/htdocs/FunnyPHP/Framework/Application.php,第37行
未知错误类型:编号[2]Division by zero位置文件/Applications/MAMP/htdocs/FunnyPHP/Framework/Application.php,第37行
未知错误类型:编号[2]Division by zero位置文件/Applications/MAMP/htdocs/FunnyPHP/Framework/Application.php,第37行
未知错误类型:编号[2]Division by zero位置文件/Applications/MAMP/htdocs/FunnyPHP/Framework/Application.php,第37行
未知错误类型:编号[2]Division by zero位置文件/Applications/MAMP/htdocs/FunnyPHP/Framework/Application.php,第37行
未知错误类型:编号[8]Use of undefined constant CONFIG - assumed 'CONFIG'位置文件/Applications/MAMP/htdocs/FunnyPHP/Framework/functions.php,第261行
未知错误类型:编号[2]Illegal string offset 'name'位置文件/Applications/MAMP/htdocs/FunnyPHP/Framework/functions.php,第261行
未知错误类型:编号[2]Illegal string offset 'appname'位置文件/Applications/MAMP/htdocs/FunnyPHP/App/Action/IndexAction.php,第15行
未知错误类型:编号[2]Division by zero位置文件/Applications/MAMP/htdocs/FunnyPHP/Framework/Application.php,第37行
未知错误类型:编号[8]Use of undefined constant CONFIG - assumed 'CONFIG'位置文件/Applications/MAMP/htdocs/FunnyPHP/Framework/functions.php,第261行
未知错误类型:编号[2]Illegal string offset 'name'位置文件/Applications/MAMP/htdocs/FunnyPHP/Framework/functions.php,第261行
未知错误类型:编号[2]Illegal string offset 'appname'位置文件/Applications/MAMP/htdocs/FunnyPHP/App/Action/IndexAction.php,第15行
未知错误类型:编号[2]Division by zero位置文件/Applications/MAMP/htdocs/FunnyPHP/Framework/Application.php,第37行
未知错误类型:编号[8]Use of undefined constant CONFIG - assumed 'CONFIG'位置文件/Applications/MAMP/htdocs/FunnyPHP/Framework/functions.php,第261行
未知错误类型:编号[2]Illegal string offset 'name'位置文件/Applications/MAMP/htdocs/FunnyPHP/Framework/functions.php,第261行
未知错误类型:编号[2]Illegal string offset 'appname'位置文件/Applications/MAMP/htdocs/FunnyPHP/App/Action/IndexAction.php,第15行
未知错误类型:编号[2]Division by zero位置文件/Applications/MAMP/htdocs/FunnyPHP/Framework/Application.php,第37行
未知错误类型:编号[8]Use of undefined constant CONFIG - assumed 'CONFIG'位置文件/Applications/MAMP/htdocs/FunnyPHP/Framework/functions.php,第261行
未知错误类型:编号[2]Illegal string offset 'name'位置文件/Applications/MAMP/htdocs/FunnyPHP/Framework/functions.php,第261行
未知错误类型:编号[2]Illegal string offset 'appname'位置文件/Applications/MAMP/htdocs/FunnyPHP/App/Action/IndexAction.php,第15行
未知错误类型:编号[2]Division by zero位置文件/Applications/MAMP/htdocs/FunnyPHP/Framework/Application.php,第37行
未知错误类型:编号[8]Use of undefined constant CONFIG - assumed 'CONFIG'位置文件/Applications/MAMP/htdocs/FunnyPHP/Framework/functions.php,第261行
未知错误类型:编号[2]Illegal string offset 'name'位置文件/Applications/MAMP/htdocs/FunnyPHP/Framework/functions.php,第261行
未知错误类型:编号[2]Illegal string offset 'appname'位置文件/Applications/MAMP/htdocs/FunnyPHP/App/Action/IndexAction.php,第15行
未知错误类型:编号[2]Division by zero位置文件/Applications/MAMP/htdocs/FunnyPHP/Framework/Application.php,第37行
未知错误类型:编号[8]Use of undefined constant CONFIG - assumed 'CONFIG'位置文件/Applications/MAMP/htdocs/FunnyPHP/Framework/functions.php,第261行
未知错误类型:编号[2]Illegal string offset 'name'位置文件/Applications/MAMP/htdocs/FunnyPHP/Framework/functions.php,第261行
未知错误类型:编号[2]Illegal string offset 'appname'位置文件/Applications/MAMP/htdocs/FunnyPHP/App/Action/IndexAction.php,第15行
未知错误类型:编号[2]Division by zero位置文件/Applications/MAMP/htdocs/FunnyPHP/Framework/Application.php,第37行
未知错误类型:编号[2]Division by zero位置文件/Applications/MAMP/htdocs/FunnyPHP/Framework/Application.php,第37行
未知错误类型:编号[2]Division by zero位置文件/Applications/MAMP/htdocs/FunnyPHP/Framework/Application.php,第37行
未知错误类型:编号[2]Division by zero位置文件/Applications/MAMP/htdocs/FunnyPHP/Framework/Application.php,第37行
未知错误类型:编号[2]Division by zero位置文件/Applications/MAMP/htdocs/FunnyPHP/Framework/Application.php,第37行
未知错误类型:编号[2]Division by zero位置文件/Applications/MAMP/htdocs/FunnyPHP/Framework/Application.php,第37行
未知错误类型:编号[2]Division by zero位置文件/Applications/MAMP/htdocs/FunnyPHP/Framework/Application.php,第37行
未知错误类型:编号[2]Division by zero位置文件/Applications/MAMP/htdocs/FunnyPHP/Framework/Application.php,第37行
未知错误类型:编号[8]Undefined index: name位置文件/Applications/MAMP/htdocs/FunnyPHP/App/Action/IndexAction.php,第25行
