未知错误类型:编号[8]Undefined index: accessLog位置文件/Applications/MAMP/htdocs/FunnyPHP/Framework/bootstrap.php,第78行
未知错误类型:编号[8]Use of undefined constant R - assumed 'R'位置文件/Applications/MAMP/htdocs/FunnyPHP/Framework/bootstrap.php,第81行
未知错误类型:编号[8]Undefined index: accessLog位置文件/Applications/MAMP/htdocs/FunnyPHP/Framework/bootstrap.php,第78行
未知错误类型:编号[8]Use of undefined constant R - assumed 'R'位置文件/Applications/MAMP/htdocs/FunnyPHP/Framework/bootstrap.php,第81行
未知错误类型:编号[8]Undefined index: accessLog位置文件/Applications/MAMP/htdocs/FunnyPHP/Framework/bootstrap.php,第78行
未知错误类型:编号[8]Use of undefined constant R - assumed 'R'位置文件/Applications/MAMP/htdocs/FunnyPHP/Framework/bootstrap.php,第81行
未知错误类型:编号[8]Undefined index: accessLog位置文件/Applications/MAMP/htdocs/FunnyPHP/Framework/bootstrap.php,第78行
未知错误类型:编号[8]Use of undefined constant R - assumed 'R'位置文件/Applications/MAMP/htdocs/FunnyPHP/Framework/bootstrap.php,第81行
未知错误类型:编号[8]Undefined index: accessLog位置文件/Applications/MAMP/htdocs/FunnyPHP/Framework/bootstrap.php,第78行
未知错误类型:编号[8]Use of undefined constant R - assumed 'R'位置文件/Applications/MAMP/htdocs/FunnyPHP/Framework/Application.php,第27行
未知错误类型:编号[2]Illegal string offset '/'位置文件/Applications/MAMP/htdocs/FunnyPHP/Framework/Application.php,第27行
未知错误类型:编号[2]Illegal string offset 'method'位置文件/Applications/MAMP/htdocs/FunnyPHP/Framework/Application.php,第27行
未知错误类型:编号[8]Use of undefined constant R - assumed 'R'位置文件/Applications/MAMP/htdocs/FunnyPHP/Framework/Application.php,第28行
未知错误类型:编号[2]Illegal string offset '/'位置文件/Applications/MAMP/htdocs/FunnyPHP/Framework/Application.php,第28行
未知错误类型:编号[2]Illegal string offset 'return'位置文件/Applications/MAMP/htdocs/FunnyPHP/Framework/Application.php,第28行
未知错误类型:编号[8]Use of undefined constant S - assumed 'S'位置文件/Applications/MAMP/htdocs/FunnyPHP/Framework/Application.php,第30行
未知错误类型:编号[2]Illegal string offset 'action'位置文件/Applications/MAMP/htdocs/FunnyPHP/Framework/Application.php,第30行
未知错误类型:编号[8]Use of undefined constant R - assumed 'R'位置文件/Applications/MAMP/htdocs/FunnyPHP/Framework/Application.php,第30行
未知错误类型:编号[2]Illegal string offset '/'位置文件/Applications/MAMP/htdocs/FunnyPHP/Framework/Application.php,第30行
未知错误类型:编号[2]Illegal string offset 'action'位置文件/Applications/MAMP/htdocs/FunnyPHP/Framework/Application.php,第30行
未知错误类型:编号[8]Use of undefined constant R - assumed 'R'位置文件/Applications/MAMP/htdocs/FunnyPHP/Framework/Application.php,第32行
未知错误类型:编号[8]Use of undefined constant R - assumed 'R'位置文件/Applications/MAMP/htdocs/FunnyPHP/Framework/Application.php,第37行
未知错误类型:编号[8]Undefined index: accessLog位置文件/Applications/MAMP/htdocs/FunnyPHP/Framework/bootstrap.php,第78行
未知错误类型:编号[8]Use of undefined constant R - assumed 'R'位置文件/Applications/MAMP/htdocs/FunnyPHP/Framework/Application.php,第27行
未知错误类型:编号[2]Illegal string offset '/'位置文件/Applications/MAMP/htdocs/FunnyPHP/Framework/Application.php,第27行
未知错误类型:编号[2]Illegal string offset 'method'位置文件/Applications/MAMP/htdocs/FunnyPHP/Framework/Application.php,第27行
未知错误类型:编号[8]Use of undefined constant R - assumed 'R'位置文件/Applications/MAMP/htdocs/FunnyPHP/Framework/Application.php,第28行
未知错误类型:编号[2]Illegal string offset '/'位置文件/Applications/MAMP/htdocs/FunnyPHP/Framework/Application.php,第28行
未知错误类型:编号[2]Illegal string offset 'return'位置文件/Applications/MAMP/htdocs/FunnyPHP/Framework/Application.php,第28行
未知错误类型:编号[8]Use of undefined constant S - assumed 'S'位置文件/Applications/MAMP/htdocs/FunnyPHP/Framework/Application.php,第30行
未知错误类型:编号[2]Illegal string offset 'action'位置文件/Applications/MAMP/htdocs/FunnyPHP/Framework/Application.php,第30行
未知错误类型:编号[8]Use of undefined constant R - assumed 'R'位置文件/Applications/MAMP/htdocs/FunnyPHP/Framework/Application.php,第30行
未知错误类型:编号[2]Illegal string offset '/'位置文件/Applications/MAMP/htdocs/FunnyPHP/Framework/Application.php,第30行
未知错误类型:编号[2]Illegal string offset 'action'位置文件/Applications/MAMP/htdocs/FunnyPHP/Framework/Application.php,第30行
未知错误类型:编号[8]Use of undefined constant R - assumed 'R'位置文件/Applications/MAMP/htdocs/FunnyPHP/Framework/Application.php,第32行
未知错误类型:编号[8]Use of undefined constant R - assumed 'R'位置文件/Applications/MAMP/htdocs/FunnyPHP/Framework/Application.php,第37行
未知错误类型:编号[8]Undefined index: accessLog位置文件/Applications/MAMP/htdocs/FunnyPHP/Framework/bootstrap.php,第78行
未知错误类型:编号[8]Use of undefined constant R - assumed 'R'位置文件/Applications/MAMP/htdocs/FunnyPHP/Framework/Application.php,第27行
未知错误类型:编号[2]Illegal string offset '/'位置文件/Applications/MAMP/htdocs/FunnyPHP/Framework/Application.php,第27行
未知错误类型:编号[2]Illegal string offset 'method'位置文件/Applications/MAMP/htdocs/FunnyPHP/Framework/Application.php,第27行
未知错误类型:编号[8]Use of undefined constant R - assumed 'R'位置文件/Applications/MAMP/htdocs/FunnyPHP/Framework/Application.php,第28行
未知错误类型:编号[2]Illegal string offset '/'位置文件/Applications/MAMP/htdocs/FunnyPHP/Framework/Application.php,第28行
未知错误类型:编号[2]Illegal string offset 'return'位置文件/Applications/MAMP/htdocs/FunnyPHP/Framework/Application.php,第28行
未知错误类型:编号[8]Use of undefined constant S - assumed 'S'位置文件/Applications/MAMP/htdocs/FunnyPHP/Framework/Application.php,第30行
未知错误类型:编号[2]Illegal string offset 'action'位置文件/Applications/MAMP/htdocs/FunnyPHP/Framework/Application.php,第30行
未知错误类型:编号[8]Use of undefined constant R - assumed 'R'位置文件/Applications/MAMP/htdocs/FunnyPHP/Framework/Application.php,第30行
未知错误类型:编号[2]Illegal string offset '/'位置文件/Applications/MAMP/htdocs/FunnyPHP/Framework/Application.php,第30行
未知错误类型:编号[2]Illegal string offset 'action'位置文件/Applications/MAMP/htdocs/FunnyPHP/Framework/Application.php,第30行
未知错误类型:编号[8]Use of undefined constant R - assumed 'R'位置文件/Applications/MAMP/htdocs/FunnyPHP/Framework/Application.php,第32行
未知错误类型:编号[8]Use of undefined constant R - assumed 'R'位置文件/Applications/MAMP/htdocs/FunnyPHP/Framework/Application.php,第37行
未知错误类型:编号[8]Undefined index: accessLog位置文件/Applications/MAMP/htdocs/FunnyPHP/Framework/bootstrap.php,第78行
未知错误类型:编号[8]Use of undefined constant R - assumed 'R'位置文件/Applications/MAMP/htdocs/FunnyPHP/Framework/Application.php,第27行
未知错误类型:编号[2]Illegal string offset '/'位置文件/Applications/MAMP/htdocs/FunnyPHP/Framework/Application.php,第27行
未知错误类型:编号[2]Illegal string offset 'method'位置文件/Applications/MAMP/htdocs/FunnyPHP/Framework/Application.php,第27行
未知错误类型:编号[8]Use of undefined constant R - assumed 'R'位置文件/Applications/MAMP/htdocs/FunnyPHP/Framework/Application.php,第28行
未知错误类型:编号[2]Illegal string offset '/'位置文件/Applications/MAMP/htdocs/FunnyPHP/Framework/Application.php,第28行
未知错误类型:编号[2]Illegal string offset 'return'位置文件/Applications/MAMP/htdocs/FunnyPHP/Framework/Application.php,第28行
未知错误类型:编号[8]Use of undefined constant S - assumed 'S'位置文件/Applications/MAMP/htdocs/FunnyPHP/Framework/Application.php,第30行
未知错误类型:编号[2]Illegal string offset 'action'位置文件/Applications/MAMP/htdocs/FunnyPHP/Framework/Application.php,第30行
未知错误类型:编号[8]Use of undefined constant R - assumed 'R'位置文件/Applications/MAMP/htdocs/FunnyPHP/Framework/Application.php,第30行
未知错误类型:编号[2]Illegal string offset '/'位置文件/Applications/MAMP/htdocs/FunnyPHP/Framework/Application.php,第30行
未知错误类型:编号[2]Illegal string offset 'action'位置文件/Applications/MAMP/htdocs/FunnyPHP/Framework/Application.php,第30行
未知错误类型:编号[8]Use of undefined constant R - assumed 'R'位置文件/Applications/MAMP/htdocs/FunnyPHP/Framework/Application.php,第32行
未知错误类型:编号[8]Use of undefined constant R - assumed 'R'位置文件/Applications/MAMP/htdocs/FunnyPHP/Framework/Application.php,第37行
未知错误类型:编号[8]Undefined index: accessLog位置文件/Applications/MAMP/htdocs/FunnyPHP/Framework/bootstrap.php,第78行
未知错误类型:编号[8]Use of undefined constant R - assumed 'R'位置文件/Applications/MAMP/htdocs/FunnyPHP/Framework/Application.php,第27行
未知错误类型:编号[2]Illegal string offset '/'位置文件/Applications/MAMP/htdocs/FunnyPHP/Framework/Application.php,第27行
未知错误类型:编号[2]Illegal string offset 'method'位置文件/Applications/MAMP/htdocs/FunnyPHP/Framework/Application.php,第27行
未知错误类型:编号[8]Use of undefined constant R - assumed 'R'位置文件/Applications/MAMP/htdocs/FunnyPHP/Framework/Application.php,第28行
未知错误类型:编号[2]Illegal string offset '/'位置文件/Applications/MAMP/htdocs/FunnyPHP/Framework/Application.php,第28行
未知错误类型:编号[2]Illegal string offset 'return'位置文件/Applications/MAMP/htdocs/FunnyPHP/Framework/Application.php,第28行
未知错误类型:编号[8]Use of undefined constant S - assumed 'S'位置文件/Applications/MAMP/htdocs/FunnyPHP/Framework/Application.php,第30行
未知错误类型:编号[2]Illegal string offset 'action'位置文件/Applications/MAMP/htdocs/FunnyPHP/Framework/Application.php,第30行
未知错误类型:编号[8]Use of undefined constant R - assumed 'R'位置文件/Applications/MAMP/htdocs/FunnyPHP/Framework/Application.php,第30行
未知错误类型:编号[2]Illegal string offset '/'位置文件/Applications/MAMP/htdocs/FunnyPHP/Framework/Application.php,第30行
未知错误类型:编号[2]Illegal string offset 'action'位置文件/Applications/MAMP/htdocs/FunnyPHP/Framework/Application.php,第30行
未知错误类型:编号[8]Use of undefined constant R - assumed 'R'位置文件/Applications/MAMP/htdocs/FunnyPHP/Framework/Application.php,第32行
未知错误类型:编号[8]Use of undefined constant R - assumed 'R'位置文件/Applications/MAMP/htdocs/FunnyPHP/Framework/Application.php,第37行
未知错误类型:编号[8]Undefined index: accessLog位置文件/Applications/MAMP/htdocs/FunnyPHP/Framework/bootstrap.php,第78行
未知错误类型:编号[8]Use of undefined constant R - assumed 'R'位置文件/Applications/MAMP/htdocs/FunnyPHP/Framework/Application.php,第27行
未知错误类型:编号[2]Illegal string offset '/'位置文件/Applications/MAMP/htdocs/FunnyPHP/Framework/Application.php,第27行
未知错误类型:编号[2]Illegal string offset 'method'位置文件/Applications/MAMP/htdocs/FunnyPHP/Framework/Application.php,第27行
未知错误类型:编号[8]Use of undefined constant R - assumed 'R'位置文件/Applications/MAMP/htdocs/FunnyPHP/Framework/Application.php,第28行
未知错误类型:编号[2]Illegal string offset '/'位置文件/Applications/MAMP/htdocs/FunnyPHP/Framework/Application.php,第28行
未知错误类型:编号[2]Illegal string offset 'return'位置文件/Applications/MAMP/htdocs/FunnyPHP/Framework/Application.php,第28行
未知错误类型:编号[8]Use of undefined constant S - assumed 'S'位置文件/Applications/MAMP/htdocs/FunnyPHP/Framework/Application.php,第30行
未知错误类型:编号[2]Illegal string offset 'action'位置文件/Applications/MAMP/htdocs/FunnyPHP/Framework/Application.php,第30行
未知错误类型:编号[8]Use of undefined constant R - assumed 'R'位置文件/Applications/MAMP/htdocs/FunnyPHP/Framework/Application.php,第30行
未知错误类型:编号[2]Illegal string offset '/'位置文件/Applications/MAMP/htdocs/FunnyPHP/Framework/Application.php,第30行
未知错误类型:编号[2]Illegal string offset 'action'位置文件/Applications/MAMP/htdocs/FunnyPHP/Framework/Application.php,第30行
未知错误类型:编号[8]Use of undefined constant R - assumed 'R'位置文件/Applications/MAMP/htdocs/FunnyPHP/Framework/Application.php,第32行
未知错误类型:编号[8]Use of undefined constant R - assumed 'R'位置文件/Applications/MAMP/htdocs/FunnyPHP/Framework/Application.php,第37行
未知错误类型:编号[8]Undefined index: accessLog位置文件/Applications/MAMP/htdocs/FunnyPHP/Framework/bootstrap.php,第78行
未知错误类型:编号[8]Use of undefined constant R - assumed 'R'位置文件/Applications/MAMP/htdocs/FunnyPHP/Framework/Application.php,第27行
未知错误类型:编号[2]Illegal string offset '/'位置文件/Applications/MAMP/htdocs/FunnyPHP/Framework/Application.php,第27行
未知错误类型:编号[2]Illegal string offset 'method'位置文件/Applications/MAMP/htdocs/FunnyPHP/Framework/Application.php,第27行
未知错误类型:编号[8]Use of undefined constant R - assumed 'R'位置文件/Applications/MAMP/htdocs/FunnyPHP/Framework/Application.php,第28行
未知错误类型:编号[2]Illegal string offset '/'位置文件/Applications/MAMP/htdocs/FunnyPHP/Framework/Application.php,第28行
未知错误类型:编号[2]Illegal string offset 'return'位置文件/Applications/MAMP/htdocs/FunnyPHP/Framework/Application.php,第28行
未知错误类型:编号[8]Use of undefined constant S - assumed 'S'位置文件/Applications/MAMP/htdocs/FunnyPHP/Framework/Application.php,第30行
未知错误类型:编号[2]Illegal string offset 'action'位置文件/Applications/MAMP/htdocs/FunnyPHP/Framework/Application.php,第30行
未知错误类型:编号[8]Use of undefined constant R - assumed 'R'位置文件/Applications/MAMP/htdocs/FunnyPHP/Framework/Application.php,第30行
未知错误类型:编号[2]Illegal string offset '/'位置文件/Applications/MAMP/htdocs/FunnyPHP/Framework/Application.php,第30行
未知错误类型:编号[2]Illegal string offset 'action'位置文件/Applications/MAMP/htdocs/FunnyPHP/Framework/Application.php,第30行
未知错误类型:编号[8]Use of undefined constant R - assumed 'R'位置文件/Applications/MAMP/htdocs/FunnyPHP/Framework/Application.php,第32行
未知错误类型:编号[8]Use of undefined constant R - assumed 'R'位置文件/Applications/MAMP/htdocs/FunnyPHP/Framework/Application.php,第37行
未知错误类型:编号[8]Undefined index: accessLog位置文件/Applications/MAMP/htdocs/FunnyPHP/Framework/bootstrap.php,第78行
未知错误类型:编号[8]Use of undefined constant R - assumed 'R'位置文件/Applications/MAMP/htdocs/FunnyPHP/Framework/Application.php,第27行
未知错误类型:编号[2]Illegal string offset '/'位置文件/Applications/MAMP/htdocs/FunnyPHP/Framework/Application.php,第27行
未知错误类型:编号[2]Illegal string offset 'method'位置文件/Applications/MAMP/htdocs/FunnyPHP/Framework/Application.php,第27行
未知错误类型:编号[8]Use of undefined constant R - assumed 'R'位置文件/Applications/MAMP/htdocs/FunnyPHP/Framework/Application.php,第28行
未知错误类型:编号[2]Illegal string offset '/'位置文件/Applications/MAMP/htdocs/FunnyPHP/Framework/Application.php,第28行
未知错误类型:编号[2]Illegal string offset 'return'位置文件/Applications/MAMP/htdocs/FunnyPHP/Framework/Application.php,第28行
未知错误类型:编号[8]Use of undefined constant S - assumed 'S'位置文件/Applications/MAMP/htdocs/FunnyPHP/Framework/Application.php,第30行
未知错误类型:编号[2]Illegal string offset 'action'位置文件/Applications/MAMP/htdocs/FunnyPHP/Framework/Application.php,第30行
未知错误类型:编号[8]Use of undefined constant R - assumed 'R'位置文件/Applications/MAMP/htdocs/FunnyPHP/Framework/Application.php,第30行
未知错误类型:编号[2]Illegal string offset '/'位置文件/Applications/MAMP/htdocs/FunnyPHP/Framework/Application.php,第30行
未知错误类型:编号[2]Illegal string offset 'action'位置文件/Applications/MAMP/htdocs/FunnyPHP/Framework/Application.php,第30行
未知错误类型:编号[8]Use of undefined constant R - assumed 'R'位置文件/Applications/MAMP/htdocs/FunnyPHP/Framework/Application.php,第32行
未知错误类型:编号[8]Use of undefined constant R - assumed 'R'位置文件/Applications/MAMP/htdocs/FunnyPHP/Framework/Application.php,第37行
未知错误类型:编号[8]Undefined index: accessLog位置文件/Applications/MAMP/htdocs/FunnyPHP/Framework/bootstrap.php,第78行
未知错误类型:编号[8]Use of undefined constant R - assumed 'R'位置文件/Applications/MAMP/htdocs/FunnyPHP/Framework/Application.php,第27行
未知错误类型:编号[2]Illegal string offset '/'位置文件/Applications/MAMP/htdocs/FunnyPHP/Framework/Application.php,第27行
未知错误类型:编号[2]Illegal string offset 'method'位置文件/Applications/MAMP/htdocs/FunnyPHP/Framework/Application.php,第27行
未知错误类型:编号[8]Use of undefined constant R - assumed 'R'位置文件/Applications/MAMP/htdocs/FunnyPHP/Framework/Application.php,第28行
未知错误类型:编号[2]Illegal string offset '/'位置文件/Applications/MAMP/htdocs/FunnyPHP/Framework/Application.php,第28行
未知错误类型:编号[2]Illegal string offset 'return'位置文件/Applications/MAMP/htdocs/FunnyPHP/Framework/Application.php,第28行
未知错误类型:编号[8]Use of undefined constant S - assumed 'S'位置文件/Applications/MAMP/htdocs/FunnyPHP/Framework/Application.php,第30行
未知错误类型:编号[2]Illegal string offset 'action'位置文件/Applications/MAMP/htdocs/FunnyPHP/Framework/Application.php,第30行
未知错误类型:编号[8]Use of undefined constant R - assumed 'R'位置文件/Applications/MAMP/htdocs/FunnyPHP/Framework/Application.php,第30行
未知错误类型:编号[2]Illegal string offset '/'位置文件/Applications/MAMP/htdocs/FunnyPHP/Framework/Application.php,第30行
未知错误类型:编号[2]Illegal string offset 'action'位置文件/Applications/MAMP/htdocs/FunnyPHP/Framework/Application.php,第30行
未知错误类型:编号[8]Use of undefined constant R - assumed 'R'位置文件/Applications/MAMP/htdocs/FunnyPHP/Framework/Application.php,第32行
未知错误类型:编号[8]Use of undefined constant R - assumed 'R'位置文件/Applications/MAMP/htdocs/FunnyPHP/Framework/Application.php,第37行
未知错误类型:编号[2]Cannot modify header information - headers already sent by (output started at /Applications/MAMP/htdocs/FunnyPHP/Framework/Application.php:45)位置文件/Applications/MAMP/htdocs/FunnyPHP/Framework/helps.php,第330行
未知错误类型:编号[8]Undefined index: accessLog位置文件/Applications/MAMP/htdocs/FunnyPHP/Framework/bootstrap.php,第78行
未知错误类型:编号[8]Use of undefined constant R - assumed 'R'位置文件/Applications/MAMP/htdocs/FunnyPHP/Framework/Application.php,第27行
未知错误类型:编号[2]Illegal string offset '/'位置文件/Applications/MAMP/htdocs/FunnyPHP/Framework/Application.php,第27行
未知错误类型:编号[2]Illegal string offset 'method'位置文件/Applications/MAMP/htdocs/FunnyPHP/Framework/Application.php,第27行
未知错误类型:编号[8]Use of undefined constant R - assumed 'R'位置文件/Applications/MAMP/htdocs/FunnyPHP/Framework/Application.php,第28行
未知错误类型:编号[2]Illegal string offset '/'位置文件/Applications/MAMP/htdocs/FunnyPHP/Framework/Application.php,第28行
未知错误类型:编号[2]Illegal string offset 'return'位置文件/Applications/MAMP/htdocs/FunnyPHP/Framework/Application.php,第28行
未知错误类型:编号[8]Use of undefined constant S - assumed 'S'位置文件/Applications/MAMP/htdocs/FunnyPHP/Framework/Application.php,第30行
未知错误类型:编号[2]Illegal string offset 'action'位置文件/Applications/MAMP/htdocs/FunnyPHP/Framework/Application.php,第30行
未知错误类型:编号[8]Use of undefined constant R - assumed 'R'位置文件/Applications/MAMP/htdocs/FunnyPHP/Framework/Application.php,第30行
未知错误类型:编号[2]Illegal string offset '/'位置文件/Applications/MAMP/htdocs/FunnyPHP/Framework/Application.php,第30行
未知错误类型:编号[2]Illegal string offset 'action'位置文件/Applications/MAMP/htdocs/FunnyPHP/Framework/Application.php,第30行
未知错误类型:编号[8]Use of undefined constant R - assumed 'R'位置文件/Applications/MAMP/htdocs/FunnyPHP/Framework/Application.php,第32行
未知错误类型:编号[8]Use of undefined constant R - assumed 'R'位置文件/Applications/MAMP/htdocs/FunnyPHP/Framework/Application.php,第37行
未知错误类型:编号[2]Cannot modify header information - headers already sent by (output started at /Applications/MAMP/htdocs/FunnyPHP/Framework/Application.php:45)位置文件/Applications/MAMP/htdocs/FunnyPHP/Framework/helps.php,第330行
未知错误类型:编号[8]Undefined index: accessLog位置文件/Applications/MAMP/htdocs/FunnyPHP/Framework/bootstrap.php,第78行
未知错误类型:编号[8]Use of undefined constant R - assumed 'R'位置文件/Applications/MAMP/htdocs/FunnyPHP/Framework/Application.php,第27行
未知错误类型:编号[2]Illegal string offset '/'位置文件/Applications/MAMP/htdocs/FunnyPHP/Framework/Application.php,第27行
未知错误类型:编号[2]Illegal string offset 'method'位置文件/Applications/MAMP/htdocs/FunnyPHP/Framework/Application.php,第27行
未知错误类型:编号[8]Use of undefined constant R - assumed 'R'位置文件/Applications/MAMP/htdocs/FunnyPHP/Framework/Application.php,第28行
未知错误类型:编号[2]Illegal string offset '/'位置文件/Applications/MAMP/htdocs/FunnyPHP/Framework/Application.php,第28行
未知错误类型:编号[2]Illegal string offset 'return'位置文件/Applications/MAMP/htdocs/FunnyPHP/Framework/Application.php,第28行
未知错误类型:编号[8]Use of undefined constant S - assumed 'S'位置文件/Applications/MAMP/htdocs/FunnyPHP/Framework/Application.php,第30行
未知错误类型:编号[2]Illegal string offset 'action'位置文件/Applications/MAMP/htdocs/FunnyPHP/Framework/Application.php,第30行
未知错误类型:编号[8]Use of undefined constant R - assumed 'R'位置文件/Applications/MAMP/htdocs/FunnyPHP/Framework/Application.php,第30行
未知错误类型:编号[2]Illegal string offset '/'位置文件/Applications/MAMP/htdocs/FunnyPHP/Framework/Application.php,第30行
未知错误类型:编号[2]Illegal string offset 'action'位置文件/Applications/MAMP/htdocs/FunnyPHP/Framework/Application.php,第30行
未知错误类型:编号[8]Use of undefined constant R - assumed 'R'位置文件/Applications/MAMP/htdocs/FunnyPHP/Framework/Application.php,第32行
未知错误类型:编号[8]Use of undefined constant R - assumed 'R'位置文件/Applications/MAMP/htdocs/FunnyPHP/Framework/Application.php,第37行
未知错误类型:编号[2]Cannot modify header information - headers already sent by (output started at /Applications/MAMP/htdocs/FunnyPHP/Framework/Application.php:45)位置文件/Applications/MAMP/htdocs/FunnyPHP/Framework/helps.php,第330行
未知错误类型:编号[8]Undefined index: accessLog位置文件/Applications/MAMP/htdocs/FunnyPHP/Framework/bootstrap.php,第78行
未知错误类型:编号[8]Undefined index: return位置文件/Applications/MAMP/htdocs/FunnyPHP/Framework/Application.php,第28行
未知错误类型:编号[8]Use of undefined constant S - assumed 'S'位置文件/Applications/MAMP/htdocs/FunnyPHP/Framework/Application.php,第30行
未知错误类型:编号[2]Illegal string offset 'action'位置文件/Applications/MAMP/htdocs/FunnyPHP/Framework/Application.php,第30行
未知错误类型:编号[8]Use of undefined constant D - assumed 'D'位置文件/Applications/MAMP/htdocs/FunnyPHP/Framework/Application.php,第94行
未知错误类型:编号[2]Illegal string offset 'blog'位置文件/Applications/MAMP/htdocs/FunnyPHP/Framework/Application.php,第94行
未知错误类型:编号[8]Undefined index: accessLog位置文件/Applications/MAMP/htdocs/FunnyPHP/Framework/bootstrap.php,第78行
未知错误类型:编号[8]Undefined index: return位置文件/Applications/MAMP/htdocs/FunnyPHP/Framework/Application.php,第28行
未知错误类型:编号[8]Use of undefined constant S - assumed 'S'位置文件/Applications/MAMP/htdocs/FunnyPHP/Framework/Application.php,第30行
未知错误类型:编号[2]Illegal string offset 'action'位置文件/Applications/MAMP/htdocs/FunnyPHP/Framework/Application.php,第30行
未知错误类型:编号[8]Use of undefined constant D - assumed 'D'位置文件/Applications/MAMP/htdocs/FunnyPHP/Framework/Application.php,第94行
未知错误类型:编号[2]Illegal string offset 'blog'位置文件/Applications/MAMP/htdocs/FunnyPHP/Framework/Application.php,第94行
未知错误类型:编号[8]Undefined index: accessLog位置文件/Applications/MAMP/htdocs/FunnyPHP/Framework/bootstrap.php,第78行
未知错误类型:编号[8]Undefined index: return位置文件/Applications/MAMP/htdocs/FunnyPHP/Framework/Application.php,第28行
未知错误类型:编号[8]Use of undefined constant S - assumed 'S'位置文件/Applications/MAMP/htdocs/FunnyPHP/Framework/Application.php,第30行
未知错误类型:编号[2]Illegal string offset 'action'位置文件/Applications/MAMP/htdocs/FunnyPHP/Framework/Application.php,第30行
未知错误类型:编号[8]Use of undefined constant D - assumed 'D'位置文件/Applications/MAMP/htdocs/FunnyPHP/Framework/Application.php,第94行
未知错误类型:编号[2]Illegal string offset 'blog'位置文件/Applications/MAMP/htdocs/FunnyPHP/Framework/Application.php,第94行
未知错误类型:编号[8]Undefined index: accessLog位置文件/Applications/MAMP/htdocs/FunnyPHP/Framework/bootstrap.php,第78行
未知错误类型:编号[8]Undefined index: return位置文件/Applications/MAMP/htdocs/FunnyPHP/Framework/Application.php,第28行
未知错误类型:编号[8]Use of undefined constant D - assumed 'D'位置文件/Applications/MAMP/htdocs/FunnyPHP/Framework/Application.php,第94行
未知错误类型:编号[2]Illegal string offset 'blog'位置文件/Applications/MAMP/htdocs/FunnyPHP/Framework/Application.php,第94行
未知错误类型:编号[8]Undefined index: accessLog位置文件/Applications/MAMP/htdocs/FunnyPHP/Framework/bootstrap.php,第78行
未知错误类型:编号[8]Undefined index: return位置文件/Applications/MAMP/htdocs/FunnyPHP/Framework/Application.php,第28行
未知错误类型:编号[8]Use of undefined constant D - assumed 'D'位置文件/Applications/MAMP/htdocs/FunnyPHP/Framework/Application.php,第94行
未知错误类型:编号[2]Illegal string offset 'blog'位置文件/Applications/MAMP/htdocs/FunnyPHP/Framework/Application.php,第94行
未知错误类型:编号[8]Undefined index: accessLog位置文件/Applications/MAMP/htdocs/FunnyPHP/Framework/bootstrap.php,第78行
未知错误类型:编号[8]Undefined index: return位置文件/Applications/MAMP/htdocs/FunnyPHP/Framework/Application.php,第28行
未知错误类型:编号[8]Use of undefined constant D - assumed 'D'位置文件/Applications/MAMP/htdocs/FunnyPHP/Framework/Application.php,第94行
未知错误类型:编号[2]Illegal string offset 'blog'位置文件/Applications/MAMP/htdocs/FunnyPHP/Framework/Application.php,第94行
未知错误类型:编号[8]Undefined index: QUERY_STRING位置文件/Applications/MAMP/htdocs/FunnyPHP/Framework/bootstrap.php,第75行
未知错误类型:编号[8]Undefined index: REQUEST_URI位置文件/Applications/MAMP/htdocs/FunnyPHP/Framework/bootstrap.php,第75行
未知错误类型:编号[2]Cannot modify header information - headers already sent by (output started at /Applications/MAMP/htdocs/FunnyPHP/Public/server.php:18)位置文件/Applications/MAMP/htdocs/FunnyPHP/Framework/helps.php,第330行
未知错误类型:编号[8]Undefined index: QUERY_STRING位置文件/Applications/MAMP/htdocs/FunnyPHP/Framework/bootstrap.php,第75行
未知错误类型:编号[8]Undefined index: REQUEST_URI位置文件/Applications/MAMP/htdocs/FunnyPHP/Framework/bootstrap.php,第75行
未知错误类型:编号[2]Cannot modify header information - headers already sent by (output started at /Applications/MAMP/htdocs/FunnyPHP/Public/server.php:18)位置文件/Applications/MAMP/htdocs/FunnyPHP/Framework/helps.php,第330行
未知错误类型:编号[8]Undefined index: QUERY_STRING位置文件/Applications/MAMP/htdocs/FunnyPHP/Framework/bootstrap.php,第75行
未知错误类型:编号[8]Undefined index: REQUEST_URI位置文件/Applications/MAMP/htdocs/FunnyPHP/Framework/bootstrap.php,第75行
未知错误类型:编号[8]Undefined index: inded位置文件/Applications/MAMP/htdocs/FunnyPHP/Framework/bootstrap.php,第88行
未知错误类型:编号[8]Undefined index: QUERY_STRING位置文件/Applications/MAMP/htdocs/FunnyPHP/Framework/bootstrap.php,第75行
未知错误类型:编号[8]Undefined index: REQUEST_URI位置文件/Applications/MAMP/htdocs/FunnyPHP/Framework/bootstrap.php,第75行
未知错误类型:编号[8]Undefined index: index位置文件/Applications/MAMP/htdocs/FunnyPHP/Framework/bootstrap.php,第89行
未知错误类型:编号[2]file_get_contents(/Applications/MAMP/htdocs/FunnyPHP/Public/index.html): failed to open stream: No such file or directory位置文件/Applications/MAMP/htdocs/FunnyPHP/Public/server.php,第47行
未知错误类型:编号[2]file_get_contents(/Applications/MAMP/htdocs/FunnyPHP/Public/index.html): failed to open stream: No such file or directory位置文件/Applications/MAMP/htdocs/FunnyPHP/Public/server.php,第47行
未知错误类型:编号[8]Undefined index: QUERY_STRING位置文件/Applications/MAMP/htdocs/FunnyPHP/Framework/bootstrap.php,第75行
未知错误类型:编号[8]Undefined index: REQUEST_URI位置文件/Applications/MAMP/htdocs/FunnyPHP/Framework/bootstrap.php,第75行
未知错误类型:编号[8]Undefined index: /Applications/MAMP/htdocs/FunnyPHP/Public/index位置文件/Applications/MAMP/htdocs/FunnyPHP/Public/server.php,第74行
未知错误类型:编号[8]Undefined index: /Applications/MAMP/htdocs/FunnyPHP/Public/index位置文件/Applications/MAMP/htdocs/FunnyPHP/Public/server.php,第74行
未知错误类型:编号[8]Undefined index: /Applications/MAMP/htdocs/FunnyPHP/Public/index位置文件/Applications/MAMP/htdocs/FunnyPHP/Public/server.php,第74行
未知错误类型:编号[8]Undefined index: QUERY_STRING位置文件/Applications/MAMP/htdocs/FunnyPHP/Framework/bootstrap.php,第75行
未知错误类型:编号[8]Undefined index: REQUEST_URI位置文件/Applications/MAMP/htdocs/FunnyPHP/Framework/bootstrap.php,第75行
未知错误类型:编号[8]Undefined index: /Applications/MAMP/htdocs/FunnyPHP/Public/index位置文件/Applications/MAMP/htdocs/FunnyPHP/Public/server.php,第74行
未知错误类型:编号[8]Undefined index: /Applications/MAMP/htdocs/FunnyPHP/Public/index位置文件/Applications/MAMP/htdocs/FunnyPHP/Public/server.php,第74行
未知错误类型:编号[8]Undefined index: /Applications/MAMP/htdocs/FunnyPHP/Public/index位置文件/Applications/MAMP/htdocs/FunnyPHP/Public/server.php,第74行
未知错误类型:编号[8]Undefined index: QUERY_STRING位置文件/Applications/MAMP/htdocs/FunnyPHP/Framework/bootstrap.php,第75行
未知错误类型:编号[8]Undefined index: REQUEST_URI位置文件/Applications/MAMP/htdocs/FunnyPHP/Framework/bootstrap.php,第75行
未知错误类型:编号[8]Undefined index: //Applications/MAMP/htdocs/FunnyPHP/Public/index位置文件/Applications/MAMP/htdocs/FunnyPHP/Public/server.php,第74行
未知错误类型:编号[8]Undefined index: //Applications/MAMP/htdocs/FunnyPHP/Public/index位置文件/Applications/MAMP/htdocs/FunnyPHP/Public/server.php,第74行
未知错误类型:编号[8]Undefined index: //Applications/MAMP/htdocs/FunnyPHP/Public/index位置文件/Applications/MAMP/htdocs/FunnyPHP/Public/server.php,第74行
