未知错误类型:编号[2]file_put_contents(Log/Access/20170812.log): failed to open stream: No such file or directory位置文件/Applications/MAMP/htdocs/FunnyPHP/Framework/bootstrap.php,第76行
未知错误类型:编号[2]file_put_contents(Log/Access/20170812.log): failed to open stream: No such file or directory位置文件/Applications/MAMP/htdocs/FunnyPHP/Framework/bootstrap.php,第76行
未知错误类型:编号[2]include_once(../Framework/Application.php): failed to open stream: No such file or directory位置文件/Applications/MAMP/htdocs/FunnyPHP/Framework/bootstrap.php,第42行
未知错误类型:编号[2]include_once(): Failed opening '../Framework/Application.php' for inclusion (include_path='.:/Applications/MAMP/bin/php/php7.0.8/lib/php')位置文件/Applications/MAMP/htdocs/FunnyPHP/Framework/bootstrap.php,第42行
未知错误类型:编号[2]Illegal offset type位置文件/Applications/MAMP/htdocs/FunnyPHP/Framework/Application.php,第20行
未知错误类型:编号[2]Illegal offset type位置文件/Applications/MAMP/htdocs/FunnyPHP/Framework/Application.php,第21行
未知错误类型:编号[2]Illegal offset type位置文件/Applications/MAMP/htdocs/FunnyPHP/Framework/Application.php,第22行
未知错误类型:编号[2]Illegal offset type位置文件/Applications/MAMP/htdocs/FunnyPHP/Framework/Application.php,第23行
未知错误类型:编号[2]Illegal offset type位置文件/Applications/MAMP/htdocs/FunnyPHP/Framework/Application.php,第20行
未知错误类型:编号[2]Illegal offset type位置文件/Applications/MAMP/htdocs/FunnyPHP/Framework/Application.php,第21行
未知错误类型:编号[2]Illegal offset type位置文件/Applications/MAMP/htdocs/FunnyPHP/Framework/Application.php,第22行
未知错误类型:编号[2]Illegal offset type位置文件/Applications/MAMP/htdocs/FunnyPHP/Framework/Application.php,第23行
未知错误类型:编号[2]Illegal offset type位置文件/Applications/MAMP/htdocs/FunnyPHP/Framework/Application.php,第20行
未知错误类型:编号[2]Illegal offset type位置文件/Applications/MAMP/htdocs/FunnyPHP/Framework/Application.php,第21行
未知错误类型:编号[2]Illegal offset type位置文件/Applications/MAMP/htdocs/FunnyPHP/Framework/Application.php,第22行
未知错误类型:编号[2]Illegal offset type位置文件/Applications/MAMP/htdocs/FunnyPHP/Framework/Application.php,第23行
未知错误类型:编号[2]Illegal offset type位置文件/Applications/MAMP/htdocs/FunnyPHP/Framework/Application.php,第20行
未知错误类型:编号[2]Illegal offset type位置文件/Applications/MAMP/htdocs/FunnyPHP/Framework/Application.php,第21行
未知错误类型:编号[2]Illegal offset type位置文件/Applications/MAMP/htdocs/FunnyPHP/Framework/Application.php,第22行
未知错误类型:编号[2]Illegal offset type位置文件/Applications/MAMP/htdocs/FunnyPHP/Framework/Application.php,第23行
未知错误类型:编号[2]Illegal offset type位置文件/Applications/MAMP/htdocs/FunnyPHP/Framework/Application.php,第20行
未知错误类型:编号[2]Illegal offset type位置文件/Applications/MAMP/htdocs/FunnyPHP/Framework/Application.php,第21行
未知错误类型:编号[2]Illegal offset type位置文件/Applications/MAMP/htdocs/FunnyPHP/Framework/Application.php,第22行
未知错误类型:编号[2]Illegal offset type位置文件/Applications/MAMP/htdocs/FunnyPHP/Framework/Application.php,第23行
未知错误类型:编号[2]Illegal offset type位置文件/Applications/MAMP/htdocs/FunnyPHP/Framework/Application.php,第20行
未知错误类型:编号[2]Illegal offset type位置文件/Applications/MAMP/htdocs/FunnyPHP/Framework/Application.php,第21行
未知错误类型:编号[2]Illegal offset type位置文件/Applications/MAMP/htdocs/FunnyPHP/Framework/Application.php,第22行
未知错误类型:编号[2]Illegal offset type位置文件/Applications/MAMP/htdocs/FunnyPHP/Framework/Application.php,第23行
未知错误类型:编号[2]Illegal offset type位置文件/Applications/MAMP/htdocs/FunnyPHP/Framework/Application.php,第20行
未知错误类型:编号[2]Illegal offset type位置文件/Applications/MAMP/htdocs/FunnyPHP/Framework/Application.php,第21行
未知错误类型:编号[2]Illegal offset type位置文件/Applications/MAMP/htdocs/FunnyPHP/Framework/Application.php,第22行
未知错误类型:编号[2]Illegal offset type位置文件/Applications/MAMP/htdocs/FunnyPHP/Framework/Application.php,第23行
未知错误类型:编号[2]Illegal offset type位置文件/Applications/MAMP/htdocs/FunnyPHP/Framework/Application.php,第20行
未知错误类型:编号[2]Illegal offset type位置文件/Applications/MAMP/htdocs/FunnyPHP/Framework/Application.php,第21行
未知错误类型:编号[2]Illegal offset type位置文件/Applications/MAMP/htdocs/FunnyPHP/Framework/Application.php,第22行
未知错误类型:编号[2]Illegal offset type位置文件/Applications/MAMP/htdocs/FunnyPHP/Framework/Application.php,第23行
未知错误类型:编号[2]Illegal offset type位置文件/Applications/MAMP/htdocs/FunnyPHP/Framework/Application.php,第20行
未知错误类型:编号[2]Illegal offset type位置文件/Applications/MAMP/htdocs/FunnyPHP/Framework/Application.php,第21行
未知错误类型:编号[2]Illegal offset type位置文件/Applications/MAMP/htdocs/FunnyPHP/Framework/Application.php,第22行
未知错误类型:编号[2]Illegal offset type位置文件/Applications/MAMP/htdocs/FunnyPHP/Framework/Application.php,第23行
未知错误类型:编号[2]Illegal offset type位置文件/Applications/MAMP/htdocs/FunnyPHP/Framework/Application.php,第20行
未知错误类型:编号[2]Illegal offset type位置文件/Applications/MAMP/htdocs/FunnyPHP/Framework/Application.php,第21行
未知错误类型:编号[2]Illegal offset type位置文件/Applications/MAMP/htdocs/FunnyPHP/Framework/Application.php,第22行
未知错误类型:编号[2]Illegal offset type位置文件/Applications/MAMP/htdocs/FunnyPHP/Framework/Application.php,第23行
未知错误类型:编号[2]Illegal offset type位置文件/Applications/MAMP/htdocs/FunnyPHP/Framework/Application.php,第20行
未知错误类型:编号[2]Illegal offset type位置文件/Applications/MAMP/htdocs/FunnyPHP/Framework/Application.php,第21行
未知错误类型:编号[2]Illegal offset type位置文件/Applications/MAMP/htdocs/FunnyPHP/Framework/Application.php,第22行
未知错误类型:编号[2]Illegal offset type位置文件/Applications/MAMP/htdocs/FunnyPHP/Framework/Application.php,第23行
未知错误类型:编号[2]Illegal offset type位置文件/Applications/MAMP/htdocs/FunnyPHP/Framework/Application.php,第20行
未知错误类型:编号[2]Illegal offset type位置文件/Applications/MAMP/htdocs/FunnyPHP/Framework/Application.php,第21行
未知错误类型:编号[2]Illegal offset type位置文件/Applications/MAMP/htdocs/FunnyPHP/Framework/Application.php,第22行
未知错误类型:编号[2]Illegal offset type位置文件/Applications/MAMP/htdocs/FunnyPHP/Framework/Application.php,第23行
未知错误类型:编号[2]Illegal offset type位置文件/Applications/MAMP/htdocs/FunnyPHP/Framework/Application.php,第20行
未知错误类型:编号[2]Illegal offset type位置文件/Applications/MAMP/htdocs/FunnyPHP/Framework/Application.php,第21行
未知错误类型:编号[2]Illegal offset type位置文件/Applications/MAMP/htdocs/FunnyPHP/Framework/Application.php,第22行
未知错误类型:编号[2]Illegal offset type位置文件/Applications/MAMP/htdocs/FunnyPHP/Framework/Application.php,第23行
未知错误类型:编号[2]Illegal offset type位置文件/Applications/MAMP/htdocs/FunnyPHP/Framework/Application.php,第20行
未知错误类型:编号[2]Illegal offset type位置文件/Applications/MAMP/htdocs/FunnyPHP/Framework/Application.php,第21行
未知错误类型:编号[2]Illegal offset type位置文件/Applications/MAMP/htdocs/FunnyPHP/Framework/Application.php,第22行
未知错误类型:编号[2]Illegal offset type位置文件/Applications/MAMP/htdocs/FunnyPHP/Framework/Application.php,第23行
未知错误类型:编号[2]Illegal offset type位置文件/Applications/MAMP/htdocs/FunnyPHP/Framework/Application.php,第20行
未知错误类型:编号[2]Illegal offset type位置文件/Applications/MAMP/htdocs/FunnyPHP/Framework/Application.php,第21行
未知错误类型:编号[2]Illegal offset type位置文件/Applications/MAMP/htdocs/FunnyPHP/Framework/Application.php,第22行
未知错误类型:编号[2]Illegal offset type位置文件/Applications/MAMP/htdocs/FunnyPHP/Framework/Application.php,第23行
未知错误类型:编号[2]Illegal offset type位置文件/Applications/MAMP/htdocs/FunnyPHP/Framework/Application.php,第20行
未知错误类型:编号[2]Illegal offset type位置文件/Applications/MAMP/htdocs/FunnyPHP/Framework/Application.php,第21行
未知错误类型:编号[2]Illegal offset type位置文件/Applications/MAMP/htdocs/FunnyPHP/Framework/Application.php,第22行
未知错误类型:编号[2]Illegal offset type位置文件/Applications/MAMP/htdocs/FunnyPHP/Framework/Application.php,第23行
未知错误类型:编号[2]Illegal offset type位置文件/Applications/MAMP/htdocs/FunnyPHP/Framework/Application.php,第20行
未知错误类型:编号[2]Illegal offset type位置文件/Applications/MAMP/htdocs/FunnyPHP/Framework/Application.php,第21行
未知错误类型:编号[2]Illegal offset type位置文件/Applications/MAMP/htdocs/FunnyPHP/Framework/Application.php,第22行
未知错误类型:编号[2]Illegal offset type位置文件/Applications/MAMP/htdocs/FunnyPHP/Framework/Application.php,第23行
未知错误类型:编号[2]Illegal offset type位置文件/Applications/MAMP/htdocs/FunnyPHP/Framework/Application.php,第20行
未知错误类型:编号[2]Illegal offset type位置文件/Applications/MAMP/htdocs/FunnyPHP/Framework/Application.php,第21行
未知错误类型:编号[2]Illegal offset type位置文件/Applications/MAMP/htdocs/FunnyPHP/Framework/Application.php,第22行
未知错误类型:编号[2]Illegal offset type位置文件/Applications/MAMP/htdocs/FunnyPHP/Framework/Application.php,第23行
未知错误类型:编号[2]Illegal offset type位置文件/Applications/MAMP/htdocs/FunnyPHP/Framework/Application.php,第19行
未知错误类型:编号[2]Illegal offset type位置文件/Applications/MAMP/htdocs/FunnyPHP/Framework/Application.php,第20行
未知错误类型:编号[2]Illegal offset type位置文件/Applications/MAMP/htdocs/FunnyPHP/Framework/Application.php,第21行
未知错误类型:编号[2]Illegal offset type位置文件/Applications/MAMP/htdocs/FunnyPHP/Framework/Application.php,第22行
未知错误类型:编号[2]Illegal offset type位置文件/Applications/MAMP/htdocs/FunnyPHP/Framework/Application.php,第23行
未知错误类型:编号[8]Array to string conversion位置文件/Applications/MAMP/htdocs/FunnyPHP/Framework/Application.php,第19行
未知错误类型:编号[2]Illegal offset type位置文件/Applications/MAMP/htdocs/FunnyPHP/Framework/Application.php,第20行
未知错误类型:编号[2]Illegal offset type位置文件/Applications/MAMP/htdocs/FunnyPHP/Framework/Application.php,第21行
未知错误类型:编号[2]Illegal offset type位置文件/Applications/MAMP/htdocs/FunnyPHP/Framework/Application.php,第22行
未知错误类型:编号[2]Illegal offset type位置文件/Applications/MAMP/htdocs/FunnyPHP/Framework/Application.php,第23行
未知错误类型:编号[2]Illegal offset type位置文件/Applications/MAMP/htdocs/FunnyPHP/Framework/Application.php,第20行
未知错误类型:编号[2]Illegal offset type位置文件/Applications/MAMP/htdocs/FunnyPHP/Framework/Application.php,第21行
未知错误类型:编号[2]Illegal offset type位置文件/Applications/MAMP/htdocs/FunnyPHP/Framework/Application.php,第22行
未知错误类型:编号[2]Illegal offset type位置文件/Applications/MAMP/htdocs/FunnyPHP/Framework/Application.php,第23行
未知错误类型:编号[2]Cannot modify header information - headers already sent by (output started at /Applications/MAMP/htdocs/FunnyPHP/Framework/Application.php:19)位置文件/Applications/MAMP/htdocs/FunnyPHP/Framework/functions.php,第278行
未知错误类型:编号[8]Undefined index: name位置文件/Applications/MAMP/htdocs/FunnyPHP/App/Action/IndexAction.php,第16行
未知错误类型:编号[8]Undefined index: name位置文件/Applications/MAMP/htdocs/FunnyPHP/App/Action/IndexAction.php,第16行
未知错误类型:编号[8]Undefined index: name位置文件/Applications/MAMP/htdocs/FunnyPHP/App/Action/IndexAction.php,第16行
未知错误类型:编号[8]Undefined index: name位置文件/Applications/MAMP/htdocs/FunnyPHP/App/Action/IndexAction.php,第16行
未知错误类型:编号[8]Undefined index: name位置文件/Applications/MAMP/htdocs/FunnyPHP/App/Action/IndexAction.php,第16行
未知错误类型:编号[8]Undefined index: name位置文件/Applications/MAMP/htdocs/FunnyPHP/App/Action/IndexAction.php,第16行
未知错误类型:编号[8]Undefined index: name位置文件/Applications/MAMP/htdocs/FunnyPHP/App/Action/IndexAction.php,第16行
未知错误类型:编号[8]Undefined index: name位置文件/Applications/MAMP/htdocs/FunnyPHP/App/Action/IndexAction.php,第16行
未知错误类型:编号[8]Undefined index: name位置文件/Applications/MAMP/htdocs/FunnyPHP/App/Action/IndexAction.php,第16行
未知错误类型:编号[8]Undefined index: name位置文件/Applications/MAMP/htdocs/FunnyPHP/App/Action/IndexAction.php,第16行
未知错误类型:编号[8]Undefined index: name位置文件/Applications/MAMP/htdocs/FunnyPHP/App/Action/IndexAction.php,第16行
未知错误类型:编号[8]Undefined index: name位置文件/Applications/MAMP/htdocs/FunnyPHP/App/Action/IndexAction.php,第16行
未知错误类型:编号[8]Undefined index: name位置文件/Applications/MAMP/htdocs/FunnyPHP/App/Action/IndexAction.php,第16行
未知错误类型:编号[8]Undefined index: name位置文件/Applications/MAMP/htdocs/FunnyPHP/App/Action/IndexAction.php,第16行
未知错误类型:编号[8]Undefined index: name位置文件/Applications/MAMP/htdocs/FunnyPHP/App/Action/IndexAction.php,第16行
未知错误类型:编号[8]Undefined index: name位置文件/Applications/MAMP/htdocs/FunnyPHP/App/Action/IndexAction.php,第16行
未知错误类型:编号[8]Undefined index: name位置文件/Applications/MAMP/htdocs/FunnyPHP/App/Action/IndexAction.php,第16行
未知错误类型:编号[8]Undefined index: name位置文件/Applications/MAMP/htdocs/FunnyPHP/App/Action/IndexAction.php,第16行
未知错误类型:编号[8]Undefined index: name位置文件/Applications/MAMP/htdocs/FunnyPHP/App/Action/IndexAction.php,第16行
未知错误类型:编号[8]Undefined index: name位置文件/Applications/MAMP/htdocs/FunnyPHP/App/Action/IndexAction.php,第16行
未知错误类型:编号[8]Undefined index: name位置文件/Applications/MAMP/htdocs/FunnyPHP/App/Action/IndexAction.php,第16行
未知错误类型:编号[8]Undefined index: name位置文件/Applications/MAMP/htdocs/FunnyPHP/App/Action/IndexAction.php,第16行
未知错误类型:编号[8]Undefined index: name位置文件/Applications/MAMP/htdocs/FunnyPHP/App/Action/IndexAction.php,第16行
未知错误类型:编号[8]Undefined index: name位置文件/Applications/MAMP/htdocs/FunnyPHP/App/Action/IndexAction.php,第16行
未知错误类型:编号[8]Undefined index: name位置文件/Applications/MAMP/htdocs/FunnyPHP/App/Action/IndexAction.php,第16行
未知错误类型:编号[8]Undefined index: name位置文件/Applications/MAMP/htdocs/FunnyPHP/App/Action/IndexAction.php,第16行
未知错误类型:编号[8]Undefined index: name位置文件/Applications/MAMP/htdocs/FunnyPHP/App/Action/IndexAction.php,第16行
未知错误类型:编号[8]Undefined index: name位置文件/Applications/MAMP/htdocs/FunnyPHP/App/Action/IndexAction.php,第16行
未知错误类型:编号[8]Undefined index: name位置文件/Applications/MAMP/htdocs/FunnyPHP/App/Action/IndexAction.php,第16行
未知错误类型:编号[8]Undefined index: name位置文件/Applications/MAMP/htdocs/FunnyPHP/App/Action/IndexAction.php,第16行
未知错误类型:编号[8]Undefined index: name位置文件/Applications/MAMP/htdocs/FunnyPHP/App/Action/IndexAction.php,第16行
