未知错误类型:编号[8]Undefined index: QUERY_STRING位置文件/Applications/MAMP/htdocs/FunnyPHP/Framework/bootstrap.php,第75行
未知错误类型:编号[8]Undefined index: REQUEST_URI位置文件/Applications/MAMP/htdocs/FunnyPHP/Framework/bootstrap.php,第75行
未知错误类型:编号[8]Undefined index: \/Applications/MAMP/htdocs/FunnyPHP/Public/index位置文件/Applications/MAMP/htdocs/FunnyPHP/Framework/Application.php,第31行
未知错误类型:编号[8]Undefined index: \/Applications/MAMP/htdocs/FunnyPHP/Public/index位置文件/Applications/MAMP/htdocs/FunnyPHP/Framework/Application.php,第32行
未知错误类型:编号[8]Undefined index: \/Applications/MAMP/htdocs/FunnyPHP/Public/index位置文件/Applications/MAMP/htdocs/FunnyPHP/Framework/Application.php,第34行
未知错误类型:编号[8]Undefined index: REQUEST_METHOD位置文件/Applications/MAMP/htdocs/FunnyPHP/Framework/Application.php,第45行
未知错误类型:编号[8]Undefined index: QUERY_STRING位置文件/Applications/MAMP/htdocs/FunnyPHP/Framework/bootstrap.php,第75行
未知错误类型:编号[8]Undefined index: REQUEST_URI位置文件/Applications/MAMP/htdocs/FunnyPHP/Framework/bootstrap.php,第75行
未知错误类型:编号[8]Undefined index: QUERY_STRING位置文件/Applications/MAMP/htdocs/FunnyPHP/Framework/bootstrap.php,第75行
未知错误类型:编号[8]Undefined index: REQUEST_URI位置文件/Applications/MAMP/htdocs/FunnyPHP/Framework/bootstrap.php,第75行
未知错误类型:编号[8]Undefined index: \/Applications/MAMP/htdocs/FunnyPHP/Public/index位置文件/Applications/MAMP/htdocs/FunnyPHP/Framework/Application.php,第31行
未知错误类型:编号[8]Undefined index: \/Applications/MAMP/htdocs/FunnyPHP/Public/index位置文件/Applications/MAMP/htdocs/FunnyPHP/Framework/Application.php,第32行
未知错误类型:编号[8]Undefined index: \/Applications/MAMP/htdocs/FunnyPHP/Public/index位置文件/Applications/MAMP/htdocs/FunnyPHP/Framework/Application.php,第34行
未知错误类型:编号[8]Undefined index: REQUEST_METHOD位置文件/Applications/MAMP/htdocs/FunnyPHP/Framework/Application.php,第45行
未知错误类型:编号[8]Undefined index: QUERY_STRING位置文件/Applications/MAMP/htdocs/FunnyPHP/Framework/bootstrap.php,第75行
未知错误类型:编号[8]Undefined index: REQUEST_URI位置文件/Applications/MAMP/htdocs/FunnyPHP/Framework/bootstrap.php,第75行
未知错误类型:编号[8]Undefined index: \/Applications/MAMP/htdocs/FunnyPHP/Public/index位置文件/Applications/MAMP/htdocs/FunnyPHP/Framework/Application.php,第31行
未知错误类型:编号[8]Undefined index: \/Applications/MAMP/htdocs/FunnyPHP/Public/index位置文件/Applications/MAMP/htdocs/FunnyPHP/Framework/Application.php,第32行
未知错误类型:编号[8]Undefined index: \/Applications/MAMP/htdocs/FunnyPHP/Public/index位置文件/Applications/MAMP/htdocs/FunnyPHP/Framework/Application.php,第34行
未知错误类型:编号[8]Undefined index: REQUEST_METHOD位置文件/Applications/MAMP/htdocs/FunnyPHP/Framework/Application.php,第45行
未知错误类型:编号[8]Undefined index: QUERY_STRING位置文件/Applications/MAMP/htdocs/FunnyPHP/Framework/bootstrap.php,第75行
未知错误类型:编号[8]Undefined index: REQUEST_URI位置文件/Applications/MAMP/htdocs/FunnyPHP/Framework/bootstrap.php,第75行
未知错误类型:编号[8]Undefined index: QUERY_STRING位置文件/Applications/MAMP/htdocs/FunnyPHP/Framework/bootstrap.php,第75行
未知错误类型:编号[8]Undefined index: REQUEST_URI位置文件/Applications/MAMP/htdocs/FunnyPHP/Framework/bootstrap.php,第75行
未知错误类型:编号[8]Undefined index: \/Applications/MAMP/htdocs/FunnyPHP/Public/index位置文件/Applications/MAMP/htdocs/FunnyPHP/Framework/Application.php,第31行
未知错误类型:编号[8]Undefined index: \/Applications/MAMP/htdocs/FunnyPHP/Public/index位置文件/Applications/MAMP/htdocs/FunnyPHP/Framework/Application.php,第32行
未知错误类型:编号[8]Undefined index: \/Applications/MAMP/htdocs/FunnyPHP/Public/index位置文件/Applications/MAMP/htdocs/FunnyPHP/Framework/Application.php,第34行
未知错误类型:编号[8]Undefined index: \/Applications/MAMP/htdocs/FunnyPHP/Public/index位置文件/Applications/MAMP/htdocs/FunnyPHP/Framework/Application.php,第31行
未知错误类型:编号[8]Undefined index: \/Applications/MAMP/htdocs/FunnyPHP/Public/index位置文件/Applications/MAMP/htdocs/FunnyPHP/Framework/Application.php,第32行
未知错误类型:编号[8]Undefined index: \/Applications/MAMP/htdocs/FunnyPHP/Public/index位置文件/Applications/MAMP/htdocs/FunnyPHP/Framework/Application.php,第34行
未知错误类型:编号[8]Undefined index: \/Applications/MAMP/htdocs/FunnyPHP/Public/index位置文件/Applications/MAMP/htdocs/FunnyPHP/Framework/Application.php,第31行
未知错误类型:编号[8]Undefined index: \/Applications/MAMP/htdocs/FunnyPHP/Public/index位置文件/Applications/MAMP/htdocs/FunnyPHP/Framework/Application.php,第32行
未知错误类型:编号[8]Undefined index: \/Applications/MAMP/htdocs/FunnyPHP/Public/index位置文件/Applications/MAMP/htdocs/FunnyPHP/Framework/Application.php,第34行
未知错误类型:编号[8]Undefined index: \/Applications/MAMP/htdocs/FunnyPHP/Public/index位置文件/Applications/MAMP/htdocs/FunnyPHP/Framework/Application.php,第31行
未知错误类型:编号[8]Undefined index: \/Applications/MAMP/htdocs/FunnyPHP/Public/index位置文件/Applications/MAMP/htdocs/FunnyPHP/Framework/Application.php,第32行
未知错误类型:编号[8]Undefined index: \/Applications/MAMP/htdocs/FunnyPHP/Public/index位置文件/Applications/MAMP/htdocs/FunnyPHP/Framework/Application.php,第34行
未知错误类型:编号[8]Undefined index: \/Applications/MAMP/htdocs/FunnyPHP/Public/index位置文件/Applications/MAMP/htdocs/FunnyPHP/Framework/Application.php,第31行
未知错误类型:编号[8]Undefined index: \/Applications/MAMP/htdocs/FunnyPHP/Public/index位置文件/Applications/MAMP/htdocs/FunnyPHP/Framework/Application.php,第32行
未知错误类型:编号[8]Undefined index: \/Applications/MAMP/htdocs/FunnyPHP/Public/index位置文件/Applications/MAMP/htdocs/FunnyPHP/Framework/Application.php,第34行
未知错误类型:编号[8]Undefined index: \/Applications/MAMP/htdocs/FunnyPHP/Public/index位置文件/Applications/MAMP/htdocs/FunnyPHP/Framework/Application.php,第31行
未知错误类型:编号[8]Undefined index: \/Applications/MAMP/htdocs/FunnyPHP/Public/index位置文件/Applications/MAMP/htdocs/FunnyPHP/Framework/Application.php,第32行
未知错误类型:编号[8]Undefined index: \/Applications/MAMP/htdocs/FunnyPHP/Public/index位置文件/Applications/MAMP/htdocs/FunnyPHP/Framework/Application.php,第34行
未知错误类型:编号[8]Undefined index: \/Applications/MAMP/htdocs/FunnyPHP/Public/index位置文件/Applications/MAMP/htdocs/FunnyPHP/Framework/Application.php,第31行
未知错误类型:编号[8]Undefined index: \/Applications/MAMP/htdocs/FunnyPHP/Public/index位置文件/Applications/MAMP/htdocs/FunnyPHP/Framework/Application.php,第32行
未知错误类型:编号[8]Undefined index: \/Applications/MAMP/htdocs/FunnyPHP/Public/index位置文件/Applications/MAMP/htdocs/FunnyPHP/Framework/Application.php,第34行
未知错误类型:编号[8]Undefined index: \/Applications/MAMP/htdocs/FunnyPHP/Public/index位置文件/Applications/MAMP/htdocs/FunnyPHP/Framework/Application.php,第31行
未知错误类型:编号[8]Undefined index: \/Applications/MAMP/htdocs/FunnyPHP/Public/index位置文件/Applications/MAMP/htdocs/FunnyPHP/Framework/Application.php,第32行
未知错误类型:编号[8]Undefined index: \/Applications/MAMP/htdocs/FunnyPHP/Public/index位置文件/Applications/MAMP/htdocs/FunnyPHP/Framework/Application.php,第34行
未知错误类型:编号[8]Undefined index: \/Applications/MAMP/htdocs/FunnyPHP/Public/index位置文件/Applications/MAMP/htdocs/FunnyPHP/Framework/Application.php,第31行
未知错误类型:编号[8]Undefined index: \/Applications/MAMP/htdocs/FunnyPHP/Public/index位置文件/Applications/MAMP/htdocs/FunnyPHP/Framework/Application.php,第32行
未知错误类型:编号[8]Undefined index: \/Applications/MAMP/htdocs/FunnyPHP/Public/index位置文件/Applications/MAMP/htdocs/FunnyPHP/Framework/Application.php,第34行
未知错误类型:编号[8]Undefined index: \/Applications/MAMP/htdocs/FunnyPHP/Public/index位置文件/Applications/MAMP/htdocs/FunnyPHP/Framework/Application.php,第31行
未知错误类型:编号[8]Undefined index: \/Applications/MAMP/htdocs/FunnyPHP/Public/index位置文件/Applications/MAMP/htdocs/FunnyPHP/Framework/Application.php,第32行
未知错误类型:编号[8]Undefined index: \/Applications/MAMP/htdocs/FunnyPHP/Public/index位置文件/Applications/MAMP/htdocs/FunnyPHP/Framework/Application.php,第34行
未知错误类型:编号[8]Undefined index: \/Applications/MAMP/htdocs/FunnyPHP/Public/index位置文件/Applications/MAMP/htdocs/FunnyPHP/Framework/Application.php,第31行
未知错误类型:编号[8]Undefined index: \/Applications/MAMP/htdocs/FunnyPHP/Public/index位置文件/Applications/MAMP/htdocs/FunnyPHP/Framework/Application.php,第32行
未知错误类型:编号[8]Undefined index: \/Applications/MAMP/htdocs/FunnyPHP/Public/index位置文件/Applications/MAMP/htdocs/FunnyPHP/Framework/Application.php,第34行
未知错误类型:编号[8]Undefined index: \/Applications/MAMP/htdocs/FunnyPHP/Public/index位置文件/Applications/MAMP/htdocs/FunnyPHP/Framework/Application.php,第31行
未知错误类型:编号[8]Undefined index: \/Applications/MAMP/htdocs/FunnyPHP/Public/index位置文件/Applications/MAMP/htdocs/FunnyPHP/Framework/Application.php,第32行
未知错误类型:编号[8]Undefined index: \/Applications/MAMP/htdocs/FunnyPHP/Public/index位置文件/Applications/MAMP/htdocs/FunnyPHP/Framework/Application.php,第34行
未知错误类型:编号[8]Undefined index: \/Applications/MAMP/htdocs/FunnyPHP/Public/index位置文件/Applications/MAMP/htdocs/FunnyPHP/Framework/Application.php,第31行
未知错误类型:编号[8]Undefined index: \/Applications/MAMP/htdocs/FunnyPHP/Public/index位置文件/Applications/MAMP/htdocs/FunnyPHP/Framework/Application.php,第32行
未知错误类型:编号[8]Undefined index: \/Applications/MAMP/htdocs/FunnyPHP/Public/index位置文件/Applications/MAMP/htdocs/FunnyPHP/Framework/Application.php,第34行
未知错误类型:编号[8]Undefined index: \/Applications/MAMP/htdocs/FunnyPHP/Public/index位置文件/Applications/MAMP/htdocs/FunnyPHP/Framework/Application.php,第31行
未知错误类型:编号[8]Undefined index: \/Applications/MAMP/htdocs/FunnyPHP/Public/index位置文件/Applications/MAMP/htdocs/FunnyPHP/Framework/Application.php,第32行
未知错误类型:编号[8]Undefined index: \/Applications/MAMP/htdocs/FunnyPHP/Public/index位置文件/Applications/MAMP/htdocs/FunnyPHP/Framework/Application.php,第34行
未知错误类型:编号[8]Undefined index: \/Applications/MAMP/htdocs/FunnyPHP/Public/index位置文件/Applications/MAMP/htdocs/FunnyPHP/Framework/Application.php,第31行
未知错误类型:编号[8]Undefined index: \/Applications/MAMP/htdocs/FunnyPHP/Public/index位置文件/Applications/MAMP/htdocs/FunnyPHP/Framework/Application.php,第32行
未知错误类型:编号[8]Undefined index: \/Applications/MAMP/htdocs/FunnyPHP/Public/index位置文件/Applications/MAMP/htdocs/FunnyPHP/Framework/Application.php,第34行
未知错误类型:编号[8]Undefined index: \/Applications/MAMP/htdocs/FunnyPHP/Public/index位置文件/Applications/MAMP/htdocs/FunnyPHP/Framework/Application.php,第31行
未知错误类型:编号[8]Undefined index: \/Applications/MAMP/htdocs/FunnyPHP/Public/index位置文件/Applications/MAMP/htdocs/FunnyPHP/Framework/Application.php,第32行
未知错误类型:编号[8]Undefined index: \/Applications/MAMP/htdocs/FunnyPHP/Public/index位置文件/Applications/MAMP/htdocs/FunnyPHP/Framework/Application.php,第34行
未知错误类型:编号[8]Undefined index: \/Applications/MAMP/htdocs/FunnyPHP/Public/index位置文件/Applications/MAMP/htdocs/FunnyPHP/Framework/Application.php,第31行
未知错误类型:编号[8]Undefined index: \/Applications/MAMP/htdocs/FunnyPHP/Public/index位置文件/Applications/MAMP/htdocs/FunnyPHP/Framework/Application.php,第32行
未知错误类型:编号[8]Undefined index: \/Applications/MAMP/htdocs/FunnyPHP/Public/index位置文件/Applications/MAMP/htdocs/FunnyPHP/Framework/Application.php,第34行
未知错误类型:编号[8]Undefined index: \/Applications/MAMP/htdocs/FunnyPHP/Public/index位置文件/Applications/MAMP/htdocs/FunnyPHP/Framework/Application.php,第31行
未知错误类型:编号[8]Undefined index: \/Applications/MAMP/htdocs/FunnyPHP/Public/index位置文件/Applications/MAMP/htdocs/FunnyPHP/Framework/Application.php,第32行
未知错误类型:编号[8]Undefined index: \/Applications/MAMP/htdocs/FunnyPHP/Public/index位置文件/Applications/MAMP/htdocs/FunnyPHP/Framework/Application.php,第34行
未知错误类型:编号[8]Undefined index: \/Applications/MAMP/htdocs/FunnyPHP/Public/index位置文件/Applications/MAMP/htdocs/FunnyPHP/Framework/Application.php,第31行
未知错误类型:编号[8]Undefined index: \/Applications/MAMP/htdocs/FunnyPHP/Public/index位置文件/Applications/MAMP/htdocs/FunnyPHP/Framework/Application.php,第32行
未知错误类型:编号[8]Undefined index: \/Applications/MAMP/htdocs/FunnyPHP/Public/index位置文件/Applications/MAMP/htdocs/FunnyPHP/Framework/Application.php,第34行
未知错误类型:编号[8]Undefined index: \/Applications/MAMP/htdocs/FunnyPHP/Public/index位置文件/Applications/MAMP/htdocs/FunnyPHP/Framework/Application.php,第31行
未知错误类型:编号[8]Undefined index: \/Applications/MAMP/htdocs/FunnyPHP/Public/index位置文件/Applications/MAMP/htdocs/FunnyPHP/Framework/Application.php,第32行
未知错误类型:编号[8]Undefined index: \/Applications/MAMP/htdocs/FunnyPHP/Public/index位置文件/Applications/MAMP/htdocs/FunnyPHP/Framework/Application.php,第34行
未知错误类型:编号[8]Undefined index: \/Applications/MAMP/htdocs/FunnyPHP/Public/index位置文件/Applications/MAMP/htdocs/FunnyPHP/Framework/Application.php,第31行
未知错误类型:编号[8]Undefined index: \/Applications/MAMP/htdocs/FunnyPHP/Public/index位置文件/Applications/MAMP/htdocs/FunnyPHP/Framework/Application.php,第32行
未知错误类型:编号[8]Undefined index: \/Applications/MAMP/htdocs/FunnyPHP/Public/index位置文件/Applications/MAMP/htdocs/FunnyPHP/Framework/Application.php,第34行
未知错误类型:编号[8]Undefined index: \/Applications/MAMP/htdocs/FunnyPHP/Public/index位置文件/Applications/MAMP/htdocs/FunnyPHP/Framework/Application.php,第31行
未知错误类型:编号[8]Undefined index: \/Applications/MAMP/htdocs/FunnyPHP/Public/index位置文件/Applications/MAMP/htdocs/FunnyPHP/Framework/Application.php,第32行
未知错误类型:编号[8]Undefined index: \/Applications/MAMP/htdocs/FunnyPHP/Public/index位置文件/Applications/MAMP/htdocs/FunnyPHP/Framework/Application.php,第34行
未知错误类型:编号[8]Undefined index: \/Applications/MAMP/htdocs/FunnyPHP/Public/index位置文件/Applications/MAMP/htdocs/FunnyPHP/Framework/Application.php,第31行
未知错误类型:编号[8]Undefined index: \/Applications/MAMP/htdocs/FunnyPHP/Public/index位置文件/Applications/MAMP/htdocs/FunnyPHP/Framework/Application.php,第32行
未知错误类型:编号[8]Undefined index: \/Applications/MAMP/htdocs/FunnyPHP/Public/index位置文件/Applications/MAMP/htdocs/FunnyPHP/Framework/Application.php,第34行
未知错误类型:编号[8]Undefined index: \/Applications/MAMP/htdocs/FunnyPHP/Public/index位置文件/Applications/MAMP/htdocs/FunnyPHP/Framework/Application.php,第31行
未知错误类型:编号[8]Undefined index: \/Applications/MAMP/htdocs/FunnyPHP/Public/index位置文件/Applications/MAMP/htdocs/FunnyPHP/Framework/Application.php,第32行
未知错误类型:编号[8]Undefined index: \/Applications/MAMP/htdocs/FunnyPHP/Public/index位置文件/Applications/MAMP/htdocs/FunnyPHP/Framework/Application.php,第34行
未知错误类型:编号[8]Undefined index: \/Applications/MAMP/htdocs/FunnyPHP/Public/index位置文件/Applications/MAMP/htdocs/FunnyPHP/Framework/Application.php,第31行
未知错误类型:编号[8]Undefined index: \/Applications/MAMP/htdocs/FunnyPHP/Public/index位置文件/Applications/MAMP/htdocs/FunnyPHP/Framework/Application.php,第32行
未知错误类型:编号[8]Undefined index: \/Applications/MAMP/htdocs/FunnyPHP/Public/index位置文件/Applications/MAMP/htdocs/FunnyPHP/Framework/Application.php,第34行
未知错误类型:编号[8]Undefined index: \/Applications/MAMP/htdocs/FunnyPHP/Public/index位置文件/Applications/MAMP/htdocs/FunnyPHP/Framework/Application.php,第31行
未知错误类型:编号[8]Undefined index: \/Applications/MAMP/htdocs/FunnyPHP/Public/index位置文件/Applications/MAMP/htdocs/FunnyPHP/Framework/Application.php,第32行
未知错误类型:编号[8]Undefined index: \/Applications/MAMP/htdocs/FunnyPHP/Public/index位置文件/Applications/MAMP/htdocs/FunnyPHP/Framework/Application.php,第34行
未知错误类型:编号[8]Undefined index: \/Applications/MAMP/htdocs/FunnyPHP/Public/index位置文件/Applications/MAMP/htdocs/FunnyPHP/Framework/Application.php,第31行
未知错误类型:编号[8]Undefined index: \/Applications/MAMP/htdocs/FunnyPHP/Public/index位置文件/Applications/MAMP/htdocs/FunnyPHP/Framework/Application.php,第32行
未知错误类型:编号[8]Undefined index: \/Applications/MAMP/htdocs/FunnyPHP/Public/index位置文件/Applications/MAMP/htdocs/FunnyPHP/Framework/Application.php,第34行
未知错误类型:编号[8]Undefined index: \/Applications/MAMP/htdocs/FunnyPHP/Public/index位置文件/Applications/MAMP/htdocs/FunnyPHP/Framework/Application.php,第31行
未知错误类型:编号[8]Undefined index: \/Applications/MAMP/htdocs/FunnyPHP/Public/index位置文件/Applications/MAMP/htdocs/FunnyPHP/Framework/Application.php,第32行
未知错误类型:编号[8]Undefined index: \/Applications/MAMP/htdocs/FunnyPHP/Public/index位置文件/Applications/MAMP/htdocs/FunnyPHP/Framework/Application.php,第34行
未知错误类型:编号[8]Undefined index: \/Applications/MAMP/htdocs/FunnyPHP/Public/index位置文件/Applications/MAMP/htdocs/FunnyPHP/Framework/Application.php,第31行
未知错误类型:编号[8]Undefined index: \/Applications/MAMP/htdocs/FunnyPHP/Public/index位置文件/Applications/MAMP/htdocs/FunnyPHP/Framework/Application.php,第32行
未知错误类型:编号[8]Undefined index: \/Applications/MAMP/htdocs/FunnyPHP/Public/index位置文件/Applications/MAMP/htdocs/FunnyPHP/Framework/Application.php,第34行
未知错误类型:编号[8]Undefined index: \/Applications/MAMP/htdocs/FunnyPHP/Public/index位置文件/Applications/MAMP/htdocs/FunnyPHP/Framework/Application.php,第31行
未知错误类型:编号[8]Undefined index: \/Applications/MAMP/htdocs/FunnyPHP/Public/index位置文件/Applications/MAMP/htdocs/FunnyPHP/Framework/Application.php,第32行
未知错误类型:编号[8]Undefined index: \/Applications/MAMP/htdocs/FunnyPHP/Public/index位置文件/Applications/MAMP/htdocs/FunnyPHP/Framework/Application.php,第34行
未知错误类型:编号[8]Undefined index: \/Applications/MAMP/htdocs/FunnyPHP/Public/index位置文件/Applications/MAMP/htdocs/FunnyPHP/Framework/Application.php,第31行
未知错误类型:编号[8]Undefined index: \/Applications/MAMP/htdocs/FunnyPHP/Public/index位置文件/Applications/MAMP/htdocs/FunnyPHP/Framework/Application.php,第32行
未知错误类型:编号[8]Undefined index: \/Applications/MAMP/htdocs/FunnyPHP/Public/index位置文件/Applications/MAMP/htdocs/FunnyPHP/Framework/Application.php,第34行
未知错误类型:编号[8]Undefined index: \/Applications/MAMP/htdocs/FunnyPHP/Public/index位置文件/Applications/MAMP/htdocs/FunnyPHP/Framework/Application.php,第31行
未知错误类型:编号[8]Undefined index: \/Applications/MAMP/htdocs/FunnyPHP/Public/index位置文件/Applications/MAMP/htdocs/FunnyPHP/Framework/Application.php,第32行
未知错误类型:编号[8]Undefined index: \/Applications/MAMP/htdocs/FunnyPHP/Public/index位置文件/Applications/MAMP/htdocs/FunnyPHP/Framework/Application.php,第34行
未知错误类型:编号[8]Undefined index: \/Applications/MAMP/htdocs/FunnyPHP/Public/index位置文件/Applications/MAMP/htdocs/FunnyPHP/Framework/Application.php,第31行
未知错误类型:编号[8]Undefined index: \/Applications/MAMP/htdocs/FunnyPHP/Public/index位置文件/Applications/MAMP/htdocs/FunnyPHP/Framework/Application.php,第32行
未知错误类型:编号[8]Undefined index: \/Applications/MAMP/htdocs/FunnyPHP/Public/index位置文件/Applications/MAMP/htdocs/FunnyPHP/Framework/Application.php,第34行
未知错误类型:编号[8]Undefined index: \/Applications/MAMP/htdocs/FunnyPHP/Public/index位置文件/Applications/MAMP/htdocs/FunnyPHP/Framework/Application.php,第31行
未知错误类型:编号[8]Undefined index: \/Applications/MAMP/htdocs/FunnyPHP/Public/index位置文件/Applications/MAMP/htdocs/FunnyPHP/Framework/Application.php,第32行
未知错误类型:编号[8]Undefined index: \/Applications/MAMP/htdocs/FunnyPHP/Public/index位置文件/Applications/MAMP/htdocs/FunnyPHP/Framework/Application.php,第34行
未知错误类型:编号[8]Undefined index: \/Applications/MAMP/htdocs/FunnyPHP/Public/index位置文件/Applications/MAMP/htdocs/FunnyPHP/Framework/Application.php,第31行
未知错误类型:编号[8]Undefined index: \/Applications/MAMP/htdocs/FunnyPHP/Public/index位置文件/Applications/MAMP/htdocs/FunnyPHP/Framework/Application.php,第32行
未知错误类型:编号[8]Undefined index: \/Applications/MAMP/htdocs/FunnyPHP/Public/index位置文件/Applications/MAMP/htdocs/FunnyPHP/Framework/Application.php,第34行
未知错误类型:编号[8]Undefined index: QUERY_STRING位置文件/Applications/MAMP/htdocs/FunnyPHP/Framework/bootstrap.php,第75行
未知错误类型:编号[8]Undefined index: REQUEST_URI位置文件/Applications/MAMP/htdocs/FunnyPHP/Framework/bootstrap.php,第75行
未知错误类型:编号[8]Undefined index: QUERY_STRING位置文件/Applications/MAMP/htdocs/FunnyPHP/Framework/bootstrap.php,第75行
未知错误类型:编号[8]Undefined index: REQUEST_URI位置文件/Applications/MAMP/htdocs/FunnyPHP/Framework/bootstrap.php,第75行
未知错误类型:编号[8]Undefined index: QUERY_STRING位置文件/Applications/MAMP/htdocs/FunnyPHP/Framework/bootstrap.php,第75行
未知错误类型:编号[8]Undefined index: REQUEST_URI位置文件/Applications/MAMP/htdocs/FunnyPHP/Framework/bootstrap.php,第75行
未知错误类型:编号[8]Undefined index: \/Applications/MAMP/htdocs/FunnyPHP/Public/位置文件/Applications/MAMP/htdocs/FunnyPHP/Framework/Application.php,第32行
未知错误类型:编号[8]Undefined index: \/Applications/MAMP/htdocs/FunnyPHP/Public/位置文件/Applications/MAMP/htdocs/FunnyPHP/Framework/Application.php,第33行
未知错误类型:编号[8]Undefined index: \/Applications/MAMP/htdocs/FunnyPHP/Public/位置文件/Applications/MAMP/htdocs/FunnyPHP/Framework/Application.php,第37行
未知错误类型:编号[8]Undefined index: REQUEST_METHOD位置文件/Applications/MAMP/htdocs/FunnyPHP/Framework/Application.php,第48行
未知错误类型:编号[8]Undefined index: QUERY_STRING位置文件/Applications/MAMP/htdocs/FunnyPHP/Framework/bootstrap.php,第75行
未知错误类型:编号[8]Undefined index: REQUEST_URI位置文件/Applications/MAMP/htdocs/FunnyPHP/Framework/bootstrap.php,第75行
未知错误类型:编号[8]Undefined index: \/Applications/MAMP/htdocs/FunnyPHP/Public/位置文件/Applications/MAMP/htdocs/FunnyPHP/Framework/Application.php,第30行
未知错误类型:编号[8]Undefined index: \/Applications/MAMP/htdocs/FunnyPHP/Public/位置文件/Applications/MAMP/htdocs/FunnyPHP/Framework/Application.php,第31行
未知错误类型:编号[8]Undefined index: \/Applications/MAMP/htdocs/FunnyPHP/Public/位置文件/Applications/MAMP/htdocs/FunnyPHP/Framework/Application.php,第34行
未知错误类型:编号[8]Undefined index: REQUEST_METHOD位置文件/Applications/MAMP/htdocs/FunnyPHP/Framework/Application.php,第45行
未知错误类型:编号[8]Undefined index: QUERY_STRING位置文件/Applications/MAMP/htdocs/FunnyPHP/Framework/bootstrap.php,第75行
未知错误类型:编号[8]Undefined index: REQUEST_URI位置文件/Applications/MAMP/htdocs/FunnyPHP/Framework/bootstrap.php,第75行
未知错误类型:编号[8]Undefined index: \/Applications/MAMP/htdocs/FunnyPHP/Public/位置文件/Applications/MAMP/htdocs/FunnyPHP/Framework/Application.php,第30行
未知错误类型:编号[8]Undefined index: \/Applications/MAMP/htdocs/FunnyPHP/Public/位置文件/Applications/MAMP/htdocs/FunnyPHP/Framework/Application.php,第31行
未知错误类型:编号[8]Undefined index: \/Applications/MAMP/htdocs/FunnyPHP/Public/位置文件/Applications/MAMP/htdocs/FunnyPHP/Framework/Application.php,第34行
未知错误类型:编号[8]Undefined index: REQUEST_METHOD位置文件/Applications/MAMP/htdocs/FunnyPHP/Framework/Application.php,第45行
未知错误类型:编号[8]Undefined index: QUERY_STRING位置文件/Applications/MAMP/htdocs/FunnyPHP/Framework/bootstrap.php,第75行
未知错误类型:编号[8]Undefined index: REQUEST_URI位置文件/Applications/MAMP/htdocs/FunnyPHP/Framework/bootstrap.php,第75行
未知错误类型:编号[8]Undefined index: \/Applications/MAMP/htdocs/FunnyPHP/Public/位置文件/Applications/MAMP/htdocs/FunnyPHP/Framework/Application.php,第30行
未知错误类型:编号[8]Undefined index: \/Applications/MAMP/htdocs/FunnyPHP/Public/位置文件/Applications/MAMP/htdocs/FunnyPHP/Framework/Application.php,第31行
未知错误类型:编号[8]Undefined index: \/Applications/MAMP/htdocs/FunnyPHP/Public/位置文件/Applications/MAMP/htdocs/FunnyPHP/Framework/Application.php,第34行
未知错误类型:编号[8]Undefined index: REQUEST_METHOD位置文件/Applications/MAMP/htdocs/FunnyPHP/Framework/Application.php,第45行
未知错误类型:编号[8]Undefined index: QUERY_STRING位置文件/Applications/MAMP/htdocs/FunnyPHP/Framework/bootstrap.php,第75行
未知错误类型:编号[8]Undefined index: REQUEST_URI位置文件/Applications/MAMP/htdocs/FunnyPHP/Framework/bootstrap.php,第75行
未知错误类型:编号[8]Undefined index: QUERY_STRING位置文件/Applications/MAMP/htdocs/FunnyPHP/Framework/bootstrap.php,第75行
未知错误类型:编号[8]Undefined index: REQUEST_URI位置文件/Applications/MAMP/htdocs/FunnyPHP/Framework/bootstrap.php,第75行
未知错误类型:编号[8]Undefined index: \/Applications/MAMP/htdocs/FunnyPHP/Public/位置文件/Applications/MAMP/htdocs/FunnyPHP/Framework/Application.php,第30行
未知错误类型:编号[8]Undefined index: \/Applications/MAMP/htdocs/FunnyPHP/Public/位置文件/Applications/MAMP/htdocs/FunnyPHP/Framework/Application.php,第31行
未知错误类型:编号[8]Undefined index: \/Applications/MAMP/htdocs/FunnyPHP/Public/位置文件/Applications/MAMP/htdocs/FunnyPHP/Framework/Application.php,第34行
未知错误类型:编号[8]Undefined index: REQUEST_METHOD位置文件/Applications/MAMP/htdocs/FunnyPHP/Framework/Application.php,第45行
未知错误类型:编号[8]Undefined index: \/位置文件/Applications/MAMP/htdocs/FunnyPHP/Framework/Application.php,第30行
未知错误类型:编号[8]Undefined index: \/位置文件/Applications/MAMP/htdocs/FunnyPHP/Framework/Application.php,第31行
未知错误类型:编号[8]Undefined index: \/位置文件/Applications/MAMP/htdocs/FunnyPHP/Framework/Application.php,第34行
未知错误类型:编号[8]Undefined index: \/index位置文件/Applications/MAMP/htdocs/FunnyPHP/Framework/Application.php,第30行
未知错误类型:编号[8]Undefined index: \/index位置文件/Applications/MAMP/htdocs/FunnyPHP/Framework/Application.php,第31行
未知错误类型:编号[8]Undefined index: \/index位置文件/Applications/MAMP/htdocs/FunnyPHP/Framework/Application.php,第34行
未知错误类型:编号[8]Undefined index: \/index位置文件/Applications/MAMP/htdocs/FunnyPHP/Framework/Application.php,第30行
未知错误类型:编号[8]Undefined index: \/index位置文件/Applications/MAMP/htdocs/FunnyPHP/Framework/Application.php,第31行
未知错误类型:编号[8]Undefined index: \/index位置文件/Applications/MAMP/htdocs/FunnyPHP/Framework/Application.php,第34行
未知错误类型:编号[8]Undefined index: \/index位置文件/Applications/MAMP/htdocs/FunnyPHP/Framework/Application.php,第30行
未知错误类型:编号[8]Undefined index: \/index位置文件/Applications/MAMP/htdocs/FunnyPHP/Framework/Application.php,第31行
未知错误类型:编号[8]Undefined index: \/index位置文件/Applications/MAMP/htdocs/FunnyPHP/Framework/Application.php,第34行
未知错误类型:编号[8]Undefined index: \/index位置文件/Applications/MAMP/htdocs/FunnyPHP/Framework/Application.php,第30行
未知错误类型:编号[8]Undefined index: \/index位置文件/Applications/MAMP/htdocs/FunnyPHP/Framework/Application.php,第31行
未知错误类型:编号[8]Undefined index: \/index位置文件/Applications/MAMP/htdocs/FunnyPHP/Framework/Application.php,第33行
未知错误类型:编号[8]Undefined index: \/index位置文件/Applications/MAMP/htdocs/FunnyPHP/Framework/Application.php,第30行
未知错误类型:编号[8]Undefined index: \/index位置文件/Applications/MAMP/htdocs/FunnyPHP/Framework/Application.php,第31行
未知错误类型:编号[8]Undefined index: \/index位置文件/Applications/MAMP/htdocs/FunnyPHP/Framework/Application.php,第33行
未知错误类型:编号[8]Undefined index: return位置文件/Applications/MAMP/htdocs/FunnyPHP/Framework/Application.php,第31行
未知错误类型:编号[8]Undefined variable: list位置文件/Applications/MAMP/htdocs/FunnyPHP/App/Front/cache/112526675145641f472d24b2ece3cbdaafa8b09b.php,第130行
未知错误类型:编号[2]Invalid argument supplied for foreach()位置文件/Applications/MAMP/htdocs/FunnyPHP/App/Front/cache/112526675145641f472d24b2ece3cbdaafa8b09b.php,第130行
未知错误类型:编号[8]Undefined index: \/index位置文件/Applications/MAMP/htdocs/FunnyPHP/Framework/Application.php,第30行
未知错误类型:编号[8]Undefined index: \/index位置文件/Applications/MAMP/htdocs/FunnyPHP/Framework/Application.php,第31行
未知错误类型:编号[8]Undefined index: \/index位置文件/Applications/MAMP/htdocs/FunnyPHP/Framework/Application.php,第33行
未知错误类型:编号[8]Undefined index: \/index位置文件/Applications/MAMP/htdocs/FunnyPHP/Framework/Application.php,第30行
未知错误类型:编号[8]Undefined index: \/index位置文件/Applications/MAMP/htdocs/FunnyPHP/Framework/Application.php,第31行
未知错误类型:编号[8]Undefined index: \/index位置文件/Applications/MAMP/htdocs/FunnyPHP/Framework/Application.php,第33行
未知错误类型:编号[8]Undefined index: return位置文件/Applications/MAMP/htdocs/FunnyPHP/Framework/Application.php,第31行
未知错误类型:编号[8]Undefined variable: list位置文件/Applications/MAMP/htdocs/FunnyPHP/App/Front/cache/112526675145641f472d24b2ece3cbdaafa8b09b.php,第130行
未知错误类型:编号[2]Invalid argument supplied for foreach()位置文件/Applications/MAMP/htdocs/FunnyPHP/App/Front/cache/112526675145641f472d24b2ece3cbdaafa8b09b.php,第130行
未知错误类型:编号[8]Undefined index: \/index位置文件/Applications/MAMP/htdocs/FunnyPHP/Framework/Application.php,第31行
未知错误类型:编号[8]Undefined index: \/index位置文件/Applications/MAMP/htdocs/FunnyPHP/Framework/Application.php,第32行
未知错误类型:编号[8]Undefined index: \/index位置文件/Applications/MAMP/htdocs/FunnyPHP/Framework/Application.php,第34行
未知错误类型:编号[8]Undefined index: \/index位置文件/Applications/MAMP/htdocs/FunnyPHP/Framework/Application.php,第31行
未知错误类型:编号[8]Undefined index: \/index位置文件/Applications/MAMP/htdocs/FunnyPHP/Framework/Application.php,第32行
未知错误类型:编号[8]Undefined index: \/index位置文件/Applications/MAMP/htdocs/FunnyPHP/Framework/Application.php,第34行
未知错误类型:编号[8]Undefined index: return位置文件/Applications/MAMP/htdocs/FunnyPHP/Framework/Application.php,第32行
未知错误类型:编号[8]Undefined variable: list位置文件/Applications/MAMP/htdocs/FunnyPHP/App/Front/cache/112526675145641f472d24b2ece3cbdaafa8b09b.php,第130行
未知错误类型:编号[2]Invalid argument supplied for foreach()位置文件/Applications/MAMP/htdocs/FunnyPHP/App/Front/cache/112526675145641f472d24b2ece3cbdaafa8b09b.php,第130行
未知错误类型:编号[2]Missing argument 1 for Framework\Application::__construct(), called in /Applications/MAMP/htdocs/FunnyPHP/Framework/bootstrap.php on line 84 and defined位置文件/Applications/MAMP/htdocs/FunnyPHP/Framework/Application.php,第25行
未知错误类型:编号[8]Undefined variable: router位置文件/Applications/MAMP/htdocs/FunnyPHP/Framework/Application.php,第27行
未知错误类型:编号[8]Undefined index: \位置文件/Applications/MAMP/htdocs/FunnyPHP/Framework/Application.php,第28行
未知错误类型:编号[8]Undefined index: \位置文件/Applications/MAMP/htdocs/FunnyPHP/Framework/Application.php,第29行
未知错误类型:编号[2]Missing argument 1 for Framework\Application::__construct(), called in /Applications/MAMP/htdocs/FunnyPHP/Framework/bootstrap.php on line 84 and defined位置文件/Applications/MAMP/htdocs/FunnyPHP/Framework/Application.php,第25行
未知错误类型:编号[8]Undefined variable: router位置文件/Applications/MAMP/htdocs/FunnyPHP/Framework/Application.php,第27行
未知错误类型:编号[8]Undefined index: \位置文件/Applications/MAMP/htdocs/FunnyPHP/Framework/Application.php,第29行
未知错误类型:编号[8]Undefined index: \位置文件/Applications/MAMP/htdocs/FunnyPHP/Framework/Application.php,第30行
未知错误类型:编号[2]Missing argument 1 for Framework\Application::__construct(), called in /Applications/MAMP/htdocs/FunnyPHP/Framework/bootstrap.php on line 84 and defined位置文件/Applications/MAMP/htdocs/FunnyPHP/Framework/Application.php,第25行
未知错误类型:编号[8]Undefined variable: router位置文件/Applications/MAMP/htdocs/FunnyPHP/Framework/Application.php,第27行
未知错误类型:编号[8]Undefined index: \位置文件/Applications/MAMP/htdocs/FunnyPHP/Framework/Application.php,第29行
未知错误类型:编号[8]Undefined index: \位置文件/Applications/MAMP/htdocs/FunnyPHP/Framework/Application.php,第30行
未知错误类型:编号[2]Missing argument 1 for Framework\Application::__construct(), called in /Applications/MAMP/htdocs/FunnyPHP/Framework/bootstrap.php on line 84 and defined位置文件/Applications/MAMP/htdocs/FunnyPHP/Framework/Application.php,第25行
未知错误类型:编号[8]Undefined variable: router位置文件/Applications/MAMP/htdocs/FunnyPHP/Framework/Application.php,第27行
未知错误类型:编号[8]Undefined index: \位置文件/Applications/MAMP/htdocs/FunnyPHP/Framework/Application.php,第30行
未知错误类型:编号[8]Undefined index: \位置文件/Applications/MAMP/htdocs/FunnyPHP/Framework/Application.php,第31行
未知错误类型:编号[2]Missing argument 1 for Framework\Application::__construct(), called in /Applications/MAMP/htdocs/FunnyPHP/Framework/bootstrap.php on line 84 and defined位置文件/Applications/MAMP/htdocs/FunnyPHP/Framework/Application.php,第21行
未知错误类型:编号[8]Undefined variable: router位置文件/Applications/MAMP/htdocs/FunnyPHP/Framework/Application.php,第23行
未知错误类型:编号[8]Undefined variable: router位置文件/Applications/MAMP/htdocs/FunnyPHP/Framework/Application.php,第24行
未知错误类型:编号[8]Undefined index: \位置文件/Applications/MAMP/htdocs/FunnyPHP/Framework/Application.php,第25行
未知错误类型:编号[8]Undefined index: \位置文件/Applications/MAMP/htdocs/FunnyPHP/Framework/Application.php,第26行
未知错误类型:编号[8]Undefined index: \/index位置文件/Applications/MAMP/htdocs/FunnyPHP/Framework/Application.php,第25行
未知错误类型:编号[8]Undefined index: \/index位置文件/Applications/MAMP/htdocs/FunnyPHP/Framework/Application.php,第26行
未知错误类型:编号[2]Missing argument 1 for Framework\Application::run(), called in /Applications/MAMP/htdocs/FunnyPHP/Framework/bootstrap.php on line 85 and defined位置文件/Applications/MAMP/htdocs/FunnyPHP/Framework/Application.php,第35行
未知错误类型:编号[8]Undefined index: \/index位置文件/Applications/MAMP/htdocs/FunnyPHP/Framework/Application.php,第25行
未知错误类型:编号[8]Undefined index: \/index位置文件/Applications/MAMP/htdocs/FunnyPHP/Framework/Application.php,第26行
未知错误类型:编号[8]Undefined index: \/index位置文件/Applications/MAMP/htdocs/FunnyPHP/Framework/Application.php,第25行
未知错误类型:编号[8]Undefined index: \/index位置文件/Applications/MAMP/htdocs/FunnyPHP/Framework/Application.php,第26行
未知错误类型:编号[8]Undefined variable: list位置文件/Applications/MAMP/htdocs/FunnyPHP/App/Front/cache/112526675145641f472d24b2ece3cbdaafa8b09b.php,第130行
未知错误类型:编号[2]Invalid argument supplied for foreach()位置文件/Applications/MAMP/htdocs/FunnyPHP/App/Front/cache/112526675145641f472d24b2ece3cbdaafa8b09b.php,第130行
未知错误类型:编号[8]Undefined index: \/index位置文件/Applications/MAMP/htdocs/FunnyPHP/Framework/Application.php,第25行
未知错误类型:编号[8]Undefined index: \/index位置文件/Applications/MAMP/htdocs/FunnyPHP/Framework/Application.php,第26行
未知错误类型:编号[8]Undefined index: //index位置文件/Applications/MAMP/htdocs/FunnyPHP/Framework/Application.php,第25行
未知错误类型:编号[8]Undefined index: //index位置文件/Applications/MAMP/htdocs/FunnyPHP/Framework/Application.php,第26行
未知错误类型:编号[8]Undefined variable: list位置文件/Applications/MAMP/htdocs/FunnyPHP/App/Front/cache/112526675145641f472d24b2ece3cbdaafa8b09b.php,第130行
未知错误类型:编号[2]Invalid argument supplied for foreach()位置文件/Applications/MAMP/htdocs/FunnyPHP/App/Front/cache/112526675145641f472d24b2ece3cbdaafa8b09b.php,第130行
未知错误类型:编号[8]Undefined variable: list位置文件/Applications/MAMP/htdocs/FunnyPHP/App/Front/cache/112526675145641f472d24b2ece3cbdaafa8b09b.php,第130行
未知错误类型:编号[2]Invalid argument supplied for foreach()位置文件/Applications/MAMP/htdocs/FunnyPHP/App/Front/cache/112526675145641f472d24b2ece3cbdaafa8b09b.php,第130行
未知错误类型:编号[8]Undefined index: \/index位置文件/Applications/MAMP/htdocs/FunnyPHP/Framework/Application.php,第25行
未知错误类型:编号[8]Undefined index: \/index位置文件/Applications/MAMP/htdocs/FunnyPHP/Framework/Application.php,第26行
未知错误类型:编号[8]Undefined index: QUERY_STRING位置文件/Applications/MAMP/htdocs/FunnyPHP/Framework/bootstrap.php,第75行
未知错误类型:编号[8]Undefined index: REQUEST_URI位置文件/Applications/MAMP/htdocs/FunnyPHP/Framework/bootstrap.php,第75行
未知错误类型:编号[8]Undefined index: QUERY_STRING位置文件/Applications/MAMP/htdocs/FunnyPHP/Framework/bootstrap.php,第75行
未知错误类型:编号[8]Undefined index: REQUEST_URI位置文件/Applications/MAMP/htdocs/FunnyPHP/Framework/bootstrap.php,第75行
未知错误类型:编号[8]Undefined index: QUERY_STRING位置文件/Applications/MAMP/htdocs/FunnyPHP/Framework/bootstrap.php,第75行
未知错误类型:编号[8]Undefined index: REQUEST_URI位置文件/Applications/MAMP/htdocs/FunnyPHP/Framework/bootstrap.php,第75行
未知错误类型:编号[8]Undefined index: \/Applications/MAMP/htdocs/FunnyPHP/Public/index位置文件/Applications/MAMP/htdocs/FunnyPHP/Framework/Application.php,第27行
未知错误类型:编号[8]Undefined index: \/Applications/MAMP/htdocs/FunnyPHP/Public/index位置文件/Applications/MAMP/htdocs/FunnyPHP/Framework/Application.php,第28行
未知错误类型:编号[8]Undefined index: QUERY_STRING位置文件/Applications/MAMP/htdocs/FunnyPHP/Framework/bootstrap.php,第75行
未知错误类型:编号[8]Undefined index: REQUEST_URI位置文件/Applications/MAMP/htdocs/FunnyPHP/Framework/bootstrap.php,第75行
未知错误类型:编号[8]Undefined index: QUERY_STRING位置文件/Applications/MAMP/htdocs/FunnyPHP/Framework/bootstrap.php,第75行
未知错误类型:编号[8]Undefined index: REQUEST_URI位置文件/Applications/MAMP/htdocs/FunnyPHP/Framework/bootstrap.php,第75行
未知错误类型:编号[8]Undefined index: \/Applications/MAMP/htdocs/FunnyPHP/Public/index位置文件/Applications/MAMP/htdocs/FunnyPHP/Framework/Application.php,第28行
未知错误类型:编号[8]Undefined index: \/Applications/MAMP/htdocs/FunnyPHP/Public/index位置文件/Applications/MAMP/htdocs/FunnyPHP/Framework/Application.php,第29行
未知错误类型:编号[8]Undefined index: QUERY_STRING位置文件/Applications/MAMP/htdocs/FunnyPHP/Framework/bootstrap.php,第75行
未知错误类型:编号[8]Undefined index: REQUEST_URI位置文件/Applications/MAMP/htdocs/FunnyPHP/Framework/bootstrap.php,第75行
未知错误类型:编号[8]Undefined index: QUERY_STRING位置文件/Applications/MAMP/htdocs/FunnyPHP/Framework/bootstrap.php,第75行
未知错误类型:编号[8]Undefined index: REQUEST_URI位置文件/Applications/MAMP/htdocs/FunnyPHP/Framework/bootstrap.php,第75行
未知错误类型:编号[8]Undefined index: QUERY_STRING位置文件/Applications/MAMP/htdocs/FunnyPHP/Framework/bootstrap.php,第75行
未知错误类型:编号[8]Undefined index: REQUEST_URI位置文件/Applications/MAMP/htdocs/FunnyPHP/Framework/bootstrap.php,第75行
未知错误类型:编号[8]Undefined index: \/Applications/MAMP/htdocs/FunnyPHP/Public/index位置文件/Applications/MAMP/htdocs/FunnyPHP/Framework/Application.php,第28行
未知错误类型:编号[8]Undefined index: \/Applications/MAMP/htdocs/FunnyPHP/Public/index位置文件/Applications/MAMP/htdocs/FunnyPHP/Framework/Application.php,第29行
