未知错误类型:编号[8]Undefined variable: param位置文件C:\Users\ming\Desktop\hellohouse\FunnyPHP\Framework\Application.php,第94行
未知错误类型:编号[8]Undefined index: return位置文件C:\Users\ming\Desktop\hellohouse\FunnyPHP\Framework\Application.php,第25行
未知错误类型:编号[8]Undefined variable: param位置文件C:\Users\ming\Desktop\hellohouse\FunnyPHP\Framework\Application.php,第94行
未知错误类型:编号[8]Undefined index: return位置文件C:\Users\ming\Desktop\hellohouse\FunnyPHP\Framework\Application.php,第25行
未知错误类型:编号[8]Undefined variable: param位置文件C:\Users\ming\Desktop\hellohouse\FunnyPHP\Framework\Application.php,第94行
未知错误类型:编号[8]Undefined index: return位置文件C:\Users\ming\Desktop\hellohouse\FunnyPHP\Framework\Application.php,第25行
未知错误类型:编号[8]Undefined variable: param位置文件C:\Users\ming\Desktop\hellohouse\FunnyPHP\Framework\Application.php,第94行
未知错误类型:编号[8]Undefined index: return位置文件C:\Users\ming\Desktop\hellohouse\FunnyPHP\Framework\Application.php,第25行
未知错误类型:编号[8]Undefined variable: param位置文件C:\Users\ming\Desktop\hellohouse\FunnyPHP\Framework\Application.php,第94行
未知错误类型:编号[8]Undefined index: return位置文件C:\Users\ming\Desktop\hellohouse\FunnyPHP\Framework\Application.php,第25行
未知错误类型:编号[8]Undefined variable: param位置文件C:\Users\ming\Desktop\hellohouse\FunnyPHP\Framework\Application.php,第94行
未知错误类型:编号[8]Undefined index: return位置文件C:\Users\ming\Desktop\hellohouse\FunnyPHP\Framework\Application.php,第25行
未知错误类型:编号[8]Undefined variable: param位置文件C:\Users\ming\Desktop\hellohouse\FunnyPHP\Framework\Application.php,第94行
未知错误类型:编号[8]Undefined index: return位置文件C:\Users\ming\Desktop\hellohouse\FunnyPHP\Framework\Application.php,第25行
未知错误类型:编号[8]Undefined variable: param位置文件C:\Users\ming\Desktop\hellohouse\FunnyPHP\Framework\Application.php,第104行
未知错误类型:编号[2]include_once(../App/Wechat/Action/IndexAction.php): failed to open stream: No such file or directory位置文件C:\Users\ming\Desktop\hellohouse\FunnyPHP\Framework\bootstrap.php,第46行
未知错误类型:编号[2]include_once(): Failed opening '../App/Wechat/Action/IndexAction.php' for inclusion (include_path='.;C:\php\pear')位置文件C:\Users\ming\Desktop\hellohouse\FunnyPHP\Framework\bootstrap.php,第46行
未知错误类型:编号[8]Undefined index: return位置文件C:\Users\ming\Desktop\hellohouse\FunnyPHP\Framework\Application.php,第25行
未知错误类型:编号[8]Undefined variable: param位置文件C:\Users\ming\Desktop\hellohouse\FunnyPHP\Framework\Application.php,第104行
未知错误类型:编号[8]Undefined index: return位置文件C:\Users\ming\Desktop\hellohouse\FunnyPHP\Framework\Application.php,第25行
未知错误类型:编号[8]Undefined variable: param位置文件C:\Users\ming\Desktop\hellohouse\FunnyPHP\Framework\Application.php,第104行
未知错误类型:编号[8]Undefined index: return位置文件C:\Users\ming\Desktop\hellohouse\FunnyPHP\Framework\Application.php,第25行
未知错误类型:编号[8]Undefined variable: param位置文件C:\Users\ming\Desktop\hellohouse\FunnyPHP\Framework\Application.php,第105行
未知错误类型:编号[8]Undefined index: return位置文件C:\Users\ming\Desktop\hellohouse\FunnyPHP\Framework\Application.php,第25行
未知错误类型:编号[8]Undefined variable: param位置文件C:\Users\ming\Desktop\hellohouse\FunnyPHP\Framework\Application.php,第105行
未知错误类型:编号[8]Undefined index: return位置文件C:\Users\ming\Desktop\hellohouse\FunnyPHP\Framework\Application.php,第25行
未知错误类型:编号[8]Undefined variable: param位置文件C:\Users\ming\Desktop\hellohouse\FunnyPHP\Framework\Application.php,第104行
未知错误类型:编号[8]Undefined index: return位置文件C:\Users\ming\Desktop\hellohouse\FunnyPHP\Framework\Application.php,第25行
未知错误类型:编号[8]Undefined variable: param位置文件C:\Users\ming\Desktop\hellohouse\FunnyPHP\Framework\Application.php,第104行
未知错误类型:编号[8]Undefined index: return位置文件C:\Users\ming\Desktop\hellohouse\FunnyPHP\Framework\Application.php,第25行
未知错误类型:编号[8]Undefined variable: param位置文件C:\Users\ming\Desktop\hellohouse\FunnyPHP\Framework\Application.php,第104行
未知错误类型:编号[8]Undefined index: return位置文件C:\Users\ming\Desktop\hellohouse\FunnyPHP\Framework\Application.php,第25行
未知错误类型:编号[8]Undefined variable: param位置文件C:\Users\ming\Desktop\hellohouse\FunnyPHP\Framework\Application.php,第104行
未知错误类型:编号[8]Undefined index: return位置文件C:\Users\ming\Desktop\hellohouse\FunnyPHP\Framework\Application.php,第25行
未知错误类型:编号[8]Undefined variable: param位置文件C:\Users\ming\Desktop\hellohouse\FunnyPHP\Framework\Application.php,第104行
未知错误类型:编号[8]Undefined index: return位置文件C:\Users\ming\Desktop\hellohouse\FunnyPHP\Framework\Application.php,第25行
未知错误类型:编号[8]Undefined variable: param位置文件C:\Users\ming\Desktop\hellohouse\FunnyPHP\Framework\Application.php,第104行
未知错误类型:编号[8]Undefined index: return位置文件C:\Users\ming\Desktop\hellohouse\FunnyPHP\Framework\Application.php,第25行
未知错误类型:编号[8]Undefined variable: param位置文件C:\Users\ming\Desktop\hellohouse\FunnyPHP\Framework\Application.php,第97行
未知错误类型:编号[8]Undefined index: return位置文件C:\Users\ming\Desktop\hellohouse\FunnyPHP\Framework\Application.php,第25行
未知错误类型:编号[8]Undefined variable: param位置文件C:\Users\ming\Desktop\hellohouse\FunnyPHP\Framework\Application.php,第97行
未知错误类型:编号[8]Undefined variable: object位置文件C:\Users\ming\Desktop\hellohouse\FunnyPHP\Framework\Application.php,第77行
未知错误类型:编号[8]Undefined index: return位置文件C:\Users\ming\Desktop\hellohouse\FunnyPHP\Framework\Application.php,第25行
未知错误类型:编号[8]Undefined variable: param位置文件C:\Users\ming\Desktop\hellohouse\FunnyPHP\Framework\Application.php,第97行
未知错误类型:编号[8]Undefined variable: object位置文件C:\Users\ming\Desktop\hellohouse\FunnyPHP\Framework\Application.php,第77行
未知错误类型:编号[8]Undefined index: return位置文件C:\Users\ming\Desktop\hellohouse\FunnyPHP\Framework\Application.php,第25行
未知错误类型:编号[8]Undefined variable: param位置文件C:\Users\ming\Desktop\hellohouse\FunnyPHP\Framework\Application.php,第97行
未知错误类型:编号[8]Undefined variable: object位置文件C:\Users\ming\Desktop\hellohouse\FunnyPHP\Framework\Application.php,第77行
未知错误类型:编号[8]Undefined index: return位置文件C:\Users\ming\Desktop\hellohouse\FunnyPHP\Framework\Application.php,第25行
未知错误类型:编号[8]Undefined variable: param位置文件C:\Users\ming\Desktop\hellohouse\FunnyPHP\Framework\Application.php,第97行
未知错误类型:编号[8]Undefined index: return位置文件C:\Users\ming\Desktop\hellohouse\FunnyPHP\Framework\Application.php,第25行
未知错误类型:编号[8]Undefined variable: param位置文件C:\Users\ming\Desktop\hellohouse\FunnyPHP\Framework\Application.php,第97行
未知错误类型:编号[8]Undefined index: return位置文件C:\Users\ming\Desktop\hellohouse\FunnyPHP\Framework\Application.php,第25行
未知错误类型:编号[8]Undefined variable: param位置文件C:\Users\ming\Desktop\hellohouse\FunnyPHP\Framework\Application.php,第97行
未知错误类型:编号[8]Undefined index: return位置文件C:\Users\ming\Desktop\hellohouse\FunnyPHP\Framework\Application.php,第25行
未知错误类型:编号[8]Undefined variable: param位置文件C:\Users\ming\Desktop\hellohouse\FunnyPHP\Framework\Application.php,第97行
未知错误类型:编号[8]Undefined index: return位置文件C:\Users\ming\Desktop\hellohouse\FunnyPHP\Framework\Application.php,第25行
未知错误类型:编号[8]Undefined variable: param位置文件C:\Users\ming\Desktop\hellohouse\FunnyPHP\Framework\Application.php,第97行
未知错误类型:编号[8]Undefined index: return位置文件C:\Users\ming\Desktop\hellohouse\FunnyPHP\Framework\Application.php,第25行
未知错误类型:编号[8]Undefined index: return位置文件C:\Users\ming\Desktop\hellohouse\FunnyPHP\Framework\Application.php,第25行
未知错误类型:编号[8]Undefined index: return位置文件C:\Users\ming\Desktop\hellohouse\FunnyPHP\Framework\Application.php,第25行
未知错误类型:编号[8]Undefined index: return位置文件C:\Users\ming\Desktop\hellohouse\FunnyPHP\Framework\Application.php,第25行
未知错误类型:编号[8]Undefined index: return位置文件C:\Users\ming\Desktop\hellohouse\FunnyPHP\Framework\Application.php,第25行
未知错误类型:编号[8]Undefined index: return位置文件C:\Users\ming\Desktop\hellohouse\FunnyPHP\Framework\Application.php,第25行
未知错误类型:编号[8]Undefined index: return位置文件C:\Users\ming\Desktop\hellohouse\FunnyPHP\Framework\Application.php,第25行
未知错误类型:编号[8]Undefined index: return位置文件C:\Users\ming\Desktop\hellohouse\FunnyPHP\Framework\Application.php,第25行
未知错误类型:编号[8]Undefined index: return位置文件C:\Users\ming\Desktop\hellohouse\FunnyPHP\Framework\Application.php,第25行
未知错误类型:编号[8]Undefined index: return位置文件C:\Users\ming\Desktop\hellohouse\FunnyPHP\Framework\Application.php,第25行
未知错误类型:编号[8]Undefined index: return位置文件C:\Users\ming\Desktop\hellohouse\FunnyPHP\Framework\Application.php,第25行
未知错误类型:编号[8]Undefined index: return位置文件C:\Users\ming\Desktop\hellohouse\FunnyPHP\Framework\Application.php,第25行
未知错误类型:编号[8]Undefined index: return位置文件C:\Users\ming\Desktop\hellohouse\FunnyPHP\Framework\Application.php,第25行
未知错误类型:编号[8]Undefined index: return位置文件C:\Users\ming\Desktop\hellohouse\FunnyPHP\Framework\Application.php,第25行
未知错误类型:编号[8]Undefined index: return位置文件C:\Users\ming\Desktop\hellohouse\FunnyPHP\Framework\Application.php,第25行
未知错误类型:编号[8]Undefined index: return位置文件C:\Users\ming\Desktop\hellohouse\FunnyPHP\Framework\Application.php,第25行
未知错误类型:编号[8]Undefined index: return位置文件/Applications/MAMP/htdocs/FunnyPHP/Framework/Application.php,第26行
未知错误类型:编号[8]Undefined index: return位置文件/Applications/MAMP/htdocs/FunnyPHP/Framework/Application.php,第26行
未知错误类型:编号[8]Undefined index: return位置文件/Applications/MAMP/htdocs/FunnyPHP/Framework/Application.php,第26行
未知错误类型:编号[8]Undefined index: return位置文件/Applications/MAMP/htdocs/FunnyPHP/Framework/Application.php,第25行
未知错误类型:编号[8]Undefined index: return位置文件/Applications/MAMP/htdocs/FunnyPHP/Framework/Application.php,第25行
未知错误类型:编号[8]Undefined index: return位置文件/Applications/MAMP/htdocs/FunnyPHP/Framework/Application.php,第25行
未知错误类型:编号[8]Undefined index: return位置文件/Applications/MAMP/htdocs/FunnyPHP/Framework/Application.php,第25行
未知错误类型:编号[8]Undefined index: return位置文件/Applications/MAMP/htdocs/FunnyPHP/Framework/Application.php,第25行
未知错误类型:编号[8]Undefined index: return位置文件/Applications/MAMP/htdocs/FunnyPHP/Framework/Application.php,第27行
未知错误类型:编号[8]Undefined index: return位置文件/Applications/MAMP/htdocs/FunnyPHP/Framework/Application.php,第27行
未知错误类型:编号[8]Undefined index: return位置文件/Applications/MAMP/htdocs/FunnyPHP/Framework/Application.php,第27行
未知错误类型:编号[8]Undefined index: return位置文件/Applications/MAMP/htdocs/FunnyPHP/Framework/Application.php,第27行
未知错误类型:编号[8]Undefined index: return位置文件/Applications/MAMP/htdocs/FunnyPHP/Framework/Application.php,第27行
未知错误类型:编号[8]Undefined index: return位置文件/Applications/MAMP/htdocs/FunnyPHP/Framework/Application.php,第27行
未知错误类型:编号[8]Undefined index: return位置文件/Applications/MAMP/htdocs/FunnyPHP/Framework/Application.php,第27行
未知错误类型:编号[8]Undefined index: return位置文件/Applications/MAMP/htdocs/FunnyPHP/Framework/Application.php,第27行
未知错误类型:编号[8]Undefined index: return位置文件/Applications/MAMP/htdocs/FunnyPHP/Framework/Application.php,第27行
未知错误类型:编号[8]Undefined index: return位置文件/Applications/MAMP/htdocs/FunnyPHP/Framework/Application.php,第27行
未知错误类型:编号[8]Undefined index: return位置文件/Applications/MAMP/htdocs/FunnyPHP/Framework/Application.php,第27行
未知错误类型:编号[8]Undefined index: return位置文件/Applications/MAMP/htdocs/FunnyPHP/Framework/Application.php,第27行
未知错误类型:编号[8]Undefined index: return位置文件/Applications/MAMP/htdocs/FunnyPHP/Framework/Application.php,第27行
未知错误类型:编号[8]Undefined index: return位置文件/Applications/MAMP/htdocs/FunnyPHP/Framework/Application.php,第27行
未知错误类型:编号[8]Undefined index: return位置文件/Applications/MAMP/htdocs/FunnyPHP/Framework/Application.php,第27行
未知错误类型:编号[8]Undefined index: return位置文件/Applications/MAMP/htdocs/FunnyPHP/Framework/Application.php,第27行
未知错误类型:编号[8]Undefined index: return位置文件/Applications/MAMP/htdocs/FunnyPHP/Framework/Application.php,第27行
未知错误类型:编号[8]Undefined index: return位置文件/Applications/MAMP/htdocs/FunnyPHP/Framework/Application.php,第27行
未知错误类型:编号[8]Undefined index: return位置文件/Applications/MAMP/htdocs/FunnyPHP/Framework/Application.php,第27行
未知错误类型:编号[8]Undefined index: return位置文件/Applications/MAMP/htdocs/FunnyPHP/Framework/Application.php,第27行
未知错误类型:编号[8]Undefined index: return位置文件/Applications/MAMP/htdocs/FunnyPHP/Framework/Application.php,第27行
未知错误类型:编号[8]Undefined index: return位置文件/Applications/MAMP/htdocs/FunnyPHP/Framework/Application.php,第27行
未知错误类型:编号[8]Undefined index: return位置文件/Applications/MAMP/htdocs/FunnyPHP/Framework/Application.php,第27行
未知错误类型:编号[8]Undefined index: return位置文件/Applications/MAMP/htdocs/FunnyPHP/Framework/Application.php,第27行
未知错误类型:编号[8]Undefined index: return位置文件/Applications/MAMP/htdocs/FunnyPHP/Framework/Application.php,第27行
未知错误类型:编号[8]Undefined index: return位置文件/Applications/MAMP/htdocs/FunnyPHP/Framework/Application.php,第27行
未知错误类型:编号[8]Undefined index: return位置文件/Applications/MAMP/htdocs/FunnyPHP/Framework/Application.php,第27行
未知错误类型:编号[8]Undefined index: return位置文件/Applications/MAMP/htdocs/FunnyPHP/Framework/Application.php,第27行
未知错误类型:编号[8]Undefined index: return位置文件/Applications/MAMP/htdocs/FunnyPHP/Framework/Application.php,第27行
未知错误类型:编号[8]Undefined index: return位置文件/Applications/MAMP/htdocs/FunnyPHP/Framework/Application.php,第27行
未知错误类型:编号[8]Undefined index: return位置文件/Applications/MAMP/htdocs/FunnyPHP/Framework/Application.php,第27行
未知错误类型:编号[8]Undefined index: return位置文件/Applications/MAMP/htdocs/FunnyPHP/Framework/Application.php,第27行
未知错误类型:编号[8]Undefined index: return位置文件/Applications/MAMP/htdocs/FunnyPHP/Framework/Application.php,第27行
未知错误类型:编号[8]Undefined index: return位置文件/Applications/MAMP/htdocs/FunnyPHP/Framework/Application.php,第27行
未知错误类型:编号[8]Undefined index: return位置文件/Applications/MAMP/htdocs/FunnyPHP/Framework/Application.php,第27行
未知错误类型:编号[8]Undefined index: return位置文件/Applications/MAMP/htdocs/FunnyPHP/Framework/Application.php,第27行
未知错误类型:编号[8]Undefined index: return位置文件/Applications/MAMP/htdocs/FunnyPHP/Framework/Application.php,第27行
未知错误类型:编号[8]Undefined index: return位置文件/Applications/MAMP/htdocs/FunnyPHP/Framework/Application.php,第27行
未知错误类型:编号[8]Undefined index: return位置文件/Applications/MAMP/htdocs/FunnyPHP/Framework/Application.php,第27行
未知错误类型:编号[8]Undefined index: return位置文件/Applications/MAMP/htdocs/FunnyPHP/Framework/Application.php,第27行
未知错误类型:编号[8]Undefined index: return位置文件/Applications/MAMP/htdocs/FunnyPHP/Framework/Application.php,第27行
未知错误类型:编号[8]Undefined index: return位置文件/Applications/MAMP/htdocs/FunnyPHP/Framework/Application.php,第27行
未知错误类型:编号[8]Undefined index: return位置文件/Applications/MAMP/htdocs/FunnyPHP/Framework/Application.php,第27行
未知错误类型:编号[8]Undefined index: return位置文件/Applications/MAMP/htdocs/FunnyPHP/Framework/Application.php,第26行
未知错误类型:编号[8]Undefined index: return位置文件/Applications/MAMP/htdocs/FunnyPHP/Framework/Application.php,第26行
未知错误类型:编号[8]Undefined index: return位置文件/Applications/MAMP/htdocs/FunnyPHP/Framework/Application.php,第26行
未知错误类型:编号[8]Undefined index: return位置文件/Applications/MAMP/htdocs/FunnyPHP/Framework/Application.php,第26行
未知错误类型:编号[8]Undefined index: return位置文件/Applications/MAMP/htdocs/FunnyPHP/Framework/Application.php,第26行
未知错误类型:编号[8]Undefined index: return位置文件/Applications/MAMP/htdocs/FunnyPHP/Framework/Application.php,第26行
未知错误类型:编号[8]Undefined index: return位置文件/Applications/MAMP/htdocs/FunnyPHP/Framework/Application.php,第26行
未知错误类型:编号[8]Undefined index: return位置文件/Applications/MAMP/htdocs/FunnyPHP/Framework/Application.php,第26行
未知错误类型:编号[8]Undefined index: return位置文件/Applications/MAMP/htdocs/FunnyPHP/Framework/Application.php,第26行
未知错误类型:编号[8]Undefined index: return位置文件/Applications/MAMP/htdocs/FunnyPHP/Framework/Application.php,第26行
未知错误类型:编号[8]Undefined index: return位置文件/Applications/MAMP/htdocs/FunnyPHP/Framework/Application.php,第26行
未知错误类型:编号[8]Undefined index: return位置文件/Applications/MAMP/htdocs/FunnyPHP/Framework/Application.php,第26行
未知错误类型:编号[8]Undefined index: return位置文件/Applications/MAMP/htdocs/FunnyPHP/Framework/Application.php,第26行
未知错误类型:编号[8]Undefined index: return位置文件/Applications/MAMP/htdocs/FunnyPHP/Framework/Application.php,第26行
未知错误类型:编号[8]Undefined index: return位置文件/Applications/MAMP/htdocs/FunnyPHP/Framework/Application.php,第26行
未知错误类型:编号[8]Undefined index: return位置文件/Applications/MAMP/htdocs/FunnyPHP/Framework/Application.php,第26行
未知错误类型:编号[8]Undefined index: return位置文件/Applications/MAMP/htdocs/FunnyPHP/Framework/Application.php,第26行
未知错误类型:编号[8]Undefined index: return位置文件/Applications/MAMP/htdocs/FunnyPHP/Framework/Application.php,第26行
未知错误类型:编号[8]Undefined index: return位置文件/Applications/MAMP/htdocs/FunnyPHP/Framework/Application.php,第26行
未知错误类型:编号[8]Undefined index: return位置文件/Applications/MAMP/htdocs/FunnyPHP/Framework/Application.php,第26行
未知错误类型:编号[8]Undefined index: return位置文件/Applications/MAMP/htdocs/FunnyPHP/Framework/Application.php,第26行
未知错误类型:编号[8]Undefined index: return位置文件/Applications/MAMP/htdocs/FunnyPHP/Framework/Application.php,第26行
未知错误类型:编号[8]Undefined index: return位置文件/Applications/MAMP/htdocs/FunnyPHP/Framework/Application.php,第26行
未知错误类型:编号[8]Undefined index: return位置文件/Applications/MAMP/htdocs/FunnyPHP/Framework/Application.php,第26行
未知错误类型:编号[8]Undefined index: return位置文件/Applications/MAMP/htdocs/FunnyPHP/Framework/Application.php,第26行
未知错误类型:编号[8]Undefined index: return位置文件/Applications/MAMP/htdocs/FunnyPHP/Framework/Application.php,第26行
未知错误类型:编号[8]Undefined index: return位置文件/Applications/MAMP/htdocs/FunnyPHP/Framework/Application.php,第26行
未知错误类型:编号[8]Undefined index: return位置文件/Applications/MAMP/htdocs/FunnyPHP/Framework/Application.php,第26行
未知错误类型:编号[8]Undefined index: return位置文件/Applications/MAMP/htdocs/FunnyPHP/Framework/Application.php,第26行
未知错误类型:编号[8]Undefined index: return位置文件/Applications/MAMP/htdocs/FunnyPHP/Framework/Application.php,第26行
未知错误类型:编号[8]Undefined index: return位置文件/Applications/MAMP/htdocs/FunnyPHP/Framework/Application.php,第26行
未知错误类型:编号[8]Undefined index: return位置文件/Applications/MAMP/htdocs/FunnyPHP/Framework/Application.php,第26行
未知错误类型:编号[8]Undefined index: return位置文件/Applications/MAMP/htdocs/FunnyPHP/Framework/Application.php,第26行
未知错误类型:编号[8]Undefined index: return位置文件/Applications/MAMP/htdocs/FunnyPHP/Framework/Application.php,第26行
未知错误类型:编号[8]Undefined index: return位置文件/Applications/MAMP/htdocs/FunnyPHP/Framework/Application.php,第26行
未知错误类型:编号[8]Undefined index: return位置文件/Applications/MAMP/htdocs/FunnyPHP/Framework/Application.php,第26行
未知错误类型:编号[8]Undefined index: return位置文件/Applications/MAMP/htdocs/FunnyPHP/Framework/Application.php,第26行
未知错误类型:编号[8]Undefined index: return位置文件/Applications/MAMP/htdocs/FunnyPHP/Framework/Application.php,第26行
未知错误类型:编号[8]Undefined index: return位置文件/Applications/MAMP/htdocs/FunnyPHP/Framework/Application.php,第26行
未知错误类型:编号[8]Undefined index: return位置文件/Applications/MAMP/htdocs/FunnyPHP/Framework/Application.php,第26行
未知错误类型:编号[8]Undefined index: return位置文件/Applications/MAMP/htdocs/FunnyPHP/Framework/Application.php,第26行
未知错误类型:编号[8]Undefined index: return位置文件/Applications/MAMP/htdocs/FunnyPHP/Framework/Application.php,第26行
未知错误类型:编号[8]Undefined index: return位置文件/Applications/MAMP/htdocs/FunnyPHP/Framework/Application.php,第26行
未知错误类型:编号[8]Undefined index: return位置文件/Applications/MAMP/htdocs/FunnyPHP/Framework/Application.php,第26行
未知错误类型:编号[8]Undefined index: return位置文件/Applications/MAMP/htdocs/FunnyPHP/Framework/Application.php,第26行
未知错误类型:编号[8]Undefined index: return位置文件/Applications/MAMP/htdocs/FunnyPHP/Framework/Application.php,第26行
未知错误类型:编号[8]Undefined index: return位置文件/Applications/MAMP/htdocs/FunnyPHP/Framework/Application.php,第26行
未知错误类型:编号[8]Undefined index: return位置文件/Applications/MAMP/htdocs/FunnyPHP/Framework/Application.php,第26行
未知错误类型:编号[8]Undefined index: return位置文件/Applications/MAMP/htdocs/FunnyPHP/Framework/Application.php,第26行
未知错误类型:编号[8]Undefined index: return位置文件/Applications/MAMP/htdocs/FunnyPHP/Framework/Application.php,第26行
未知错误类型:编号[8]Undefined index: return位置文件/Applications/MAMP/htdocs/FunnyPHP/Framework/Application.php,第26行
未知错误类型:编号[8]Undefined index: return位置文件/Applications/MAMP/htdocs/FunnyPHP/Framework/Application.php,第26行
未知错误类型:编号[8]Undefined index: return位置文件/Applications/MAMP/htdocs/FunnyPHP/Framework/Application.php,第26行
未知错误类型:编号[8]Undefined index: return位置文件/Applications/MAMP/htdocs/FunnyPHP/Framework/Application.php,第26行
未知错误类型:编号[8]Undefined index: return位置文件/Applications/MAMP/htdocs/FunnyPHP/Framework/Application.php,第26行
未知错误类型:编号[8]Undefined index: return位置文件/Applications/MAMP/htdocs/FunnyPHP/Framework/Application.php,第26行
未知错误类型:编号[2]include_once(../URL.php): failed to open stream: No such file or directory位置文件/Applications/MAMP/htdocs/FunnyPHP/Framework/bootstrap.php,第47行
未知错误类型:编号[2]include_once(): Failed opening '../URL.php' for inclusion (include_path='.:/Applications/MAMP/bin/php/php7.0.8/lib/php')位置文件/Applications/MAMP/htdocs/FunnyPHP/Framework/bootstrap.php,第47行
未知错误类型:编号[8]Undefined index: return位置文件/Applications/MAMP/htdocs/FunnyPHP/Framework/Application.php,第26行
未知错误类型:编号[2]include_once(../URL.php): failed to open stream: No such file or directory位置文件/Applications/MAMP/htdocs/FunnyPHP/Framework/bootstrap.php,第47行
未知错误类型:编号[2]include_once(): Failed opening '../URL.php' for inclusion (include_path='.:/Applications/MAMP/bin/php/php7.0.8/lib/php')位置文件/Applications/MAMP/htdocs/FunnyPHP/Framework/bootstrap.php,第47行
未知错误类型:编号[8]Undefined index: return位置文件/Applications/MAMP/htdocs/FunnyPHP/Framework/Application.php,第26行
未知错误类型:编号[2]include_once(../URL.php): failed to open stream: No such file or directory位置文件/Applications/MAMP/htdocs/FunnyPHP/Framework/bootstrap.php,第47行
未知错误类型:编号[2]include_once(): Failed opening '../URL.php' for inclusion (include_path='.:/Applications/MAMP/bin/php/php7.0.8/lib/php')位置文件/Applications/MAMP/htdocs/FunnyPHP/Framework/bootstrap.php,第47行
未知错误类型:编号[8]Undefined index: return位置文件/Applications/MAMP/htdocs/FunnyPHP/Framework/Application.php,第26行
未知错误类型:编号[2]include_once(../URL.php): failed to open stream: No such file or directory位置文件/Applications/MAMP/htdocs/FunnyPHP/Framework/bootstrap.php,第47行
未知错误类型:编号[2]include_once(): Failed opening '../URL.php' for inclusion (include_path='.:/Applications/MAMP/bin/php/php7.0.8/lib/php')位置文件/Applications/MAMP/htdocs/FunnyPHP/Framework/bootstrap.php,第47行
未知错误类型:编号[8]Undefined index: return位置文件/Applications/MAMP/htdocs/FunnyPHP/Framework/Application.php,第26行
未知错误类型:编号[8]Undefined index: return位置文件/Applications/MAMP/htdocs/FunnyPHP/Framework/Application.php,第26行
未知错误类型:编号[8]Undefined index: return位置文件/Applications/MAMP/htdocs/FunnyPHP/Framework/Application.php,第26行
未知错误类型:编号[8]Undefined index: return位置文件/Applications/MAMP/htdocs/FunnyPHP/Framework/Application.php,第26行
未知错误类型:编号[8]Undefined index: return位置文件/Applications/MAMP/htdocs/FunnyPHP/Framework/Application.php,第26行
未知错误类型:编号[8]Undefined index: return位置文件/Applications/MAMP/htdocs/FunnyPHP/Framework/Application.php,第26行
未知错误类型:编号[8]Undefined index: return位置文件/Applications/MAMP/htdocs/FunnyPHP/Framework/Application.php,第26行
未知错误类型:编号[8]Undefined index: return位置文件/Applications/MAMP/htdocs/FunnyPHP/Framework/Application.php,第26行
未知错误类型:编号[8]Undefined index: return位置文件/Applications/MAMP/htdocs/FunnyPHP/Framework/Application.php,第26行
未知错误类型:编号[8]Undefined index: return位置文件/Applications/MAMP/htdocs/FunnyPHP/Framework/Application.php,第26行
未知错误类型:编号[8]Undefined index: return位置文件/Applications/MAMP/htdocs/FunnyPHP/Framework/Application.php,第26行
未知错误类型:编号[8]Undefined index: return位置文件/Applications/MAMP/htdocs/FunnyPHP/Framework/Application.php,第26行
未知错误类型:编号[8]Undefined index: return位置文件/Applications/MAMP/htdocs/FunnyPHP/Framework/Application.php,第26行
未知错误类型:编号[8]Undefined index: return位置文件/Applications/MAMP/htdocs/FunnyPHP/Framework/Application.php,第26行
未知错误类型:编号[8]Undefined index: return位置文件/Applications/MAMP/htdocs/FunnyPHP/Framework/Application.php,第26行
未知错误类型:编号[8]Undefined index: return位置文件/Applications/MAMP/htdocs/FunnyPHP/Framework/Application.php,第26行
未知错误类型:编号[8]Undefined index: return位置文件/Applications/MAMP/htdocs/FunnyPHP/Framework/Application.php,第26行
未知错误类型:编号[8]Undefined index: return位置文件/Applications/MAMP/htdocs/FunnyPHP/Framework/Application.php,第26行
未知错误类型:编号[8]Undefined index: return位置文件/Applications/MAMP/htdocs/FunnyPHP/Framework/Application.php,第26行
未知错误类型:编号[8]Undefined index: return位置文件/Applications/MAMP/htdocs/FunnyPHP/Framework/Application.php,第26行
未知错误类型:编号[8]Undefined index: return位置文件/Applications/MAMP/htdocs/FunnyPHP/Framework/Application.php,第26行
未知错误类型:编号[8]Undefined index: return位置文件/Applications/MAMP/htdocs/FunnyPHP/Framework/Application.php,第26行
未知错误类型:编号[8]Undefined index: return位置文件/Applications/MAMP/htdocs/FunnyPHP/Framework/Application.php,第26行
未知错误类型:编号[8]Undefined index: return位置文件/Applications/MAMP/htdocs/FunnyPHP/Framework/Application.php,第26行
未知错误类型:编号[8]Undefined index: return位置文件/Applications/MAMP/htdocs/FunnyPHP/Framework/Application.php,第26行
未知错误类型:编号[8]Undefined index: return位置文件/Applications/MAMP/htdocs/FunnyPHP/Framework/Application.php,第26行
未知错误类型:编号[8]Undefined index: return位置文件/Applications/MAMP/htdocs/FunnyPHP/Framework/Application.php,第26行
未知错误类型:编号[8]Undefined index: return位置文件/Applications/MAMP/htdocs/FunnyPHP/Framework/Application.php,第26行
未知错误类型:编号[8]Undefined index: return位置文件/Applications/MAMP/htdocs/FunnyPHP/Framework/Application.php,第26行
未知错误类型:编号[8]Undefined index: return位置文件/Applications/MAMP/htdocs/FunnyPHP/Framework/Application.php,第26行
未知错误类型:编号[8]Undefined index: return位置文件/Applications/MAMP/htdocs/FunnyPHP/Framework/Application.php,第26行
未知错误类型:编号[8]Undefined index: return位置文件/Applications/MAMP/htdocs/FunnyPHP/Framework/Application.php,第26行
未知错误类型:编号[8]Undefined index: return位置文件/Applications/MAMP/htdocs/FunnyPHP/Framework/Application.php,第26行
未知错误类型:编号[8]Undefined index: return位置文件/Applications/MAMP/htdocs/FunnyPHP/Framework/Application.php,第26行
未知错误类型:编号[8]Undefined index: return位置文件/Applications/MAMP/htdocs/FunnyPHP/Framework/Application.php,第26行
未知错误类型:编号[8]Undefined index: return位置文件/Applications/MAMP/htdocs/FunnyPHP/Framework/Application.php,第26行
未知错误类型:编号[8]Undefined index: return位置文件/Applications/MAMP/htdocs/FunnyPHP/Framework/Application.php,第26行
未知错误类型:编号[8]Undefined index: return位置文件/Applications/MAMP/htdocs/FunnyPHP/Framework/Application.php,第26行
未知错误类型:编号[8]Undefined index: return位置文件/Applications/MAMP/htdocs/FunnyPHP/Framework/Application.php,第26行
未知错误类型:编号[8]Undefined index: return位置文件/Applications/MAMP/htdocs/FunnyPHP/Framework/Application.php,第26行
未知错误类型:编号[8]Undefined index: return位置文件/Applications/MAMP/htdocs/FunnyPHP/Framework/Application.php,第26行
未知错误类型:编号[8]Undefined index: return位置文件/Applications/MAMP/htdocs/FunnyPHP/Framework/Application.php,第26行
未知错误类型:编号[8]Undefined index: return位置文件/Applications/MAMP/htdocs/FunnyPHP/Framework/Application.php,第26行
未知错误类型:编号[8]Undefined index: return位置文件/Applications/MAMP/htdocs/FunnyPHP/Framework/Application.php,第26行
未知错误类型:编号[8]Undefined index: return位置文件/Applications/MAMP/htdocs/FunnyPHP/Framework/Application.php,第26行
未知错误类型:编号[8]Undefined index: return位置文件/Applications/MAMP/htdocs/FunnyPHP/Framework/Application.php,第26行
未知错误类型:编号[8]Undefined index: return位置文件/Applications/MAMP/htdocs/FunnyPHP/Framework/Application.php,第26行
未知错误类型:编号[8]Undefined index: return位置文件/Applications/MAMP/htdocs/FunnyPHP/Framework/Application.php,第26行
未知错误类型:编号[8]Undefined index: return位置文件/Applications/MAMP/htdocs/FunnyPHP/Framework/Application.php,第26行
未知错误类型:编号[8]Undefined index: return位置文件/Applications/MAMP/htdocs/FunnyPHP/Framework/Application.php,第26行
未知错误类型:编号[8]Undefined index: return位置文件/Applications/MAMP/htdocs/FunnyPHP/Framework/Application.php,第26行
未知错误类型:编号[8]Undefined index: return位置文件/Applications/MAMP/htdocs/FunnyPHP/Framework/Application.php,第26行
未知错误类型:编号[8]Undefined index: return位置文件/Applications/MAMP/htdocs/FunnyPHP/Framework/Application.php,第26行
未知错误类型:编号[8]Undefined index: return位置文件/Applications/MAMP/htdocs/FunnyPHP/Framework/Application.php,第26行
未知错误类型:编号[8]Undefined index: return位置文件/Applications/MAMP/htdocs/FunnyPHP/Framework/Application.php,第26行
未知错误类型:编号[8]Undefined index: return位置文件/Applications/MAMP/htdocs/FunnyPHP/Framework/Application.php,第26行
未知错误类型:编号[8]Undefined index: return位置文件/Applications/MAMP/htdocs/FunnyPHP/Framework/Application.php,第26行
未知错误类型:编号[8]Undefined index: return位置文件/Applications/MAMP/htdocs/FunnyPHP/Framework/Application.php,第26行
未知错误类型:编号[8]Undefined index: return位置文件/Applications/MAMP/htdocs/FunnyPHP/Framework/Application.php,第26行
未知错误类型:编号[8]Undefined index: return位置文件/Applications/MAMP/htdocs/FunnyPHP/Framework/Application.php,第26行
未知错误类型:编号[8]Undefined index: return位置文件/Applications/MAMP/htdocs/FunnyPHP/Framework/Application.php,第26行
未知错误类型:编号[8]Undefined index: return位置文件/Applications/MAMP/htdocs/FunnyPHP/Framework/Application.php,第26行
未知错误类型:编号[8]Undefined index: return位置文件/Applications/MAMP/htdocs/FunnyPHP/Framework/Application.php,第26行
未知错误类型:编号[8]Undefined index: return位置文件/Applications/MAMP/htdocs/FunnyPHP/Framework/Application.php,第26行
未知错误类型:编号[8]Undefined index: return位置文件/Applications/MAMP/htdocs/FunnyPHP/Framework/Application.php,第26行
未知错误类型:编号[8]Undefined index: return位置文件/Applications/MAMP/htdocs/FunnyPHP/Framework/Application.php,第26行
未知错误类型:编号[8]Undefined index: return位置文件/Applications/MAMP/htdocs/FunnyPHP/Framework/Application.php,第26行
未知错误类型:编号[8]Undefined index: return位置文件/Applications/MAMP/htdocs/FunnyPHP/Framework/Application.php,第26行
未知错误类型:编号[8]Undefined index: return位置文件/Applications/MAMP/htdocs/FunnyPHP/Framework/Application.php,第26行
未知错误类型:编号[8]Undefined index: return位置文件/Applications/MAMP/htdocs/FunnyPHP/Framework/Application.php,第26行
未知错误类型:编号[8]Undefined index: return位置文件/Applications/MAMP/htdocs/FunnyPHP/Framework/Application.php,第26行
未知错误类型:编号[8]Undefined index: return位置文件/Applications/MAMP/htdocs/FunnyPHP/Framework/Application.php,第26行
未知错误类型:编号[8]Undefined index: return位置文件/Applications/MAMP/htdocs/FunnyPHP/Framework/Application.php,第26行
未知错误类型:编号[8]Undefined index: return位置文件/Applications/MAMP/htdocs/FunnyPHP/Framework/Application.php,第26行
未知错误类型:编号[8]Undefined index: return位置文件/Applications/MAMP/htdocs/FunnyPHP/Framework/Application.php,第26行
未知错误类型:编号[8]Undefined index: return位置文件/Applications/MAMP/htdocs/FunnyPHP/Framework/Application.php,第26行
未知错误类型:编号[8]Undefined index: return位置文件/Applications/MAMP/htdocs/FunnyPHP/Framework/Application.php,第26行
未知错误类型:编号[8]Undefined index: return位置文件/Applications/MAMP/htdocs/FunnyPHP/Framework/Application.php,第26行
未知错误类型:编号[8]Undefined index: return位置文件/Applications/MAMP/htdocs/FunnyPHP/Framework/Application.php,第26行
未知错误类型:编号[8]Undefined index: return位置文件/Applications/MAMP/htdocs/FunnyPHP/Framework/Application.php,第26行
未知错误类型:编号[8]Undefined index: return位置文件/Applications/MAMP/htdocs/FunnyPHP/Framework/Application.php,第26行
未知错误类型:编号[8]Undefined index: return位置文件/Applications/MAMP/htdocs/FunnyPHP/Framework/Application.php,第26行
未知错误类型:编号[8]Undefined index: return位置文件/Applications/MAMP/htdocs/FunnyPHP/Framework/Application.php,第26行
未知错误类型:编号[8]Undefined index: return位置文件/Applications/MAMP/htdocs/FunnyPHP/Framework/Application.php,第26行
未知错误类型:编号[8]Undefined index: return位置文件/Applications/MAMP/htdocs/FunnyPHP/Framework/Application.php,第26行
未知错误类型:编号[8]Undefined index: return位置文件/Applications/MAMP/htdocs/FunnyPHP/Framework/Application.php,第26行
未知错误类型:编号[8]Undefined index: return位置文件/Applications/MAMP/htdocs/FunnyPHP/Framework/Application.php,第26行
未知错误类型:编号[8]Undefined index: return位置文件/Applications/MAMP/htdocs/FunnyPHP/Framework/Application.php,第26行
未知错误类型:编号[8]Undefined index: return位置文件/Applications/MAMP/htdocs/FunnyPHP/Framework/Application.php,第26行
未知错误类型:编号[8]Undefined index: return位置文件/Applications/MAMP/htdocs/FunnyPHP/Framework/Application.php,第26行
未知错误类型:编号[8]Undefined index: return位置文件/Applications/MAMP/htdocs/FunnyPHP/Framework/Application.php,第26行
未知错误类型:编号[8]Undefined index: return位置文件/Applications/MAMP/htdocs/FunnyPHP/Framework/Application.php,第26行
未知错误类型:编号[8]Undefined index: return位置文件/Applications/MAMP/htdocs/FunnyPHP/Framework/Application.php,第26行
未知错误类型:编号[8]Undefined index: return位置文件/Applications/MAMP/htdocs/FunnyPHP/Framework/Application.php,第26行
未知错误类型:编号[8]Undefined index: return位置文件/Applications/MAMP/htdocs/FunnyPHP/Framework/Application.php,第26行
未知错误类型:编号[8]Undefined index: return位置文件/Applications/MAMP/htdocs/FunnyPHP/Framework/Application.php,第26行
未知错误类型:编号[8]Undefined index: return位置文件/Applications/MAMP/htdocs/FunnyPHP/Framework/Application.php,第26行
未知错误类型:编号[8]Undefined index: return位置文件/Applications/MAMP/htdocs/FunnyPHP/Framework/Application.php,第26行
未知错误类型:编号[8]Undefined index: return位置文件/Applications/MAMP/htdocs/FunnyPHP/Framework/Application.php,第26行
未知错误类型:编号[8]Undefined index: return位置文件/Applications/MAMP/htdocs/FunnyPHP/Framework/Application.php,第26行
未知错误类型:编号[8]Undefined index: return位置文件/Applications/MAMP/htdocs/FunnyPHP/Framework/Application.php,第26行
未知错误类型:编号[8]Undefined index: return位置文件/Applications/MAMP/htdocs/FunnyPHP/Framework/Application.php,第26行
未知错误类型:编号[8]Undefined index: return位置文件/Applications/MAMP/htdocs/FunnyPHP/Framework/Application.php,第26行
未知错误类型:编号[8]Undefined index: return位置文件/Applications/MAMP/htdocs/FunnyPHP/Framework/Application.php,第26行
未知错误类型:编号[8]Undefined index: return位置文件/Applications/MAMP/htdocs/FunnyPHP/Framework/Application.php,第26行
未知错误类型:编号[8]Undefined index: return位置文件/Applications/MAMP/htdocs/FunnyPHP/Framework/Application.php,第26行
未知错误类型:编号[8]Undefined index: return位置文件/Applications/MAMP/htdocs/FunnyPHP/Framework/Application.php,第26行
未知错误类型:编号[8]Undefined index: return位置文件/Applications/MAMP/htdocs/FunnyPHP/Framework/Application.php,第26行
未知错误类型:编号[8]Undefined index: return位置文件/Applications/MAMP/htdocs/FunnyPHP/Framework/Application.php,第26行
未知错误类型:编号[8]Undefined index: return位置文件/Applications/MAMP/htdocs/FunnyPHP/Framework/Application.php,第26行
未知错误类型:编号[8]Undefined index: return位置文件/Applications/MAMP/htdocs/FunnyPHP/Framework/Application.php,第26行
未知错误类型:编号[8]Undefined index: return位置文件/Applications/MAMP/htdocs/FunnyPHP/Framework/Application.php,第26行
未知错误类型:编号[8]Undefined index: return位置文件/Applications/MAMP/htdocs/FunnyPHP/Framework/Application.php,第26行
未知错误类型:编号[8]Undefined index: return位置文件/Applications/MAMP/htdocs/FunnyPHP/Framework/Application.php,第26行
未知错误类型:编号[8]Undefined index: return位置文件/Applications/MAMP/htdocs/FunnyPHP/Framework/Application.php,第26行
未知错误类型:编号[8]Undefined index: return位置文件/Applications/MAMP/htdocs/FunnyPHP/Framework/Application.php,第26行
未知错误类型:编号[8]Undefined index: return位置文件/Applications/MAMP/htdocs/FunnyPHP/Framework/Application.php,第26行
未知错误类型:编号[8]Undefined index: return位置文件/Applications/MAMP/htdocs/FunnyPHP/Framework/Application.php,第26行
未知错误类型:编号[8]Undefined index: return位置文件/Applications/MAMP/htdocs/FunnyPHP/Framework/Application.php,第26行
未知错误类型:编号[8]Undefined index: return位置文件/Applications/MAMP/htdocs/FunnyPHP/Framework/Application.php,第26行
未知错误类型:编号[8]Undefined index: return位置文件/Applications/MAMP/htdocs/FunnyPHP/Framework/Application.php,第26行
未知错误类型:编号[8]Undefined index: return位置文件/Applications/MAMP/htdocs/FunnyPHP/Framework/Application.php,第26行
未知错误类型:编号[8]Undefined index: return位置文件/Applications/MAMP/htdocs/FunnyPHP/Framework/Application.php,第26行
未知错误类型:编号[8]Undefined index: return位置文件/Applications/MAMP/htdocs/FunnyPHP/Framework/Application.php,第26行
未知错误类型:编号[8]Undefined index: return位置文件/Applications/MAMP/htdocs/FunnyPHP/Framework/Application.php,第26行
未知错误类型:编号[8]Undefined index: return位置文件/Applications/MAMP/htdocs/FunnyPHP/Framework/Application.php,第26行
未知错误类型:编号[8]Undefined index: return位置文件/Applications/MAMP/htdocs/FunnyPHP/Framework/Application.php,第26行
未知错误类型:编号[8]Undefined index: return位置文件/Applications/MAMP/htdocs/FunnyPHP/Framework/Application.php,第26行
未知错误类型:编号[8]Undefined index: return位置文件/Applications/MAMP/htdocs/FunnyPHP/Framework/Application.php,第26行
未知错误类型:编号[8]Undefined index: return位置文件/Applications/MAMP/htdocs/FunnyPHP/Framework/Application.php,第26行
未知错误类型:编号[8]Undefined index: return位置文件/Applications/MAMP/htdocs/FunnyPHP/Framework/Application.php,第26行
未知错误类型:编号[8]Undefined index: return位置文件/Applications/MAMP/htdocs/FunnyPHP/Framework/Application.php,第26行
未知错误类型:编号[8]Undefined index: return位置文件/Applications/MAMP/htdocs/FunnyPHP/Framework/Application.php,第26行
未知错误类型:编号[8]Undefined index: return位置文件/Applications/MAMP/htdocs/FunnyPHP/Framework/Application.php,第26行
未知错误类型:编号[8]Undefined index: return位置文件/Applications/MAMP/htdocs/FunnyPHP/Framework/Application.php,第26行
未知错误类型:编号[8]Undefined index: return位置文件/Applications/MAMP/htdocs/FunnyPHP/Framework/Application.php,第26行
未知错误类型:编号[8]Undefined index: return位置文件/Applications/MAMP/htdocs/FunnyPHP/Framework/Application.php,第26行
未知错误类型:编号[8]Undefined index: return位置文件/Applications/MAMP/htdocs/FunnyPHP/Framework/Application.php,第26行
未知错误类型:编号[8]Undefined index: return位置文件/Applications/MAMP/htdocs/FunnyPHP/Framework/Application.php,第26行
未知错误类型:编号[8]Undefined index: return位置文件/Applications/MAMP/htdocs/FunnyPHP/Framework/Application.php,第26行
未知错误类型:编号[8]Undefined index: return位置文件/Applications/MAMP/htdocs/FunnyPHP/Framework/Application.php,第26行
未知错误类型:编号[8]Undefined index: return位置文件/Applications/MAMP/htdocs/FunnyPHP/Framework/Application.php,第26行
未知错误类型:编号[8]Undefined index: return位置文件/Applications/MAMP/htdocs/FunnyPHP/Framework/Application.php,第26行
未知错误类型:编号[8]Undefined index: return位置文件/Applications/MAMP/htdocs/FunnyPHP/Framework/Application.php,第26行
未知错误类型:编号[8]Undefined index: return位置文件/Applications/MAMP/htdocs/FunnyPHP/Framework/Application.php,第26行
未知错误类型:编号[8]Undefined index: return位置文件/Applications/MAMP/htdocs/FunnyPHP/Framework/Application.php,第26行
未知错误类型:编号[8]Undefined index: return位置文件/Applications/MAMP/htdocs/FunnyPHP/Framework/Application.php,第26行
未知错误类型:编号[8]Undefined index: return位置文件/Applications/MAMP/htdocs/FunnyPHP/Framework/Application.php,第26行
未知错误类型:编号[8]Undefined index: return位置文件/Applications/MAMP/htdocs/FunnyPHP/Framework/Application.php,第26行
未知错误类型:编号[8]Undefined index: return位置文件/Applications/MAMP/htdocs/FunnyPHP/Framework/Application.php,第26行
未知错误类型:编号[8]Undefined index: return位置文件/Applications/MAMP/htdocs/FunnyPHP/Framework/Application.php,第26行
未知错误类型:编号[8]Undefined index: return位置文件/Applications/MAMP/htdocs/FunnyPHP/Framework/Application.php,第26行
未知错误类型:编号[8]Undefined index: return位置文件/Applications/MAMP/htdocs/FunnyPHP/Framework/Application.php,第26行
未知错误类型:编号[8]Undefined index: return位置文件/Applications/MAMP/htdocs/FunnyPHP/Framework/Application.php,第26行
未知错误类型:编号[8]Undefined index: return位置文件/Applications/MAMP/htdocs/FunnyPHP/Framework/Application.php,第26行
未知错误类型:编号[8]Undefined index: return位置文件/Applications/MAMP/htdocs/FunnyPHP/Framework/Application.php,第26行
未知错误类型:编号[8]Undefined index: return位置文件/Applications/MAMP/htdocs/FunnyPHP/Framework/Application.php,第26行
未知错误类型:编号[8]Undefined index: return位置文件/Applications/MAMP/htdocs/FunnyPHP/Framework/Application.php,第26行
未知错误类型:编号[8]Undefined index: return位置文件/Applications/MAMP/htdocs/FunnyPHP/Framework/Application.php,第26行
未知错误类型:编号[8]Undefined index: return位置文件/Applications/MAMP/htdocs/FunnyPHP/Framework/Application.php,第26行
未知错误类型:编号[8]Undefined index: return位置文件/Applications/MAMP/htdocs/FunnyPHP/Framework/Application.php,第26行
未知错误类型:编号[8]Undefined index: return位置文件/Applications/MAMP/htdocs/FunnyPHP/Framework/Application.php,第26行
未知错误类型:编号[8]Undefined index: return位置文件/Applications/MAMP/htdocs/FunnyPHP/Framework/Application.php,第26行
未知错误类型:编号[8]Undefined index: return位置文件/Applications/MAMP/htdocs/FunnyPHP/Framework/Application.php,第26行
未知错误类型:编号[8]Undefined index: return位置文件/Applications/MAMP/htdocs/FunnyPHP/Framework/Application.php,第26行
未知错误类型:编号[8]Undefined index: return位置文件/Applications/MAMP/htdocs/FunnyPHP/Framework/Application.php,第26行
未知错误类型:编号[8]Undefined index: return位置文件/Applications/MAMP/htdocs/FunnyPHP/Framework/Application.php,第26行
未知错误类型:编号[8]Undefined index: return位置文件/Applications/MAMP/htdocs/FunnyPHP/Framework/Application.php,第26行
未知错误类型:编号[8]Undefined index: return位置文件/Applications/MAMP/htdocs/FunnyPHP/Framework/Application.php,第26行
未知错误类型:编号[8]Undefined index: return位置文件/Applications/MAMP/htdocs/FunnyPHP/Framework/Application.php,第26行
未知错误类型:编号[8]Undefined index: return位置文件/Applications/MAMP/htdocs/FunnyPHP/Framework/Application.php,第26行
未知错误类型:编号[8]Undefined index: return位置文件/Applications/MAMP/htdocs/FunnyPHP/Framework/Application.php,第26行
未知错误类型:编号[8]Undefined index: return位置文件/Applications/MAMP/htdocs/FunnyPHP/Framework/Application.php,第26行
未知错误类型:编号[8]Undefined index: return位置文件/Applications/MAMP/htdocs/FunnyPHP/Framework/Application.php,第26行
未知错误类型:编号[8]Undefined index: return位置文件/Applications/MAMP/htdocs/FunnyPHP/Framework/Application.php,第26行
未知错误类型:编号[8]Undefined index: return位置文件/Applications/MAMP/htdocs/FunnyPHP/Framework/Application.php,第26行
未知错误类型:编号[8]Undefined index: return位置文件/Applications/MAMP/htdocs/FunnyPHP/Framework/Application.php,第26行
未知错误类型:编号[8]Undefined index: return位置文件/Applications/MAMP/htdocs/FunnyPHP/Framework/Application.php,第26行
未知错误类型:编号[8]Undefined index: return位置文件/Applications/MAMP/htdocs/FunnyPHP/Framework/Application.php,第26行
未知错误类型:编号[8]Undefined index: return位置文件/Applications/MAMP/htdocs/FunnyPHP/Framework/Application.php,第26行
未知错误类型:编号[8]Undefined index: return位置文件/Applications/MAMP/htdocs/FunnyPHP/Framework/Application.php,第26行
未知错误类型:编号[8]Undefined index: return位置文件/Applications/MAMP/htdocs/FunnyPHP/Framework/Application.php,第26行
未知错误类型:编号[8]Undefined index: return位置文件/Applications/MAMP/htdocs/FunnyPHP/Framework/Application.php,第26行
未知错误类型:编号[8]Undefined index: return位置文件/Applications/MAMP/htdocs/FunnyPHP/Framework/Application.php,第26行
未知错误类型:编号[8]Undefined index: return位置文件/Applications/MAMP/htdocs/FunnyPHP/Framework/Application.php,第26行
未知错误类型:编号[8]Undefined index: return位置文件/Applications/MAMP/htdocs/FunnyPHP/Framework/Application.php,第26行
未知错误类型:编号[8]Undefined index: return位置文件/Applications/MAMP/htdocs/FunnyPHP/Framework/Application.php,第26行
未知错误类型:编号[8]Undefined index: return位置文件/Applications/MAMP/htdocs/FunnyPHP/Framework/Application.php,第26行
未知错误类型:编号[8]Undefined index: return位置文件/Applications/MAMP/htdocs/FunnyPHP/Framework/Application.php,第26行
未知错误类型:编号[8]Undefined index: return位置文件/Applications/MAMP/htdocs/FunnyPHP/Framework/Application.php,第26行
未知错误类型:编号[8]Undefined index: return位置文件/Applications/MAMP/htdocs/FunnyPHP/Framework/Application.php,第26行
