未知错误类型:编号[2]include_once(../Illuminate/Database/Capsule/Manager.php): failed to open stream: No such file or directory位置文件/Applications/MAMP/htdocs/FunnyPHP/Framework/bootstrap.php,第43行
未知错误类型:编号[2]include_once(): Failed opening '../Illuminate/Database/Capsule/Manager.php' for inclusion (include_path='.:/Applications/MAMP/bin/php/php7.0.8/lib/php')位置文件/Applications/MAMP/htdocs/FunnyPHP/Framework/bootstrap.php,第43行
未知错误类型:编号[2]include_once(../Illuminate/Database/Capsule/Manager.php): failed to open stream: No such file or directory位置文件/Applications/MAMP/htdocs/FunnyPHP/Framework/bootstrap.php,第43行
未知错误类型:编号[2]include_once(): Failed opening '../Illuminate/Database/Capsule/Manager.php' for inclusion (include_path='.:/Applications/MAMP/bin/php/php7.0.8/lib/php')位置文件/Applications/MAMP/htdocs/FunnyPHP/Framework/bootstrap.php,第43行
未知错误类型:编号[2]include_once(../Doctrine/DBAL/Driver/PDOConnection.php): failed to open stream: No such file or directory位置文件/Applications/MAMP/htdocs/FunnyPHP/Framework/bootstrap.php,第43行
未知错误类型:编号[2]include_once(): Failed opening '../Doctrine/DBAL/Driver/PDOConnection.php' for inclusion (include_path='.:/Applications/MAMP/bin/php/php7.0.8/lib/php')位置文件/Applications/MAMP/htdocs/FunnyPHP/Framework/bootstrap.php,第43行
未知错误类型:编号[2]include_once(../Doctrine/DBAL/Driver/PDOConnection.php): failed to open stream: No such file or directory位置文件/Applications/MAMP/htdocs/FunnyPHP/Framework/bootstrap.php,第43行
未知错误类型:编号[2]include_once(): Failed opening '../Doctrine/DBAL/Driver/PDOConnection.php' for inclusion (include_path='.:/Applications/MAMP/bin/php/php7.0.8/lib/php')位置文件/Applications/MAMP/htdocs/FunnyPHP/Framework/bootstrap.php,第43行
未知错误类型:编号[2]include_once(../Doctrine/DBAL/Driver/PDOConnection.php): failed to open stream: No such file or directory位置文件/Applications/MAMP/htdocs/FunnyPHP/Framework/bootstrap.php,第43行
未知错误类型:编号[2]include_once(): Failed opening '../Doctrine/DBAL/Driver/PDOConnection.php' for inclusion (include_path='.:/Applications/MAMP/bin/php/php7.0.8/lib/php')位置文件/Applications/MAMP/htdocs/FunnyPHP/Framework/bootstrap.php,第43行
未知错误类型:编号[2]include_once(../Doctrine/DBAL/Driver/PDOConnection.php): failed to open stream: No such file or directory位置文件/Applications/MAMP/htdocs/FunnyPHP/Framework/bootstrap.php,第43行
未知错误类型:编号[2]include_once(): Failed opening '../Doctrine/DBAL/Driver/PDOConnection.php' for inclusion (include_path='.:/Applications/MAMP/bin/php/php7.0.8/lib/php')位置文件/Applications/MAMP/htdocs/FunnyPHP/Framework/bootstrap.php,第43行
未知错误类型:编号[2]Cannot modify header information - headers already sent by (output started at /Applications/MAMP/htdocs/FunnyPHP/Framework/bootstrap.php:99)位置文件/Applications/MAMP/htdocs/FunnyPHP/Framework/functions.php,第277行
未知错误类型:编号[2]include_once(../Doctrine/DBAL/Driver/PDOConnection.php): failed to open stream: No such file or directory位置文件/Applications/MAMP/htdocs/FunnyPHP/Framework/bootstrap.php,第46行
未知错误类型:编号[2]include_once(): Failed opening '../Doctrine/DBAL/Driver/PDOConnection.php' for inclusion (include_path='.:/Applications/MAMP/bin/php/php7.0.8/lib/php')位置文件/Applications/MAMP/htdocs/FunnyPHP/Framework/bootstrap.php,第46行
未知错误类型:编号[2]include_once(../Doctrine/DBAL/Driver/PDOConnection.php): failed to open stream: No such file or directory位置文件/Applications/MAMP/htdocs/FunnyPHP/Framework/bootstrap.php,第46行
未知错误类型:编号[2]include_once(): Failed opening '../Doctrine/DBAL/Driver/PDOConnection.php' for inclusion (include_path='.:/Applications/MAMP/bin/php/php7.0.8/lib/php')位置文件/Applications/MAMP/htdocs/FunnyPHP/Framework/bootstrap.php,第46行
未知错误类型:编号[2]include_once(../Doctrine/DBAL/Driver/PDOConnection.php): failed to open stream: No such file or directory位置文件/Applications/MAMP/htdocs/FunnyPHP/Framework/bootstrap.php,第46行
未知错误类型:编号[2]include_once(): Failed opening '../Doctrine/DBAL/Driver/PDOConnection.php' for inclusion (include_path='.:/Applications/MAMP/bin/php/php7.0.8/lib/php')位置文件/Applications/MAMP/htdocs/FunnyPHP/Framework/bootstrap.php,第46行
未知错误类型:编号[2]include_once(../Doctrine/DBAL/Driver/PDOConnection.php): failed to open stream: No such file or directory位置文件/Applications/MAMP/htdocs/FunnyPHP/Framework/bootstrap.php,第46行
未知错误类型:编号[2]include_once(): Failed opening '../Doctrine/DBAL/Driver/PDOConnection.php' for inclusion (include_path='.:/Applications/MAMP/bin/php/php7.0.8/lib/php')位置文件/Applications/MAMP/htdocs/FunnyPHP/Framework/bootstrap.php,第46行
未知错误类型:编号[2]include_once(../Doctrine/DBAL/Driver/PDOConnection.php): failed to open stream: No such file or directory位置文件/Applications/MAMP/htdocs/FunnyPHP/Framework/bootstrap.php,第46行
未知错误类型:编号[2]include_once(): Failed opening '../Doctrine/DBAL/Driver/PDOConnection.php' for inclusion (include_path='.:/Applications/MAMP/bin/php/php7.0.8/lib/php')位置文件/Applications/MAMP/htdocs/FunnyPHP/Framework/bootstrap.php,第46行
未知错误类型:编号[2]include_once(../Doctrine/DBAL/Driver/PDOConnection.php): failed to open stream: No such file or directory位置文件/Applications/MAMP/htdocs/FunnyPHP/Framework/bootstrap.php,第46行
未知错误类型:编号[2]include_once(): Failed opening '../Doctrine/DBAL/Driver/PDOConnection.php' for inclusion (include_path='.:/Applications/MAMP/bin/php/php7.0.8/lib/php')位置文件/Applications/MAMP/htdocs/FunnyPHP/Framework/bootstrap.php,第46行
未知错误类型:编号[2]include_once(../Doctrine/DBAL/Driver/PDOConnection.php): failed to open stream: No such file or directory位置文件/Applications/MAMP/htdocs/FunnyPHP/Framework/bootstrap.php,第46行
未知错误类型:编号[2]include_once(): Failed opening '../Doctrine/DBAL/Driver/PDOConnection.php' for inclusion (include_path='.:/Applications/MAMP/bin/php/php7.0.8/lib/php')位置文件/Applications/MAMP/htdocs/FunnyPHP/Framework/bootstrap.php,第46行
未知错误类型:编号[2]include_once(../Doctrine/DBAL/Driver/PDOConnection.php): failed to open stream: No such file or directory位置文件/Applications/MAMP/htdocs/FunnyPHP/Framework/bootstrap.php,第46行
未知错误类型:编号[2]include_once(): Failed opening '../Doctrine/DBAL/Driver/PDOConnection.php' for inclusion (include_path='.:/Applications/MAMP/bin/php/php7.0.8/lib/php')位置文件/Applications/MAMP/htdocs/FunnyPHP/Framework/bootstrap.php,第46行
未知错误类型:编号[2]include_once(../Doctrine/DBAL/Driver/PDOConnection.php): failed to open stream: No such file or directory位置文件/Applications/MAMP/htdocs/FunnyPHP/Framework/bootstrap.php,第46行
未知错误类型:编号[2]include_once(): Failed opening '../Doctrine/DBAL/Driver/PDOConnection.php' for inclusion (include_path='.:/Applications/MAMP/bin/php/php7.0.8/lib/php')位置文件/Applications/MAMP/htdocs/FunnyPHP/Framework/bootstrap.php,第46行
未知错误类型:编号[2]include_once(../Doctrine/DBAL/Driver/PDOConnection.php): failed to open stream: No such file or directory位置文件/Applications/MAMP/htdocs/FunnyPHP/Framework/bootstrap.php,第46行
未知错误类型:编号[2]include_once(): Failed opening '../Doctrine/DBAL/Driver/PDOConnection.php' for inclusion (include_path='.:/Applications/MAMP/bin/php/php7.0.8/lib/php')位置文件/Applications/MAMP/htdocs/FunnyPHP/Framework/bootstrap.php,第46行
