未知错误类型:编号[8]Undefined index: return位置文件/Applications/MAMP/htdocs/FunnyPHP/Framework/Application.php,第26行
未知错误类型:编号[2]include_once(../Doctrine/DBAL/Driver/PDOConnection.php): failed to open stream: No such file or directory位置文件/Applications/MAMP/htdocs/FunnyPHP/Framework/bootstrap.php,第47行
未知错误类型:编号[2]include_once(): Failed opening '../Doctrine/DBAL/Driver/PDOConnection.php' for inclusion (include_path='.:/Applications/MAMP/bin/php/php7.0.8/lib/php')位置文件/Applications/MAMP/htdocs/FunnyPHP/Framework/bootstrap.php,第47行
未知错误类型:编号[8]Undefined index: return位置文件/Applications/MAMP/htdocs/FunnyPHP/Framework/Application.php,第26行
未知错误类型:编号[2]include_once(../Doctrine/DBAL/Driver/PDOConnection.php): failed to open stream: No such file or directory位置文件/Applications/MAMP/htdocs/FunnyPHP/Framework/bootstrap.php,第47行
未知错误类型:编号[2]include_once(): Failed opening '../Doctrine/DBAL/Driver/PDOConnection.php' for inclusion (include_path='.:/Applications/MAMP/bin/php/php7.0.8/lib/php')位置文件/Applications/MAMP/htdocs/FunnyPHP/Framework/bootstrap.php,第47行
未知错误类型:编号[8]Undefined index: return位置文件/Applications/MAMP/htdocs/FunnyPHP/Framework/Application.php,第26行
未知错误类型:编号[2]include_once(../Doctrine/DBAL/Driver/PDOConnection.php): failed to open stream: No such file or directory位置文件/Applications/MAMP/htdocs/FunnyPHP/Framework/bootstrap.php,第47行
未知错误类型:编号[2]include_once(): Failed opening '../Doctrine/DBAL/Driver/PDOConnection.php' for inclusion (include_path='.:/Applications/MAMP/bin/php/php7.0.8/lib/php')位置文件/Applications/MAMP/htdocs/FunnyPHP/Framework/bootstrap.php,第47行
未知错误类型:编号[8]Undefined index: return位置文件/Applications/MAMP/htdocs/FunnyPHP/Framework/Application.php,第26行
未知错误类型:编号[2]include_once(../Doctrine/DBAL/Driver/PDOConnection.php): failed to open stream: No such file or directory位置文件/Applications/MAMP/htdocs/FunnyPHP/Framework/bootstrap.php,第47行
未知错误类型:编号[2]include_once(): Failed opening '../Doctrine/DBAL/Driver/PDOConnection.php' for inclusion (include_path='.:/Applications/MAMP/bin/php/php7.0.8/lib/php')位置文件/Applications/MAMP/htdocs/FunnyPHP/Framework/bootstrap.php,第47行
未知错误类型:编号[8]Undefined index: return位置文件/Applications/MAMP/htdocs/FunnyPHP/Framework/Application.php,第26行
未知错误类型:编号[2]include_once(../Doctrine/DBAL/Driver/PDOConnection.php): failed to open stream: No such file or directory位置文件/Applications/MAMP/htdocs/FunnyPHP/Framework/bootstrap.php,第47行
未知错误类型:编号[2]include_once(): Failed opening '../Doctrine/DBAL/Driver/PDOConnection.php' for inclusion (include_path='.:/Applications/MAMP/bin/php/php7.0.8/lib/php')位置文件/Applications/MAMP/htdocs/FunnyPHP/Framework/bootstrap.php,第47行
未知错误类型:编号[8]Undefined index: return位置文件/Applications/MAMP/htdocs/FunnyPHP/Framework/Application.php,第26行
未知错误类型:编号[2]include_once(../Doctrine/DBAL/Driver/PDOConnection.php): failed to open stream: No such file or directory位置文件/Applications/MAMP/htdocs/FunnyPHP/Framework/bootstrap.php,第47行
未知错误类型:编号[2]include_once(): Failed opening '../Doctrine/DBAL/Driver/PDOConnection.php' for inclusion (include_path='.:/Applications/MAMP/bin/php/php7.0.8/lib/php')位置文件/Applications/MAMP/htdocs/FunnyPHP/Framework/bootstrap.php,第47行
未知错误类型:编号[8]Undefined index: return位置文件/Applications/MAMP/htdocs/FunnyPHP/Framework/Application.php,第26行
未知错误类型:编号[2]include_once(../Doctrine/DBAL/Driver/PDOConnection.php): failed to open stream: No such file or directory位置文件/Applications/MAMP/htdocs/FunnyPHP/Framework/bootstrap.php,第47行
未知错误类型:编号[2]include_once(): Failed opening '../Doctrine/DBAL/Driver/PDOConnection.php' for inclusion (include_path='.:/Applications/MAMP/bin/php/php7.0.8/lib/php')位置文件/Applications/MAMP/htdocs/FunnyPHP/Framework/bootstrap.php,第47行
未知错误类型:编号[8]Undefined index: return位置文件/Applications/MAMP/htdocs/FunnyPHP/Framework/Application.php,第26行
未知错误类型:编号[2]include_once(../Doctrine/DBAL/Driver/PDOConnection.php): failed to open stream: No such file or directory位置文件/Applications/MAMP/htdocs/FunnyPHP/Framework/bootstrap.php,第47行
未知错误类型:编号[2]include_once(): Failed opening '../Doctrine/DBAL/Driver/PDOConnection.php' for inclusion (include_path='.:/Applications/MAMP/bin/php/php7.0.8/lib/php')位置文件/Applications/MAMP/htdocs/FunnyPHP/Framework/bootstrap.php,第47行
未知错误类型:编号[8]Undefined index: return位置文件/Applications/MAMP/htdocs/FunnyPHP/Framework/Application.php,第26行
未知错误类型:编号[2]include_once(../Doctrine/DBAL/Driver/PDOConnection.php): failed to open stream: No such file or directory位置文件/Applications/MAMP/htdocs/FunnyPHP/Framework/bootstrap.php,第47行
未知错误类型:编号[2]include_once(): Failed opening '../Doctrine/DBAL/Driver/PDOConnection.php' for inclusion (include_path='.:/Applications/MAMP/bin/php/php7.0.8/lib/php')位置文件/Applications/MAMP/htdocs/FunnyPHP/Framework/bootstrap.php,第47行
未知错误类型:编号[8]Undefined index: return位置文件/Applications/MAMP/htdocs/FunnyPHP/Framework/Application.php,第26行
未知错误类型:编号[2]include_once(../Doctrine/DBAL/Driver/PDOConnection.php): failed to open stream: No such file or directory位置文件/Applications/MAMP/htdocs/FunnyPHP/Framework/bootstrap.php,第47行
未知错误类型:编号[2]include_once(): Failed opening '../Doctrine/DBAL/Driver/PDOConnection.php' for inclusion (include_path='.:/Applications/MAMP/bin/php/php7.0.8/lib/php')位置文件/Applications/MAMP/htdocs/FunnyPHP/Framework/bootstrap.php,第47行
未知错误类型:编号[8]Undefined index: return位置文件/Applications/MAMP/htdocs/FunnyPHP/Framework/Application.php,第26行
未知错误类型:编号[2]include_once(../Doctrine/DBAL/Driver/PDOConnection.php): failed to open stream: No such file or directory位置文件/Applications/MAMP/htdocs/FunnyPHP/Framework/bootstrap.php,第47行
未知错误类型:编号[2]include_once(): Failed opening '../Doctrine/DBAL/Driver/PDOConnection.php' for inclusion (include_path='.:/Applications/MAMP/bin/php/php7.0.8/lib/php')位置文件/Applications/MAMP/htdocs/FunnyPHP/Framework/bootstrap.php,第47行
未知错误类型:编号[8]Undefined index: return位置文件/Applications/MAMP/htdocs/FunnyPHP/Framework/Application.php,第26行
未知错误类型:编号[2]include_once(../Doctrine/DBAL/Driver/PDOConnection.php): failed to open stream: No such file or directory位置文件/Applications/MAMP/htdocs/FunnyPHP/Framework/bootstrap.php,第47行
未知错误类型:编号[2]include_once(): Failed opening '../Doctrine/DBAL/Driver/PDOConnection.php' for inclusion (include_path='.:/Applications/MAMP/bin/php/php7.0.8/lib/php')位置文件/Applications/MAMP/htdocs/FunnyPHP/Framework/bootstrap.php,第47行
未知错误类型:编号[8]Undefined index: return位置文件/Applications/MAMP/htdocs/FunnyPHP/Framework/Application.php,第26行
未知错误类型:编号[2]include_once(../Doctrine/DBAL/Driver/PDOConnection.php): failed to open stream: No such file or directory位置文件/Applications/MAMP/htdocs/FunnyPHP/Framework/bootstrap.php,第47行
未知错误类型:编号[2]include_once(): Failed opening '../Doctrine/DBAL/Driver/PDOConnection.php' for inclusion (include_path='.:/Applications/MAMP/bin/php/php7.0.8/lib/php')位置文件/Applications/MAMP/htdocs/FunnyPHP/Framework/bootstrap.php,第47行
未知错误类型:编号[8]Undefined index: return位置文件/Applications/MAMP/htdocs/FunnyPHP/Framework/Application.php,第26行
未知错误类型:编号[2]include_once(../Doctrine/DBAL/Driver/PDOConnection.php): failed to open stream: No such file or directory位置文件/Applications/MAMP/htdocs/FunnyPHP/Framework/bootstrap.php,第47行
未知错误类型:编号[2]include_once(): Failed opening '../Doctrine/DBAL/Driver/PDOConnection.php' for inclusion (include_path='.:/Applications/MAMP/bin/php/php7.0.8/lib/php')位置文件/Applications/MAMP/htdocs/FunnyPHP/Framework/bootstrap.php,第47行
未知错误类型:编号[8]Undefined index: return位置文件/Applications/MAMP/htdocs/FunnyPHP/Framework/Application.php,第26行
未知错误类型:编号[2]include_once(../Doctrine/DBAL/Driver/PDOConnection.php): failed to open stream: No such file or directory位置文件/Applications/MAMP/htdocs/FunnyPHP/Framework/bootstrap.php,第47行
未知错误类型:编号[2]include_once(): Failed opening '../Doctrine/DBAL/Driver/PDOConnection.php' for inclusion (include_path='.:/Applications/MAMP/bin/php/php7.0.8/lib/php')位置文件/Applications/MAMP/htdocs/FunnyPHP/Framework/bootstrap.php,第47行
未知错误类型:编号[8]Undefined index: return位置文件/Applications/MAMP/htdocs/FunnyPHP/Framework/Application.php,第26行
未知错误类型:编号[2]include_once(../Doctrine/DBAL/Driver/PDOConnection.php): failed to open stream: No such file or directory位置文件/Applications/MAMP/htdocs/FunnyPHP/Framework/bootstrap.php,第47行
未知错误类型:编号[2]include_once(): Failed opening '../Doctrine/DBAL/Driver/PDOConnection.php' for inclusion (include_path='.:/Applications/MAMP/bin/php/php7.0.8/lib/php')位置文件/Applications/MAMP/htdocs/FunnyPHP/Framework/bootstrap.php,第47行
未知错误类型:编号[8]Undefined index: return位置文件/Applications/MAMP/htdocs/FunnyPHP/Framework/Application.php,第26行
未知错误类型:编号[2]include_once(../Doctrine/DBAL/Driver/PDOConnection.php): failed to open stream: No such file or directory位置文件/Applications/MAMP/htdocs/FunnyPHP/Framework/bootstrap.php,第47行
未知错误类型:编号[2]include_once(): Failed opening '../Doctrine/DBAL/Driver/PDOConnection.php' for inclusion (include_path='.:/Applications/MAMP/bin/php/php7.0.8/lib/php')位置文件/Applications/MAMP/htdocs/FunnyPHP/Framework/bootstrap.php,第47行
未知错误类型:编号[8]Trying to get property of non-object位置文件/Applications/MAMP/htdocs/FunnyPHP/App/Front/cache/112526675145641f472d24b2ece3cbdaafa8b09b.php,第136行
未知错误类型:编号[8]Trying to get property of non-object位置文件/Applications/MAMP/htdocs/FunnyPHP/App/Front/cache/112526675145641f472d24b2ece3cbdaafa8b09b.php,第136行
未知错误类型:编号[8]Undefined index: return位置文件/Applications/MAMP/htdocs/FunnyPHP/Framework/Application.php,第26行
未知错误类型:编号[2]include_once(../Doctrine/DBAL/Driver/PDOConnection.php): failed to open stream: No such file or directory位置文件/Applications/MAMP/htdocs/FunnyPHP/Framework/bootstrap.php,第47行
未知错误类型:编号[2]include_once(): Failed opening '../Doctrine/DBAL/Driver/PDOConnection.php' for inclusion (include_path='.:/Applications/MAMP/bin/php/php7.0.8/lib/php')位置文件/Applications/MAMP/htdocs/FunnyPHP/Framework/bootstrap.php,第47行
未知错误类型:编号[8]Trying to get property of non-object位置文件/Applications/MAMP/htdocs/FunnyPHP/App/Front/cache/112526675145641f472d24b2ece3cbdaafa8b09b.php,第136行
未知错误类型:编号[8]Trying to get property of non-object位置文件/Applications/MAMP/htdocs/FunnyPHP/App/Front/cache/112526675145641f472d24b2ece3cbdaafa8b09b.php,第136行
未知错误类型:编号[8]Undefined index: return位置文件/Applications/MAMP/htdocs/FunnyPHP/Framework/Application.php,第26行
未知错误类型:编号[2]include_once(../Doctrine/DBAL/Driver/PDOConnection.php): failed to open stream: No such file or directory位置文件/Applications/MAMP/htdocs/FunnyPHP/Framework/bootstrap.php,第47行
未知错误类型:编号[2]include_once(): Failed opening '../Doctrine/DBAL/Driver/PDOConnection.php' for inclusion (include_path='.:/Applications/MAMP/bin/php/php7.0.8/lib/php')位置文件/Applications/MAMP/htdocs/FunnyPHP/Framework/bootstrap.php,第47行
未知错误类型:编号[8]Trying to get property of non-object位置文件/Applications/MAMP/htdocs/FunnyPHP/App/Front/cache/112526675145641f472d24b2ece3cbdaafa8b09b.php,第136行
未知错误类型:编号[8]Trying to get property of non-object位置文件/Applications/MAMP/htdocs/FunnyPHP/App/Front/cache/112526675145641f472d24b2ece3cbdaafa8b09b.php,第136行
未知错误类型:编号[8]Trying to get property of non-object位置文件/Applications/MAMP/htdocs/FunnyPHP/App/Front/cache/112526675145641f472d24b2ece3cbdaafa8b09b.php,第136行
未知错误类型:编号[8]Trying to get property of non-object位置文件/Applications/MAMP/htdocs/FunnyPHP/App/Front/cache/112526675145641f472d24b2ece3cbdaafa8b09b.php,第136行
未知错误类型:编号[8]Trying to get property of non-object位置文件/Applications/MAMP/htdocs/FunnyPHP/App/Front/cache/112526675145641f472d24b2ece3cbdaafa8b09b.php,第136行
未知错误类型:编号[8]Trying to get property of non-object位置文件/Applications/MAMP/htdocs/FunnyPHP/App/Front/cache/112526675145641f472d24b2ece3cbdaafa8b09b.php,第136行
未知错误类型:编号[8]Undefined index: return位置文件/Applications/MAMP/htdocs/FunnyPHP/Framework/Application.php,第26行
未知错误类型:编号[2]include_once(../Doctrine/DBAL/Driver/PDOConnection.php): failed to open stream: No such file or directory位置文件/Applications/MAMP/htdocs/FunnyPHP/Framework/bootstrap.php,第47行
未知错误类型:编号[2]include_once(): Failed opening '../Doctrine/DBAL/Driver/PDOConnection.php' for inclusion (include_path='.:/Applications/MAMP/bin/php/php7.0.8/lib/php')位置文件/Applications/MAMP/htdocs/FunnyPHP/Framework/bootstrap.php,第47行
未知错误类型:编号[8]Trying to get property of non-object位置文件/Applications/MAMP/htdocs/FunnyPHP/App/Front/cache/112526675145641f472d24b2ece3cbdaafa8b09b.php,第136行
未知错误类型:编号[8]Trying to get property of non-object位置文件/Applications/MAMP/htdocs/FunnyPHP/App/Front/cache/112526675145641f472d24b2ece3cbdaafa8b09b.php,第136行
未知错误类型:编号[8]Trying to get property of non-object位置文件/Applications/MAMP/htdocs/FunnyPHP/App/Front/cache/112526675145641f472d24b2ece3cbdaafa8b09b.php,第136行
未知错误类型:编号[8]Trying to get property of non-object位置文件/Applications/MAMP/htdocs/FunnyPHP/App/Front/cache/112526675145641f472d24b2ece3cbdaafa8b09b.php,第136行
未知错误类型:编号[8]Trying to get property of non-object位置文件/Applications/MAMP/htdocs/FunnyPHP/App/Front/cache/112526675145641f472d24b2ece3cbdaafa8b09b.php,第136行
未知错误类型:编号[8]Trying to get property of non-object位置文件/Applications/MAMP/htdocs/FunnyPHP/App/Front/cache/112526675145641f472d24b2ece3cbdaafa8b09b.php,第136行
未知错误类型:编号[8]Undefined index: return位置文件/Applications/MAMP/htdocs/FunnyPHP/Framework/Application.php,第26行
未知错误类型:编号[2]include_once(../Doctrine/DBAL/Driver/PDOConnection.php): failed to open stream: No such file or directory位置文件/Applications/MAMP/htdocs/FunnyPHP/Framework/bootstrap.php,第47行
未知错误类型:编号[2]include_once(): Failed opening '../Doctrine/DBAL/Driver/PDOConnection.php' for inclusion (include_path='.:/Applications/MAMP/bin/php/php7.0.8/lib/php')位置文件/Applications/MAMP/htdocs/FunnyPHP/Framework/bootstrap.php,第47行
未知错误类型:编号[8]Trying to get property of non-object位置文件/Applications/MAMP/htdocs/FunnyPHP/App/Front/cache/112526675145641f472d24b2ece3cbdaafa8b09b.php,第133行
未知错误类型:编号[2]Invalid argument supplied for foreach()位置文件/Applications/MAMP/htdocs/FunnyPHP/App/Front/cache/112526675145641f472d24b2ece3cbdaafa8b09b.php,第133行
未知错误类型:编号[8]Trying to get property of non-object位置文件/Applications/MAMP/htdocs/FunnyPHP/App/Front/cache/112526675145641f472d24b2ece3cbdaafa8b09b.php,第133行
未知错误类型:编号[2]Invalid argument supplied for foreach()位置文件/Applications/MAMP/htdocs/FunnyPHP/App/Front/cache/112526675145641f472d24b2ece3cbdaafa8b09b.php,第133行
未知错误类型:编号[8]Trying to get property of non-object位置文件/Applications/MAMP/htdocs/FunnyPHP/App/Front/cache/112526675145641f472d24b2ece3cbdaafa8b09b.php,第133行
未知错误类型:编号[2]Invalid argument supplied for foreach()位置文件/Applications/MAMP/htdocs/FunnyPHP/App/Front/cache/112526675145641f472d24b2ece3cbdaafa8b09b.php,第133行
未知错误类型:编号[8]Undefined index: return位置文件/Applications/MAMP/htdocs/FunnyPHP/Framework/Application.php,第26行
未知错误类型:编号[2]include_once(../Doctrine/DBAL/Driver/PDOConnection.php): failed to open stream: No such file or directory位置文件/Applications/MAMP/htdocs/FunnyPHP/Framework/bootstrap.php,第47行
未知错误类型:编号[2]include_once(): Failed opening '../Doctrine/DBAL/Driver/PDOConnection.php' for inclusion (include_path='.:/Applications/MAMP/bin/php/php7.0.8/lib/php')位置文件/Applications/MAMP/htdocs/FunnyPHP/Framework/bootstrap.php,第47行
未知错误类型:编号[8]Trying to get property of non-object位置文件/Applications/MAMP/htdocs/FunnyPHP/App/Front/cache/112526675145641f472d24b2ece3cbdaafa8b09b.php,第133行
未知错误类型:编号[2]Invalid argument supplied for foreach()位置文件/Applications/MAMP/htdocs/FunnyPHP/App/Front/cache/112526675145641f472d24b2ece3cbdaafa8b09b.php,第133行
未知错误类型:编号[8]Trying to get property of non-object位置文件/Applications/MAMP/htdocs/FunnyPHP/App/Front/cache/112526675145641f472d24b2ece3cbdaafa8b09b.php,第133行
未知错误类型:编号[2]Invalid argument supplied for foreach()位置文件/Applications/MAMP/htdocs/FunnyPHP/App/Front/cache/112526675145641f472d24b2ece3cbdaafa8b09b.php,第133行
未知错误类型:编号[8]Trying to get property of non-object位置文件/Applications/MAMP/htdocs/FunnyPHP/App/Front/cache/112526675145641f472d24b2ece3cbdaafa8b09b.php,第133行
未知错误类型:编号[2]Invalid argument supplied for foreach()位置文件/Applications/MAMP/htdocs/FunnyPHP/App/Front/cache/112526675145641f472d24b2ece3cbdaafa8b09b.php,第133行
未知错误类型:编号[8]Undefined index: return位置文件/Applications/MAMP/htdocs/FunnyPHP/Framework/Application.php,第26行
未知错误类型:编号[2]include_once(../Doctrine/DBAL/Driver/PDOConnection.php): failed to open stream: No such file or directory位置文件/Applications/MAMP/htdocs/FunnyPHP/Framework/bootstrap.php,第47行
未知错误类型:编号[2]include_once(): Failed opening '../Doctrine/DBAL/Driver/PDOConnection.php' for inclusion (include_path='.:/Applications/MAMP/bin/php/php7.0.8/lib/php')位置文件/Applications/MAMP/htdocs/FunnyPHP/Framework/bootstrap.php,第47行
未知错误类型:编号[8]Trying to get property of non-object位置文件/Applications/MAMP/htdocs/FunnyPHP/App/Front/cache/112526675145641f472d24b2ece3cbdaafa8b09b.php,第128行
未知错误类型:编号[8]Trying to get property of non-object位置文件/Applications/MAMP/htdocs/FunnyPHP/App/Front/cache/112526675145641f472d24b2ece3cbdaafa8b09b.php,第133行
未知错误类型:编号[2]Invalid argument supplied for foreach()位置文件/Applications/MAMP/htdocs/FunnyPHP/App/Front/cache/112526675145641f472d24b2ece3cbdaafa8b09b.php,第133行
未知错误类型:编号[8]Trying to get property of non-object位置文件/Applications/MAMP/htdocs/FunnyPHP/App/Front/cache/112526675145641f472d24b2ece3cbdaafa8b09b.php,第128行
未知错误类型:编号[8]Trying to get property of non-object位置文件/Applications/MAMP/htdocs/FunnyPHP/App/Front/cache/112526675145641f472d24b2ece3cbdaafa8b09b.php,第133行
未知错误类型:编号[2]Invalid argument supplied for foreach()位置文件/Applications/MAMP/htdocs/FunnyPHP/App/Front/cache/112526675145641f472d24b2ece3cbdaafa8b09b.php,第133行
未知错误类型:编号[8]Trying to get property of non-object位置文件/Applications/MAMP/htdocs/FunnyPHP/App/Front/cache/112526675145641f472d24b2ece3cbdaafa8b09b.php,第128行
未知错误类型:编号[8]Trying to get property of non-object位置文件/Applications/MAMP/htdocs/FunnyPHP/App/Front/cache/112526675145641f472d24b2ece3cbdaafa8b09b.php,第133行
未知错误类型:编号[2]Invalid argument supplied for foreach()位置文件/Applications/MAMP/htdocs/FunnyPHP/App/Front/cache/112526675145641f472d24b2ece3cbdaafa8b09b.php,第133行
未知错误类型:编号[8]Undefined index: return位置文件/Applications/MAMP/htdocs/FunnyPHP/Framework/Application.php,第26行
未知错误类型:编号[2]include_once(../Doctrine/DBAL/Driver/PDOConnection.php): failed to open stream: No such file or directory位置文件/Applications/MAMP/htdocs/FunnyPHP/Framework/bootstrap.php,第47行
未知错误类型:编号[2]include_once(): Failed opening '../Doctrine/DBAL/Driver/PDOConnection.php' for inclusion (include_path='.:/Applications/MAMP/bin/php/php7.0.8/lib/php')位置文件/Applications/MAMP/htdocs/FunnyPHP/Framework/bootstrap.php,第47行
未知错误类型:编号[8]Trying to get property of non-object位置文件/Applications/MAMP/htdocs/FunnyPHP/App/Front/cache/112526675145641f472d24b2ece3cbdaafa8b09b.php,第128行
未知错误类型:编号[8]Trying to get property of non-object位置文件/Applications/MAMP/htdocs/FunnyPHP/App/Front/cache/112526675145641f472d24b2ece3cbdaafa8b09b.php,第133行
未知错误类型:编号[2]Invalid argument supplied for foreach()位置文件/Applications/MAMP/htdocs/FunnyPHP/App/Front/cache/112526675145641f472d24b2ece3cbdaafa8b09b.php,第133行
未知错误类型:编号[8]Trying to get property of non-object位置文件/Applications/MAMP/htdocs/FunnyPHP/App/Front/cache/112526675145641f472d24b2ece3cbdaafa8b09b.php,第128行
未知错误类型:编号[8]Trying to get property of non-object位置文件/Applications/MAMP/htdocs/FunnyPHP/App/Front/cache/112526675145641f472d24b2ece3cbdaafa8b09b.php,第133行
未知错误类型:编号[2]Invalid argument supplied for foreach()位置文件/Applications/MAMP/htdocs/FunnyPHP/App/Front/cache/112526675145641f472d24b2ece3cbdaafa8b09b.php,第133行
未知错误类型:编号[8]Trying to get property of non-object位置文件/Applications/MAMP/htdocs/FunnyPHP/App/Front/cache/112526675145641f472d24b2ece3cbdaafa8b09b.php,第128行
未知错误类型:编号[8]Trying to get property of non-object位置文件/Applications/MAMP/htdocs/FunnyPHP/App/Front/cache/112526675145641f472d24b2ece3cbdaafa8b09b.php,第133行
未知错误类型:编号[2]Invalid argument supplied for foreach()位置文件/Applications/MAMP/htdocs/FunnyPHP/App/Front/cache/112526675145641f472d24b2ece3cbdaafa8b09b.php,第133行
未知错误类型:编号[8]Undefined index: return位置文件/Applications/MAMP/htdocs/FunnyPHP/Framework/Application.php,第26行
未知错误类型:编号[2]include_once(../Doctrine/DBAL/Driver/PDOConnection.php): failed to open stream: No such file or directory位置文件/Applications/MAMP/htdocs/FunnyPHP/Framework/bootstrap.php,第47行
未知错误类型:编号[2]include_once(): Failed opening '../Doctrine/DBAL/Driver/PDOConnection.php' for inclusion (include_path='.:/Applications/MAMP/bin/php/php7.0.8/lib/php')位置文件/Applications/MAMP/htdocs/FunnyPHP/Framework/bootstrap.php,第47行
未知错误类型:编号[8]Trying to get property of non-object位置文件/Applications/MAMP/htdocs/FunnyPHP/App/Front/cache/112526675145641f472d24b2ece3cbdaafa8b09b.php,第128行
未知错误类型:编号[8]Trying to get property of non-object位置文件/Applications/MAMP/htdocs/FunnyPHP/App/Front/cache/112526675145641f472d24b2ece3cbdaafa8b09b.php,第130行
未知错误类型:编号[2]Invalid argument supplied for foreach()位置文件/Applications/MAMP/htdocs/FunnyPHP/App/Front/cache/112526675145641f472d24b2ece3cbdaafa8b09b.php,第130行
未知错误类型:编号[8]Trying to get property of non-object位置文件/Applications/MAMP/htdocs/FunnyPHP/App/Front/cache/112526675145641f472d24b2ece3cbdaafa8b09b.php,第128行
未知错误类型:编号[8]Trying to get property of non-object位置文件/Applications/MAMP/htdocs/FunnyPHP/App/Front/cache/112526675145641f472d24b2ece3cbdaafa8b09b.php,第130行
未知错误类型:编号[2]Invalid argument supplied for foreach()位置文件/Applications/MAMP/htdocs/FunnyPHP/App/Front/cache/112526675145641f472d24b2ece3cbdaafa8b09b.php,第130行
未知错误类型:编号[8]Trying to get property of non-object位置文件/Applications/MAMP/htdocs/FunnyPHP/App/Front/cache/112526675145641f472d24b2ece3cbdaafa8b09b.php,第128行
未知错误类型:编号[8]Trying to get property of non-object位置文件/Applications/MAMP/htdocs/FunnyPHP/App/Front/cache/112526675145641f472d24b2ece3cbdaafa8b09b.php,第130行
未知错误类型:编号[2]Invalid argument supplied for foreach()位置文件/Applications/MAMP/htdocs/FunnyPHP/App/Front/cache/112526675145641f472d24b2ece3cbdaafa8b09b.php,第130行
未知错误类型:编号[8]Undefined index: return位置文件/Applications/MAMP/htdocs/FunnyPHP/Framework/Application.php,第26行
未知错误类型:编号[2]include_once(../Doctrine/DBAL/Driver/PDOConnection.php): failed to open stream: No such file or directory位置文件/Applications/MAMP/htdocs/FunnyPHP/Framework/bootstrap.php,第47行
未知错误类型:编号[2]include_once(): Failed opening '../Doctrine/DBAL/Driver/PDOConnection.php' for inclusion (include_path='.:/Applications/MAMP/bin/php/php7.0.8/lib/php')位置文件/Applications/MAMP/htdocs/FunnyPHP/Framework/bootstrap.php,第47行
未知错误类型:编号[8]Trying to get property of non-object位置文件/Applications/MAMP/htdocs/FunnyPHP/App/Front/cache/112526675145641f472d24b2ece3cbdaafa8b09b.php,第128行
未知错误类型:编号[8]Trying to get property of non-object位置文件/Applications/MAMP/htdocs/FunnyPHP/App/Front/cache/112526675145641f472d24b2ece3cbdaafa8b09b.php,第130行
未知错误类型:编号[2]Invalid argument supplied for foreach()位置文件/Applications/MAMP/htdocs/FunnyPHP/App/Front/cache/112526675145641f472d24b2ece3cbdaafa8b09b.php,第130行
未知错误类型:编号[8]Trying to get property of non-object位置文件/Applications/MAMP/htdocs/FunnyPHP/App/Front/cache/112526675145641f472d24b2ece3cbdaafa8b09b.php,第128行
未知错误类型:编号[8]Trying to get property of non-object位置文件/Applications/MAMP/htdocs/FunnyPHP/App/Front/cache/112526675145641f472d24b2ece3cbdaafa8b09b.php,第130行
未知错误类型:编号[2]Invalid argument supplied for foreach()位置文件/Applications/MAMP/htdocs/FunnyPHP/App/Front/cache/112526675145641f472d24b2ece3cbdaafa8b09b.php,第130行
未知错误类型:编号[8]Trying to get property of non-object位置文件/Applications/MAMP/htdocs/FunnyPHP/App/Front/cache/112526675145641f472d24b2ece3cbdaafa8b09b.php,第128行
未知错误类型:编号[8]Trying to get property of non-object位置文件/Applications/MAMP/htdocs/FunnyPHP/App/Front/cache/112526675145641f472d24b2ece3cbdaafa8b09b.php,第130行
未知错误类型:编号[2]Invalid argument supplied for foreach()位置文件/Applications/MAMP/htdocs/FunnyPHP/App/Front/cache/112526675145641f472d24b2ece3cbdaafa8b09b.php,第130行
未知错误类型:编号[8]Undefined index: return位置文件/Applications/MAMP/htdocs/FunnyPHP/Framework/Application.php,第26行
未知错误类型:编号[2]include_once(../Doctrine/DBAL/Driver/PDOConnection.php): failed to open stream: No such file or directory位置文件/Applications/MAMP/htdocs/FunnyPHP/Framework/bootstrap.php,第47行
未知错误类型:编号[2]include_once(): Failed opening '../Doctrine/DBAL/Driver/PDOConnection.php' for inclusion (include_path='.:/Applications/MAMP/bin/php/php7.0.8/lib/php')位置文件/Applications/MAMP/htdocs/FunnyPHP/Framework/bootstrap.php,第47行
未知错误类型:编号[8]Trying to get property of non-object位置文件/Applications/MAMP/htdocs/FunnyPHP/App/Front/cache/112526675145641f472d24b2ece3cbdaafa8b09b.php,第128行
未知错误类型:编号[8]Trying to get property of non-object位置文件/Applications/MAMP/htdocs/FunnyPHP/App/Front/cache/112526675145641f472d24b2ece3cbdaafa8b09b.php,第130行
未知错误类型:编号[2]Invalid argument supplied for foreach()位置文件/Applications/MAMP/htdocs/FunnyPHP/App/Front/cache/112526675145641f472d24b2ece3cbdaafa8b09b.php,第130行
未知错误类型:编号[8]Trying to get property of non-object位置文件/Applications/MAMP/htdocs/FunnyPHP/App/Front/cache/112526675145641f472d24b2ece3cbdaafa8b09b.php,第128行
未知错误类型:编号[8]Trying to get property of non-object位置文件/Applications/MAMP/htdocs/FunnyPHP/App/Front/cache/112526675145641f472d24b2ece3cbdaafa8b09b.php,第130行
未知错误类型:编号[2]Invalid argument supplied for foreach()位置文件/Applications/MAMP/htdocs/FunnyPHP/App/Front/cache/112526675145641f472d24b2ece3cbdaafa8b09b.php,第130行
未知错误类型:编号[8]Trying to get property of non-object位置文件/Applications/MAMP/htdocs/FunnyPHP/App/Front/cache/112526675145641f472d24b2ece3cbdaafa8b09b.php,第128行
未知错误类型:编号[8]Trying to get property of non-object位置文件/Applications/MAMP/htdocs/FunnyPHP/App/Front/cache/112526675145641f472d24b2ece3cbdaafa8b09b.php,第130行
未知错误类型:编号[2]Invalid argument supplied for foreach()位置文件/Applications/MAMP/htdocs/FunnyPHP/App/Front/cache/112526675145641f472d24b2ece3cbdaafa8b09b.php,第130行
未知错误类型:编号[8]Undefined index: return位置文件/Applications/MAMP/htdocs/FunnyPHP/Framework/Application.php,第26行
未知错误类型:编号[2]include_once(../Doctrine/DBAL/Driver/PDOConnection.php): failed to open stream: No such file or directory位置文件/Applications/MAMP/htdocs/FunnyPHP/Framework/bootstrap.php,第47行
未知错误类型:编号[2]include_once(): Failed opening '../Doctrine/DBAL/Driver/PDOConnection.php' for inclusion (include_path='.:/Applications/MAMP/bin/php/php7.0.8/lib/php')位置文件/Applications/MAMP/htdocs/FunnyPHP/Framework/bootstrap.php,第47行
未知错误类型:编号[8]Trying to get property of non-object位置文件/Applications/MAMP/htdocs/FunnyPHP/App/Front/cache/112526675145641f472d24b2ece3cbdaafa8b09b.php,第130行
未知错误类型:编号[2]Invalid argument supplied for foreach()位置文件/Applications/MAMP/htdocs/FunnyPHP/App/Front/cache/112526675145641f472d24b2ece3cbdaafa8b09b.php,第130行
未知错误类型:编号[8]Trying to get property of non-object位置文件/Applications/MAMP/htdocs/FunnyPHP/App/Front/cache/112526675145641f472d24b2ece3cbdaafa8b09b.php,第130行
未知错误类型:编号[2]Invalid argument supplied for foreach()位置文件/Applications/MAMP/htdocs/FunnyPHP/App/Front/cache/112526675145641f472d24b2ece3cbdaafa8b09b.php,第130行
未知错误类型:编号[8]Trying to get property of non-object位置文件/Applications/MAMP/htdocs/FunnyPHP/App/Front/cache/112526675145641f472d24b2ece3cbdaafa8b09b.php,第130行
未知错误类型:编号[2]Invalid argument supplied for foreach()位置文件/Applications/MAMP/htdocs/FunnyPHP/App/Front/cache/112526675145641f472d24b2ece3cbdaafa8b09b.php,第130行
未知错误类型:编号[8]Undefined index: return位置文件/Applications/MAMP/htdocs/FunnyPHP/Framework/Application.php,第26行
未知错误类型:编号[2]include_once(../Doctrine/DBAL/Driver/PDOConnection.php): failed to open stream: No such file or directory位置文件/Applications/MAMP/htdocs/FunnyPHP/Framework/bootstrap.php,第47行
未知错误类型:编号[2]include_once(): Failed opening '../Doctrine/DBAL/Driver/PDOConnection.php' for inclusion (include_path='.:/Applications/MAMP/bin/php/php7.0.8/lib/php')位置文件/Applications/MAMP/htdocs/FunnyPHP/Framework/bootstrap.php,第47行
未知错误类型:编号[8]Trying to get property of non-object位置文件/Applications/MAMP/htdocs/FunnyPHP/App/Front/cache/112526675145641f472d24b2ece3cbdaafa8b09b.php,第130行
未知错误类型:编号[2]Invalid argument supplied for foreach()位置文件/Applications/MAMP/htdocs/FunnyPHP/App/Front/cache/112526675145641f472d24b2ece3cbdaafa8b09b.php,第130行
未知错误类型:编号[8]Trying to get property of non-object位置文件/Applications/MAMP/htdocs/FunnyPHP/App/Front/cache/112526675145641f472d24b2ece3cbdaafa8b09b.php,第130行
未知错误类型:编号[2]Invalid argument supplied for foreach()位置文件/Applications/MAMP/htdocs/FunnyPHP/App/Front/cache/112526675145641f472d24b2ece3cbdaafa8b09b.php,第130行
未知错误类型:编号[8]Trying to get property of non-object位置文件/Applications/MAMP/htdocs/FunnyPHP/App/Front/cache/112526675145641f472d24b2ece3cbdaafa8b09b.php,第130行
未知错误类型:编号[2]Invalid argument supplied for foreach()位置文件/Applications/MAMP/htdocs/FunnyPHP/App/Front/cache/112526675145641f472d24b2ece3cbdaafa8b09b.php,第130行
未知错误类型:编号[8]Undefined index: return位置文件/Applications/MAMP/htdocs/FunnyPHP/Framework/Application.php,第26行
未知错误类型:编号[2]include_once(../Doctrine/DBAL/Driver/PDOConnection.php): failed to open stream: No such file or directory位置文件/Applications/MAMP/htdocs/FunnyPHP/Framework/bootstrap.php,第47行
未知错误类型:编号[2]include_once(): Failed opening '../Doctrine/DBAL/Driver/PDOConnection.php' for inclusion (include_path='.:/Applications/MAMP/bin/php/php7.0.8/lib/php')位置文件/Applications/MAMP/htdocs/FunnyPHP/Framework/bootstrap.php,第47行
未知错误类型:编号[8]Undefined index: list位置文件/Applications/MAMP/htdocs/FunnyPHP/App/Front/cache/112526675145641f472d24b2ece3cbdaafa8b09b.php,第130行
未知错误类型:编号[2]Invalid argument supplied for foreach()位置文件/Applications/MAMP/htdocs/FunnyPHP/App/Front/cache/112526675145641f472d24b2ece3cbdaafa8b09b.php,第130行
未知错误类型:编号[8]Undefined index: list位置文件/Applications/MAMP/htdocs/FunnyPHP/App/Front/cache/112526675145641f472d24b2ece3cbdaafa8b09b.php,第130行
未知错误类型:编号[2]Invalid argument supplied for foreach()位置文件/Applications/MAMP/htdocs/FunnyPHP/App/Front/cache/112526675145641f472d24b2ece3cbdaafa8b09b.php,第130行
未知错误类型:编号[8]Undefined index: return位置文件/Applications/MAMP/htdocs/FunnyPHP/Framework/Application.php,第26行
未知错误类型:编号[2]include_once(../Doctrine/DBAL/Driver/PDOConnection.php): failed to open stream: No such file or directory位置文件/Applications/MAMP/htdocs/FunnyPHP/Framework/bootstrap.php,第47行
未知错误类型:编号[2]include_once(): Failed opening '../Doctrine/DBAL/Driver/PDOConnection.php' for inclusion (include_path='.:/Applications/MAMP/bin/php/php7.0.8/lib/php')位置文件/Applications/MAMP/htdocs/FunnyPHP/Framework/bootstrap.php,第47行
未知错误类型:编号[8]Undefined index: list位置文件/Applications/MAMP/htdocs/FunnyPHP/App/Front/cache/112526675145641f472d24b2ece3cbdaafa8b09b.php,第128行
未知错误类型:编号[2]Invalid argument supplied for foreach()位置文件/Applications/MAMP/htdocs/FunnyPHP/App/Front/cache/112526675145641f472d24b2ece3cbdaafa8b09b.php,第128行
未知错误类型:编号[8]Undefined index: list位置文件/Applications/MAMP/htdocs/FunnyPHP/App/Front/cache/112526675145641f472d24b2ece3cbdaafa8b09b.php,第128行
未知错误类型:编号[2]Invalid argument supplied for foreach()位置文件/Applications/MAMP/htdocs/FunnyPHP/App/Front/cache/112526675145641f472d24b2ece3cbdaafa8b09b.php,第128行
未知错误类型:编号[8]Undefined index: return位置文件/Applications/MAMP/htdocs/FunnyPHP/Framework/Application.php,第26行
未知错误类型:编号[2]include_once(../Doctrine/DBAL/Driver/PDOConnection.php): failed to open stream: No such file or directory位置文件/Applications/MAMP/htdocs/FunnyPHP/Framework/bootstrap.php,第47行
未知错误类型:编号[2]include_once(): Failed opening '../Doctrine/DBAL/Driver/PDOConnection.php' for inclusion (include_path='.:/Applications/MAMP/bin/php/php7.0.8/lib/php')位置文件/Applications/MAMP/htdocs/FunnyPHP/Framework/bootstrap.php,第47行
未知错误类型:编号[8]Undefined index: list位置文件/Applications/MAMP/htdocs/FunnyPHP/App/Front/cache/112526675145641f472d24b2ece3cbdaafa8b09b.php,第127行
未知错误类型:编号[2]Invalid argument supplied for foreach()位置文件/Applications/MAMP/htdocs/FunnyPHP/App/Front/cache/112526675145641f472d24b2ece3cbdaafa8b09b.php,第127行
未知错误类型:编号[8]Undefined index: list位置文件/Applications/MAMP/htdocs/FunnyPHP/App/Front/cache/112526675145641f472d24b2ece3cbdaafa8b09b.php,第127行
未知错误类型:编号[2]Invalid argument supplied for foreach()位置文件/Applications/MAMP/htdocs/FunnyPHP/App/Front/cache/112526675145641f472d24b2ece3cbdaafa8b09b.php,第127行
未知错误类型:编号[8]Undefined index: return位置文件/Applications/MAMP/htdocs/FunnyPHP/Framework/Application.php,第26行
未知错误类型:编号[2]include_once(../Doctrine/DBAL/Driver/PDOConnection.php): failed to open stream: No such file or directory位置文件/Applications/MAMP/htdocs/FunnyPHP/Framework/bootstrap.php,第47行
未知错误类型:编号[2]include_once(): Failed opening '../Doctrine/DBAL/Driver/PDOConnection.php' for inclusion (include_path='.:/Applications/MAMP/bin/php/php7.0.8/lib/php')位置文件/Applications/MAMP/htdocs/FunnyPHP/Framework/bootstrap.php,第47行
未知错误类型:编号[8]Undefined index: list位置文件/Applications/MAMP/htdocs/FunnyPHP/App/Front/cache/112526675145641f472d24b2ece3cbdaafa8b09b.php,第131行
未知错误类型:编号[2]Invalid argument supplied for foreach()位置文件/Applications/MAMP/htdocs/FunnyPHP/App/Front/cache/112526675145641f472d24b2ece3cbdaafa8b09b.php,第131行
未知错误类型:编号[8]Undefined index: list位置文件/Applications/MAMP/htdocs/FunnyPHP/App/Front/cache/112526675145641f472d24b2ece3cbdaafa8b09b.php,第131行
未知错误类型:编号[2]Invalid argument supplied for foreach()位置文件/Applications/MAMP/htdocs/FunnyPHP/App/Front/cache/112526675145641f472d24b2ece3cbdaafa8b09b.php,第131行
未知错误类型:编号[8]Undefined index: return位置文件/Applications/MAMP/htdocs/FunnyPHP/Framework/Application.php,第26行
未知错误类型:编号[2]include_once(../Doctrine/DBAL/Driver/PDOConnection.php): failed to open stream: No such file or directory位置文件/Applications/MAMP/htdocs/FunnyPHP/Framework/bootstrap.php,第47行
未知错误类型:编号[2]include_once(): Failed opening '../Doctrine/DBAL/Driver/PDOConnection.php' for inclusion (include_path='.:/Applications/MAMP/bin/php/php7.0.8/lib/php')位置文件/Applications/MAMP/htdocs/FunnyPHP/Framework/bootstrap.php,第47行
未知错误类型:编号[8]Undefined index: list位置文件/Applications/MAMP/htdocs/FunnyPHP/App/Front/cache/112526675145641f472d24b2ece3cbdaafa8b09b.php,第134行
未知错误类型:编号[2]Invalid argument supplied for foreach()位置文件/Applications/MAMP/htdocs/FunnyPHP/App/Front/cache/112526675145641f472d24b2ece3cbdaafa8b09b.php,第134行
未知错误类型:编号[8]Undefined index: list位置文件/Applications/MAMP/htdocs/FunnyPHP/App/Front/cache/112526675145641f472d24b2ece3cbdaafa8b09b.php,第134行
未知错误类型:编号[2]Invalid argument supplied for foreach()位置文件/Applications/MAMP/htdocs/FunnyPHP/App/Front/cache/112526675145641f472d24b2ece3cbdaafa8b09b.php,第134行
未知错误类型:编号[8]Undefined index: return位置文件/Applications/MAMP/htdocs/FunnyPHP/Framework/Application.php,第26行
未知错误类型:编号[2]include_once(../Doctrine/DBAL/Driver/PDOConnection.php): failed to open stream: No such file or directory位置文件/Applications/MAMP/htdocs/FunnyPHP/Framework/bootstrap.php,第47行
未知错误类型:编号[2]include_once(): Failed opening '../Doctrine/DBAL/Driver/PDOConnection.php' for inclusion (include_path='.:/Applications/MAMP/bin/php/php7.0.8/lib/php')位置文件/Applications/MAMP/htdocs/FunnyPHP/Framework/bootstrap.php,第47行
未知错误类型:编号[8]Undefined index: list位置文件/Applications/MAMP/htdocs/FunnyPHP/App/Front/cache/112526675145641f472d24b2ece3cbdaafa8b09b.php,第134行
未知错误类型:编号[2]Invalid argument supplied for foreach()位置文件/Applications/MAMP/htdocs/FunnyPHP/App/Front/cache/112526675145641f472d24b2ece3cbdaafa8b09b.php,第134行
未知错误类型:编号[8]Undefined index: list位置文件/Applications/MAMP/htdocs/FunnyPHP/App/Front/cache/112526675145641f472d24b2ece3cbdaafa8b09b.php,第134行
未知错误类型:编号[2]Invalid argument supplied for foreach()位置文件/Applications/MAMP/htdocs/FunnyPHP/App/Front/cache/112526675145641f472d24b2ece3cbdaafa8b09b.php,第134行
未知错误类型:编号[8]Undefined index: return位置文件/Applications/MAMP/htdocs/FunnyPHP/Framework/Application.php,第26行
未知错误类型:编号[2]include_once(../Doctrine/DBAL/Driver/PDOConnection.php): failed to open stream: No such file or directory位置文件/Applications/MAMP/htdocs/FunnyPHP/Framework/bootstrap.php,第47行
未知错误类型:编号[2]include_once(): Failed opening '../Doctrine/DBAL/Driver/PDOConnection.php' for inclusion (include_path='.:/Applications/MAMP/bin/php/php7.0.8/lib/php')位置文件/Applications/MAMP/htdocs/FunnyPHP/Framework/bootstrap.php,第47行
未知错误类型:编号[8]Undefined index: list位置文件/Applications/MAMP/htdocs/FunnyPHP/App/Front/cache/112526675145641f472d24b2ece3cbdaafa8b09b.php,第134行
未知错误类型:编号[2]Invalid argument supplied for foreach()位置文件/Applications/MAMP/htdocs/FunnyPHP/App/Front/cache/112526675145641f472d24b2ece3cbdaafa8b09b.php,第134行
未知错误类型:编号[8]Undefined index: list位置文件/Applications/MAMP/htdocs/FunnyPHP/App/Front/cache/112526675145641f472d24b2ece3cbdaafa8b09b.php,第134行
未知错误类型:编号[2]Invalid argument supplied for foreach()位置文件/Applications/MAMP/htdocs/FunnyPHP/App/Front/cache/112526675145641f472d24b2ece3cbdaafa8b09b.php,第134行
未知错误类型:编号[8]Undefined index: return位置文件/Applications/MAMP/htdocs/FunnyPHP/Framework/Application.php,第26行
未知错误类型:编号[2]include_once(../Doctrine/DBAL/Driver/PDOConnection.php): failed to open stream: No such file or directory位置文件/Applications/MAMP/htdocs/FunnyPHP/Framework/bootstrap.php,第47行
未知错误类型:编号[2]include_once(): Failed opening '../Doctrine/DBAL/Driver/PDOConnection.php' for inclusion (include_path='.:/Applications/MAMP/bin/php/php7.0.8/lib/php')位置文件/Applications/MAMP/htdocs/FunnyPHP/Framework/bootstrap.php,第47行
未知错误类型:编号[8]Undefined index: list位置文件/Applications/MAMP/htdocs/FunnyPHP/App/Front/cache/112526675145641f472d24b2ece3cbdaafa8b09b.php,第134行
未知错误类型:编号[2]Invalid argument supplied for foreach()位置文件/Applications/MAMP/htdocs/FunnyPHP/App/Front/cache/112526675145641f472d24b2ece3cbdaafa8b09b.php,第134行
未知错误类型:编号[8]Undefined index: list位置文件/Applications/MAMP/htdocs/FunnyPHP/App/Front/cache/112526675145641f472d24b2ece3cbdaafa8b09b.php,第134行
未知错误类型:编号[2]Invalid argument supplied for foreach()位置文件/Applications/MAMP/htdocs/FunnyPHP/App/Front/cache/112526675145641f472d24b2ece3cbdaafa8b09b.php,第134行
未知错误类型:编号[8]Undefined index: return位置文件/Applications/MAMP/htdocs/FunnyPHP/Framework/Application.php,第26行
未知错误类型:编号[2]include_once(../Doctrine/DBAL/Driver/PDOConnection.php): failed to open stream: No such file or directory位置文件/Applications/MAMP/htdocs/FunnyPHP/Framework/bootstrap.php,第47行
未知错误类型:编号[2]include_once(): Failed opening '../Doctrine/DBAL/Driver/PDOConnection.php' for inclusion (include_path='.:/Applications/MAMP/bin/php/php7.0.8/lib/php')位置文件/Applications/MAMP/htdocs/FunnyPHP/Framework/bootstrap.php,第47行
未知错误类型:编号[8]Undefined index: list位置文件/Applications/MAMP/htdocs/FunnyPHP/App/Front/cache/112526675145641f472d24b2ece3cbdaafa8b09b.php,第134行
未知错误类型:编号[2]Invalid argument supplied for foreach()位置文件/Applications/MAMP/htdocs/FunnyPHP/App/Front/cache/112526675145641f472d24b2ece3cbdaafa8b09b.php,第134行
未知错误类型:编号[8]Undefined index: list位置文件/Applications/MAMP/htdocs/FunnyPHP/App/Front/cache/112526675145641f472d24b2ece3cbdaafa8b09b.php,第134行
未知错误类型:编号[2]Invalid argument supplied for foreach()位置文件/Applications/MAMP/htdocs/FunnyPHP/App/Front/cache/112526675145641f472d24b2ece3cbdaafa8b09b.php,第134行
