未知错误类型:编号[8]Use of undefined constant S - assumed 'S'位置文件/Applications/MAMP/htdocs/FunnyPHP/Framework/bootstrap.php,第85行
未知错误类型:编号[2]Illegal string offset 'accessLog'位置文件/Applications/MAMP/htdocs/FunnyPHP/Framework/bootstrap.php,第85行
未知错误类型:编号[2]file_put_contents(../log/access/20171117.log): failed to open stream: No such file or directory位置文件/Applications/MAMP/htdocs/FunnyPHP/Framework/bootstrap.php,第85行
未知错误类型:编号[8]Use of undefined constant R - assumed 'R'位置文件/Applications/MAMP/htdocs/FunnyPHP/Framework/bootstrap.php,第88行
未知错误类型:编号[8]Use of undefined constant S - assumed 'S'位置文件/Applications/MAMP/htdocs/FunnyPHP/Framework/bootstrap.php,第85行
未知错误类型:编号[2]Illegal string offset 'accessLog'位置文件/Applications/MAMP/htdocs/FunnyPHP/Framework/bootstrap.php,第85行
未知错误类型:编号[2]file_put_contents(../log/access/20171117.log): failed to open stream: No such file or directory位置文件/Applications/MAMP/htdocs/FunnyPHP/Framework/bootstrap.php,第85行
未知错误类型:编号[8]Use of undefined constant R - assumed 'R'位置文件/Applications/MAMP/htdocs/FunnyPHP/Framework/bootstrap.php,第88行
未知错误类型:编号[8]Use of undefined constant S - assumed 'S'位置文件/Applications/MAMP/htdocs/FunnyPHP/Framework/bootstrap.php,第85行
未知错误类型:编号[2]Illegal string offset 'accessLog'位置文件/Applications/MAMP/htdocs/FunnyPHP/Framework/bootstrap.php,第85行
未知错误类型:编号[2]file_put_contents(../log/access/20171117.log): failed to open stream: No such file or directory位置文件/Applications/MAMP/htdocs/FunnyPHP/Framework/bootstrap.php,第85行
未知错误类型:编号[8]Use of undefined constant R - assumed 'R'位置文件/Applications/MAMP/htdocs/FunnyPHP/Framework/bootstrap.php,第88行
未知错误类型:编号[8]Use of undefined constant S - assumed 'S'位置文件/Applications/MAMP/htdocs/FunnyPHP/Framework/bootstrap.php,第85行
未知错误类型:编号[2]Illegal string offset 'accessLog'位置文件/Applications/MAMP/htdocs/FunnyPHP/Framework/bootstrap.php,第85行
未知错误类型:编号[2]file_put_contents(../log/access/20171117.log): failed to open stream: No such file or directory位置文件/Applications/MAMP/htdocs/FunnyPHP/Framework/bootstrap.php,第85行
未知错误类型:编号[8]Use of undefined constant R - assumed 'R'位置文件/Applications/MAMP/htdocs/FunnyPHP/Framework/bootstrap.php,第88行
未知错误类型:编号[8]Use of undefined constant S - assumed 'S'位置文件/Applications/MAMP/htdocs/FunnyPHP/Framework/bootstrap.php,第85行
未知错误类型:编号[2]Illegal string offset 'accessLog'位置文件/Applications/MAMP/htdocs/FunnyPHP/Framework/bootstrap.php,第85行
未知错误类型:编号[2]file_put_contents(../log/access/20171117.log): failed to open stream: No such file or directory位置文件/Applications/MAMP/htdocs/FunnyPHP/Framework/bootstrap.php,第85行
未知错误类型:编号[8]Use of undefined constant R - assumed 'R'位置文件/Applications/MAMP/htdocs/FunnyPHP/Framework/bootstrap.php,第88行
未知错误类型:编号[8]Use of undefined constant S - assumed 'S'位置文件/Applications/MAMP/htdocs/FunnyPHP/Framework/bootstrap.php,第85行
未知错误类型:编号[2]Illegal string offset 'accessLog'位置文件/Applications/MAMP/htdocs/FunnyPHP/Framework/bootstrap.php,第85行
未知错误类型:编号[2]file_put_contents(../log/access/20171117.log): failed to open stream: No such file or directory位置文件/Applications/MAMP/htdocs/FunnyPHP/Framework/bootstrap.php,第85行
未知错误类型:编号[8]Use of undefined constant R - assumed 'R'位置文件/Applications/MAMP/htdocs/FunnyPHP/Framework/bootstrap.php,第88行
未知错误类型:编号[8]Undefined index: accessLog位置文件/Applications/MAMP/htdocs/FunnyPHP/Framework/bootstrap.php,第78行
未知错误类型:编号[8]Use of undefined constant R - assumed 'R'位置文件/Applications/MAMP/htdocs/FunnyPHP/Framework/bootstrap.php,第81行
