未知错误类型:编号[2]include_once(../Illuminate/Database/Capsule/Manager.php): failed to open stream: No such file or directory位置文件/Applications/MAMP/htdocs/wind/-Json-/Framework/bootstrap.php,第57行
未知错误类型:编号[2]include_once(): Failed opening '../Illuminate/Database/Capsule/Manager.php' for inclusion (include_path='.:/Applications/MAMP/bin/php/php7.0.8/lib/php')位置文件/Applications/MAMP/htdocs/wind/-Json-/Framework/bootstrap.php,第57行
未知错误类型:编号[2]include_once(../Illuminate/Database/Capsule/Manager.php): failed to open stream: No such file or directory位置文件/Applications/MAMP/htdocs/wind/-Json-/Framework/bootstrap.php,第57行
未知错误类型:编号[2]include_once(): Failed opening '../Illuminate/Database/Capsule/Manager.php' for inclusion (include_path='.:/Applications/MAMP/bin/php/php7.0.8/lib/php')位置文件/Applications/MAMP/htdocs/wind/-Json-/Framework/bootstrap.php,第57行
未知错误类型:编号[2]include_once(../Illuminate/Database/Capsule/Manager.php): failed to open stream: No such file or directory位置文件/Applications/MAMP/htdocs/wind/-Json-/Framework/bootstrap.php,第57行
未知错误类型:编号[2]include_once(): Failed opening '../Illuminate/Database/Capsule/Manager.php' for inclusion (include_path='.:/Applications/MAMP/bin/php/php7.0.8/lib/php')位置文件/Applications/MAMP/htdocs/wind/-Json-/Framework/bootstrap.php,第57行
未知错误类型:编号[2]include_once(../Illuminate/Database/Capsule/Manager.php): failed to open stream: No such file or directory位置文件/Applications/MAMP/htdocs/wind/-Json-/Framework/bootstrap.php,第57行
未知错误类型:编号[2]include_once(): Failed opening '../Illuminate/Database/Capsule/Manager.php' for inclusion (include_path='.:/Applications/MAMP/bin/php/php7.0.8/lib/php')位置文件/Applications/MAMP/htdocs/wind/-Json-/Framework/bootstrap.php,第57行
未知错误类型:编号[2]include_once(../Illuminate/Database/Capsule/Manager.php): failed to open stream: No such file or directory位置文件/Applications/MAMP/htdocs/wind/-Json-/Framework/bootstrap.php,第57行
未知错误类型:编号[2]include_once(): Failed opening '../Illuminate/Database/Capsule/Manager.php' for inclusion (include_path='.:/Applications/MAMP/bin/php/php7.0.8/lib/php')位置文件/Applications/MAMP/htdocs/wind/-Json-/Framework/bootstrap.php,第57行
未知错误类型:编号[8]Array to string conversion位置文件/Applications/MAMP/htdocs/wind/-Json-/Framework/bootstrap.php,第90行
未知错误类型:编号[2]include_once(../Illuminate/Database/Capsule/Manager.php): failed to open stream: No such file or directory位置文件/Applications/MAMP/htdocs/wind/-Json-/Framework/bootstrap.php,第57行
未知错误类型:编号[2]include_once(): Failed opening '../Illuminate/Database/Capsule/Manager.php' for inclusion (include_path='.:/Applications/MAMP/bin/php/php7.0.8/lib/php')位置文件/Applications/MAMP/htdocs/wind/-Json-/Framework/bootstrap.php,第57行
未知错误类型:编号[8]Array to string conversion位置文件/Applications/MAMP/htdocs/wind/-Json-/Framework/bootstrap.php,第90行
未知错误类型:编号[2]include_once(../Illuminate/Database/Capsule/Manager.php): failed to open stream: No such file or directory位置文件/Applications/MAMP/htdocs/wind/-Json-/Framework/bootstrap.php,第57行
未知错误类型:编号[2]include_once(): Failed opening '../Illuminate/Database/Capsule/Manager.php' for inclusion (include_path='.:/Applications/MAMP/bin/php/php7.0.8/lib/php')位置文件/Applications/MAMP/htdocs/wind/-Json-/Framework/bootstrap.php,第57行
未知错误类型:编号[2]include_once(../Illuminate/Database/Capsule/Manager.php): failed to open stream: No such file or directory位置文件/Applications/MAMP/htdocs/wind/-Json-/Framework/bootstrap.php,第57行
未知错误类型:编号[2]include_once(): Failed opening '../Illuminate/Database/Capsule/Manager.php' for inclusion (include_path='.:/Applications/MAMP/bin/php/php7.0.8/lib/php')位置文件/Applications/MAMP/htdocs/wind/-Json-/Framework/bootstrap.php,第57行
未知错误类型:编号[2]include_once(../Illuminate/Database/Capsule/Manager.php): failed to open stream: No such file or directory位置文件/Applications/MAMP/htdocs/wind/-Json-/Framework/bootstrap.php,第57行
未知错误类型:编号[2]include_once(): Failed opening '../Illuminate/Database/Capsule/Manager.php' for inclusion (include_path='.:/Applications/MAMP/bin/php/php7.0.8/lib/php')位置文件/Applications/MAMP/htdocs/wind/-Json-/Framework/bootstrap.php,第57行
未知错误类型:编号[2]include_once(../Illuminate/Database/Capsule/Manager.php): failed to open stream: No such file or directory位置文件/Applications/MAMP/htdocs/wind/-Json-/Framework/bootstrap.php,第57行
未知错误类型:编号[2]include_once(): Failed opening '../Illuminate/Database/Capsule/Manager.php' for inclusion (include_path='.:/Applications/MAMP/bin/php/php7.0.8/lib/php')位置文件/Applications/MAMP/htdocs/wind/-Json-/Framework/bootstrap.php,第57行
未知错误类型:编号[2]include_once(../Illuminate/Database/Capsule/Manager.php): failed to open stream: No such file or directory位置文件/Applications/MAMP/htdocs/wind/-Json-/Framework/bootstrap.php,第57行
未知错误类型:编号[2]include_once(): Failed opening '../Illuminate/Database/Capsule/Manager.php' for inclusion (include_path='.:/Applications/MAMP/bin/php/php7.0.8/lib/php')位置文件/Applications/MAMP/htdocs/wind/-Json-/Framework/bootstrap.php,第57行
未知错误类型:编号[2]include_once(../Illuminate/Database/Capsule/Manager.php): failed to open stream: No such file or directory位置文件/Applications/MAMP/htdocs/wind/-Json-/Framework/bootstrap.php,第57行
未知错误类型:编号[2]include_once(): Failed opening '../Illuminate/Database/Capsule/Manager.php' for inclusion (include_path='.:/Applications/MAMP/bin/php/php7.0.8/lib/php')位置文件/Applications/MAMP/htdocs/wind/-Json-/Framework/bootstrap.php,第57行
未知错误类型:编号[2]include_once(../Illuminate/Database/Capsule/Manager.php): failed to open stream: No such file or directory位置文件/Applications/MAMP/htdocs/wind/-Json-/Framework/bootstrap.php,第57行
未知错误类型:编号[2]include_once(): Failed opening '../Illuminate/Database/Capsule/Manager.php' for inclusion (include_path='.:/Applications/MAMP/bin/php/php7.0.8/lib/php')位置文件/Applications/MAMP/htdocs/wind/-Json-/Framework/bootstrap.php,第57行
未知错误类型:编号[2]include_once(../Illuminate/Database/Capsule/Manager.php): failed to open stream: No such file or directory位置文件/Applications/MAMP/htdocs/wind/-Json-/Framework/bootstrap.php,第57行
未知错误类型:编号[2]include_once(): Failed opening '../Illuminate/Database/Capsule/Manager.php' for inclusion (include_path='.:/Applications/MAMP/bin/php/php7.0.8/lib/php')位置文件/Applications/MAMP/htdocs/wind/-Json-/Framework/bootstrap.php,第57行
未知错误类型:编号[2]include_once(../Illuminate/Database/Capsule/Manager.php): failed to open stream: No such file or directory位置文件/Applications/MAMP/htdocs/wind/-Json-/Framework/bootstrap.php,第57行
未知错误类型:编号[2]include_once(): Failed opening '../Illuminate/Database/Capsule/Manager.php' for inclusion (include_path='.:/Applications/MAMP/bin/php/php7.0.8/lib/php')位置文件/Applications/MAMP/htdocs/wind/-Json-/Framework/bootstrap.php,第57行
未知错误类型:编号[2]include_once(../Illuminate/Database/Capsule/Manager.php): failed to open stream: No such file or directory位置文件/Applications/MAMP/htdocs/wind/-Json-/Framework/bootstrap.php,第57行
未知错误类型:编号[2]include_once(): Failed opening '../Illuminate/Database/Capsule/Manager.php' for inclusion (include_path='.:/Applications/MAMP/bin/php/php7.0.8/lib/php')位置文件/Applications/MAMP/htdocs/wind/-Json-/Framework/bootstrap.php,第57行
未知错误类型:编号[2]include_once(../Illuminate/Database/Capsule/Manager.php): failed to open stream: No such file or directory位置文件/Applications/MAMP/htdocs/wind/-Json-/Framework/bootstrap.php,第57行
未知错误类型:编号[2]include_once(): Failed opening '../Illuminate/Database/Capsule/Manager.php' for inclusion (include_path='.:/Applications/MAMP/bin/php/php7.0.8/lib/php')位置文件/Applications/MAMP/htdocs/wind/-Json-/Framework/bootstrap.php,第57行
未知错误类型:编号[2]include_once(../Illuminate/Database/Capsule/Manager.php): failed to open stream: No such file or directory位置文件/Applications/MAMP/htdocs/wind/-Json-/Framework/bootstrap.php,第57行
未知错误类型:编号[2]include_once(): Failed opening '../Illuminate/Database/Capsule/Manager.php' for inclusion (include_path='.:/Applications/MAMP/bin/php/php7.0.8/lib/php')位置文件/Applications/MAMP/htdocs/wind/-Json-/Framework/bootstrap.php,第57行
未知错误类型:编号[2]include_once(../Illuminate/Database/Capsule/Manager.php): failed to open stream: No such file or directory位置文件/Applications/MAMP/htdocs/wind/-Json-/Framework/bootstrap.php,第57行
未知错误类型:编号[2]include_once(): Failed opening '../Illuminate/Database/Capsule/Manager.php' for inclusion (include_path='.:/Applications/MAMP/bin/php/php7.0.8/lib/php')位置文件/Applications/MAMP/htdocs/wind/-Json-/Framework/bootstrap.php,第57行
未知错误类型:编号[2]include_once(../Illuminate/Database/Capsule/Manager.php): failed to open stream: No such file or directory位置文件/Applications/MAMP/htdocs/wind/-Json-/Framework/bootstrap.php,第57行
未知错误类型:编号[2]include_once(): Failed opening '../Illuminate/Database/Capsule/Manager.php' for inclusion (include_path='.:/Applications/MAMP/bin/php/php7.0.8/lib/php')位置文件/Applications/MAMP/htdocs/wind/-Json-/Framework/bootstrap.php,第57行
未知错误类型:编号[2]include_once(../Illuminate/Database/Capsule/Manager.php): failed to open stream: No such file or directory位置文件/Applications/MAMP/htdocs/wind/-Json-/Framework/bootstrap.php,第57行
未知错误类型:编号[2]include_once(): Failed opening '../Illuminate/Database/Capsule/Manager.php' for inclusion (include_path='.:/Applications/MAMP/bin/php/php7.0.8/lib/php')位置文件/Applications/MAMP/htdocs/wind/-Json-/Framework/bootstrap.php,第57行
未知错误类型:编号[2]include_once(../Illuminate/Database/Capsule/Manager.php): failed to open stream: No such file or directory位置文件/Applications/MAMP/htdocs/wind/-Json-/Framework/bootstrap.php,第57行
未知错误类型:编号[2]include_once(): Failed opening '../Illuminate/Database/Capsule/Manager.php' for inclusion (include_path='.:/Applications/MAMP/bin/php/php7.0.8/lib/php')位置文件/Applications/MAMP/htdocs/wind/-Json-/Framework/bootstrap.php,第57行
未知错误类型:编号[2]include_once(../Illuminate/Database/Capsule/Manager.php): failed to open stream: No such file or directory位置文件/Applications/MAMP/htdocs/wind/-Json-/Framework/bootstrap.php,第57行
未知错误类型:编号[2]include_once(): Failed opening '../Illuminate/Database/Capsule/Manager.php' for inclusion (include_path='.:/Applications/MAMP/bin/php/php7.0.8/lib/php')位置文件/Applications/MAMP/htdocs/wind/-Json-/Framework/bootstrap.php,第57行
未知错误类型:编号[2]include_once(../Illuminate/Database/Capsule/Manager.php): failed to open stream: No such file or directory位置文件/Applications/MAMP/htdocs/wind/-Json-/Framework/bootstrap.php,第57行
未知错误类型:编号[2]include_once(): Failed opening '../Illuminate/Database/Capsule/Manager.php' for inclusion (include_path='.:/Applications/MAMP/bin/php/php7.0.8/lib/php')位置文件/Applications/MAMP/htdocs/wind/-Json-/Framework/bootstrap.php,第57行
未知错误类型:编号[2]include_once(../Illuminate/Database/Capsule/Manager.php): failed to open stream: No such file or directory位置文件/Applications/MAMP/htdocs/wind/-Json-/Framework/bootstrap.php,第57行
未知错误类型:编号[2]include_once(): Failed opening '../Illuminate/Database/Capsule/Manager.php' for inclusion (include_path='.:/Applications/MAMP/bin/php/php7.0.8/lib/php')位置文件/Applications/MAMP/htdocs/wind/-Json-/Framework/bootstrap.php,第57行
未知错误类型:编号[2]include_once(../Illuminate/Database/Capsule/Manager.php): failed to open stream: No such file or directory位置文件/Applications/MAMP/htdocs/wind/-Json-/Framework/bootstrap.php,第57行
未知错误类型:编号[2]include_once(): Failed opening '../Illuminate/Database/Capsule/Manager.php' for inclusion (include_path='.:/Applications/MAMP/bin/php/php7.0.8/lib/php')位置文件/Applications/MAMP/htdocs/wind/-Json-/Framework/bootstrap.php,第57行
未知错误类型:编号[2]include_once(../Illuminate/Database/Capsule/Manager.php): failed to open stream: No such file or directory位置文件/Applications/MAMP/htdocs/wind/-Json-/Framework/bootstrap.php,第57行
未知错误类型:编号[2]include_once(): Failed opening '../Illuminate/Database/Capsule/Manager.php' for inclusion (include_path='.:/Applications/MAMP/bin/php/php7.0.8/lib/php')位置文件/Applications/MAMP/htdocs/wind/-Json-/Framework/bootstrap.php,第57行
未知错误类型:编号[2]include_once(../Illuminate/Database/Capsule/Manager.php): failed to open stream: No such file or directory位置文件/Applications/MAMP/htdocs/wind/-Json-/Framework/bootstrap.php,第57行
未知错误类型:编号[2]include_once(): Failed opening '../Illuminate/Database/Capsule/Manager.php' for inclusion (include_path='.:/Applications/MAMP/bin/php/php7.0.8/lib/php')位置文件/Applications/MAMP/htdocs/wind/-Json-/Framework/bootstrap.php,第57行
未知错误类型:编号[2]include_once(../Illuminate/Database/Capsule/Manager.php): failed to open stream: No such file or directory位置文件/Applications/MAMP/htdocs/wind/-Json-/Framework/bootstrap.php,第58行
未知错误类型:编号[2]include_once(): Failed opening '../Illuminate/Database/Capsule/Manager.php' for inclusion (include_path='.:/Applications/MAMP/bin/php/php7.0.8/lib/php')位置文件/Applications/MAMP/htdocs/wind/-Json-/Framework/bootstrap.php,第58行
未知错误类型:编号[2]include_once(../Illuminate/Database/Capsule/Manager.php): failed to open stream: No such file or directory位置文件/Applications/MAMP/htdocs/wind/-Json-/Framework/bootstrap.php,第58行
未知错误类型:编号[2]include_once(): Failed opening '../Illuminate/Database/Capsule/Manager.php' for inclusion (include_path='.:/Applications/MAMP/bin/php/php7.0.8/lib/php')位置文件/Applications/MAMP/htdocs/wind/-Json-/Framework/bootstrap.php,第58行
未知错误类型:编号[2]include_once(../Illuminate/Database/Capsule/Manager.php): failed to open stream: No such file or directory位置文件/Applications/MAMP/htdocs/wind/-Json-/Framework/bootstrap.php,第58行
未知错误类型:编号[2]include_once(): Failed opening '../Illuminate/Database/Capsule/Manager.php' for inclusion (include_path='.:/Applications/MAMP/bin/php/php7.0.8/lib/php')位置文件/Applications/MAMP/htdocs/wind/-Json-/Framework/bootstrap.php,第58行
未知错误类型:编号[8]Undefined variable: list位置文件/Applications/MAMP/htdocs/wind/-Json-/App/Front/cache/112526675145641f472d24b2ece3cbdaafa8b09b.php,第130行
未知错误类型:编号[2]Invalid argument supplied for foreach()位置文件/Applications/MAMP/htdocs/wind/-Json-/App/Front/cache/112526675145641f472d24b2ece3cbdaafa8b09b.php,第130行
未知错误类型:编号[8]Undefined variable: list位置文件/Applications/MAMP/htdocs/wind/-Json-/App/Front/cache/112526675145641f472d24b2ece3cbdaafa8b09b.php,第130行
未知错误类型:编号[2]Invalid argument supplied for foreach()位置文件/Applications/MAMP/htdocs/wind/-Json-/App/Front/cache/112526675145641f472d24b2ece3cbdaafa8b09b.php,第130行
未知错误类型:编号[8]Undefined variable: list位置文件/Applications/MAMP/htdocs/wind/-Json-/App/Front/cache/112526675145641f472d24b2ece3cbdaafa8b09b.php,第130行
未知错误类型:编号[2]Invalid argument supplied for foreach()位置文件/Applications/MAMP/htdocs/wind/-Json-/App/Front/cache/112526675145641f472d24b2ece3cbdaafa8b09b.php,第130行
未知错误类型:编号[8]Undefined variable: list位置文件/Applications/MAMP/htdocs/wind/-Json-/App/Front/cache/112526675145641f472d24b2ece3cbdaafa8b09b.php,第130行
未知错误类型:编号[2]Invalid argument supplied for foreach()位置文件/Applications/MAMP/htdocs/wind/-Json-/App/Front/cache/112526675145641f472d24b2ece3cbdaafa8b09b.php,第130行
未知错误类型:编号[8]Undefined variable: list位置文件/Applications/MAMP/htdocs/wind/-Json-/App/Front/cache/112526675145641f472d24b2ece3cbdaafa8b09b.php,第130行
未知错误类型:编号[2]Invalid argument supplied for foreach()位置文件/Applications/MAMP/htdocs/wind/-Json-/App/Front/cache/112526675145641f472d24b2ece3cbdaafa8b09b.php,第130行
未知错误类型:编号[8]Undefined variable: list位置文件/Applications/MAMP/htdocs/wind/-Json-/App/Front/cache/112526675145641f472d24b2ece3cbdaafa8b09b.php,第130行
未知错误类型:编号[2]Invalid argument supplied for foreach()位置文件/Applications/MAMP/htdocs/wind/-Json-/App/Front/cache/112526675145641f472d24b2ece3cbdaafa8b09b.php,第130行
未知错误类型:编号[8]Undefined variable: list位置文件/Applications/MAMP/htdocs/wind/-Json-/App/Front/cache/112526675145641f472d24b2ece3cbdaafa8b09b.php,第130行
未知错误类型:编号[2]Invalid argument supplied for foreach()位置文件/Applications/MAMP/htdocs/wind/-Json-/App/Front/cache/112526675145641f472d24b2ece3cbdaafa8b09b.php,第130行
未知错误类型:编号[8]Undefined variable: list位置文件/Applications/MAMP/htdocs/wind/-Json-/App/Front/cache/112526675145641f472d24b2ece3cbdaafa8b09b.php,第130行
未知错误类型:编号[2]Invalid argument supplied for foreach()位置文件/Applications/MAMP/htdocs/wind/-Json-/App/Front/cache/112526675145641f472d24b2ece3cbdaafa8b09b.php,第130行
未知错误类型:编号[8]Undefined variable: list位置文件/Applications/MAMP/htdocs/wind/-Json-/App/Front/cache/112526675145641f472d24b2ece3cbdaafa8b09b.php,第130行
未知错误类型:编号[2]Invalid argument supplied for foreach()位置文件/Applications/MAMP/htdocs/wind/-Json-/App/Front/cache/112526675145641f472d24b2ece3cbdaafa8b09b.php,第130行
未知错误类型:编号[8]Undefined variable: list位置文件/Applications/MAMP/htdocs/wind/-Json-/App/Front/cache/112526675145641f472d24b2ece3cbdaafa8b09b.php,第130行
未知错误类型:编号[2]Invalid argument supplied for foreach()位置文件/Applications/MAMP/htdocs/wind/-Json-/App/Front/cache/112526675145641f472d24b2ece3cbdaafa8b09b.php,第130行
未知错误类型:编号[8]Undefined variable: list位置文件/Applications/MAMP/htdocs/wind/-Json-/App/Front/cache/112526675145641f472d24b2ece3cbdaafa8b09b.php,第130行
未知错误类型:编号[2]Invalid argument supplied for foreach()位置文件/Applications/MAMP/htdocs/wind/-Json-/App/Front/cache/112526675145641f472d24b2ece3cbdaafa8b09b.php,第130行
未知错误类型:编号[8]Undefined variable: list位置文件/Applications/MAMP/htdocs/wind/-Json-/App/Front/cache/112526675145641f472d24b2ece3cbdaafa8b09b.php,第130行
未知错误类型:编号[2]Invalid argument supplied for foreach()位置文件/Applications/MAMP/htdocs/wind/-Json-/App/Front/cache/112526675145641f472d24b2ece3cbdaafa8b09b.php,第130行
未知错误类型:编号[8]Undefined variable: list位置文件/Applications/MAMP/htdocs/wind/-Json-/App/Front/cache/112526675145641f472d24b2ece3cbdaafa8b09b.php,第130行
未知错误类型:编号[2]Invalid argument supplied for foreach()位置文件/Applications/MAMP/htdocs/wind/-Json-/App/Front/cache/112526675145641f472d24b2ece3cbdaafa8b09b.php,第130行
未知错误类型:编号[8]Undefined variable: list位置文件/Applications/MAMP/htdocs/wind/-Json-/App/Front/cache/112526675145641f472d24b2ece3cbdaafa8b09b.php,第130行
未知错误类型:编号[2]Invalid argument supplied for foreach()位置文件/Applications/MAMP/htdocs/wind/-Json-/App/Front/cache/112526675145641f472d24b2ece3cbdaafa8b09b.php,第130行
未知错误类型:编号[8]Undefined variable: list位置文件/Applications/MAMP/htdocs/wind/-Json-/App/Front/cache/112526675145641f472d24b2ece3cbdaafa8b09b.php,第130行
未知错误类型:编号[2]Invalid argument supplied for foreach()位置文件/Applications/MAMP/htdocs/wind/-Json-/App/Front/cache/112526675145641f472d24b2ece3cbdaafa8b09b.php,第130行
未知错误类型:编号[8]Undefined variable: list位置文件/Applications/MAMP/htdocs/wind/-Json-/App/Front/cache/112526675145641f472d24b2ece3cbdaafa8b09b.php,第130行
未知错误类型:编号[2]Invalid argument supplied for foreach()位置文件/Applications/MAMP/htdocs/wind/-Json-/App/Front/cache/112526675145641f472d24b2ece3cbdaafa8b09b.php,第130行
未知错误类型:编号[8]Undefined variable: list位置文件/Applications/MAMP/htdocs/wind/-Json-/App/Front/cache/112526675145641f472d24b2ece3cbdaafa8b09b.php,第130行
未知错误类型:编号[2]Invalid argument supplied for foreach()位置文件/Applications/MAMP/htdocs/wind/-Json-/App/Front/cache/112526675145641f472d24b2ece3cbdaafa8b09b.php,第130行
未知错误类型:编号[8]Undefined variable: list位置文件/Applications/MAMP/htdocs/wind/-Json-/App/Front/cache/112526675145641f472d24b2ece3cbdaafa8b09b.php,第130行
未知错误类型:编号[2]Invalid argument supplied for foreach()位置文件/Applications/MAMP/htdocs/wind/-Json-/App/Front/cache/112526675145641f472d24b2ece3cbdaafa8b09b.php,第130行
未知错误类型:编号[8]Undefined variable: list位置文件/Applications/MAMP/htdocs/wind/-Json-/App/Front/cache/112526675145641f472d24b2ece3cbdaafa8b09b.php,第130行
未知错误类型:编号[2]Invalid argument supplied for foreach()位置文件/Applications/MAMP/htdocs/wind/-Json-/App/Front/cache/112526675145641f472d24b2ece3cbdaafa8b09b.php,第130行
未知错误类型:编号[8]Undefined variable: list位置文件/Applications/MAMP/htdocs/wind/-Json-/App/Front/cache/112526675145641f472d24b2ece3cbdaafa8b09b.php,第130行
未知错误类型:编号[2]Invalid argument supplied for foreach()位置文件/Applications/MAMP/htdocs/wind/-Json-/App/Front/cache/112526675145641f472d24b2ece3cbdaafa8b09b.php,第130行
未知错误类型:编号[8]Undefined variable: list位置文件/Applications/MAMP/htdocs/wind/-Json-/App/Front/cache/112526675145641f472d24b2ece3cbdaafa8b09b.php,第130行
未知错误类型:编号[2]Invalid argument supplied for foreach()位置文件/Applications/MAMP/htdocs/wind/-Json-/App/Front/cache/112526675145641f472d24b2ece3cbdaafa8b09b.php,第130行
未知错误类型:编号[8]Undefined variable: list位置文件/Applications/MAMP/htdocs/wind/-Json-/App/Front/cache/112526675145641f472d24b2ece3cbdaafa8b09b.php,第130行
未知错误类型:编号[2]Invalid argument supplied for foreach()位置文件/Applications/MAMP/htdocs/wind/-Json-/App/Front/cache/112526675145641f472d24b2ece3cbdaafa8b09b.php,第130行
未知错误类型:编号[8192]Non-static method Framework\Support\Base::setHeaderCode() should not be called statically位置文件/Applications/MAMP/htdocs/wind/-Json-/Framework/Support/Base.php,第153行
未知错误类型:编号[8192]Non-static method Framework\Support\Base::setHeaderCode() should not be called statically位置文件/Applications/MAMP/htdocs/wind/-Json-/Framework/Support/Base.php,第153行
未知错误类型:编号[8192]Non-static method Framework\Support\Base::setHeaderCode() should not be called statically位置文件/Applications/MAMP/htdocs/wind/-Json-/Framework/Support/Base.php,第153行
未知错误类型:编号[8]Undefined variable: list位置文件/Applications/MAMP/htdocs/wind/-Json-/App/Front/cache/112526675145641f472d24b2ece3cbdaafa8b09b.php,第130行
未知错误类型:编号[2]Invalid argument supplied for foreach()位置文件/Applications/MAMP/htdocs/wind/-Json-/App/Front/cache/112526675145641f472d24b2ece3cbdaafa8b09b.php,第130行
未知错误类型:编号[8192]Non-static method Framework\Support\Base::setHeaderCode() should not be called statically位置文件/Applications/MAMP/htdocs/wind/-Json-/Framework/Support/Base.php,第153行
未知错误类型:编号[8192]Non-static method Framework\Support\Base::setHeaderCode() should not be called statically位置文件/Applications/MAMP/htdocs/wind/-Json-/Framework/Support/Base.php,第153行
未知错误类型:编号[8192]Non-static method Framework\Support\Base::setHeaderCode() should not be called statically位置文件/Applications/MAMP/htdocs/wind/-Json-/Framework/Support/Base.php,第153行
未知错误类型:编号[8192]Non-static method Framework\Support\Base::setHeaderCode() should not be called statically位置文件/Applications/MAMP/htdocs/wind/-Json-/Framework/Support/Base.php,第153行
未知错误类型:编号[8192]Non-static method Framework\Support\Base::setHeaderCode() should not be called statically位置文件/Applications/MAMP/htdocs/wind/-Json-/Framework/Support/Base.php,第153行
未知错误类型:编号[8192]Non-static method Framework\Support\Base::setHeaderCode() should not be called statically位置文件/Applications/MAMP/htdocs/wind/-Json-/Framework/Support/Base.php,第153行
未知错误类型:编号[8192]Non-static method Framework\Support\Base::setHeaderCode() should not be called statically位置文件/Applications/MAMP/htdocs/wind/-Json-/Framework/Support/Base.php,第153行
未知错误类型:编号[8192]Non-static method Framework\Support\Base::setHeaderCode() should not be called statically位置文件/Applications/MAMP/htdocs/wind/-Json-/Framework/Support/Base.php,第153行
未知错误类型:编号[8192]Non-static method Framework\Support\Base::setHeaderCode() should not be called statically位置文件/Applications/MAMP/htdocs/wind/-Json-/Framework/Support/Base.php,第153行
未知错误类型:编号[8192]Non-static method Framework\Support\Base::setHeaderCode() should not be called statically位置文件/Applications/MAMP/htdocs/wind/-Json-/Framework/Support/Base.php,第153行
未知错误类型:编号[8]Undefined variable: list位置文件/Applications/MAMP/htdocs/wind/-Json-/App/Front/cache/40b193a4ef3c39d453ae86019f027d2a1b49b0ef.php,第130行
未知错误类型:编号[2]Invalid argument supplied for foreach()位置文件/Applications/MAMP/htdocs/wind/-Json-/App/Front/cache/40b193a4ef3c39d453ae86019f027d2a1b49b0ef.php,第130行
未知错误类型:编号[8]Undefined variable: list位置文件/Applications/MAMP/htdocs/wind/-Json-/App/Front/cache/40b193a4ef3c39d453ae86019f027d2a1b49b0ef.php,第130行
未知错误类型:编号[2]Invalid argument supplied for foreach()位置文件/Applications/MAMP/htdocs/wind/-Json-/App/Front/cache/40b193a4ef3c39d453ae86019f027d2a1b49b0ef.php,第130行
未知错误类型:编号[2]include_once(../Doctrine/DBAL/Driver/PDOConnection.php): failed to open stream: No such file or directory位置文件/Applications/MAMP/htdocs/wind/-Json-/Framework/bootstrap.php,第57行
未知错误类型:编号[2]include_once(): Failed opening '../Doctrine/DBAL/Driver/PDOConnection.php' for inclusion (include_path='.:/Applications/MAMP/bin/php/php7.0.8/lib/php')位置文件/Applications/MAMP/htdocs/wind/-Json-/Framework/bootstrap.php,第57行
未知错误类型:编号[2]include_once(../Doctrine/DBAL/Driver/PDOConnection.php): failed to open stream: No such file or directory位置文件/Applications/MAMP/htdocs/wind/-Json-/Framework/bootstrap.php,第57行
未知错误类型:编号[2]include_once(): Failed opening '../Doctrine/DBAL/Driver/PDOConnection.php' for inclusion (include_path='.:/Applications/MAMP/bin/php/php7.0.8/lib/php')位置文件/Applications/MAMP/htdocs/wind/-Json-/Framework/bootstrap.php,第57行
未知错误类型:编号[2]Invalid argument supplied for foreach()位置文件/Applications/MAMP/htdocs/wind/-Json-/App/Front/cache/40b193a4ef3c39d453ae86019f027d2a1b49b0ef.php,第134行
未知错误类型:编号[2]Invalid argument supplied for foreach()位置文件/Applications/MAMP/htdocs/wind/-Json-/App/Front/cache/40b193a4ef3c39d453ae86019f027d2a1b49b0ef.php,第134行
未知错误类型:编号[2]include_once(../Doctrine/DBAL/Driver/PDOConnection.php): failed to open stream: No such file or directory位置文件/Applications/MAMP/htdocs/wind/-Json-/Framework/bootstrap.php,第57行
未知错误类型:编号[2]include_once(): Failed opening '../Doctrine/DBAL/Driver/PDOConnection.php' for inclusion (include_path='.:/Applications/MAMP/bin/php/php7.0.8/lib/php')位置文件/Applications/MAMP/htdocs/wind/-Json-/Framework/bootstrap.php,第57行
未知错误类型:编号[2]Invalid argument supplied for foreach()位置文件/Applications/MAMP/htdocs/wind/-Json-/App/Front/cache/40b193a4ef3c39d453ae86019f027d2a1b49b0ef.php,第134行
未知错误类型:编号[2]Invalid argument supplied for foreach()位置文件/Applications/MAMP/htdocs/wind/-Json-/App/Front/cache/40b193a4ef3c39d453ae86019f027d2a1b49b0ef.php,第134行
未知错误类型:编号[2]include_once(../Doctrine/DBAL/Driver/PDOConnection.php): failed to open stream: No such file or directory位置文件/Applications/MAMP/htdocs/wind/-Json-/Framework/bootstrap.php,第57行
未知错误类型:编号[2]include_once(): Failed opening '../Doctrine/DBAL/Driver/PDOConnection.php' for inclusion (include_path='.:/Applications/MAMP/bin/php/php7.0.8/lib/php')位置文件/Applications/MAMP/htdocs/wind/-Json-/Framework/bootstrap.php,第57行
未知错误类型:编号[2]Invalid argument supplied for foreach()位置文件/Applications/MAMP/htdocs/wind/-Json-/App/Front/cache/40b193a4ef3c39d453ae86019f027d2a1b49b0ef.php,第134行
未知错误类型:编号[2]Invalid argument supplied for foreach()位置文件/Applications/MAMP/htdocs/wind/-Json-/App/Front/cache/40b193a4ef3c39d453ae86019f027d2a1b49b0ef.php,第134行
未知错误类型:编号[2]include_once(../Doctrine/DBAL/Driver/PDOConnection.php): failed to open stream: No such file or directory位置文件/Applications/MAMP/htdocs/wind/-Json-/Framework/bootstrap.php,第57行
未知错误类型:编号[2]include_once(): Failed opening '../Doctrine/DBAL/Driver/PDOConnection.php' for inclusion (include_path='.:/Applications/MAMP/bin/php/php7.0.8/lib/php')位置文件/Applications/MAMP/htdocs/wind/-Json-/Framework/bootstrap.php,第57行
未知错误类型:编号[2]Invalid argument supplied for foreach()位置文件/Applications/MAMP/htdocs/wind/-Json-/App/Front/cache/40b193a4ef3c39d453ae86019f027d2a1b49b0ef.php,第134行
未知错误类型:编号[2]Invalid argument supplied for foreach()位置文件/Applications/MAMP/htdocs/wind/-Json-/App/Front/cache/40b193a4ef3c39d453ae86019f027d2a1b49b0ef.php,第134行
未知错误类型:编号[2]include_once(../Doctrine/DBAL/Driver/PDOConnection.php): failed to open stream: No such file or directory位置文件/Applications/MAMP/htdocs/wind/-Json-/Framework/bootstrap.php,第57行
未知错误类型:编号[2]include_once(): Failed opening '../Doctrine/DBAL/Driver/PDOConnection.php' for inclusion (include_path='.:/Applications/MAMP/bin/php/php7.0.8/lib/php')位置文件/Applications/MAMP/htdocs/wind/-Json-/Framework/bootstrap.php,第57行
未知错误类型:编号[2]Invalid argument supplied for foreach()位置文件/Applications/MAMP/htdocs/wind/-Json-/App/Front/cache/40b193a4ef3c39d453ae86019f027d2a1b49b0ef.php,第134行
未知错误类型:编号[2]Invalid argument supplied for foreach()位置文件/Applications/MAMP/htdocs/wind/-Json-/App/Front/cache/40b193a4ef3c39d453ae86019f027d2a1b49b0ef.php,第134行
未知错误类型:编号[2]include_once(../Doctrine/DBAL/Driver/PDOConnection.php): failed to open stream: No such file or directory位置文件/Applications/MAMP/htdocs/wind/-Json-/Framework/bootstrap.php,第57行
未知错误类型:编号[2]include_once(): Failed opening '../Doctrine/DBAL/Driver/PDOConnection.php' for inclusion (include_path='.:/Applications/MAMP/bin/php/php7.0.8/lib/php')位置文件/Applications/MAMP/htdocs/wind/-Json-/Framework/bootstrap.php,第57行
未知错误类型:编号[2]Invalid argument supplied for foreach()位置文件/Applications/MAMP/htdocs/wind/-Json-/App/Front/cache/40b193a4ef3c39d453ae86019f027d2a1b49b0ef.php,第134行
未知错误类型:编号[2]Invalid argument supplied for foreach()位置文件/Applications/MAMP/htdocs/wind/-Json-/App/Front/cache/40b193a4ef3c39d453ae86019f027d2a1b49b0ef.php,第134行
未知错误类型:编号[2]include_once(../Doctrine/DBAL/Driver/PDOConnection.php): failed to open stream: No such file or directory位置文件/Applications/MAMP/htdocs/wind/-Json-/Framework/bootstrap.php,第57行
未知错误类型:编号[2]include_once(): Failed opening '../Doctrine/DBAL/Driver/PDOConnection.php' for inclusion (include_path='.:/Applications/MAMP/bin/php/php7.0.8/lib/php')位置文件/Applications/MAMP/htdocs/wind/-Json-/Framework/bootstrap.php,第57行
未知错误类型:编号[2]Invalid argument supplied for foreach()位置文件/Applications/MAMP/htdocs/wind/-Json-/App/Front/cache/40b193a4ef3c39d453ae86019f027d2a1b49b0ef.php,第134行
未知错误类型:编号[2]Invalid argument supplied for foreach()位置文件/Applications/MAMP/htdocs/wind/-Json-/App/Front/cache/40b193a4ef3c39d453ae86019f027d2a1b49b0ef.php,第134行
未知错误类型:编号[2]include_once(../Doctrine/DBAL/Driver/PDOConnection.php): failed to open stream: No such file or directory位置文件/Applications/MAMP/htdocs/wind/-Json-/Framework/bootstrap.php,第57行
未知错误类型:编号[2]include_once(): Failed opening '../Doctrine/DBAL/Driver/PDOConnection.php' for inclusion (include_path='.:/Applications/MAMP/bin/php/php7.0.8/lib/php')位置文件/Applications/MAMP/htdocs/wind/-Json-/Framework/bootstrap.php,第57行
未知错误类型:编号[2]Invalid argument supplied for foreach()位置文件/Applications/MAMP/htdocs/wind/-Json-/App/Front/cache/40b193a4ef3c39d453ae86019f027d2a1b49b0ef.php,第134行
未知错误类型:编号[2]Invalid argument supplied for foreach()位置文件/Applications/MAMP/htdocs/wind/-Json-/App/Front/cache/40b193a4ef3c39d453ae86019f027d2a1b49b0ef.php,第134行
未知错误类型:编号[2]include_once(../Doctrine/DBAL/Driver/PDOConnection.php): failed to open stream: No such file or directory位置文件/Applications/MAMP/htdocs/wind/-Json-/Framework/bootstrap.php,第57行
未知错误类型:编号[2]include_once(): Failed opening '../Doctrine/DBAL/Driver/PDOConnection.php' for inclusion (include_path='.:/Applications/MAMP/bin/php/php7.0.8/lib/php')位置文件/Applications/MAMP/htdocs/wind/-Json-/Framework/bootstrap.php,第57行
未知错误类型:编号[2]Invalid argument supplied for foreach()位置文件/Applications/MAMP/htdocs/wind/-Json-/App/Front/cache/40b193a4ef3c39d453ae86019f027d2a1b49b0ef.php,第134行
未知错误类型:编号[2]Invalid argument supplied for foreach()位置文件/Applications/MAMP/htdocs/wind/-Json-/App/Front/cache/40b193a4ef3c39d453ae86019f027d2a1b49b0ef.php,第134行
未知错误类型:编号[2]include_once(../Doctrine/DBAL/Driver/PDOConnection.php): failed to open stream: No such file or directory位置文件/Applications/MAMP/htdocs/wind/-Json-/Framework/bootstrap.php,第57行
未知错误类型:编号[2]include_once(): Failed opening '../Doctrine/DBAL/Driver/PDOConnection.php' for inclusion (include_path='.:/Applications/MAMP/bin/php/php7.0.8/lib/php')位置文件/Applications/MAMP/htdocs/wind/-Json-/Framework/bootstrap.php,第57行
未知错误类型:编号[2]Invalid argument supplied for foreach()位置文件/Applications/MAMP/htdocs/wind/-Json-/App/Front/cache/40b193a4ef3c39d453ae86019f027d2a1b49b0ef.php,第134行
未知错误类型:编号[2]Invalid argument supplied for foreach()位置文件/Applications/MAMP/htdocs/wind/-Json-/App/Front/cache/40b193a4ef3c39d453ae86019f027d2a1b49b0ef.php,第134行
未知错误类型:编号[2]include_once(../Doctrine/DBAL/Driver/PDOConnection.php): failed to open stream: No such file or directory位置文件/Applications/MAMP/htdocs/wind/-Json-/Framework/bootstrap.php,第57行
未知错误类型:编号[2]include_once(): Failed opening '../Doctrine/DBAL/Driver/PDOConnection.php' for inclusion (include_path='.:/Applications/MAMP/bin/php/php7.0.8/lib/php')位置文件/Applications/MAMP/htdocs/wind/-Json-/Framework/bootstrap.php,第57行
未知错误类型:编号[2]Invalid argument supplied for foreach()位置文件/Applications/MAMP/htdocs/wind/-Json-/App/Front/cache/40b193a4ef3c39d453ae86019f027d2a1b49b0ef.php,第134行
未知错误类型:编号[2]Invalid argument supplied for foreach()位置文件/Applications/MAMP/htdocs/wind/-Json-/App/Front/cache/40b193a4ef3c39d453ae86019f027d2a1b49b0ef.php,第134行
未知错误类型:编号[2]include_once(../Doctrine/DBAL/Driver/PDOConnection.php): failed to open stream: No such file or directory位置文件/Applications/MAMP/htdocs/wind/-Json-/Framework/bootstrap.php,第57行
未知错误类型:编号[2]include_once(): Failed opening '../Doctrine/DBAL/Driver/PDOConnection.php' for inclusion (include_path='.:/Applications/MAMP/bin/php/php7.0.8/lib/php')位置文件/Applications/MAMP/htdocs/wind/-Json-/Framework/bootstrap.php,第57行
未知错误类型:编号[2]Invalid argument supplied for foreach()位置文件/Applications/MAMP/htdocs/wind/-Json-/App/Front/cache/40b193a4ef3c39d453ae86019f027d2a1b49b0ef.php,第134行
未知错误类型:编号[2]Invalid argument supplied for foreach()位置文件/Applications/MAMP/htdocs/wind/-Json-/App/Front/cache/40b193a4ef3c39d453ae86019f027d2a1b49b0ef.php,第134行
未知错误类型:编号[2]include_once(../Doctrine/DBAL/Driver/PDOConnection.php): failed to open stream: No such file or directory位置文件/Applications/MAMP/htdocs/wind/-Json-/Framework/bootstrap.php,第57行
未知错误类型:编号[2]include_once(): Failed opening '../Doctrine/DBAL/Driver/PDOConnection.php' for inclusion (include_path='.:/Applications/MAMP/bin/php/php7.0.8/lib/php')位置文件/Applications/MAMP/htdocs/wind/-Json-/Framework/bootstrap.php,第57行
未知错误类型:编号[2]Invalid argument supplied for foreach()位置文件/Applications/MAMP/htdocs/wind/-Json-/App/Front/cache/40b193a4ef3c39d453ae86019f027d2a1b49b0ef.php,第134行
未知错误类型:编号[2]Invalid argument supplied for foreach()位置文件/Applications/MAMP/htdocs/wind/-Json-/App/Front/cache/40b193a4ef3c39d453ae86019f027d2a1b49b0ef.php,第134行
未知错误类型:编号[2]include_once(../Doctrine/DBAL/Driver/PDOConnection.php): failed to open stream: No such file or directory位置文件/Applications/MAMP/htdocs/wind/-Json-/Framework/bootstrap.php,第57行
未知错误类型:编号[2]include_once(): Failed opening '../Doctrine/DBAL/Driver/PDOConnection.php' for inclusion (include_path='.:/Applications/MAMP/bin/php/php7.0.8/lib/php')位置文件/Applications/MAMP/htdocs/wind/-Json-/Framework/bootstrap.php,第57行
未知错误类型:编号[2]Invalid argument supplied for foreach()位置文件/Applications/MAMP/htdocs/wind/-Json-/App/Front/cache/40b193a4ef3c39d453ae86019f027d2a1b49b0ef.php,第134行
未知错误类型:编号[2]Invalid argument supplied for foreach()位置文件/Applications/MAMP/htdocs/wind/-Json-/App/Front/cache/40b193a4ef3c39d453ae86019f027d2a1b49b0ef.php,第134行
