未知错误类型:编号[8]Undefined index: QUERY_STRING位置文件/Applications/MAMP/htdocs/FunnyPHP/Framework/bootstrap.php,第75行
未知错误类型:编号[8]Undefined index: REQUEST_URI位置文件/Applications/MAMP/htdocs/FunnyPHP/Framework/bootstrap.php,第75行
未知错误类型:编号[8]Undefined index: /Applications/MAMP/htdocs/FunnyPHP/Public/index位置文件/Applications/MAMP/htdocs/FunnyPHP/Framework/Application.php,第33行
未知错误类型:编号[8]Undefined index: /Applications/MAMP/htdocs/FunnyPHP/Public/index位置文件/Applications/MAMP/htdocs/FunnyPHP/Framework/Application.php,第34行
未知错误类型:编号[8]Undefined index: /Applications/MAMP/htdocs/FunnyPHP/Public/index位置文件/Applications/MAMP/htdocs/FunnyPHP/Framework/Application.php,第36行
未知错误类型:编号[8]Undefined index: REQUEST_METHOD位置文件/Applications/MAMP/htdocs/FunnyPHP/Framework/Application.php,第47行
未知错误类型:编号[8]Use of undefined constant D - assumed 'D'位置文件/Applications/MAMP/htdocs/FunnyPHP/Framework/Application.php,第95行
未知错误类型:编号[2]Illegal string offset 'blog'位置文件/Applications/MAMP/htdocs/FunnyPHP/Framework/Application.php,第95行
未知错误类型:编号[8]Undefined index: QUERY_STRING位置文件/Applications/MAMP/htdocs/FunnyPHP/Framework/bootstrap.php,第75行
未知错误类型:编号[8]Undefined index: REQUEST_URI位置文件/Applications/MAMP/htdocs/FunnyPHP/Framework/bootstrap.php,第75行
未知错误类型:编号[8]Undefined index: /Applications/MAMP/htdocs/FunnyPHP/Public/index位置文件/Applications/MAMP/htdocs/FunnyPHP/Framework/Application.php,第33行
未知错误类型:编号[8]Undefined index: /Applications/MAMP/htdocs/FunnyPHP/Public/index位置文件/Applications/MAMP/htdocs/FunnyPHP/Framework/Application.php,第34行
未知错误类型:编号[8]Undefined index: /Applications/MAMP/htdocs/FunnyPHP/Public/index位置文件/Applications/MAMP/htdocs/FunnyPHP/Framework/Application.php,第36行
未知错误类型:编号[8]Undefined index: //Applications/MAMP/htdocs/FunnyPHP/Public/index位置文件/Applications/MAMP/htdocs/FunnyPHP/Public/server.php,第76行
未知错误类型:编号[8]Undefined index: QUERY_STRING位置文件/Applications/MAMP/htdocs/FunnyPHP/Framework/bootstrap.php,第75行
未知错误类型:编号[8]Undefined index: REQUEST_URI位置文件/Applications/MAMP/htdocs/FunnyPHP/Framework/bootstrap.php,第75行
未知错误类型:编号[8]Undefined index: //Applications/MAMP/htdocs/FunnyPHP/Public/index位置文件/Applications/MAMP/htdocs/FunnyPHP/Framework/Application.php,第33行
未知错误类型:编号[8]Undefined index: //Applications/MAMP/htdocs/FunnyPHP/Public/index位置文件/Applications/MAMP/htdocs/FunnyPHP/Framework/Application.php,第34行
未知错误类型:编号[8]Undefined index: //Applications/MAMP/htdocs/FunnyPHP/Public/index位置文件/Applications/MAMP/htdocs/FunnyPHP/Framework/Application.php,第36行
未知错误类型:编号[8]Undefined index: //Applications/MAMP/htdocs/FunnyPHP/Public/index位置文件/Applications/MAMP/htdocs/FunnyPHP/Public/server.php,第76行
未知错误类型:编号[2]Missing argument 1 for Framework\Application::run(), called in /Applications/MAMP/htdocs/FunnyPHP/Framework/bootstrap.php on line 85 and defined位置文件/Applications/MAMP/htdocs/FunnyPHP/Framework/Application.php,第31行
未知错误类型:编号[8]Undefined variable: router位置文件/Applications/MAMP/htdocs/FunnyPHP/Framework/Application.php,第33行
未知错误类型:编号[8]Undefined index: 位置文件/Applications/MAMP/htdocs/FunnyPHP/Framework/Application.php,第33行
未知错误类型:编号[8]Undefined variable: router位置文件/Applications/MAMP/htdocs/FunnyPHP/Framework/Application.php,第34行
未知错误类型:编号[8]Undefined index: 位置文件/Applications/MAMP/htdocs/FunnyPHP/Framework/Application.php,第34行
未知错误类型:编号[8]Undefined variable: router位置文件/Applications/MAMP/htdocs/FunnyPHP/Framework/Application.php,第36行
未知错误类型:编号[8]Undefined index: 位置文件/Applications/MAMP/htdocs/FunnyPHP/Framework/Application.php,第36行
未知错误类型:编号[8]Undefined variable: router位置文件/Applications/MAMP/htdocs/FunnyPHP/Framework/Application.php,第38行
未知错误类型:编号[8]Undefined variable: router位置文件/Applications/MAMP/htdocs/FunnyPHP/Framework/Application.php,第43行
未知错误类型:编号[8]Undefined index: return位置文件/Applications/MAMP/htdocs/FunnyPHP/Framework/Application.php,第34行
未知错误类型:编号[8]Use of undefined constant D - assumed 'D'位置文件/Applications/MAMP/htdocs/FunnyPHP/Framework/Application.php,第95行
未知错误类型:编号[2]Illegal string offset 'blog'位置文件/Applications/MAMP/htdocs/FunnyPHP/Framework/Application.php,第95行
未知错误类型:编号[8]Undefined index: return位置文件/Applications/MAMP/htdocs/FunnyPHP/Framework/Application.php,第35行
未知错误类型:编号[8]Use of undefined constant D - assumed 'D'位置文件/Applications/MAMP/htdocs/FunnyPHP/Framework/Application.php,第96行
未知错误类型:编号[2]Illegal string offset 'blog'位置文件/Applications/MAMP/htdocs/FunnyPHP/Framework/Application.php,第96行
未知错误类型:编号[8]Undefined index: return位置文件/Applications/MAMP/htdocs/FunnyPHP/Framework/Application.php,第31行
未知错误类型:编号[8]Use of undefined constant D - assumed 'D'位置文件/Applications/MAMP/htdocs/FunnyPHP/Framework/Application.php,第92行
未知错误类型:编号[2]Illegal string offset 'blog'位置文件/Applications/MAMP/htdocs/FunnyPHP/Framework/Application.php,第92行
未知错误类型:编号[8]Undefined index: return位置文件/Applications/MAMP/htdocs/FunnyPHP/Framework/Application.php,第31行
未知错误类型:编号[8]Use of undefined constant D - assumed 'D'位置文件/Applications/MAMP/htdocs/FunnyPHP/Framework/Application.php,第92行
未知错误类型:编号[2]Illegal string offset 'blog'位置文件/Applications/MAMP/htdocs/FunnyPHP/Framework/Application.php,第92行
未知错误类型:编号[8]Undefined index: return位置文件/Applications/MAMP/htdocs/FunnyPHP/Framework/Application.php,第31行
未知错误类型:编号[8]Use of undefined constant D - assumed 'D'位置文件/Applications/MAMP/htdocs/FunnyPHP/Framework/Application.php,第92行
未知错误类型:编号[2]Illegal string offset 'blog'位置文件/Applications/MAMP/htdocs/FunnyPHP/Framework/Application.php,第92行
未知错误类型:编号[8]Undefined index: return位置文件/Applications/MAMP/htdocs/FunnyPHP/Framework/Application.php,第31行
未知错误类型:编号[8]Use of undefined constant D - assumed 'D'位置文件/Applications/MAMP/htdocs/FunnyPHP/Framework/Application.php,第92行
未知错误类型:编号[2]Illegal string offset 'blog'位置文件/Applications/MAMP/htdocs/FunnyPHP/Framework/Application.php,第92行
未知错误类型:编号[8]Undefined index: return位置文件/Applications/MAMP/htdocs/FunnyPHP/Framework/Application.php,第31行
未知错误类型:编号[8]Use of undefined constant D - assumed 'D'位置文件/Applications/MAMP/htdocs/FunnyPHP/Framework/Application.php,第92行
未知错误类型:编号[2]Illegal string offset 'blog'位置文件/Applications/MAMP/htdocs/FunnyPHP/Framework/Application.php,第92行
未知错误类型:编号[8]Undefined index: return位置文件/Applications/MAMP/htdocs/FunnyPHP/Framework/Application.php,第31行
未知错误类型:编号[8]Use of undefined constant D - assumed 'D'位置文件/Applications/MAMP/htdocs/FunnyPHP/Framework/Application.php,第92行
未知错误类型:编号[2]Illegal string offset 'blog'位置文件/Applications/MAMP/htdocs/FunnyPHP/Framework/Application.php,第92行
未知错误类型:编号[8]Undefined index: return位置文件/Applications/MAMP/htdocs/FunnyPHP/Framework/Application.php,第31行
未知错误类型:编号[8]Use of undefined constant D - assumed 'D'位置文件/Applications/MAMP/htdocs/FunnyPHP/Framework/Application.php,第92行
未知错误类型:编号[2]Illegal string offset 'blog'位置文件/Applications/MAMP/htdocs/FunnyPHP/Framework/Application.php,第92行
未知错误类型:编号[8]Undefined index: return位置文件/Applications/MAMP/htdocs/FunnyPHP/Framework/Application.php,第31行
未知错误类型:编号[8]Use of undefined constant D - assumed 'D'位置文件/Applications/MAMP/htdocs/FunnyPHP/Framework/Application.php,第92行
未知错误类型:编号[2]Illegal string offset 'blog'位置文件/Applications/MAMP/htdocs/FunnyPHP/Framework/Application.php,第92行
未知错误类型:编号[8]Undefined index: return位置文件/Applications/MAMP/htdocs/FunnyPHP/Framework/Application.php,第31行
未知错误类型:编号[8]Use of undefined constant D - assumed 'D'位置文件/Applications/MAMP/htdocs/FunnyPHP/Framework/Application.php,第92行
未知错误类型:编号[2]Illegal string offset 'blog'位置文件/Applications/MAMP/htdocs/FunnyPHP/Framework/Application.php,第92行
未知错误类型:编号[8]Undefined index: return位置文件/Applications/MAMP/htdocs/FunnyPHP/Framework/Application.php,第31行
未知错误类型:编号[8]Use of undefined constant D - assumed 'D'位置文件/Applications/MAMP/htdocs/FunnyPHP/Framework/Application.php,第92行
未知错误类型:编号[2]Illegal string offset 'blog'位置文件/Applications/MAMP/htdocs/FunnyPHP/Framework/Application.php,第92行
未知错误类型:编号[8]Undefined index: return位置文件/Applications/MAMP/htdocs/FunnyPHP/Framework/Application.php,第31行
未知错误类型:编号[8]Use of undefined constant D - assumed 'D'位置文件/Applications/MAMP/htdocs/FunnyPHP/Framework/Application.php,第92行
未知错误类型:编号[2]Illegal string offset 'blog'位置文件/Applications/MAMP/htdocs/FunnyPHP/Framework/Application.php,第92行
未知错误类型:编号[8]Undefined index: return位置文件/Applications/MAMP/htdocs/FunnyPHP/Framework/Application.php,第31行
未知错误类型:编号[8]Use of undefined constant D - assumed 'D'位置文件/Applications/MAMP/htdocs/FunnyPHP/Framework/Application.php,第92行
未知错误类型:编号[2]Illegal string offset 'blog'位置文件/Applications/MAMP/htdocs/FunnyPHP/Framework/Application.php,第92行
未知错误类型:编号[8]Undefined index: return位置文件/Applications/MAMP/htdocs/FunnyPHP/Framework/Application.php,第31行
未知错误类型:编号[8]Use of undefined constant D - assumed 'D'位置文件/Applications/MAMP/htdocs/FunnyPHP/Framework/Application.php,第92行
未知错误类型:编号[2]Illegal string offset 'blog'位置文件/Applications/MAMP/htdocs/FunnyPHP/Framework/Application.php,第92行
未知错误类型:编号[8]Undefined index: return位置文件/Applications/MAMP/htdocs/FunnyPHP/Framework/Application.php,第31行
未知错误类型:编号[8]Use of undefined constant D - assumed 'D'位置文件/Applications/MAMP/htdocs/FunnyPHP/Framework/Application.php,第92行
未知错误类型:编号[2]Illegal string offset 'blog'位置文件/Applications/MAMP/htdocs/FunnyPHP/Framework/Application.php,第92行
未知错误类型:编号[8]Undefined index: return位置文件/Applications/MAMP/htdocs/FunnyPHP/Framework/Application.php,第31行
未知错误类型:编号[8]Use of undefined constant D - assumed 'D'位置文件/Applications/MAMP/htdocs/FunnyPHP/Framework/Application.php,第92行
未知错误类型:编号[2]Illegal string offset 'blog'位置文件/Applications/MAMP/htdocs/FunnyPHP/Framework/Application.php,第92行
未知错误类型:编号[8]Undefined index: return位置文件/Applications/MAMP/htdocs/FunnyPHP/Framework/Application.php,第31行
未知错误类型:编号[8]Use of undefined constant D - assumed 'D'位置文件/Applications/MAMP/htdocs/FunnyPHP/Framework/Application.php,第92行
未知错误类型:编号[2]Illegal string offset 'blog'位置文件/Applications/MAMP/htdocs/FunnyPHP/Framework/Application.php,第92行
未知错误类型:编号[8]Undefined index: return位置文件/Applications/MAMP/htdocs/FunnyPHP/Framework/Application.php,第31行
未知错误类型:编号[8]Use of undefined constant D - assumed 'D'位置文件/Applications/MAMP/htdocs/FunnyPHP/Framework/Application.php,第92行
未知错误类型:编号[2]Illegal string offset 'blog'位置文件/Applications/MAMP/htdocs/FunnyPHP/Framework/Application.php,第92行
未知错误类型:编号[8]Undefined index: return位置文件/Applications/MAMP/htdocs/FunnyPHP/Framework/Application.php,第31行
未知错误类型:编号[8]Use of undefined constant D - assumed 'D'位置文件/Applications/MAMP/htdocs/FunnyPHP/Framework/Application.php,第92行
未知错误类型:编号[2]Illegal string offset 'blog'位置文件/Applications/MAMP/htdocs/FunnyPHP/Framework/Application.php,第92行
未知错误类型:编号[8]Undefined index: return位置文件/Applications/MAMP/htdocs/FunnyPHP/Framework/Application.php,第31行
未知错误类型:编号[8]Undefined variable: class位置文件/Applications/MAMP/htdocs/FunnyPHP/Framework/Application.php,第96行
未知错误类型:编号[8]Undefined variable: list位置文件/Applications/MAMP/htdocs/FunnyPHP/App/Front/cache/112526675145641f472d24b2ece3cbdaafa8b09b.php,第130行
未知错误类型:编号[2]Invalid argument supplied for foreach()位置文件/Applications/MAMP/htdocs/FunnyPHP/App/Front/cache/112526675145641f472d24b2ece3cbdaafa8b09b.php,第130行
未知错误类型:编号[8]Undefined index: return位置文件/Applications/MAMP/htdocs/FunnyPHP/Framework/Application.php,第31行
未知错误类型:编号[8]Undefined variable: list位置文件/Applications/MAMP/htdocs/FunnyPHP/App/Front/cache/112526675145641f472d24b2ece3cbdaafa8b09b.php,第130行
未知错误类型:编号[2]Invalid argument supplied for foreach()位置文件/Applications/MAMP/htdocs/FunnyPHP/App/Front/cache/112526675145641f472d24b2ece3cbdaafa8b09b.php,第130行
未知错误类型:编号[8]Undefined index: return位置文件/Applications/MAMP/htdocs/FunnyPHP/Framework/Application.php,第31行
未知错误类型:编号[8]Undefined variable: list位置文件/Applications/MAMP/htdocs/FunnyPHP/App/Front/cache/112526675145641f472d24b2ece3cbdaafa8b09b.php,第130行
未知错误类型:编号[2]Invalid argument supplied for foreach()位置文件/Applications/MAMP/htdocs/FunnyPHP/App/Front/cache/112526675145641f472d24b2ece3cbdaafa8b09b.php,第130行
未知错误类型:编号[2]Cannot modify header information - headers already sent by (output started at /Applications/MAMP/htdocs/FunnyPHP/Framework/Application.php:45)位置文件/Applications/MAMP/htdocs/FunnyPHP/Framework/helps.php,第330行
未知错误类型:编号[8]Undefined index: return位置文件/Applications/MAMP/htdocs/FunnyPHP/Framework/Application.php,第31行
未知错误类型:编号[8]Undefined variable: list位置文件/Applications/MAMP/htdocs/FunnyPHP/App/Front/cache/112526675145641f472d24b2ece3cbdaafa8b09b.php,第130行
未知错误类型:编号[2]Invalid argument supplied for foreach()位置文件/Applications/MAMP/htdocs/FunnyPHP/App/Front/cache/112526675145641f472d24b2ece3cbdaafa8b09b.php,第130行
未知错误类型:编号[2]Cannot modify header information - headers already sent by (output started at /Applications/MAMP/htdocs/FunnyPHP/Framework/Application.php:45)位置文件/Applications/MAMP/htdocs/FunnyPHP/Framework/helps.php,第330行
未知错误类型:编号[8]Undefined index: return位置文件/Applications/MAMP/htdocs/FunnyPHP/Framework/Application.php,第31行
未知错误类型:编号[8]Undefined variable: list位置文件/Applications/MAMP/htdocs/FunnyPHP/App/Front/cache/112526675145641f472d24b2ece3cbdaafa8b09b.php,第130行
未知错误类型:编号[2]Invalid argument supplied for foreach()位置文件/Applications/MAMP/htdocs/FunnyPHP/App/Front/cache/112526675145641f472d24b2ece3cbdaafa8b09b.php,第130行
未知错误类型:编号[8]Undefined index: return位置文件/Applications/MAMP/htdocs/FunnyPHP/Framework/Application.php,第31行
未知错误类型:编号[8]Undefined variable: list位置文件/Applications/MAMP/htdocs/FunnyPHP/App/Front/cache/112526675145641f472d24b2ece3cbdaafa8b09b.php,第130行
未知错误类型:编号[2]Invalid argument supplied for foreach()位置文件/Applications/MAMP/htdocs/FunnyPHP/App/Front/cache/112526675145641f472d24b2ece3cbdaafa8b09b.php,第130行
未知错误类型:编号[8]Undefined index: return位置文件/Applications/MAMP/htdocs/FunnyPHP/Framework/Application.php,第31行
未知错误类型:编号[8]Undefined variable: list位置文件/Applications/MAMP/htdocs/FunnyPHP/App/Front/cache/112526675145641f472d24b2ece3cbdaafa8b09b.php,第130行
未知错误类型:编号[2]Invalid argument supplied for foreach()位置文件/Applications/MAMP/htdocs/FunnyPHP/App/Front/cache/112526675145641f472d24b2ece3cbdaafa8b09b.php,第130行
未知错误类型:编号[8]Undefined index: return位置文件/Applications/MAMP/htdocs/FunnyPHP/Framework/Application.php,第31行
未知错误类型:编号[8]Undefined variable: list位置文件/Applications/MAMP/htdocs/FunnyPHP/App/Front/cache/112526675145641f472d24b2ece3cbdaafa8b09b.php,第130行
未知错误类型:编号[2]Invalid argument supplied for foreach()位置文件/Applications/MAMP/htdocs/FunnyPHP/App/Front/cache/112526675145641f472d24b2ece3cbdaafa8b09b.php,第130行
未知错误类型:编号[8]Undefined index: return位置文件/Applications/MAMP/htdocs/FunnyPHP/Framework/Application.php,第31行
未知错误类型:编号[8]Undefined variable: list位置文件/Applications/MAMP/htdocs/FunnyPHP/App/Front/cache/112526675145641f472d24b2ece3cbdaafa8b09b.php,第130行
未知错误类型:编号[2]Invalid argument supplied for foreach()位置文件/Applications/MAMP/htdocs/FunnyPHP/App/Front/cache/112526675145641f472d24b2ece3cbdaafa8b09b.php,第130行
未知错误类型:编号[8]Undefined index: return位置文件/Applications/MAMP/htdocs/FunnyPHP/Framework/Application.php,第31行
未知错误类型:编号[8]Undefined variable: list位置文件/Applications/MAMP/htdocs/FunnyPHP/App/Front/cache/112526675145641f472d24b2ece3cbdaafa8b09b.php,第130行
未知错误类型:编号[2]Invalid argument supplied for foreach()位置文件/Applications/MAMP/htdocs/FunnyPHP/App/Front/cache/112526675145641f472d24b2ece3cbdaafa8b09b.php,第130行
未知错误类型:编号[8]Undefined index: return位置文件/Applications/MAMP/htdocs/FunnyPHP/Framework/Application.php,第31行
未知错误类型:编号[8]Undefined variable: list位置文件/Applications/MAMP/htdocs/FunnyPHP/App/Front/cache/112526675145641f472d24b2ece3cbdaafa8b09b.php,第130行
未知错误类型:编号[2]Invalid argument supplied for foreach()位置文件/Applications/MAMP/htdocs/FunnyPHP/App/Front/cache/112526675145641f472d24b2ece3cbdaafa8b09b.php,第130行
未知错误类型:编号[8]Undefined index: return位置文件/Applications/MAMP/htdocs/FunnyPHP/Framework/Application.php,第31行
未知错误类型:编号[8]Undefined variable: list位置文件/Applications/MAMP/htdocs/FunnyPHP/App/Front/cache/112526675145641f472d24b2ece3cbdaafa8b09b.php,第130行
未知错误类型:编号[2]Invalid argument supplied for foreach()位置文件/Applications/MAMP/htdocs/FunnyPHP/App/Front/cache/112526675145641f472d24b2ece3cbdaafa8b09b.php,第130行
未知错误类型:编号[8]Undefined index: return位置文件/Applications/MAMP/htdocs/FunnyPHP/Framework/Application.php,第31行
未知错误类型:编号[8]Undefined variable: list位置文件/Applications/MAMP/htdocs/FunnyPHP/App/Front/cache/112526675145641f472d24b2ece3cbdaafa8b09b.php,第130行
未知错误类型:编号[2]Invalid argument supplied for foreach()位置文件/Applications/MAMP/htdocs/FunnyPHP/App/Front/cache/112526675145641f472d24b2ece3cbdaafa8b09b.php,第130行
未知错误类型:编号[8]Undefined index: return位置文件/Applications/MAMP/htdocs/FunnyPHP/Framework/Application.php,第31行
未知错误类型:编号[8]Undefined variable: list位置文件/Applications/MAMP/htdocs/FunnyPHP/App/Front/cache/112526675145641f472d24b2ece3cbdaafa8b09b.php,第130行
未知错误类型:编号[2]Invalid argument supplied for foreach()位置文件/Applications/MAMP/htdocs/FunnyPHP/App/Front/cache/112526675145641f472d24b2ece3cbdaafa8b09b.php,第130行
未知错误类型:编号[8]Undefined index: QUERY_STRING位置文件/Applications/MAMP/htdocs/FunnyPHP/Framework/bootstrap.php,第75行
未知错误类型:编号[8]Undefined index: REQUEST_URI位置文件/Applications/MAMP/htdocs/FunnyPHP/Framework/bootstrap.php,第75行
未知错误类型:编号[8]Undefined index: //Applications/MAMP/htdocs/FunnyPHP/Public/index位置文件/Applications/MAMP/htdocs/FunnyPHP/Framework/Application.php,第30行
未知错误类型:编号[8]Undefined index: //Applications/MAMP/htdocs/FunnyPHP/Public/index位置文件/Applications/MAMP/htdocs/FunnyPHP/Framework/Application.php,第31行
未知错误类型:编号[8]Undefined index: //Applications/MAMP/htdocs/FunnyPHP/Public/index位置文件/Applications/MAMP/htdocs/FunnyPHP/Framework/Application.php,第33行
未知错误类型:编号[8]Undefined index: REQUEST_METHOD位置文件/Applications/MAMP/htdocs/FunnyPHP/Framework/Application.php,第44行
未知错误类型:编号[8]Undefined index: QUERY_STRING位置文件/Applications/MAMP/htdocs/FunnyPHP/Framework/bootstrap.php,第75行
未知错误类型:编号[8]Undefined index: REQUEST_URI位置文件/Applications/MAMP/htdocs/FunnyPHP/Framework/bootstrap.php,第75行
未知错误类型:编号[8]Undefined index: //Applications/MAMP/htdocs/FunnyPHP/Public/index位置文件/Applications/MAMP/htdocs/FunnyPHP/Framework/Application.php,第29行
未知错误类型:编号[8]Undefined index: //Applications/MAMP/htdocs/FunnyPHP/Public/index位置文件/Applications/MAMP/htdocs/FunnyPHP/Framework/Application.php,第30行
未知错误类型:编号[8]Undefined index: //Applications/MAMP/htdocs/FunnyPHP/Public/index位置文件/Applications/MAMP/htdocs/FunnyPHP/Framework/Application.php,第32行
未知错误类型:编号[8]Undefined index: REQUEST_METHOD位置文件/Applications/MAMP/htdocs/FunnyPHP/Framework/Application.php,第43行
未知错误类型:编号[8]Undefined index: QUERY_STRING位置文件/Applications/MAMP/htdocs/FunnyPHP/Framework/bootstrap.php,第75行
未知错误类型:编号[8]Undefined index: REQUEST_URI位置文件/Applications/MAMP/htdocs/FunnyPHP/Framework/bootstrap.php,第75行
未知错误类型:编号[8]Undefined index: QUERY_STRING位置文件/Applications/MAMP/htdocs/FunnyPHP/Framework/bootstrap.php,第75行
未知错误类型:编号[8]Undefined index: REQUEST_URI位置文件/Applications/MAMP/htdocs/FunnyPHP/Framework/bootstrap.php,第75行
未知错误类型:编号[8]Undefined index: /Applications/MAMP/htdocs/FunnyPHP/Public/index位置文件/Applications/MAMP/htdocs/FunnyPHP/Framework/Application.php,第29行
未知错误类型:编号[8]Undefined index: /Applications/MAMP/htdocs/FunnyPHP/Public/index位置文件/Applications/MAMP/htdocs/FunnyPHP/Framework/Application.php,第30行
未知错误类型:编号[8]Undefined index: /Applications/MAMP/htdocs/FunnyPHP/Public/index位置文件/Applications/MAMP/htdocs/FunnyPHP/Framework/Application.php,第32行
未知错误类型:编号[8]Undefined index: REQUEST_METHOD位置文件/Applications/MAMP/htdocs/FunnyPHP/Framework/Application.php,第43行
未知错误类型:编号[8]Undefined index: QUERY_STRING位置文件/Applications/MAMP/htdocs/FunnyPHP/Framework/bootstrap.php,第75行
未知错误类型:编号[8]Undefined index: REQUEST_URI位置文件/Applications/MAMP/htdocs/FunnyPHP/Framework/bootstrap.php,第75行
未知错误类型:编号[8]Undefined index: /Applications/MAMP/htdocs/FunnyPHP/Public/index位置文件/Applications/MAMP/htdocs/FunnyPHP/Framework/Application.php,第29行
未知错误类型:编号[8]Undefined index: /Applications/MAMP/htdocs/FunnyPHP/Public/index位置文件/Applications/MAMP/htdocs/FunnyPHP/Framework/Application.php,第30行
未知错误类型:编号[8]Undefined index: /Applications/MAMP/htdocs/FunnyPHP/Public/index位置文件/Applications/MAMP/htdocs/FunnyPHP/Framework/Application.php,第32行
未知错误类型:编号[8]Undefined index: REQUEST_METHOD位置文件/Applications/MAMP/htdocs/FunnyPHP/Framework/Application.php,第43行
未知错误类型:编号[8]Undefined index: QUERY_STRING位置文件/Applications/MAMP/htdocs/FunnyPHP/Framework/bootstrap.php,第75行
未知错误类型:编号[8]Undefined index: REQUEST_URI位置文件/Applications/MAMP/htdocs/FunnyPHP/Framework/bootstrap.php,第75行
未知错误类型:编号[8]Undefined index: /Applications/MAMP/htdocs/FunnyPHP/Public/index位置文件/Applications/MAMP/htdocs/FunnyPHP/Framework/Application.php,第29行
未知错误类型:编号[8]Undefined index: /Applications/MAMP/htdocs/FunnyPHP/Public/index位置文件/Applications/MAMP/htdocs/FunnyPHP/Framework/Application.php,第30行
未知错误类型:编号[8]Undefined index: /Applications/MAMP/htdocs/FunnyPHP/Public/index位置文件/Applications/MAMP/htdocs/FunnyPHP/Framework/Application.php,第32行
未知错误类型:编号[8]Undefined index: REQUEST_METHOD位置文件/Applications/MAMP/htdocs/FunnyPHP/Framework/Application.php,第43行
未知错误类型:编号[8]Undefined index: QUERY_STRING位置文件/Applications/MAMP/htdocs/FunnyPHP/Framework/bootstrap.php,第75行
未知错误类型:编号[8]Undefined index: REQUEST_URI位置文件/Applications/MAMP/htdocs/FunnyPHP/Framework/bootstrap.php,第75行
未知错误类型:编号[8]Undefined index: QUERY_STRING位置文件/Applications/MAMP/htdocs/FunnyPHP/Framework/bootstrap.php,第75行
未知错误类型:编号[8]Undefined index: REQUEST_URI位置文件/Applications/MAMP/htdocs/FunnyPHP/Framework/bootstrap.php,第75行
未知错误类型:编号[8]Undefined index: \/Applications/MAMP/htdocs/FunnyPHP/Public/index位置文件/Applications/MAMP/htdocs/FunnyPHP/Framework/Application.php,第31行
未知错误类型:编号[8]Undefined index: \/Applications/MAMP/htdocs/FunnyPHP/Public/index位置文件/Applications/MAMP/htdocs/FunnyPHP/Framework/Application.php,第32行
未知错误类型:编号[8]Undefined index: \/Applications/MAMP/htdocs/FunnyPHP/Public/index位置文件/Applications/MAMP/htdocs/FunnyPHP/Framework/Application.php,第34行
未知错误类型:编号[8]Undefined index: QUERY_STRING位置文件/Applications/MAMP/htdocs/FunnyPHP/Framework/bootstrap.php,第75行
未知错误类型:编号[8]Undefined index: REQUEST_URI位置文件/Applications/MAMP/htdocs/FunnyPHP/Framework/bootstrap.php,第75行
未知错误类型:编号[8]Undefined index: \/Applications/MAMP/htdocs/FunnyPHP/Public/index位置文件/Applications/MAMP/htdocs/FunnyPHP/Framework/Application.php,第31行
未知错误类型:编号[8]Undefined index: \/Applications/MAMP/htdocs/FunnyPHP/Public/index位置文件/Applications/MAMP/htdocs/FunnyPHP/Framework/Application.php,第32行
未知错误类型:编号[8]Undefined index: \/Applications/MAMP/htdocs/FunnyPHP/Public/index位置文件/Applications/MAMP/htdocs/FunnyPHP/Framework/Application.php,第34行
未知错误类型:编号[8]Undefined index: REQUEST_METHOD位置文件/Applications/MAMP/htdocs/FunnyPHP/Framework/Application.php,第45行
未知错误类型:编号[8]Undefined index: QUERY_STRING位置文件/Applications/MAMP/htdocs/FunnyPHP/Framework/bootstrap.php,第75行
未知错误类型:编号[8]Undefined index: REQUEST_URI位置文件/Applications/MAMP/htdocs/FunnyPHP/Framework/bootstrap.php,第75行
未知错误类型:编号[8]Undefined index: \/Applications/MAMP/htdocs/FunnyPHP/Public/index位置文件/Applications/MAMP/htdocs/FunnyPHP/Framework/Application.php,第31行
未知错误类型:编号[8]Undefined index: \/Applications/MAMP/htdocs/FunnyPHP/Public/index位置文件/Applications/MAMP/htdocs/FunnyPHP/Framework/Application.php,第32行
未知错误类型:编号[8]Undefined index: \/Applications/MAMP/htdocs/FunnyPHP/Public/index位置文件/Applications/MAMP/htdocs/FunnyPHP/Framework/Application.php,第34行
未知错误类型:编号[8]Undefined index: REQUEST_METHOD位置文件/Applications/MAMP/htdocs/FunnyPHP/Framework/Application.php,第45行
未知错误类型:编号[8]Undefined index: QUERY_STRING位置文件/Applications/MAMP/htdocs/FunnyPHP/Framework/bootstrap.php,第75行
未知错误类型:编号[8]Undefined index: REQUEST_URI位置文件/Applications/MAMP/htdocs/FunnyPHP/Framework/bootstrap.php,第75行
未知错误类型:编号[8]Undefined index: \/Applications/MAMP/htdocs/FunnyPHP/Public/index位置文件/Applications/MAMP/htdocs/FunnyPHP/Framework/Application.php,第31行
未知错误类型:编号[8]Undefined index: \/Applications/MAMP/htdocs/FunnyPHP/Public/index位置文件/Applications/MAMP/htdocs/FunnyPHP/Framework/Application.php,第32行
未知错误类型:编号[8]Undefined index: \/Applications/MAMP/htdocs/FunnyPHP/Public/index位置文件/Applications/MAMP/htdocs/FunnyPHP/Framework/Application.php,第34行
未知错误类型:编号[8]Undefined index: REQUEST_METHOD位置文件/Applications/MAMP/htdocs/FunnyPHP/Framework/Application.php,第45行
