未知错误类型:编号[2]Division by zero位置文件/Applications/MAMP/htdocs/FunnyPHP/Framework/Application.php,第37行
未知错误类型:编号[8]Undefined index: name位置文件/Applications/MAMP/htdocs/FunnyPHP/App/Action/IndexAction.php,第25行
未知错误类型:编号[2]Division by zero位置文件/Applications/MAMP/htdocs/FunnyPHP/Framework/Application.php,第37行
未知错误类型:编号[8192]Non-static method Framework\Drive\ORM::one() should not be called statically位置文件/Applications/MAMP/htdocs/FunnyPHP/App/Action/IndexAction.php,第26行
未知错误类型:编号[8]Undefined offset: 1位置文件/Applications/MAMP/htdocs/FunnyPHP/Framework/Drive/MySqlDrive.php,第26行
未知错误类型:编号[2]Division by zero位置文件/Applications/MAMP/htdocs/FunnyPHP/Framework/Application.php,第37行
未知错误类型:编号[8192]Non-static method Framework\Drive\ORM::one() should not be called statically位置文件/Applications/MAMP/htdocs/FunnyPHP/App/Action/IndexAction.php,第26行
未知错误类型:编号[8]Undefined offset: 1位置文件/Applications/MAMP/htdocs/FunnyPHP/Framework/Drive/MySqlDrive.php,第26行
未知错误类型:编号[2]Division by zero位置文件/Applications/MAMP/htdocs/FunnyPHP/Framework/Application.php,第37行
未知错误类型:编号[8192]Non-static method Framework\Drive\ORM::one() should not be called statically位置文件/Applications/MAMP/htdocs/FunnyPHP/App/Action/IndexAction.php,第26行
未知错误类型:编号[8]Undefined offset: 1位置文件/Applications/MAMP/htdocs/FunnyPHP/Framework/Drive/MySqlDrive.php,第26行
未知错误类型:编号[2]Division by zero位置文件/Applications/MAMP/htdocs/FunnyPHP/Framework/Application.php,第37行
未知错误类型:编号[8192]Non-static method Framework\Drive\ORM::one() should not be called statically位置文件/Applications/MAMP/htdocs/FunnyPHP/App/Action/IndexAction.php,第26行
未知错误类型:编号[8]Undefined offset: 1位置文件/Applications/MAMP/htdocs/FunnyPHP/Framework/Drive/MySqlDrive.php,第26行
未知错误类型:编号[2]Division by zero位置文件/Applications/MAMP/htdocs/FunnyPHP/Framework/Application.php,第37行
未知错误类型:编号[8192]Non-static method Framework\Drive\ORM::one() should not be called statically位置文件/Applications/MAMP/htdocs/FunnyPHP/App/Action/IndexAction.php,第26行
未知错误类型:编号[8]Undefined offset: 1位置文件/Applications/MAMP/htdocs/FunnyPHP/Framework/Drive/MySqlDrive.php,第26行
未知错误类型:编号[2]Division by zero位置文件/Applications/MAMP/htdocs/FunnyPHP/Framework/Application.php,第37行
未知错误类型:编号[8192]Non-static method Framework\Drive\ORM::one() should not be called statically位置文件/Applications/MAMP/htdocs/FunnyPHP/App/Action/IndexAction.php,第26行
未知错误类型:编号[8]Undefined offset: 1位置文件/Applications/MAMP/htdocs/FunnyPHP/Framework/Drive/MySqlDrive.php,第26行
未知错误类型:编号[2]Division by zero位置文件/Applications/MAMP/htdocs/FunnyPHP/Framework/Application.php,第37行
未知错误类型:编号[8192]Non-static method Framework\Drive\ORM::one() should not be called statically位置文件/Applications/MAMP/htdocs/FunnyPHP/App/Action/IndexAction.php,第26行
未知错误类型:编号[8]Undefined offset: 1位置文件/Applications/MAMP/htdocs/FunnyPHP/Framework/Drive/MySqlDrive.php,第26行
未知错误类型:编号[2]Division by zero位置文件/Applications/MAMP/htdocs/FunnyPHP/Framework/Application.php,第37行
未知错误类型:编号[8192]Non-static method Framework\Drive\ORM::one() should not be called statically位置文件/Applications/MAMP/htdocs/FunnyPHP/App/Action/IndexAction.php,第26行
未知错误类型:编号[8]Undefined offset: 1位置文件/Applications/MAMP/htdocs/FunnyPHP/Framework/Drive/MySqlDrive.php,第26行
未知错误类型:编号[2]Division by zero位置文件/Applications/MAMP/htdocs/FunnyPHP/Framework/Application.php,第37行
未知错误类型:编号[8192]Non-static method Framework\Drive\ORM::one() should not be called statically位置文件/Applications/MAMP/htdocs/FunnyPHP/App/Action/IndexAction.php,第26行
未知错误类型:编号[8]Undefined offset: 1位置文件/Applications/MAMP/htdocs/FunnyPHP/Framework/Drive/MySqlDrive.php,第26行
未知错误类型:编号[2]Division by zero位置文件/Applications/MAMP/htdocs/FunnyPHP/Framework/Application.php,第37行
未知错误类型:编号[8192]Non-static method Framework\Drive\ORM::one() should not be called statically位置文件/Applications/MAMP/htdocs/FunnyPHP/App/Action/IndexAction.php,第26行
未知错误类型:编号[8]Undefined offset: 1位置文件/Applications/MAMP/htdocs/FunnyPHP/Framework/Drive/MySqlDrive.php,第26行
未知错误类型:编号[2]Division by zero位置文件/Applications/MAMP/htdocs/FunnyPHP/Framework/Application.php,第37行
未知错误类型:编号[8192]Non-static method Framework\Drive\ORM::one() should not be called statically位置文件/Applications/MAMP/htdocs/FunnyPHP/App/Action/IndexAction.php,第26行
未知错误类型:编号[8]Undefined offset: 1位置文件/Applications/MAMP/htdocs/FunnyPHP/Framework/Drive/MySqlDrive.php,第26行
未知错误类型:编号[2]Division by zero位置文件/Applications/MAMP/htdocs/FunnyPHP/Framework/Application.php,第37行
未知错误类型:编号[8192]Non-static method Framework\Drive\ORM::one() should not be called statically位置文件/Applications/MAMP/htdocs/FunnyPHP/App/Action/IndexAction.php,第26行
未知错误类型:编号[8]Undefined offset: 1位置文件/Applications/MAMP/htdocs/FunnyPHP/Framework/Drive/MySqlDrive.php,第26行
未知错误类型:编号[2]Division by zero位置文件/Applications/MAMP/htdocs/FunnyPHP/Framework/Application.php,第37行
未知错误类型:编号[8192]Non-static method Framework\Drive\ORM::one() should not be called statically位置文件/Applications/MAMP/htdocs/FunnyPHP/App/Action/IndexAction.php,第26行
未知错误类型:编号[8]Undefined offset: 1位置文件/Applications/MAMP/htdocs/FunnyPHP/Framework/Drive/MySqlDrive.php,第26行
未知错误类型:编号[2]Division by zero位置文件/Applications/MAMP/htdocs/FunnyPHP/Framework/Application.php,第37行
未知错误类型:编号[8192]Non-static method Framework\Drive\ORM::one() should not be called statically位置文件/Applications/MAMP/htdocs/FunnyPHP/App/Action/IndexAction.php,第26行
未知错误类型:编号[8]Undefined offset: 1位置文件/Applications/MAMP/htdocs/FunnyPHP/Framework/Drive/MySqlDrive.php,第26行
未知错误类型:编号[2]Division by zero位置文件/Applications/MAMP/htdocs/FunnyPHP/Framework/Application.php,第37行
未知错误类型:编号[8192]Non-static method Framework\Drive\ORM::one() should not be called statically位置文件/Applications/MAMP/htdocs/FunnyPHP/App/Action/IndexAction.php,第26行
未知错误类型:编号[8]Undefined offset: 1位置文件/Applications/MAMP/htdocs/FunnyPHP/Framework/Drive/MySqlDrive.php,第26行
未知错误类型:编号[2]Division by zero位置文件/Applications/MAMP/htdocs/FunnyPHP/Framework/Application.php,第37行
未知错误类型:编号[8192]Non-static method Framework\Drive\ORM::one() should not be called statically位置文件/Applications/MAMP/htdocs/FunnyPHP/App/Action/IndexAction.php,第26行
未知错误类型:编号[2]Division by zero位置文件/Applications/MAMP/htdocs/FunnyPHP/Framework/Application.php,第37行
未知错误类型:编号[8192]Non-static method Framework\Drive\ORM::one() should not be called statically位置文件/Applications/MAMP/htdocs/FunnyPHP/App/Action/IndexAction.php,第26行
未知错误类型:编号[2]Division by zero位置文件/Applications/MAMP/htdocs/FunnyPHP/Framework/Application.php,第37行
未知错误类型:编号[8192]Non-static method Framework\Drive\ORM::one() should not be called statically位置文件/Applications/MAMP/htdocs/FunnyPHP/App/Action/IndexAction.php,第26行
未知错误类型:编号[2]Division by zero位置文件/Applications/MAMP/htdocs/FunnyPHP/Framework/Application.php,第37行
未知错误类型:编号[8192]Non-static method Framework\Drive\ORM::one() should not be called statically位置文件/Applications/MAMP/htdocs/FunnyPHP/App/Action/IndexAction.php,第26行
未知错误类型:编号[2]Division by zero位置文件/Applications/MAMP/htdocs/FunnyPHP/Framework/Application.php,第37行
未知错误类型:编号[8192]Non-static method Framework\Drive\ORM::one() should not be called statically位置文件/Applications/MAMP/htdocs/FunnyPHP/App/Action/IndexAction.php,第26行
未知错误类型:编号[2]Division by zero位置文件/Applications/MAMP/htdocs/FunnyPHP/Framework/Application.php,第37行
未知错误类型:编号[8192]Non-static method Framework\Drive\ORM::one() should not be called statically位置文件/Applications/MAMP/htdocs/FunnyPHP/App/Action/IndexAction.php,第26行
未知错误类型:编号[2]Division by zero位置文件/Applications/MAMP/htdocs/FunnyPHP/Framework/Application.php,第37行
未知错误类型:编号[8192]Non-static method Framework\Drive\ORM::one() should not be called statically位置文件/Applications/MAMP/htdocs/FunnyPHP/App/Action/IndexAction.php,第26行
未知错误类型:编号[2]Division by zero位置文件/Applications/MAMP/htdocs/FunnyPHP/Framework/Application.php,第37行
未知错误类型:编号[8192]Non-static method Framework\Drive\ORM::one() should not be called statically位置文件/Applications/MAMP/htdocs/FunnyPHP/App/Action/IndexAction.php,第26行
未知错误类型:编号[2]Division by zero位置文件/Applications/MAMP/htdocs/FunnyPHP/Framework/Application.php,第37行
未知错误类型:编号[8192]Non-static method Framework\Drive\ORM::one() should not be called statically位置文件/Applications/MAMP/htdocs/FunnyPHP/App/Action/IndexAction.php,第26行
未知错误类型:编号[2]Division by zero位置文件/Applications/MAMP/htdocs/FunnyPHP/Framework/Application.php,第37行
未知错误类型:编号[8192]Non-static method Framework\Drive\ORM::one() should not be called statically位置文件/Applications/MAMP/htdocs/FunnyPHP/App/Action/IndexAction.php,第26行
未知错误类型:编号[2]Division by zero位置文件/Applications/MAMP/htdocs/FunnyPHP/Framework/Application.php,第37行
未知错误类型:编号[8192]Non-static method Framework\Drive\ORM::one() should not be called statically位置文件/Applications/MAMP/htdocs/FunnyPHP/App/Action/IndexAction.php,第26行
未知错误类型:编号[2]Cannot modify header information - headers already sent by (output started at /Applications/MAMP/htdocs/FunnyPHP/Framework/Application.php:38)位置文件/Applications/MAMP/htdocs/FunnyPHP/Framework/Support/Base.php,第165行
未知错误类型:编号[2]Division by zero位置文件/Applications/MAMP/htdocs/FunnyPHP/Framework/Application.php,第37行
未知错误类型:编号[8192]Non-static method Framework\Drive\ORM::one() should not be called statically位置文件/Applications/MAMP/htdocs/FunnyPHP/App/Action/IndexAction.php,第26行
未知错误类型:编号[2]Cannot modify header information - headers already sent by (output started at /Applications/MAMP/htdocs/FunnyPHP/Framework/Application.php:38)位置文件/Applications/MAMP/htdocs/FunnyPHP/Framework/Support/Base.php,第165行
未知错误类型:编号[2]Division by zero位置文件/Applications/MAMP/htdocs/FunnyPHP/Framework/Application.php,第37行
未知错误类型:编号[8192]Non-static method Framework\Drive\ORM::one() should not be called statically位置文件/Applications/MAMP/htdocs/FunnyPHP/App/Action/IndexAction.php,第26行
未知错误类型:编号[2]Division by zero位置文件/Applications/MAMP/htdocs/FunnyPHP/Framework/Application.php,第37行
未知错误类型:编号[8192]Non-static method Framework\Drive\ORM::one() should not be called statically位置文件/Applications/MAMP/htdocs/FunnyPHP/App/Action/IndexAction.php,第26行
未知错误类型:编号[2]Division by zero位置文件/Applications/MAMP/htdocs/FunnyPHP/Framework/Application.php,第37行
未知错误类型:编号[8192]Non-static method Framework\Drive\ORM::one() should not be called statically位置文件/Applications/MAMP/htdocs/FunnyPHP/App/Action/IndexAction.php,第26行
未知错误类型:编号[2]Division by zero位置文件/Applications/MAMP/htdocs/FunnyPHP/Framework/Application.php,第37行
未知错误类型:编号[8192]Non-static method Framework\Drive\ORM::one() should not be called statically位置文件/Applications/MAMP/htdocs/FunnyPHP/App/Action/IndexAction.php,第26行
未知错误类型:编号[2]Division by zero位置文件/Applications/MAMP/htdocs/FunnyPHP/Framework/Application.php,第37行
未知错误类型:编号[8192]Non-static method Framework\Drive\ORM::one() should not be called statically位置文件/Applications/MAMP/htdocs/FunnyPHP/App/Action/IndexAction.php,第26行
未知错误类型:编号[2]Division by zero位置文件/Applications/MAMP/htdocs/FunnyPHP/Framework/Application.php,第37行
未知错误类型:编号[2]Declaration of Framework\Drive\ORM::field(string $field = '*') should be compatible with Framework\Drive\MySqlDrive::field($filed = Array)位置文件/Applications/MAMP/htdocs/FunnyPHP/Framework/Drive/ORM.php,第14行
未知错误类型:编号[8192]Non-static method Framework\Drive\ORM::one() should not be called statically位置文件/Applications/MAMP/htdocs/FunnyPHP/App/Action/IndexAction.php,第26行
未知错误类型:编号[2]Cannot modify header information - headers already sent by (output started at /Applications/MAMP/htdocs/FunnyPHP/Framework/Application.php:38)位置文件/Applications/MAMP/htdocs/FunnyPHP/Framework/Support/Base.php,第165行
未知错误类型:编号[2]Division by zero位置文件/Applications/MAMP/htdocs/FunnyPHP/Framework/Application.php,第37行
未知错误类型:编号[2]Declaration of Framework\Drive\ORM::field(string $field = '*') should be compatible with Framework\Drive\MySqlDrive::field($filed = Array)位置文件/Applications/MAMP/htdocs/FunnyPHP/Framework/Drive/ORM.php,第14行
未知错误类型:编号[8192]Non-static method Framework\Drive\ORM::one() should not be called statically位置文件/Applications/MAMP/htdocs/FunnyPHP/App/Action/IndexAction.php,第26行
未知错误类型:编号[2]Cannot modify header information - headers already sent by (output started at /Applications/MAMP/htdocs/FunnyPHP/Framework/Application.php:38)位置文件/Applications/MAMP/htdocs/FunnyPHP/Framework/Support/Base.php,第165行
未知错误类型:编号[2]Division by zero位置文件/Applications/MAMP/htdocs/FunnyPHP/Framework/Application.php,第37行
未知错误类型:编号[2]Declaration of Framework\Drive\ORM::field(string $field = '*') should be compatible with Framework\Drive\MySqlDrive::field($filed = Array)位置文件/Applications/MAMP/htdocs/FunnyPHP/Framework/Drive/ORM.php,第14行
未知错误类型:编号[8192]Non-static method Framework\Drive\ORM::one() should not be called statically位置文件/Applications/MAMP/htdocs/FunnyPHP/App/Action/IndexAction.php,第26行
未知错误类型:编号[2]Cannot modify header information - headers already sent by (output started at /Applications/MAMP/htdocs/FunnyPHP/Framework/Application.php:38)位置文件/Applications/MAMP/htdocs/FunnyPHP/Framework/Support/Base.php,第165行
未知错误类型:编号[2]Division by zero位置文件/Applications/MAMP/htdocs/FunnyPHP/Framework/Application.php,第37行
未知错误类型:编号[8192]Non-static method Framework\Drive\ORM::one() should not be called statically位置文件/Applications/MAMP/htdocs/FunnyPHP/App/Action/IndexAction.php,第26行
未知错误类型:编号[8]Undefined property: Framework\Drive\MySqlDrive::$table位置文件/Applications/MAMP/htdocs/FunnyPHP/Framework/Drive/MySqlDrive.php,第341行
未知错误类型:编号[8]Undefined property: Framework\Drive\MySqlDrive::$sql位置文件/Applications/MAMP/htdocs/FunnyPHP/Framework/Drive/MySqlDrive.php,第341行
未知错误类型:编号[2]Cannot modify header information - headers already sent by (output started at /Applications/MAMP/htdocs/FunnyPHP/Framework/Application.php:38)位置文件/Applications/MAMP/htdocs/FunnyPHP/Framework/Support/Base.php,第165行
未知错误类型:编号[2]Division by zero位置文件/Applications/MAMP/htdocs/FunnyPHP/Framework/Application.php,第37行
未知错误类型:编号[8192]Non-static method Framework\Drive\ORM::one() should not be called statically位置文件/Applications/MAMP/htdocs/FunnyPHP/App/Action/IndexAction.php,第26行
未知错误类型:编号[8]Undefined property: Framework\Drive\MySqlDrive::$table位置文件/Applications/MAMP/htdocs/FunnyPHP/Framework/Drive/MySqlDrive.php,第341行
未知错误类型:编号[8]Undefined property: Framework\Drive\MySqlDrive::$sql位置文件/Applications/MAMP/htdocs/FunnyPHP/Framework/Drive/MySqlDrive.php,第341行
未知错误类型:编号[2]Cannot modify header information - headers already sent by (output started at /Applications/MAMP/htdocs/FunnyPHP/Framework/Application.php:38)位置文件/Applications/MAMP/htdocs/FunnyPHP/Framework/Support/Base.php,第165行
未知错误类型:编号[2]Division by zero位置文件/Applications/MAMP/htdocs/FunnyPHP/Framework/Application.php,第37行
未知错误类型:编号[8192]Non-static method Framework\Drive\ORM::one() should not be called statically位置文件/Applications/MAMP/htdocs/FunnyPHP/App/Action/IndexAction.php,第26行
未知错误类型:编号[8]Undefined property: Framework\Drive\MySqlDrive::$table位置文件/Applications/MAMP/htdocs/FunnyPHP/Framework/Drive/MySqlDrive.php,第341行
未知错误类型:编号[8]Undefined property: Framework\Drive\MySqlDrive::$sql位置文件/Applications/MAMP/htdocs/FunnyPHP/Framework/Drive/MySqlDrive.php,第341行
未知错误类型:编号[2]Cannot modify header information - headers already sent by (output started at /Applications/MAMP/htdocs/FunnyPHP/Framework/Application.php:38)位置文件/Applications/MAMP/htdocs/FunnyPHP/Framework/Support/Base.php,第165行
未知错误类型:编号[2]Division by zero位置文件/Applications/MAMP/htdocs/FunnyPHP/Framework/Application.php,第37行
未知错误类型:编号[8192]Non-static method Framework\Drive\ORM::one() should not be called statically位置文件/Applications/MAMP/htdocs/FunnyPHP/App/Action/IndexAction.php,第26行
未知错误类型:编号[8]Undefined property: Framework\Drive\MySqlDrive::$table位置文件/Applications/MAMP/htdocs/FunnyPHP/Framework/Drive/MySqlDrive.php,第341行
未知错误类型:编号[8]Undefined property: Framework\Drive\MySqlDrive::$sql位置文件/Applications/MAMP/htdocs/FunnyPHP/Framework/Drive/MySqlDrive.php,第341行
未知错误类型:编号[2]Cannot modify header information - headers already sent by (output started at /Applications/MAMP/htdocs/FunnyPHP/Framework/Application.php:38)位置文件/Applications/MAMP/htdocs/FunnyPHP/Framework/Support/Base.php,第165行
未知错误类型:编号[2]Division by zero位置文件/Applications/MAMP/htdocs/FunnyPHP/Framework/Application.php,第37行
未知错误类型:编号[8192]Non-static method Framework\Drive\ORM::one() should not be called statically位置文件/Applications/MAMP/htdocs/FunnyPHP/App/Action/IndexAction.php,第26行
未知错误类型:编号[2]Cannot modify header information - headers already sent by (output started at /Applications/MAMP/htdocs/FunnyPHP/Framework/Application.php:38)位置文件/Applications/MAMP/htdocs/FunnyPHP/Framework/Support/Base.php,第165行
未知错误类型:编号[2]Division by zero位置文件/Applications/MAMP/htdocs/FunnyPHP/Framework/Application.php,第37行
未知错误类型:编号[2]Cannot modify header information - headers already sent by (output started at /Applications/MAMP/htdocs/FunnyPHP/Framework/Application.php:38)位置文件/Applications/MAMP/htdocs/FunnyPHP/Framework/Support/Base.php,第165行
未知错误类型:编号[2]Division by zero位置文件/Applications/MAMP/htdocs/FunnyPHP/Framework/Application.php,第37行
未知错误类型:编号[2]Cannot modify header information - headers already sent by (output started at /Applications/MAMP/htdocs/FunnyPHP/Framework/Application.php:38)位置文件/Applications/MAMP/htdocs/FunnyPHP/Framework/Support/Base.php,第165行
未知错误类型:编号[2]Division by zero位置文件/Applications/MAMP/htdocs/FunnyPHP/Framework/Application.php,第37行
未知错误类型:编号[2]Division by zero位置文件/Applications/MAMP/htdocs/FunnyPHP/Framework/Application.php,第37行
未知错误类型:编号[2]Division by zero位置文件/Applications/MAMP/htdocs/FunnyPHP/Framework/Application.php,第37行
未知错误类型:编号[2]Division by zero位置文件/Applications/MAMP/htdocs/FunnyPHP/Framework/Application.php,第37行
未知错误类型:编号[2]Division by zero位置文件/Applications/MAMP/htdocs/FunnyPHP/Framework/Application.php,第37行
未知错误类型:编号[2]Division by zero位置文件/Applications/MAMP/htdocs/FunnyPHP/Framework/Application.php,第37行
未知错误类型:编号[2]Division by zero位置文件/Applications/MAMP/htdocs/FunnyPHP/Framework/Application.php,第37行
未知错误类型:编号[2]Division by zero位置文件/Applications/MAMP/htdocs/FunnyPHP/Framework/Application.php,第37行
未知错误类型:编号[2]Division by zero位置文件/Applications/MAMP/htdocs/FunnyPHP/Framework/Application.php,第37行
未知错误类型:编号[2]Division by zero位置文件/Applications/MAMP/htdocs/FunnyPHP/Framework/Application.php,第37行
未知错误类型:编号[2]Division by zero位置文件/Applications/MAMP/htdocs/FunnyPHP/Framework/Application.php,第37行
未知错误类型:编号[2]Division by zero位置文件/Applications/MAMP/htdocs/FunnyPHP/Framework/Application.php,第37行
未知错误类型:编号[2]Division by zero位置文件/Applications/MAMP/htdocs/FunnyPHP/Framework/Application.php,第37行
未知错误类型:编号[2]Division by zero位置文件/Applications/MAMP/htdocs/FunnyPHP/Framework/Application.php,第37行
未知错误类型:编号[2]Division by zero位置文件/Applications/MAMP/htdocs/FunnyPHP/Framework/Application.php,第37行
未知错误类型:编号[2]Division by zero位置文件/Applications/MAMP/htdocs/FunnyPHP/Framework/Application.php,第37行
未知错误类型:编号[2]Division by zero位置文件/Applications/MAMP/htdocs/FunnyPHP/Framework/Application.php,第37行
未知错误类型:编号[2]Division by zero位置文件/Applications/MAMP/htdocs/FunnyPHP/Framework/Application.php,第37行
未知错误类型:编号[2]Division by zero位置文件/Applications/MAMP/htdocs/FunnyPHP/Framework/Application.php,第37行
未知错误类型:编号[2]Division by zero位置文件/Applications/MAMP/htdocs/FunnyPHP/Framework/Application.php,第37行
未知错误类型:编号[2]Division by zero位置文件/Applications/MAMP/htdocs/FunnyPHP/Framework/Application.php,第37行
未知错误类型:编号[2]Division by zero位置文件/Applications/MAMP/htdocs/FunnyPHP/Framework/Application.php,第37行
未知错误类型:编号[2]Division by zero位置文件/Applications/MAMP/htdocs/FunnyPHP/Framework/Application.php,第37行
未知错误类型:编号[2]Division by zero位置文件/Applications/MAMP/htdocs/FunnyPHP/Framework/Application.php,第37行
未知错误类型:编号[2]Division by zero位置文件/Applications/MAMP/htdocs/FunnyPHP/Framework/Application.php,第37行
未知错误类型:编号[2]Division by zero位置文件/Applications/MAMP/htdocs/FunnyPHP/Framework/Application.php,第37行
未知错误类型:编号[2]Division by zero位置文件/Applications/MAMP/htdocs/FunnyPHP/Framework/Application.php,第37行
未知错误类型:编号[2]Division by zero位置文件/Applications/MAMP/htdocs/FunnyPHP/Framework/Application.php,第37行
未知错误类型:编号[2]Division by zero位置文件/Applications/MAMP/htdocs/FunnyPHP/Framework/Application.php,第37行
未知错误类型:编号[2]Division by zero位置文件/Applications/MAMP/htdocs/FunnyPHP/Framework/Application.php,第37行
未知错误类型:编号[2]Division by zero位置文件/Applications/MAMP/htdocs/FunnyPHP/Framework/Application.php,第37行
未知错误类型:编号[2]Division by zero位置文件/Applications/MAMP/htdocs/FunnyPHP/Framework/Application.php,第37行
未知错误类型:编号[2]Division by zero位置文件/Applications/MAMP/htdocs/FunnyPHP/Framework/Application.php,第37行
未知错误类型:编号[2]Division by zero位置文件/Applications/MAMP/htdocs/FunnyPHP/Framework/Application.php,第37行
未知错误类型:编号[2]Division by zero位置文件/Applications/MAMP/htdocs/FunnyPHP/Framework/Application.php,第37行
未知错误类型:编号[2]Division by zero位置文件/Applications/MAMP/htdocs/FunnyPHP/Framework/Application.php,第37行
未知错误类型:编号[2]Division by zero位置文件/Applications/MAMP/htdocs/FunnyPHP/Framework/Application.php,第37行
未知错误类型:编号[2]Division by zero位置文件/Applications/MAMP/htdocs/FunnyPHP/Framework/Application.php,第37行
未知错误类型:编号[2]Division by zero位置文件/Applications/MAMP/htdocs/FunnyPHP/Framework/Application.php,第37行
未知错误类型:编号[2]Division by zero位置文件/Applications/MAMP/htdocs/FunnyPHP/Framework/Application.php,第37行
未知错误类型:编号[2]Division by zero位置文件/Applications/MAMP/htdocs/FunnyPHP/Framework/Application.php,第37行
未知错误类型:编号[2]Division by zero位置文件/Applications/MAMP/htdocs/FunnyPHP/Framework/Application.php,第37行
未知错误类型:编号[2]Division by zero位置文件/Applications/MAMP/htdocs/FunnyPHP/Framework/Application.php,第37行
未知错误类型:编号[2]Declaration of Framework\Drive\ORM::field() should be compatible with Framework\Drive\MySqlDrive::field(string $field = '*')位置文件/Applications/MAMP/htdocs/FunnyPHP/Framework/Drive/ORM.php,第14行
未知错误类型:编号[2]Declaration of Framework\Drive\ORM::field() should be compatible with Framework\Drive\MySqlDrive::field(string $field = '*')位置文件/Applications/MAMP/htdocs/FunnyPHP/Framework/Drive/ORM.php,第14行
未知错误类型:编号[2]Declaration of Framework\Drive\ORM::field() should be compatible with Framework\Drive\MySqlDrive::field(string $field = '*')位置文件/Applications/MAMP/htdocs/FunnyPHP/Framework/Drive/ORM.php,第14行
未知错误类型:编号[2]Declaration of Framework\Drive\ORM::field() should be compatible with Framework\Drive\MySqlDrive::field(string $field = '*')位置文件/Applications/MAMP/htdocs/FunnyPHP/Framework/Drive/ORM.php,第14行
未知错误类型:编号[2]Declaration of Framework\Drive\ORM::field() should be compatible with Framework\Drive\MySqlDrive::field(string $field = '*')位置文件/Applications/MAMP/htdocs/FunnyPHP/Framework/Drive/ORM.php,第14行
未知错误类型:编号[2]Declaration of Framework\Drive\ORM::field() should be compatible with Framework\Drive\MySqlDrive::field(string $field = '*')位置文件/Applications/MAMP/htdocs/FunnyPHP/Framework/Drive/ORM.php,第14行
未知错误类型:编号[2]Declaration of Framework\Drive\ORM::field() should be compatible with Framework\Drive\MySqlDrive::field(string $field = '*')位置文件/Applications/MAMP/htdocs/FunnyPHP/Framework/Drive/ORM.php,第14行
未知错误类型:编号[2]Declaration of Framework\Drive\ORM::field() should be compatible with Framework\Drive\MySqlDrive::field(string $field = '*')位置文件/Applications/MAMP/htdocs/FunnyPHP/Framework/Drive/ORM.php,第14行
未知错误类型:编号[2]Declaration of Framework\Drive\ORM::field() should be compatible with Framework\Drive\MySqlDrive::field(string $field = '*')位置文件/Applications/MAMP/htdocs/FunnyPHP/Framework/Drive/ORM.php,第14行
未知错误类型:编号[2]Declaration of Framework\Drive\ORM::field() should be compatible with Framework\Drive\MySqlDrive::field(string $field = '*')位置文件/Applications/MAMP/htdocs/FunnyPHP/Framework/Drive/ORM.php,第14行
未知错误类型:编号[2]Declaration of Framework\Drive\ORM::field() should be compatible with Framework\Drive\MySqlDrive::field(string $field = '*')位置文件/Applications/MAMP/htdocs/FunnyPHP/Framework/Drive/ORM.php,第14行
未知错误类型:编号[2]Declaration of Framework\Drive\ORM::field() should be compatible with Framework\Drive\MySqlDrive::field(string $field = '*')位置文件/Applications/MAMP/htdocs/FunnyPHP/Framework/Drive/ORM.php,第14行
未知错误类型:编号[2]Declaration of Framework\Drive\ORM::field() should be compatible with Framework\Drive\MySqlDrive::field(string $field = '*')位置文件/Applications/MAMP/htdocs/FunnyPHP/Framework/Drive/ORM.php,第14行
未知错误类型:编号[2]Declaration of Framework\Drive\ORM::field() should be compatible with Framework\Drive\MySqlDrive::field(string $field = '*')位置文件/Applications/MAMP/htdocs/FunnyPHP/Framework/Drive/ORM.php,第14行
未知错误类型:编号[2]Declaration of Framework\Drive\ORM::field() should be compatible with Framework\Drive\MySqlDrive::field(string $field = '*')位置文件/Applications/MAMP/htdocs/FunnyPHP/Framework/Drive/ORM.php,第14行
未知错误类型:编号[2]Declaration of Framework\Drive\ORM::field() should be compatible with Framework\Drive\MySqlDrive::field(string $field = '*')位置文件/Applications/MAMP/htdocs/FunnyPHP/Framework/Drive/ORM.php,第14行
未知错误类型:编号[2]Declaration of Framework\Drive\ORM::field() should be compatible with Framework\Drive\MySqlDrive::field(string $field = '*')位置文件/Applications/MAMP/htdocs/FunnyPHP/Framework/Drive/ORM.php,第14行
未知错误类型:编号[2]Declaration of Framework\Drive\ORM::field() should be compatible with Framework\Drive\MySqlDrive::field(string $field = '*')位置文件/Applications/MAMP/htdocs/FunnyPHP/Framework/Drive/ORM.php,第14行
未知错误类型:编号[2]Declaration of Framework\Drive\ORM::field() should be compatible with Framework\Drive\MySqlDrive::field(string $field = '*')位置文件/Applications/MAMP/htdocs/FunnyPHP/Framework/Drive/ORM.php,第14行
未知错误类型:编号[2]Declaration of Framework\Drive\ORM::field() should be compatible with Framework\Drive\MySqlDrive::field(string $field = '*')位置文件/Applications/MAMP/htdocs/FunnyPHP/Framework/Drive/ORM.php,第14行
未知错误类型:编号[2]Declaration of Framework\Drive\ORM::field() should be compatible with Framework\Drive\MySqlDrive::field(string $field = '*')位置文件/Applications/MAMP/htdocs/FunnyPHP/Framework/Drive/ORM.php,第14行
未知错误类型:编号[2]Declaration of Framework\Drive\ORM::field() should be compatible with Framework\Drive\MySqlDrive::field(string $field = '*')位置文件/Applications/MAMP/htdocs/FunnyPHP/Framework/Drive/ORM.php,第14行
未知错误类型:编号[2]Declaration of Framework\Drive\ORM::field() should be compatible with Framework\Drive\MySqlDrive::field(string $field = '*')位置文件/Applications/MAMP/htdocs/FunnyPHP/Framework/Drive/ORM.php,第14行
未知错误类型:编号[2]Declaration of Framework\Drive\ORM::field() should be compatible with Framework\Drive\MySqlDrive::field(string $field = '*')位置文件/Applications/MAMP/htdocs/FunnyPHP/Framework/Drive/ORM.php,第14行
未知错误类型:编号[2]Declaration of Framework\Drive\ORM::field() should be compatible with Framework\Drive\MySqlDrive::field(string $field = '*')位置文件/Applications/MAMP/htdocs/FunnyPHP/Framework/Drive/ORM.php,第14行
未知错误类型:编号[2]Declaration of Framework\Drive\ORM::field() should be compatible with Framework\Drive\MySqlDrive::field(string $field = '*')位置文件/Applications/MAMP/htdocs/FunnyPHP/Framework/Drive/ORM.php,第14行
未知错误类型:编号[2]Declaration of Framework\Drive\ORM::field() should be compatible with Framework\Drive\MySqlDrive::field(string $field = '*')位置文件/Applications/MAMP/htdocs/FunnyPHP/Framework/Drive/ORM.php,第14行
未知错误类型:编号[8]Array to string conversion位置文件/Applications/MAMP/htdocs/FunnyPHP/Framework/Drive/MySqlDrive.php,第365行
