未知错误类型:编号[2]include_once(../Doctrine/DBAL/Driver/PDOConnection.php): failed to open stream: No such file or directory位置文件/Applications/MAMP/htdocs/wind/-Json-/Framework/bootstrap.php,第59行
未知错误类型:编号[2]include_once(): Failed opening '../Doctrine/DBAL/Driver/PDOConnection.php' for inclusion (include_path='.:/Applications/MAMP/bin/php/php7.0.8/lib/php')位置文件/Applications/MAMP/htdocs/wind/-Json-/Framework/bootstrap.php,第59行
未知错误类型:编号[2]Invalid argument supplied for foreach()位置文件/Applications/MAMP/htdocs/wind/-Json-/App/Front/cache/40b193a4ef3c39d453ae86019f027d2a1b49b0ef.php,第134行
未知错误类型:编号[2]Invalid argument supplied for foreach()位置文件/Applications/MAMP/htdocs/wind/-Json-/App/Front/cache/40b193a4ef3c39d453ae86019f027d2a1b49b0ef.php,第134行
未知错误类型:编号[2]Invalid argument supplied for foreach()位置文件/Applications/MAMP/htdocs/wind/-Json-/App/Front/cache/40b193a4ef3c39d453ae86019f027d2a1b49b0ef.php,第134行
未知错误类型:编号[2]include_once(../Doctrine/DBAL/Driver/PDOConnection.php): failed to open stream: No such file or directory位置文件/Applications/MAMP/htdocs/wind/-Json-/Framework/bootstrap.php,第59行
未知错误类型:编号[2]include_once(): Failed opening '../Doctrine/DBAL/Driver/PDOConnection.php' for inclusion (include_path='.:/Applications/MAMP/bin/php/php7.0.8/lib/php')位置文件/Applications/MAMP/htdocs/wind/-Json-/Framework/bootstrap.php,第59行
未知错误类型:编号[2]include_once(../Doctrine/DBAL/Driver/PDOConnection.php): failed to open stream: No such file or directory位置文件/Applications/MAMP/htdocs/wind/-Json-/Framework/bootstrap.php,第59行
未知错误类型:编号[2]include_once(): Failed opening '../Doctrine/DBAL/Driver/PDOConnection.php' for inclusion (include_path='.:/Applications/MAMP/bin/php/php7.0.8/lib/php')位置文件/Applications/MAMP/htdocs/wind/-Json-/Framework/bootstrap.php,第59行
未知错误类型:编号[2]Invalid argument supplied for foreach()位置文件/Applications/MAMP/htdocs/wind/-Json-/App/Front/cache/40b193a4ef3c39d453ae86019f027d2a1b49b0ef.php,第134行
未知错误类型:编号[2]Invalid argument supplied for foreach()位置文件/Applications/MAMP/htdocs/wind/-Json-/App/Front/cache/40b193a4ef3c39d453ae86019f027d2a1b49b0ef.php,第134行
未知错误类型:编号[2]Invalid argument supplied for foreach()位置文件/Applications/MAMP/htdocs/wind/-Json-/App/Front/cache/40b193a4ef3c39d453ae86019f027d2a1b49b0ef.php,第134行
未知错误类型:编号[2]include_once(../Doctrine/DBAL/Driver/PDOConnection.php): failed to open stream: No such file or directory位置文件/Applications/MAMP/htdocs/wind/-Json-/Framework/bootstrap.php,第59行
未知错误类型:编号[2]include_once(): Failed opening '../Doctrine/DBAL/Driver/PDOConnection.php' for inclusion (include_path='.:/Applications/MAMP/bin/php/php7.0.8/lib/php')位置文件/Applications/MAMP/htdocs/wind/-Json-/Framework/bootstrap.php,第59行
未知错误类型:编号[2]Invalid argument supplied for foreach()位置文件/Applications/MAMP/htdocs/wind/-Json-/App/Front/cache/40b193a4ef3c39d453ae86019f027d2a1b49b0ef.php,第134行
未知错误类型:编号[2]Invalid argument supplied for foreach()位置文件/Applications/MAMP/htdocs/wind/-Json-/App/Front/cache/40b193a4ef3c39d453ae86019f027d2a1b49b0ef.php,第134行
未知错误类型:编号[2]Invalid argument supplied for foreach()位置文件/Applications/MAMP/htdocs/wind/-Json-/App/Front/cache/40b193a4ef3c39d453ae86019f027d2a1b49b0ef.php,第134行
未知错误类型:编号[2]include_once(../Doctrine/DBAL/Driver/PDOConnection.php): failed to open stream: No such file or directory位置文件/Applications/MAMP/htdocs/wind/-Json-/Framework/bootstrap.php,第59行
未知错误类型:编号[2]include_once(): Failed opening '../Doctrine/DBAL/Driver/PDOConnection.php' for inclusion (include_path='.:/Applications/MAMP/bin/php/php7.0.8/lib/php')位置文件/Applications/MAMP/htdocs/wind/-Json-/Framework/bootstrap.php,第59行
未知错误类型:编号[2]Invalid argument supplied for foreach()位置文件/Applications/MAMP/htdocs/wind/-Json-/App/Front/cache/40b193a4ef3c39d453ae86019f027d2a1b49b0ef.php,第134行
未知错误类型:编号[2]Invalid argument supplied for foreach()位置文件/Applications/MAMP/htdocs/wind/-Json-/App/Front/cache/40b193a4ef3c39d453ae86019f027d2a1b49b0ef.php,第134行
未知错误类型:编号[2]Invalid argument supplied for foreach()位置文件/Applications/MAMP/htdocs/wind/-Json-/App/Front/cache/40b193a4ef3c39d453ae86019f027d2a1b49b0ef.php,第134行
未知错误类型:编号[2]include_once(../Doctrine/DBAL/Driver/PDOConnection.php): failed to open stream: No such file or directory位置文件/Applications/MAMP/htdocs/wind/-Json-/Framework/bootstrap.php,第59行
未知错误类型:编号[2]include_once(): Failed opening '../Doctrine/DBAL/Driver/PDOConnection.php' for inclusion (include_path='.:/Applications/MAMP/bin/php/php7.0.8/lib/php')位置文件/Applications/MAMP/htdocs/wind/-Json-/Framework/bootstrap.php,第59行
未知错误类型:编号[2]Invalid argument supplied for foreach()位置文件/Applications/MAMP/htdocs/wind/-Json-/App/Front/cache/40b193a4ef3c39d453ae86019f027d2a1b49b0ef.php,第134行
未知错误类型:编号[2]Invalid argument supplied for foreach()位置文件/Applications/MAMP/htdocs/wind/-Json-/App/Front/cache/40b193a4ef3c39d453ae86019f027d2a1b49b0ef.php,第134行
未知错误类型:编号[2]Invalid argument supplied for foreach()位置文件/Applications/MAMP/htdocs/wind/-Json-/App/Front/cache/40b193a4ef3c39d453ae86019f027d2a1b49b0ef.php,第134行
未知错误类型:编号[2]include_once(../Doctrine/DBAL/Driver/PDOConnection.php): failed to open stream: No such file or directory位置文件/Applications/MAMP/htdocs/wind/-Json-/Framework/bootstrap.php,第59行
未知错误类型:编号[2]include_once(): Failed opening '../Doctrine/DBAL/Driver/PDOConnection.php' for inclusion (include_path='.:/Applications/MAMP/bin/php/php7.0.8/lib/php')位置文件/Applications/MAMP/htdocs/wind/-Json-/Framework/bootstrap.php,第59行
未知错误类型:编号[2]include_once(../Framework/Factory/view.php): failed to open stream: No such file or directory位置文件/Applications/MAMP/htdocs/wind/-Json-/Framework/bootstrap.php,第59行
未知错误类型:编号[2]include_once(): Failed opening '../Framework/Factory/view.php' for inclusion (include_path='.:/Applications/MAMP/bin/php/php7.0.8/lib/php')位置文件/Applications/MAMP/htdocs/wind/-Json-/Framework/bootstrap.php,第59行
未知错误类型:编号[2]include_once(../Doctrine/DBAL/Driver/PDOConnection.php): failed to open stream: No such file or directory位置文件/Applications/MAMP/htdocs/wind/-Json-/Framework/bootstrap.php,第59行
未知错误类型:编号[2]include_once(): Failed opening '../Doctrine/DBAL/Driver/PDOConnection.php' for inclusion (include_path='.:/Applications/MAMP/bin/php/php7.0.8/lib/php')位置文件/Applications/MAMP/htdocs/wind/-Json-/Framework/bootstrap.php,第59行
未知错误类型:编号[2]include_once(../Framework/Factory/view.php): failed to open stream: No such file or directory位置文件/Applications/MAMP/htdocs/wind/-Json-/Framework/bootstrap.php,第59行
未知错误类型:编号[2]include_once(): Failed opening '../Framework/Factory/view.php' for inclusion (include_path='.:/Applications/MAMP/bin/php/php7.0.8/lib/php')位置文件/Applications/MAMP/htdocs/wind/-Json-/Framework/bootstrap.php,第59行
未知错误类型:编号[2]include_once(../Doctrine/DBAL/Driver/PDOConnection.php): failed to open stream: No such file or directory位置文件/Applications/MAMP/htdocs/wind/-Json-/Framework/bootstrap.php,第59行
未知错误类型:编号[2]include_once(): Failed opening '../Doctrine/DBAL/Driver/PDOConnection.php' for inclusion (include_path='.:/Applications/MAMP/bin/php/php7.0.8/lib/php')位置文件/Applications/MAMP/htdocs/wind/-Json-/Framework/bootstrap.php,第59行
未知错误类型:编号[2]include_once(../Framework/Factory/view.php): failed to open stream: No such file or directory位置文件/Applications/MAMP/htdocs/wind/-Json-/Framework/bootstrap.php,第59行
未知错误类型:编号[2]include_once(): Failed opening '../Framework/Factory/view.php' for inclusion (include_path='.:/Applications/MAMP/bin/php/php7.0.8/lib/php')位置文件/Applications/MAMP/htdocs/wind/-Json-/Framework/bootstrap.php,第59行
未知错误类型:编号[2]include_once(../Doctrine/DBAL/Driver/PDOConnection.php): failed to open stream: No such file or directory位置文件/Applications/MAMP/htdocs/wind/-Json-/Framework/bootstrap.php,第59行
未知错误类型:编号[2]include_once(): Failed opening '../Doctrine/DBAL/Driver/PDOConnection.php' for inclusion (include_path='.:/Applications/MAMP/bin/php/php7.0.8/lib/php')位置文件/Applications/MAMP/htdocs/wind/-Json-/Framework/bootstrap.php,第59行
未知错误类型:编号[2]Missing argument 1 for Framework\Factory\Blade::render(), called in /Applications/MAMP/htdocs/wind/-Json-/App/Action/IndexAction.php on line 24 and defined位置文件/Applications/MAMP/htdocs/wind/-Json-/Framework/Factory/Blade.php,第21行
未知错误类型:编号[8]Undefined variable: view位置文件/Applications/MAMP/htdocs/wind/-Json-/Framework/Factory/Blade.php,第23行
未知错误类型:编号[2]include_once(../Doctrine/DBAL/Driver/PDOConnection.php): failed to open stream: No such file or directory位置文件/Applications/MAMP/htdocs/wind/-Json-/Framework/bootstrap.php,第59行
未知错误类型:编号[2]include_once(): Failed opening '../Doctrine/DBAL/Driver/PDOConnection.php' for inclusion (include_path='.:/Applications/MAMP/bin/php/php7.0.8/lib/php')位置文件/Applications/MAMP/htdocs/wind/-Json-/Framework/bootstrap.php,第59行
未知错误类型:编号[2]Missing argument 1 for Framework\Factory\Blade::render(), called in /Applications/MAMP/htdocs/wind/-Json-/App/Action/IndexAction.php on line 24 and defined位置文件/Applications/MAMP/htdocs/wind/-Json-/Framework/Factory/Blade.php,第21行
未知错误类型:编号[8]Undefined variable: view位置文件/Applications/MAMP/htdocs/wind/-Json-/Framework/Factory/Blade.php,第23行
未知错误类型:编号[2]include_once(../Doctrine/DBAL/Driver/PDOConnection.php): failed to open stream: No such file or directory位置文件/Applications/MAMP/htdocs/wind/-Json-/Framework/bootstrap.php,第59行
未知错误类型:编号[2]include_once(): Failed opening '../Doctrine/DBAL/Driver/PDOConnection.php' for inclusion (include_path='.:/Applications/MAMP/bin/php/php7.0.8/lib/php')位置文件/Applications/MAMP/htdocs/wind/-Json-/Framework/bootstrap.php,第59行
未知错误类型:编号[2]Missing argument 1 for Framework\Factory\Blade::render(), called in /Applications/MAMP/htdocs/wind/-Json-/App/Action/IndexAction.php on line 24 and defined位置文件/Applications/MAMP/htdocs/wind/-Json-/Framework/Factory/Blade.php,第21行
未知错误类型:编号[8]Undefined variable: view位置文件/Applications/MAMP/htdocs/wind/-Json-/Framework/Factory/Blade.php,第23行
未知错误类型:编号[2]include_once(../Doctrine/DBAL/Driver/PDOConnection.php): failed to open stream: No such file or directory位置文件/Applications/MAMP/htdocs/wind/-Json-/Framework/bootstrap.php,第59行
未知错误类型:编号[2]include_once(): Failed opening '../Doctrine/DBAL/Driver/PDOConnection.php' for inclusion (include_path='.:/Applications/MAMP/bin/php/php7.0.8/lib/php')位置文件/Applications/MAMP/htdocs/wind/-Json-/Framework/bootstrap.php,第59行
