未知错误类型: 编号[2]Cannot modify header information - headers already sent by (output started at /Applications/MAMP/htdocs/FunnyPHP/App/Action/IndexAction.php:15)位置文件/Applications/MAMP/htdocs/FunnyPHP/Framework/Support/Base.php,第165行
未知错误类型: 编号[8]Undefined index: name位置文件/Applications/MAMP/htdocs/FunnyPHP/App/Action/IndexAction.php,第15行
未知错误类型: 编号[8]Undefined index: name位置文件/Applications/MAMP/htdocs/FunnyPHP/App/Action/IndexAction.php,第15行
未知错误类型:编号[8]Use of undefined constant C_SYS - assumed 'C_SYS'位置文件/Applications/MAMP/htdocs/FunnyPHP/Framework/Bootstrap.php,第62行
未知错误类型:编号[2]Illegal string offset 'debug'位置文件/Applications/MAMP/htdocs/FunnyPHP/Framework/Bootstrap.php,第62行
未知错误类型:编号[8]Use of undefined constant C_SYS - assumed 'C_SYS'位置文件/Applications/MAMP/htdocs/FunnyPHP/Framework/Bootstrap.php,第78行
未知错误类型:编号[2]Illegal string offset 'action'位置文件/Applications/MAMP/htdocs/FunnyPHP/Framework/Bootstrap.php,第78行
未知错误类型:编号[2]require(../App\C\IndexAction.php): failed to open stream: No such file or directory位置文件/Applications/MAMP/htdocs/FunnyPHP/Framework/Bootstrap.php,第27行
未知错误类型:编号[2]require(../App\Action\IndexAction.php): failed to open stream: No such file or directory位置文件/Applications/MAMP/htdocs/FunnyPHP/Framework/Bootstrap.php,第31行
未知错误类型:编号[2]require(../App\Action\IndexAction.php): failed to open stream: No such file or directory位置文件/Applications/MAMP/htdocs/FunnyPHP/Framework/Bootstrap.php,第31行
未知错误类型:编号[2]require(../App\Action\IndexAction.php): failed to open stream: No such file or directory位置文件/Applications/MAMP/htdocs/FunnyPHP/Framework/Bootstrap.php,第31行
未知错误类型:编号[2]require(../App\Action\IndexAction.php): failed to open stream: No such file or directory位置文件/Applications/MAMP/htdocs/FunnyPHP/Framework/Bootstrap.php,第31行
未知错误类型:编号[2]require(../App\Action\IndexAction.php): failed to open stream: No such file or directory位置文件/Applications/MAMP/htdocs/FunnyPHP/Framework/Bootstrap.php,第31行
未知错误类型:编号[2]require(../App\Action\IndexAction.php): failed to open stream: No such file or directory位置文件/Applications/MAMP/htdocs/FunnyPHP/Framework/Bootstrap.php,第32行
未知错误类型:编号[8]Undefined index: name位置文件/Applications/MAMP/htdocs/FunnyPHP/App/Action/IndexAction.php,第15行
未知错误类型:编号[8]Undefined index: name位置文件/Applications/MAMP/htdocs/FunnyPHP/App/Action/IndexAction.php,第15行
未知错误类型:编号[8]Undefined index: name位置文件/Applications/MAMP/htdocs/FunnyPHP/App/Action/IndexAction.php,第15行
未知错误类型:编号[8]Undefined index: name位置文件/Applications/MAMP/htdocs/FunnyPHP/App/Action/IndexAction.php,第15行
未知错误类型:编号[8]Undefined index: name位置文件/Applications/MAMP/htdocs/FunnyPHP/App/Action/IndexAction.php,第15行
未知错误类型:编号[8]Undefined index: name位置文件/Applications/MAMP/htdocs/FunnyPHP/App/Action/IndexAction.php,第15行
未知错误类型:编号[8]Undefined index: name位置文件/Applications/MAMP/htdocs/FunnyPHP/App/Action/IndexAction.php,第15行
未知错误类型:编号[8]Undefined index: name位置文件/Applications/MAMP/htdocs/FunnyPHP/App/Action/IndexAction.php,第15行
未知错误类型:编号[8]Undefined index: name位置文件/Applications/MAMP/htdocs/FunnyPHP/App/Action/IndexAction.php,第15行
未知错误类型:编号[8]Undefined index: name位置文件/Applications/MAMP/htdocs/FunnyPHP/App/Action/IndexAction.php,第15行
未知错误类型:编号[8]Undefined index: name位置文件/Applications/MAMP/htdocs/FunnyPHP/App/Action/IndexAction.php,第15行
未知错误类型:编号[8]Undefined property: App\Action\IndexAction::$ROUTE位置文件/Applications/MAMP/htdocs/FunnyPHP/Framework/Bootstrap.php,第70行
未知错误类型:编号[8]Undefined index: name位置文件/Applications/MAMP/htdocs/FunnyPHP/App/Action/IndexAction.php,第15行
未知错误类型:编号[8]Undefined index: name位置文件/Applications/MAMP/htdocs/FunnyPHP/App/Action/IndexAction.php,第15行
