未知错误类型: 编号[8]Undefined index: /位置文件/Applications/MAMP/htdocs/FunnyPHP/Framework/Bootstrap.php,第59行
未知错误类型: 编号[8]Undefined index: /位置文件/Applications/MAMP/htdocs/FunnyPHP/Framework/Bootstrap.php,第59行
未知错误类型: 编号[8]Undefined index: /位置文件/Applications/MAMP/htdocs/FunnyPHP/Framework/Bootstrap.php,第59行
未知错误类型: 编号[8]Undefined index: /位置文件/Applications/MAMP/htdocs/FunnyPHP/Framework/Bootstrap.php,第59行
未知错误类型: 编号[8]Undefined index: /位置文件/Applications/MAMP/htdocs/FunnyPHP/Framework/Bootstrap.php,第59行
未知错误类型: 编号[8]Use of undefined constant P - assumed 'P'位置文件/Applications/MAMP/htdocs/FunnyPHP/Framework/Bootstrap.php,第81行
未知错误类型: 编号[2]Illegal string offset '/'位置文件/Applications/MAMP/htdocs/FunnyPHP/Framework/Bootstrap.php,第81行
未知错误类型: 编号[8]Uninitialized string offset: 3位置文件/Applications/MAMP/htdocs/FunnyPHP/Framework/Bootstrap.php,第81行
未知错误类型: 编号[8]Use of undefined constant P - assumed 'P'位置文件/Applications/MAMP/htdocs/FunnyPHP/Framework/Bootstrap.php,第85行
未知错误类型: 编号[2]Illegal string offset '/'位置文件/Applications/MAMP/htdocs/FunnyPHP/Framework/Bootstrap.php,第85行
未知错误类型: 编号[8]Uninitialized string offset: 1位置文件/Applications/MAMP/htdocs/FunnyPHP/Framework/Bootstrap.php,第85行
未知错误类型: 编号[8]Use of undefined constant P - assumed 'P'位置文件/Applications/MAMP/htdocs/FunnyPHP/Framework/Bootstrap.php,第88行
未知错误类型: 编号[2]Illegal string offset '/'位置文件/Applications/MAMP/htdocs/FunnyPHP/Framework/Bootstrap.php,第88行
未知错误类型: 编号[8]Uninitialized string offset: 2位置文件/Applications/MAMP/htdocs/FunnyPHP/Framework/Bootstrap.php,第88行
未知错误类型: 编号[2]require_once(../App/Action/.php): failed to open stream: No such file or directory位置文件/Applications/MAMP/htdocs/FunnyPHP/Framework/Bootstrap.php,第30行
未知错误类型: 编号[8]Use of undefined constant P - assumed 'P'位置文件/Applications/MAMP/htdocs/FunnyPHP/Framework/Bootstrap.php,第81行
未知错误类型: 编号[2]Illegal string offset '/'位置文件/Applications/MAMP/htdocs/FunnyPHP/Framework/Bootstrap.php,第81行
未知错误类型: 编号[8]Uninitialized string offset: 3位置文件/Applications/MAMP/htdocs/FunnyPHP/Framework/Bootstrap.php,第81行
未知错误类型: 编号[8]Use of undefined constant P - assumed 'P'位置文件/Applications/MAMP/htdocs/FunnyPHP/Framework/Bootstrap.php,第85行
未知错误类型: 编号[2]Illegal string offset '/'位置文件/Applications/MAMP/htdocs/FunnyPHP/Framework/Bootstrap.php,第85行
未知错误类型: 编号[8]Uninitialized string offset: 1位置文件/Applications/MAMP/htdocs/FunnyPHP/Framework/Bootstrap.php,第85行
未知错误类型: 编号[8]Use of undefined constant P - assumed 'P'位置文件/Applications/MAMP/htdocs/FunnyPHP/Framework/Bootstrap.php,第88行
未知错误类型: 编号[2]Illegal string offset '/'位置文件/Applications/MAMP/htdocs/FunnyPHP/Framework/Bootstrap.php,第88行
未知错误类型: 编号[8]Uninitialized string offset: 2位置文件/Applications/MAMP/htdocs/FunnyPHP/Framework/Bootstrap.php,第88行
未知错误类型: 编号[2]require_once(../App/Action/.php): failed to open stream: No such file or directory位置文件/Applications/MAMP/htdocs/FunnyPHP/Framework/Bootstrap.php,第30行
未知错误类型: 编号[2]require_once(../App/Action/IndexAction.php): failed to open stream: No such file or directory位置文件/Applications/MAMP/htdocs/FunnyPHP/Framework/Bootstrap.php,第30行
未知错误类型: 编号[2]require_once(../App/Action/IndexAction.php): failed to open stream: No such file or directory位置文件/Applications/MAMP/htdocs/FunnyPHP/Framework/Bootstrap.php,第30行
未知错误类型: 编号[2]require_once(../App/Action/IndexAction.php): failed to open stream: No such file or directory位置文件/Applications/MAMP/htdocs/FunnyPHP/Framework/Bootstrap.php,第30行
未知错误类型: 编号[2]require_once(../App/Action/IndexAction.php): failed to open stream: No such file or directory位置文件/Applications/MAMP/htdocs/FunnyPHP/Framework/Bootstrap.php,第30行
未知错误类型: 编号[8192]Non-static method Framework\Support\Base::setHeaderCode() should not be called statically位置文件/Applications/MAMP/htdocs/FunnyPHP/Framework/Support/Base.php,第154行
未知错误类型: 编号[8]Array to string conversion位置文件/Applications/MAMP/htdocs/FunnyPHP/Framework/Support/Base.php,第154行
未知错误类型: 编号[8192]Non-static method Framework\Support\Base::setHeaderCode() should not be called statically位置文件/Applications/MAMP/htdocs/FunnyPHP/Framework/Support/Base.php,第154行
未知错误类型: 编号[8]Array to string conversion位置文件/Applications/MAMP/htdocs/FunnyPHP/Framework/Support/Base.php,第154行
未知错误类型: 编号[8192]Non-static method Framework\Support\Base::setHeaderCode() should not be called statically位置文件/Applications/MAMP/htdocs/FunnyPHP/Framework/Support/Base.php,第154行
未知错误类型: 编号[8]Array to string conversion位置文件/Applications/MAMP/htdocs/FunnyPHP/Framework/Support/Base.php,第154行
未知错误类型: 编号[8192]Non-static method Framework\Support\Base::setHeaderCode() should not be called statically位置文件/Applications/MAMP/htdocs/FunnyPHP/Framework/Support/Base.php,第154行
未知错误类型: 编号[8]Array to string conversion位置文件/Applications/MAMP/htdocs/FunnyPHP/Framework/Support/Base.php,第154行
未知错误类型: 编号[8192]Non-static method Framework\Support\Base::setHeaderCode() should not be called statically位置文件/Applications/MAMP/htdocs/FunnyPHP/Framework/Support/Base.php,第154行
未知错误类型: 编号[8]Array to string conversion位置文件/Applications/MAMP/htdocs/FunnyPHP/Framework/Support/Base.php,第154行
未知错误类型: 编号[8192]Non-static method Framework\Support\Base::setHeaderCode() should not be called statically位置文件/Applications/MAMP/htdocs/FunnyPHP/Framework/Support/Base.php,第153行
未知错误类型: 编号[2]header() expects parameter 3 to be integer, array given位置文件/Applications/MAMP/htdocs/FunnyPHP/Framework/Support/Base.php,第153行
未知错误类型: 编号[2]Cannot modify header information - headers already sent by (output started at /Applications/MAMP/htdocs/FunnyPHP/Framework/Support/Base.php:153)位置文件/Applications/MAMP/htdocs/FunnyPHP/Framework/Support/Base.php,第154行
未知错误类型: 编号[8192]Non-static method Framework\Support\Base::setHeaderCode() should not be called statically位置文件/Applications/MAMP/htdocs/FunnyPHP/Framework/Support/Base.php,第154行
未知错误类型: 编号[8]Array to string conversion位置文件/Applications/MAMP/htdocs/FunnyPHP/Framework/Support/Base.php,第154行
未知错误类型: 编号[8192]Non-static method Framework\Support\Base::setHeaderCode() should not be called statically位置文件/Applications/MAMP/htdocs/FunnyPHP/Framework/Support/Base.php,第154行
未知错误类型: 编号[8]Array to string conversion位置文件/Applications/MAMP/htdocs/FunnyPHP/Framework/Support/Base.php,第154行
未知错误类型: 编号[8192]Non-static method Framework\Support\Base::setHeaderCode() should not be called statically位置文件/Applications/MAMP/htdocs/FunnyPHP/Framework/Support/Base.php,第155行
未知错误类型: 编号[8]Array to string conversion位置文件/Applications/MAMP/htdocs/FunnyPHP/Framework/Support/Base.php,第155行
未知错误类型: 编号[2]Cannot modify header information - headers already sent by (output started at /Applications/MAMP/htdocs/FunnyPHP/Framework/Support/Base.php:154)位置文件/Applications/MAMP/htdocs/FunnyPHP/Framework/Support/Base.php,第155行
未知错误类型: 编号[8192]Non-static method Framework\Support\Base::setHeaderCode() should not be called statically位置文件/Applications/MAMP/htdocs/FunnyPHP/Framework/Support/Base.php,第154行
未知错误类型: 编号[8]Array to string conversion位置文件/Applications/MAMP/htdocs/FunnyPHP/Framework/Support/Base.php,第154行
未知错误类型: 编号[8192]Non-static method Framework\Support\Base::setHeaderCode() should not be called statically位置文件/Applications/MAMP/htdocs/FunnyPHP/Framework/Support/Base.php,第156行
未知错误类型: 编号[8192]Non-static method Framework\Support\Base::setHeaderCode() should not be called statically位置文件/Applications/MAMP/htdocs/FunnyPHP/Framework/Support/Base.php,第157行
未知错误类型: 编号[2]Cannot modify header information - headers already sent by (output started at /Applications/MAMP/htdocs/FunnyPHP/Framework/Support/Base.php:156)位置文件/Applications/MAMP/htdocs/FunnyPHP/Framework/Support/Base.php,第157行
未知错误类型: 编号[8192]Non-static method Framework\Support\Base::setHeaderCode() should not be called statically位置文件/Applications/MAMP/htdocs/FunnyPHP/Framework/Support/Base.php,第156行
未知错误类型: 编号[8192]Non-static method Framework\Support\Base::setHeaderCode() should not be called statically位置文件/Applications/MAMP/htdocs/FunnyPHP/Framework/Support/Base.php,第156行
未知错误类型: 编号[8192]Non-static method Framework\Support\Base::setHeaderCode() should not be called statically位置文件/Applications/MAMP/htdocs/FunnyPHP/Framework/Support/Base.php,第156行
未知错误类型: 编号[8192]Non-static method Framework\Support\Base::setHeaderCode() should not be called statically位置文件/Applications/MAMP/htdocs/FunnyPHP/Framework/Support/Base.php,第156行
未知错误类型: 编号[8192]Non-static method Framework\Support\Base::setHeaderCode() should not be called statically位置文件/Applications/MAMP/htdocs/FunnyPHP/Framework/Support/Base.php,第156行
未知错误类型: 编号[8192]Non-static method Framework\Support\Base::setHeaderCode() should not be called statically位置文件/Applications/MAMP/htdocs/FunnyPHP/Framework/Support/Base.php,第156行
未知错误类型: 编号[8192]Non-static method Framework\Support\Base::setHeaderCode() should not be called statically位置文件/Applications/MAMP/htdocs/FunnyPHP/Framework/Support/Base.php,第156行
未知错误类型: 编号[8192]Non-static method Framework\Support\Base::setHeaderCode() should not be called statically位置文件/Applications/MAMP/htdocs/FunnyPHP/Framework/Support/Base.php,第156行
未知错误类型: 编号[8192]Non-static method Framework\Support\Base::setHeaderCode() should not be called statically位置文件/Applications/MAMP/htdocs/FunnyPHP/Framework/Support/Base.php,第156行
